0.008717
0.008966
0.005970
0.006219
0.006892
0.007331
0.005726
0.005757
0.005799
0.005861
0.006057
0.005841
0.006296
0.005687
0.006088
0.007171
0.005995
0.006055
0.005805
0.005586
0.001917
0.005571
0.001809
0.005124
0.001917
0.001776
0.004312
0.002084
0.002715
0.001683
0.004068
0.006951
0.002772
0.001823
0.005536
0.002047
0.001947
0.002395
0.001950
0.002074
0.001864
0.003468
0.001913
0.004555
0.002141
0.001909
0.001785
0.001838
0.005355
0.003654
0.002154
0.003225
0.002018
0.004123
0.001580
0.004217
0.001799
0.004777
0.001906
0.005619
0.001992
0.002096
0.001777
0.001813
0.005471
0.001966
0.005163
0.002124
0.005479
0.001828
0.001960
0.001658
0.001620
0.003963
0.001933
0.004687
0.002254
0.005553
0.002029
0.005005
0.001891
0.005830
0.001876
0.005863
0.001754
0.001736
0.001781
0.001919
0.002395
0.002181
0.005611
0.001884
0.005645
0.001859
0.001828
0.001962
0.001627
0.003343
0.001965
0.005442
0.001955
0.002163
0.002093
0.001850
0.001862
0.001887
0.005244
0.001765
0.004952
0.001654
0.006564
0.001920
0.001707
0.001927
0.002192
0.002062
0.002074
0.001952
0.001586
0.002102
0.002142
0.004020
0.001670
0.002183
0.001980
0.004680
0.004419
0.001795
0.002877
0.002013
0.004372
0.001827
0.004009
0.001746
0.005359
0.001682
0.007461
0.001979
0.001786
0.004892
0.002534
0.005416
0.002181
0.005535
0.001656
0.005436
0.001948
0.001755
0.001933
0.001931
0.003949
0.001857
0.004772
0.002068
0.005784
0.002357
0.005090
0.002126
0.005762
0.001830
0.001797
0.002934
0.001780
0.005094
0.002165
0.002584
0.001883
0.001718
0.001763
0.001881
0.005064
0.001967
0.004951
0.001616
0.001722
0.001827
0.001641
0.001815
0.002348
0.004063
0.001882
0.004787
0.001607
0.005219
0.001864
0.004850
0.001589
0.005754
0.001981
0.001619
0.003178
0.001995
0.004115
0.002421
0.005220
0.001977
0.005642
0.002069
0.005577
0.001909
0.001755
0.003076
0.001930
0.003814
0.001890
0.004240
0.004402
0.002038
0.003989
0.001848
0.002101
0.001903
0.005787
0.002012
0.001735
0.003915
0.001863
0.004999
0.001934
0.005556
0.001829
0.001722
0.002088
0.002042
0.003304
0.002266
0.002268
0.002153
0.001926
0.001909
0.001866
0.004993
0.002118
0.005216
0.001932
0.005671
0.001797
0.001858
0.001934
0.001711
0.004240
0.001810
0.001633
0.002397
0.002001
0.002021
0.001982
0.004931
0.001839
0.005119
0.001750
0.005452
0.001671
0.001663
0.003688
0.002026
0.004613
0.003076
0.002340
0.002965
0.001803
0.001811
0.002045
0.005612
0.001907
0.001843
0.001779
0.001678
0.001868
0.002331
0.003873
0.002085
0.004649
0.001921
0.005468
0.001799
0.002043
0.004179
0.001537
0.001795
0.001867
0.003479
0.001668
0.004081
0.001918
0.004286
0.001800
0.004835
0.001517
0.005111
0.003815
0.001586
0.002054
0.001924
0.003972
0.001863
0.001901
0.001674
0.005519
0.001542
0.001451
0.001878
0.001550
0.001724
0.001715
0.004351
0.009414
0.001978
0.001712
0.001606
0.001730
0.004674
0.001789
0.005342
0.008804
0.008417
0.009027
0.005708
0.008486
0.008002
0.006965
0.005999
0.006978
0.005826
0.005618
0.006111
0.005716
0.006669
0.005980
0.005780
0.005529
0.005961
0.006890
0.001641
0.001659
0.001666
0.001572
0.001695
0.001796
0.004833
0.001577
0.008410
0.002090
0.001774
0.005409
0.001758
0.005644
0.001853
0.001893
0.004803
0.001964
0.002127
0.002066
0.001965
0.001720
0.001494
0.004844
0.001832
0.001756
0.004002
0.001607
0.004309
0.001514
0.003927
0.001782
0.005229
0.001637
0.001809
0.001596
0.001790
0.003994
0.001759
0.002195
0.001977
0.003730
0.001689
0.003967
0.001986
0.005587
0.001876
0.002245
0.001740
0.001935
0.001633
0.001694
0.004797
0.001487
0.005492
0.001822
0.001614
0.001557
0.003823
0.004066
0.001893
0.005652
0.001601
0.001810
0.001572
0.001866
0.004418
0.001866
0.004260
0.001546
0.004849
0.001672
0.005497
0.001679
0.005796
0.001811
0.001915
0.001830
0.001899
0.005233
0.001658
0.005428
0.002312
0.005448
0.001778
0.001637
0.001816
0.001846
0.003436
0.001758
0.004025
0.001576
0.005753
0.001464
0.005718
0.002631
0.005695
0.002017
0.001646
0.002896
0.001509
0.002875
0.001685
0.002031
0.001758
0.001776
0.001705
0.002197
0.001923
0.001881
0.005397
0.001818
0.005232
0.001850
0.005509
0.002134
0.002930
0.002800
0.001655
0.003546
0.001604
0.001674
0.002124
0.005667
0.002127
0.005347
0.001945
0.005739
0.002064
0.001630
0.002661
0.001666
0.004173
0.001829
0.005053
0.002163
0.001932
0.003723
0.001687
0.001760
0.001918
0.003659
0.001652
0.005789
0.001894
0.006188
0.002106
0.002452
0.003467
0.001785
0.002293
0.001836
0.005711
0.002806
0.005689
0.001828
0.001701
0.003494
0.001682
0.004086
0.002249
0.003922
0.001906
0.004707
0.001993
0.005792
0.001779
0.002017
0.001918
0.001595
0.003235
0.001976
0.005515
0.001787
0.002447
0.001938
0.001741
0.004855
0.001889
0.005018
0.001858
0.005419
0.001794
0.001989
0.001834
0.001844
0.002395
0.001753
0.002254
0.001807
0.005765
0.002036
0.005778
0.001828
0.001810
0.003645
0.001629
0.003909
0.002234
0.004897
0.002422
0.002272
0.002153
0.001909
0.002006
0.001820
0.002057
0.002314
0.002115
0.002260
0.002379
0.001894
0.005629
0.002000
0.005328
0.001949
0.005538
0.002117
0.001878
0.002019
0.001952
0.004726
0.001685
0.005461
0.002034
0.001874
0.004105
0.002065
0.003343
0.002122
0.004248
0.001586
0.004005
0.001721
0.001911
0.002410
0.001936
0.004015
0.002379
0.005338
0.001855
0.005585
0.001904
0.005583
0.001815
0.001747
0.001750
0.001916
0.003321
0.003922
0.005482
0.002210
0.002162
0.003399
0.001798
0.001714
0.001830
0.005720
0.003565
0.001705
0.001940
0.001692
0.002350
0.002067
0.004206
0.001795
0.005095
0.001737
0.001855
0.001846
0.001732
0.001971
0.002119
0.005998
0.001964
0.005421
0.002307
0.001977
0.003254
0.001615
0.003621
0.001858
0.004339
0.001931
0.001820
0.001980
0.001664
0.004261
0.002079
0.004001
0.002071
0.005033
0.002111
0.005567
0.001845
0.001839
0.001954
0.006531
0.006329
0.005939
0.008986
0.008915
0.007813
0.006959
0.006319
0.005764
0.005697
0.006650
0.006094
0.006055
0.006148
0.006960
0.005987
0.006119
0.005537
0.006574
0.007502
0.001926
0.001864
0.001675
0.001959
0.004896
0.002096
0.005210
0.001810
0.005612
0.001682
0.002141
0.002839
0.001824
0.005498
0.002035
0.002380
0.002354
0.002105
0.004633
0.001947
0.005174
0.013478
0.001683
0.001756
0.001784
0.001594
0.002053
0.005124
0.002269
0.001810
0.003346
0.001573
0.003744
0.001811
0.004421
0.001838
0.005103
0.001739
0.001876
0.001820
0.001834
0.005574
0.001955
0.005258
0.001902
0.005700
0.001783
0.001721
0.001900
0.002128
0.004505
0.001635
0.005174
0.001914
0.005446
0.002946
0.005564
0.001697
0.001865
0.003000
0.001815
0.004034
0.001618
0.004877
0.001695
0.005764
0.002226
0.002061
0.002753
0.002026
0.002092
0.004357
0.001740
0.003503
0.002064
0.005387
0.001882
0.001915
0.002454
0.001930
0.003416
0.001767
0.004108
0.001680
0.004723
0.001927
0.005434
0.002977
0.005622
0.001951
0.001874
0.002517
0.001798
0.003582
0.001984
0.004469
0.001706
0.005021
0.001866
0.005557
0.001956
0.005608
0.001941
0.002097
0.004710
0.003247
0.001891
0.003481
0.001810
0.003819
0.002052
0.004685
0.001714
0.005870
0.001955
0.001967
0.001801
0.001952
0.005250
0.001990
0.005248
0.001881
0.005676
0.001870
0.001859
0.002702
0.001759
0.004570
0.001961
0.005452
0.002236
0.001999
0.001814
0.001908
0.005411
0.002135
0.005327
0.001926
0.001906
0.004472
0.001942
0.005586
0.002382
0.001730
0.003009
0.001740
0.003637
0.001690
0.001623
0.001980
0.001682
0.004383
0.001900
0.003610
0.001633
0.004147
0.002258
0.005422
0.002015
0.002131
0.001916
0.001977
0.003657
0.001907
0.004659
0.001893
0.002238
0.002096
0.001868
0.004303
0.002069
0.005054
0.001874
0.005471
0.001902
0.002029
0.001974
0.002093
0.005708
0.002151
0.001840
0.001874
0.001978
0.002128
0.002120
0.001921
0.004050
0.001791
0.003335
0.001776
0.005176
0.001920
0.006559
0.002480
0.002008
0.002143
0.001944
0.004203
0.001798
0.004931
0.002012
0.005697
0.003525
0.001803
0.003094
0.002139
0.004559
0.001878
0.003983
0.002019
0.001925
0.001748
0.001727
0.002139
0.001692
0.001879
0.001745
0.001733
0.004283
0.005413
0.002032
0.001976
0.003064
0.001844
0.002128
0.001969
0.005411
0.002090
0.005298
0.001911
0.001903
0.003640
0.002001
0.003962
0.002252
0.005774
0.001570
0.002145
0.001815
0.001720
0.004925
0.001873
0.005360
0.001669
0.005452
0.002423
0.002129
0.003541
0.001662
0.003870
0.001773
0.004341
0.001907
0.005337
0.002118
0.001590
0.004169
0.002344
0.003989
0.002343
0.005267
0.002144
0.001965
0.002140
0.001889
0.003016
0.001719
0.002221
0.002567
0.002327
0.004588
0.002048
0.005325
0.001633
0.002040
0.004343
0.001763
0.003678
0.001894
0.004384
0.001958
0.003931
0.002225
0.002082
0.001969
0.001879
0.003535
0.001860
0.001976
0.002796
0.001771
0.003486
0.001909
0.004012
0.005846
0.005929
0.006226
0.005620
0.006325
0.006045
0.005816
0.008181
0.005981
0.005802
0.005918
0.005976
0.006790
0.005845
0.006273
0.005904
0.005979
0.007771
0.005653
0.005908
0.002308
0.002079
0.003508
0.002022
0.004281
0.001861
0.005666
0.001689
0.001985
0.005031
0.001664
0.004688
0.002008
0.005428
0.001835
0.002133
0.002180
0.001856
0.004028
0.001993
0.001831
0.001750
0.001897
0.004759
0.001635
0.005602
0.002171
0.001874
0.001914
0.001873
0.004826
0.001839
0.004943
0.001880
0.005382
0.001841
