0.006901
0.006135
0.009054
0.008402
0.007539
0.008191
0.008318
0.006089
0.006025
0.005907
0.007578
0.008143
0.006056
0.006152
0.006009
0.005794
0.005874
0.006199
0.006061
0.006335
0.002182
0.001965
0.003557
0.001894
0.004074
0.006281
0.003503
0.003160
0.010088
0.002101
0.003130
0.006534
0.007463
0.002133
0.001775
0.002761
0.002827
0.004033
0.001997
0.001962
0.001697
0.001996
0.002884
0.001743
0.001888
0.001646
0.004913
0.001712
0.004924
0.001636
0.005583
0.001722
0.001726
0.001739
0.001876
0.001988
0.002069
0.002147
0.002031
0.005383
0.001880
0.005022
0.001716
0.001866
0.001975
0.001896
0.001930
0.001791
0.003898
0.001982
0.004631
0.001765
0.004866
0.001743
0.005036
0.001899
0.006959
0.002052
0.001959
0.001895
0.001969
0.002618
0.002075
0.001943
0.002000
0.005551
0.002238
0.004283
0.002112
0.002199
0.002036
0.001981
0.001867
0.002130
0.005444
0.002155
0.005151
0.001869
0.001853
0.001955
0.001957
0.003812
0.002389
0.005393
0.002197
0.002386
0.002228
0.002075
0.002014
0.002102
0.005692
0.002016
0.005697
0.001792
0.007779
0.001855
0.001732
0.001793
0.002069
0.003562
0.001712
0.001949
0.001874
0.005559
0.001883
0.005598
0.001854
0.001799
0.003640
0.002227
0.003868
0.002019
0.005301
0.002157
0.002073
0.002034
0.001860
0.003349
0.001839
0.004489
0.002084
0.006204
0.001759
0.001884
0.002129
0.002004
0.002078
0.002076
0.004297
0.001912
0.005085
0.001990
0.002222
0.002275
0.002290
0.002134
0.004253
0.002468
0.003818
0.002201
0.004998
0.001952
0.005713
0.002080
0.006048
0.001966
0.002314
0.003797
0.002092
0.004957
0.002248
0.005647
0.001839
0.005638
0.001823
0.005681
0.001999
0.001892
0.003874
0.001756
0.004100
0.001868
0.004771
0.002172
0.005484
0.002023
0.005351
0.001951
0.005431
0.001883
0.001939
0.003678
0.001829
0.004473
0.001731
0.005035
0.003683
0.002071
0.002019
0.002019
0.005673
0.001973
0.005556
0.001820
0.001747
0.001797
0.001684
0.003890
0.002017
0.004955
0.001946
0.005463
0.001981
0.001849
0.004166
0.002022
0.005505
0.002264
0.001841
0.002072
0.001897
0.003432
0.001973
0.002326
0.001910
0.005377
0.002100
0.005630
0.001962
0.002256
0.003463
0.002050
0.003880
0.002377
0.005514
0.001915
0.001931
0.001892
0.002056
0.001957
0.001965
0.002008
0.004372
0.002160
0.003837
0.002253
0.005096
0.002063
0.005780
0.002003
0.001802
0.002163
0.001708
0.003112
0.001846
0.004975
0.001822
0.005382
0.001984
0.005153
0.001891
0.005579
0.002053
0.001886
0.001916
0.004459
0.002032
0.001921
0.001961
0.005624
0.004980
0.001900
0.004929
0.001795
0.005317
0.001976
0.002149
0.002030
0.002188
0.002184
0.002157
0.004989
0.002087
0.005345
0.002335
0.002052
0.002138
0.001969
0.003789
0.001799
0.004755
0.001825
0.002148
0.003805
0.002180
0.001947
0.002032
0.004144
0.002239
0.005322
0.002029
0.005585
0.001889
0.001798
0.002013
0.001858
0.004858
0.001701
0.005430
0.002050
0.005019
0.002850
0.002221
0.003579
0.005652
0.005780
0.005645
0.006077
0.005670
0.006544
0.007442
0.006059
0.006332
0.006392
0.006040
0.007282
0.005856
0.006213
0.006053
0.006271
0.007194
0.006380
0.006151
0.005971
0.001976
0.002104
0.002056
0.002142
0.002201
0.003715
0.002138
0.004091
0.001958
0.005194
0.001930
0.002259
0.002161
0.002121
0.002116
0.001960
0.006872
0.003354
0.002090
0.003282
0.002112
0.004601
0.002385
0.005666
0.002150
0.001905
0.002077
0.001765
0.004660
0.001893
0.005372
0.002069
0.002168
0.002094
0.004126
0.002289
0.002173
0.001879
0.002006
0.004172
0.001914
0.003430
0.001962
0.005164
0.001939
0.005598
0.001923
0.001852
0.001873
0.002417
0.001959
0.001885
0.001985
0.002068
0.001846
0.004149
0.002033
0.004388
0.001981
0.005081
0.002410
0.002188
0.003187
0.002145
0.004108
0.002440
0.005587
0.002101
0.001999
0.002482
0.002050
0.002156
0.002077
0.002406
0.002118
0.001973
0.005909
0.001866
0.005731
0.002031
0.002584
0.004723
0.001830
0.005539
0.002259
0.002182
0.003348
0.001906
0.003991
0.001883
0.004691
0.001909
0.001983
0.004221
0.002122
0.003559
0.002158
0.004578
0.002470
0.006081
0.002099
0.001993
0.001967
0.001919
0.003901
0.001948
0.005552
0.001961
0.002023
0.004417
0.001973
0.003566
0.002497
0.005039
0.002034
0.005443
0.005900
0.005508
0.001906
0.002442
0.003202
0.001884
0.001797
0.002404
0.002041
0.004448
0.001940
0.003552
0.001916
0.001941
0.002061
0.002393
0.002290
0.001886
0.002095
0.001832
0.005588
0.002158
0.005440
0.001976
0.006916
0.002117
0.002093
0.003786
0.002368
0.004958
0.001986
0.002186
0.003641
0.002109
0.002017
0.001976
0.002038
0.004332
0.001890
0.001896
0.001914
0.005010
0.002074
0.005672
0.002107
0.002205
0.002041
0.001887
0.003890
0.001899
0.004654
0.001947
0.001929
0.004271
0.006563
0.002504
0.002174
0.005784
0.002038
0.002291
0.003413
0.001857
0.004328
0.003627
0.003620
0.002010
0.005621
0.001867
0.001795
0.004203
0.001913
0.002571
0.002182
0.004960
0.001929
0.005404
0.004059
0.002026
0.005496
0.002282
0.001948
0.002015
0.002671
0.005738
0.002026
0.005203
0.001814
0.005757
0.002091
0.002062
0.004126
0.002186
0.005186
0.001918
0.002119
0.002457
0.002234
0.002107
0.002111
0.001901
0.004162
0.001941
0.003242
0.002050
0.005081
0.001983
0.005759
0.003913
0.002149
0.003895
0.002066
0.005574
0.002010
0.001958
0.002096
0.001765
0.004740
0.001785
0.005388
0.002024
0.005110
0.001969
0.005332
0.002126
0.001942
0.002175
0.001844
0.003073
0.001763
0.001899
0.001797
0.001970
0.004265
0.002419
0.004147
0.002147
0.005322
0.002055
0.002054
0.002104
0.002031
0.003971
0.001987
0.005614
0.002093
0.001981
0.002470
0.002092
0.002408
0.001815
0.002149
0.001949
0.002108
0.005529
0.002052
0.005510
0.002052
0.001993
0.002431
0.002016
0.001918
0.001959
0.005328
0.001784
0.002020
0.002084
0.001944
0.004902
0.002034
0.005650
0.001968
0.005612
0.002691
0.002235
0.004039
0.001940
0.004061
0.005863
0.006138
0.005859
0.005805
0.006054
0.005879
0.005780
0.006199
0.006141
0.006163
0.006168
0.006211
0.007300
0.006629
0.006094
0.006543
0.006092
0.007047
0.005841
0.006001
0.002010
0.001998
0.001928
0.002403
0.002311
0.002078
0.002308
0.005611
0.002448
0.005540
0.001941
0.002016
0.001953
0.002113
0.004954
0.002413
0.002169
0.002127
0.002534
0.005034
0.001960
0.002120
0.001951
0.002004
0.001874
0.001886
0.002085
0.004232
0.002098
0.003723
0.002223
0.005068
0.002088
0.005389
0.002026
0.001987
0.001962
0.001970
0.003817
0.001986
0.002064
0.002124
0.002431
0.002157
0.002073
0.005089
0.002083
0.005555
0.002069
0.001907
0.003580
0.001837
0.003826
0.001929
0.005328
0.001892
0.002310
0.002181
0.001995
0.002311
0.002133
0.002032
0.004179
0.001956
0.003772
0.002055
0.002370
0.002006
0.002161
0.003783
0.002135
0.003875
0.002232
0.005438
0.001832
0.002039
0.002100
0.002158
0.005291
0.002152
0.001999
0.004345
0.002348
0.004128
0.002250
0.005409
0.001902
0.005546
0.001777
0.002092
0.001752
0.001806
0.002270
0.002023
0.004884
0.002308
0.005370
0.002202
0.005332
0.001924
0.002100
0.003486
0.001981
0.004104
0.001812
0.005175
0.001866
0.005663
0.001941
0.002425
0.002193
0.002146
0.005472
0.002740
0.001822
0.001996
0.002284
0.003702
0.001828
0.003808
0.002361
0.005342
0.002062
0.001860
0.002058
0.001806
0.001900
0.001805
0.001984
0.001850
0.002251
0.005591
0.002169
0.005612
0.002311
0.001998
0.002061
0.001850
0.003502
0.002087
0.004920
0.002018
0.002102
0.002048
0.001988
0.002162
0.002326
0.001935
0.004443
0.001906
0.003871
0.001942
0.004972
0.002061
0.001877
0.002004
0.001917
0.003442
0.002104
0.004322
0.002163
0.005322
0.002019
0.001780
0.001790
0.001906
0.001714
0.003376
0.001752
0.001956
0.001892
0.003824
0.001931
0.002260
0.003120
0.001905
0.003837
0.001807
0.004902
0.001808
0.001965
0.003633
0.001846
0.002059
0.002371
0.002050
0.002198
0.002174
0.005556
0.002203
0.001981
0.002111
0.005240
0.002096
0.002075
0.001958
0.002450
0.002253
0.002039
0.002021
0.004118
0.001866
0.005496
0.001865
0.002208
0.003176
0.001912
0.002050
0.002224
0.002073
0.004322
0.002020
0.003962
0.001917
0.004901
0.001812
0.005629
0.001934
0.002058
0.002039
0.002406
0.004723
0.002154
0.005609
0.001971
0.001810
0.001943
0.001743
0.004458
0.002008
0.005388
0.002405
0.002207
0.003546
0.001938
0.003963
0.002004
0.005356
0.001904
0.002039
0.003233
0.001802
0.001934
0.001992
0.001911
0.001981
0.002429
0.005587
0.002057
0.005526
0.001726
0.001998
0.001882
0.002109
0.004194
0.001961
0.005801
0.001969
0.001953
0.002148
0.001978
0.001953
0.001951
0.005558
0.002048
0.001961
0.002028
0.001796
0.004576
0.001981
0.005293
0.001991
0.002482
0.003576
0.002172
0.004797
0.001947
0.005639
0.002072
0.001981
0.001830
0.001865
0.001810
0.004148
0.002331
0.003748
0.002809
0.005390
0.002027
0.002023
0.002091
0.002083
0.009537
0.008329
0.007905
0.006190
0.005600
0.008520
0.007832
0.006856
0.007779
0.006080
0.005791
0.005937
0.005963
0.005983
0.008038
0.007144
0.006331
0.006001
0.007254
0.005936
0.001789
0.002007
0.004848
0.001869
0.005374
0.002027
0.001976
0.002205
0.002144
0.005674
0.002250
0.005477
0.002073
0.002324
0.005005
0.002093
0.002036
0.002061
0.002401
0.002206
0.002027
0.001911
0.001884
0.001961
0.003484
0.001823
0.005076
0.002055
0.005651
0.002108
0.005739
0.002532
0.002095
0.004009
0.001936
0.003977
0.001869
0.005577
0.001929
0.001794
0.001910
