0.002513
0.002273
0.002195
0.002105
0.001959
0.001935
0.002017
0.002116
0.002053
0.001991
0.002081
0.002083
0.002199
0.002629
0.002127
0.002204
0.001809
0.002159
0.002022
0.002076
0.002150
0.002107
0.001990
0.002183
0.002522
0.002058
0.002110
0.002196
0.002055
0.001940
0.002129
0.002218
0.002011
0.001916
0.001879
0.002575
0.002149
0.002167
0.002096
0.001950
0.002007
0.002095
0.001950
0.002425
0.002254
0.002133
0.006276
0.002393
0.002179
0.002368
0.002297
0.001988
0.001979
0.002088
0.002076
0.001959
0.001868
0.001852
0.005362
0.002533
0.002186
0.001880
0.002101
0.004190
0.002190
0.005151
0.002176
0.002121
0.001832
0.003623
0.002023
0.005752
0.002611
0.002192
0.004702
0.002074
0.005575
0.002351
0.002133
0.004001
0.002040
0.005538
0.002069
0.002072
0.004146
0.006211
0.005828
0.005871
0.007071
0.005838
0.006711
0.006117
0.006079
0.007621
0.006202
0.006234
0.006071
0.006524
0.007820
0.006317
0.007180
0.007028
0.006740
0.006290
0.008753
0.004668
0.002497
0.002198
0.004072
0.002112
0.002063
0.004372
0.002092
0.002042
0.003833
0.002443
0.005668
0.001974
0.002034
0.003983
0.001822
0.005734
0.001994
0.002130
0.002141
0.001895
0.001930
0.005065
0.002170
0.002434
0.002274
0.002219
0.002112
0.002167
0.002007
0.002945
0.002070
0.002043
0.001840
0.002231
0.002217
0.001936
0.002006
0.001979
0.002046
0.002104
0.002924
0.002001
0.001923
0.001977
0.002137
0.002709
0.002274
0.002286
0.002225
0.002127
0.002042
0.002152
0.002020
0.002278
0.005204
0.002093
0.003669
0.002774
0.002095
0.002173
0.001989
0.002038
0.002041
0.002111
0.002093
0.002056
0.004847
0.001988
0.002054
0.002356
0.002272
0.002326
0.002090
0.001991
0.001976
0.002033
0.002163
0.002133
0.002113
0.001957
0.001919
0.005412
0.002243
0.002208
0.002234
0.002276
0.002169
0.002159
0.002218
0.001819
0.001902
0.001895
0.001902
0.002013
0.002558
0.002189
0.002206
0.002022
0.002185
0.002121
0.002109
0.002225
0.005549
0.002171
0.002114
0.002671
0.002424
0.002099
0.002239
0.002173
0.002006
0.001976
0.001942
0.001940
0.002018
0.002139
0.002465
0.005392
0.002078
0.002576
0.002299
0.002443
0.002191
0.004856
0.001997
0.001951
0.002154
0.002049
0.001990
0.002568
0.002177
0.006643
0.002216
0.002063
0.004187
0.002037
0.005661
0.002051
0.002096
0.001944
0.001962
0.002116
0.003274
0.002378
0.002117
0.004380
0.001973
0.002207
0.002122
0.001894
0.005700
0.002119
0.001943
0.002573
0.002384
0.002314
0.002723
0.002430
0.002105
0.002103
0.002194
0.002135
0.002164
0.002072
0.001815
0.003830
0.002264
0.002054
0.002100
0.002311
0.002364
0.004903
0.002099
0.002215
0.001990
0.002106
0.001947
0.002133
0.002647
0.002309
0.005278
0.002258
0.001948
0.002393
0.002118
0.002032
0.002121
0.002182
0.001929
0.002513
0.002289
0.002089
0.002230
0.002239
0.001950
0.002073
0.002056
0.002010
0.002060
0.002043
0.001929
0.002142
0.002522
0.002202
0.004714
0.002095
0.002080
0.001969
0.001990
0.005569
0.003580
0.001911
0.004815
0.002226
0.005602
0.002504
0.002318
0.004910
0.001897
0.002061
0.003411
0.001930
0.003761
0.002099
0.001921
0.003512
0.002573
0.005596
0.002110
0.002050
0.004138
0.001919
0.005604
0.002017
0.002074
0.005060
0.002333
0.002219
0.004980
0.002282
0.002017
0.002404
0.002311
0.001953
0.001854
0.002102
0.002013
0.005180
0.002034
0.002045
0.002300
0.001989
0.002155
0.002061
0.001838
0.002053
0.002072
0.002086
0.001979
0.002038
0.002029
0.005417
0.002308
0.002468
0.004816
0.002052
0.002051
0.002328
0.002033
0.001982
0.002101
0.002306
0.002033
0.001956
0.002219
0.002159
0.002101
0.006331
0.006172
0.005908
0.005816
0.008415
0.006501
0.008366
0.008370
0.007905
0.005760
0.008740
0.008500
0.007938
0.008600
0.005953
0.006019
0.006050
0.006217
0.006429
0.006136
0.002183
0.001880
0.005239
0.002091
0.002042
0.005592
0.002090
0.002276
0.004649
0.006518
0.005287
0.002180
0.002033
0.002125
0.002010
0.001830
0.001845
0.002022
0.005372
0.002061
0.002303
0.002379
0.002211
0.002317
0.002175
0.002053
0.002015
0.002014
0.002956
0.001863
0.001882
0.001959
0.002006
0.002325
0.002155
0.002290
0.002050
0.002141
0.002116
0.001937
0.002135
0.002089
0.001829
0.001780
0.002382
0.002259
0.002103
0.001966
0.002372
0.002096
0.002105
0.001828
0.001941
0.002228
0.002052
0.005030
0.002422
0.002119
0.002047
0.001874
0.002002
0.002150
0.002083
0.001938
0.005197
0.002030
0.001879
0.002419
0.002248
0.001940
0.002233
0.002197
0.001870
0.002088
0.001990
0.001876
0.001881
0.002592
0.001994
0.002040
0.002349
0.002349
0.004935
0.002302
0.001904
0.002100
0.001815
0.001871
0.002148
0.001987
0.002040
0.002097
0.004704
0.001842
0.001853
0.001858
0.001809
0.002233
0.001964
0.002713
0.001795
0.001965
0.001850
0.002222
0.001887
0.001968
0.002020
0.001873
0.002009
0.002061
0.002046
0.001956
0.001897
0.001725
0.001832
0.002208
0.002220
0.002077
0.002031
0.001749
0.001815
0.002047
0.001828
0.001824
0.005078
0.001803
0.005614
0.003366
0.002032
0.003662
0.001849
0.005481
0.001999
0.001892
0.003712
0.001840
0.005300
0.001924
0.001871
0.005172
0.001810
0.002279
0.003740
0.001812
0.005615
0.001840
0.001863
0.003740
0.002028
0.001820
0.001855
0.001885
0.002244
0.003434
0.001885
0.005158
0.002374
0.001982
0.002107
0.002863
0.001927
0.005680
0.002109
0.001828
0.002716
0.002178
0.002293
0.002326
0.002098
0.002213
0.002146
0.001917
0.001952
0.005133
0.002156
0.001887
0.002411
0.002186
0.002135
0.002390
0.002229
0.002486
0.002001
0.002152
0.002833
0.005120
0.001946
0.001920
0.002347
0.003030
0.002010
0.003651
0.001958
0.005312
0.001960
0.002018
0.003541
0.001882
0.005354
0.001980
0.002015
0.004195
0.002472
0.002034
0.002206
0.002017
0.005025
0.002143
0.002239
0.002066
0.002202
0.001898
0.003354
0.001987
0.002120
0.002401
0.002096
0.001974
0.002009
0.001855
0.002446
0.001940
0.001877
0.002044
0.002357
0.002169
0.002044
0.002103
0.002084
0.002652
0.004856
0.002561
0.002166
0.005746
0.002258
0.001860
0.002608
0.002089
0.002175
0.002307
0.002279
0.002015
0.002182
0.002159
0.002846
0.005152
0.001940
0.002121
0.002664
0.002139
0.002028
0.002279
0.001978
0.001925
0.001889
0.002020
0.001892
0.005169
0.001954
0.002020
0.005468
0.002552
0.002309
0.005155
0.002158
0.001992
0.004017
0.002209
0.005668
0.002342
0.001862
0.005439
0.002049
0.002517
0.003891
0.002278
0.002071
0.004131
0.005877
0.006181
0.008013
0.006067
0.006383
0.006546
0.005983
0.007512
0.005811
0.006126
0.005987
0.005968
0.008370
0.007117
0.006974
0.007485
0.007532
0.006284
0.008847
0.009672
0.005424
0.002006
0.002148
0.001913
0.004277
0.002280
0.005609
0.002012
0.002130
0.004314
0.001968
0.005507
0.002051
0.001859
0.003852
0.001935
0.002158
0.003951
0.001988
0.002737
0.004051
0.002047
0.005499
0.001907
0.002158
0.004496
0.001938
0.002043
0.003728
0.002033
0.005747
0.002486
0.002148
0.002192
0.001887
0.001884
0.001911
0.001911
0.001898
0.002025
0.001844
0.002053
0.002474
0.002266
0.002008
0.001889
0.001936
0.001903
0.002269
0.001832
0.002144
0.001965
0.002018
0.001898
0.002433
0.002309
0.002039
0.002323
0.002038
0.001884
0.002198
0.001973
0.002029
0.001974
0.002101
0.002009
0.002512
0.002222
0.002124
0.002288
0.001937
0.004122
0.002043
0.001968
0.004037
0.001803
0.007554
0.001923
0.002111
0.004854
0.002575
0.002214
0.004563
0.002284
0.002065
0.003630
0.002096
0.002188
0.002179
0.002129
0.005349
0.002407
0.002097
0.002121
0.002088
0.001875
0.002207
0.002473
0.002036
0.004984
0.001955
0.001976
0.002582
0.002082
0.001981
0.002131
0.001991
0.002618
0.004697
0.002279
0.002096
0.002352
0.002214
0.001906
0.005490
0.002209
0.002112
0.002253
0.002270
0.001966
0.004971
0.002107
0.001783
0.005039
0.002037
0.002147
0.002573
0.002222
0.002112
0.001987
0.002127
0.001966
0.002217
0.002090
0.002113
0.002050
0.002058
0.002117
0.005683
0.005127
0.002462
0.002041
0.004463
0.002016
0.002309
0.004014
0.002219
0.002187
0.004205
0.002057
0.005487
0.002396
0.002154
0.004811
0.002397
0.002233
0.002166
0.002028
0.001999
0.005014
0.002058
0.001938
0.002519
0.002188
0.002016
0.002225
0.002218
0.002197
0.001964
0.002041
0.002013
0.005338
0.002002
0.002042
0.004830
0.002075
0.003600
0.002581
0.002057
0.001933
0.002063
0.002035
0.003340
0.002092
0.005347
0.001953
0.001992
0.004237
0.002204
0.002035
0.003674
0.002094
0.005620
0.002016
0.001994
0.003937
0.002017
0.007686
0.002307
0.001966
0.002413
0.004078
0.002541
0.002404
0.003675
0.002042
0.005441
0.001852
0.002054
0.005164
0.002000
0.001929
0.004117
0.002120
0.005530
0.002077
0.001961
0.002118
0.002321
0.001952
0.005122
0.001984
0.001921
0.001996
0.002416
0.002232
0.002136
0.002215
0.002061
0.002049
0.002109
0.002578
0.005130
0.002018
0.001959
0.001974
0.004305
0.002283
0.002442
0.004405
0.002091
0.002019
0.003560
0.001987
0.005616
0.002109
0.002171
0.002412
0.002278
0.008653
0.002487
0.002038
0.005903
0.002246
0.001837
0.005733
0.001887
0.002111
0.005377
0.002358
0.002680
0.005466
0.002178
0.002107
0.002234
0.001947
0.002433
0.005609
0.002107
0.001940
0.002041
0.002273
0.002210
0.002015
0.002063
0.001843
0.002066
0.001987
0.005984
0.005977
0.006007
0.007171
0.006371
0.006266
0.006347
0.006527
0.007963
0.006454
0.007240
0.006911
0.007354
0.005914
0.008619
0.008966
0.008888
0.008278
0.007989
0.005887
0.002241
