0.001082
0.001043
0.001186
0.001151
0.001329
0.000994
0.001446
0.001227
0.001168
0.001039
0.001065
0.001199
0.001017
0.001069
0.001033
0.001017
0.001144
0.001167
0.001173
0.001229
0.001153
0.001181
0.001066
0.001183
0.001060
0.001016
0.001077
0.001116
0.001111
0.001162
0.000972
0.001377
0.001346
0.001253
0.001154
0.001105
0.001170
0.001067
0.001171
0.001040
0.001117
0.002108
0.001209
0.001115
0.001015
0.001046
0.001124
0.001147
0.001089
0.001205
0.001236
0.001080
0.001115
0.001024
0.001176
0.000988
0.001156
0.001101
0.001314
0.001072
0.001118
0.001251
0.000993
0.001356
0.001079
0.001218
0.001055
0.001178
0.001175
0.001191
0.001037
0.001172
0.001103
0.001253
0.001237
0.001112
0.001217
0.001155
0.001153
0.001081
0.001153
0.001150
0.001006
0.001194
0.003185
0.001077
0.001188
0.001153
0.001142
0.001128
0.001096
0.000971
0.001012
0.001135
0.001176
0.001067
0.001216
0.001148
0.001180
0.001091
0.001011
0.001197
0.001177
0.001231
0.001189
0.001029
0.001116
0.001083
0.001186
0.001072
0.001110
0.001111
0.001070
0.001113
0.001028
0.001088
0.001195
0.001083
0.001052
0.001205
0.001240
0.001118
0.001053
0.001060
0.001114
0.001101
0.001008
0.001148
0.000967
0.001078
0.001028
0.001167
0.001158
0.001333
0.001239
0.001264
0.001161
0.001068
0.000968
0.001051
0.001095
0.000922
0.000987
0.001125
0.001137
0.001288
0.001165
0.001105
0.001066
0.001108
0.001163
0.000997
0.001044
0.000988
0.001094
0.001261
0.001176
0.001091
0.001211
0.001122
0.001017
0.001165
0.001047
0.001137
0.001189
0.001217
0.001106
0.001016
0.001296
0.001181
0.001045
0.001262
0.001208
0.001279
0.001252
0.001064
0.001228
0.001020
0.000988
0.001370
0.001245
0.001061
0.001068
0.001068
0.001174
0.001201
0.001047
0.001143
0.001223
0.001013
0.001143
0.001022
0.001009
0.003062
0.001120
0.001267
0.001193
0.001057
0.001085
0.001207
0.000964
0.001003
0.001229
0.001033
0.001423
0.001278
0.001185
0.001276
0.001111
0.001182
0.001161
0.001107
0.001217
0.000981
0.000979
0.001144
0.001317
0.001140
0.001058
0.001015
0.001142
0.001122
0.001047
0.001126
0.001125
0.001225
0.001067
0.001001
0.001188
0.001145
0.001273
0.001126
0.001131
0.001054
0.001108
0.000984
0.001066
0.001031
0.001339
0.002891
0.001256
0.001112
0.001130
0.001100
0.001077
0.001087
0.000998
0.001179
0.001040
0.001083
0.001133
0.001123
0.000931
0.001142
0.001154
0.001069
0.001152
0.001139
0.001017
0.001114
0.000965
0.001145
0.001177
0.001113
0.001215
0.001092
0.001041
0.001085
0.000969
0.001000
0.000954
0.001282
0.001064
0.001198
0.001183
0.001271
0.001081
0.001158
0.001193
0.001054
0.001160
0.001380
0.001314
0.001075
0.001101
0.001188
0.001214
0.001087
0.001188
0.001121
0.001051
0.001174
0.001389
0.001205
0.001080
0.001048
0.001059
0.001136
0.001386
0.001234
0.001085
0.001131
0.001129
0.000973
0.001086
0.001040
0.000948
0.001069
0.001000
0.001029
0.003258
0.001311
0.001184
0.001076
0.001162
0.001127
0.001189
0.001099
0.001127
0.001044
0.001165
0.001142
0.001117
0.001194
0.001128
0.001215
0.001039
0.001143
0.001171
0.001126
0.001033
0.001031
0.001180
0.001111
0.001352
0.001055
0.001113
0.001211
0.001100
0.001207
0.001132
0.001301
0.001239
0.000995
0.001118
0.001415
0.001254
0.001184
0.001045
0.001131
0.001135
0.000999
0.001055
0.001163
0.001131
0.001156
0.001069
0.001067
0.001217
0.001131
0.001219
0.001117
0.001049
0.001025
0.001075
0.001185
0.001425
0.001135
0.001217
0.001076
0.001152
0.001172
0.001033
0.001169
0.001070
0.001017
0.001197
0.001205
0.001224
0.001075
0.001062
0.001093
0.001121
0.001098
0.001106
0.000962
0.001020
0.001148
0.001253
0.001181
0.001065
0.001179
0.001185
0.001168
0.001117
0.000976
0.001045
0.001046
0.001130
0.001011
0.001140
0.001278
0.001192
0.001035
0.001169
0.001034
0.001136
0.001224
0.001215
0.001142
0.001084
0.001155
0.001049
0.001195
0.001053
0.001020
0.001121
0.001130
0.001141
0.001037
0.001147
0.001100
0.001120
0.001018
0.001122
0.001135
0.001428
0.001136
0.001139
0.001219
0.001181
0.001010
0.000996
0.001180
0.000996
0.000983
0.001234
0.001114
0.001113
0.001153
0.001014
0.001060
0.000985
0.000987
0.001091
0.001137
0.001212
0.001154
0.001228
0.001154
0.001184
0.001203
0.001252
0.001470
0.001387
0.001272
0.001113
0.001082
0.001180
0.001162
0.001239
0.001091
0.001186
0.001167
0.001170
0.001156
0.001175
0.001085
0.001032
0.001021
0.001121
0.001258
0.001262
0.001133
0.001174
0.001178
0.001073
0.001093
0.001036
0.001006
0.001084
0.000962
0.001198
0.001183
0.001104
0.001117
0.001222
0.001242
0.001061
0.001181
0.001029
0.001163
0.001062
0.001130
0.001137
0.001056
0.001099
0.001068
0.001189
0.001210
0.001095
0.001273
0.001117
0.001173
0.001131
0.001082
0.000988
0.001087
0.001072
0.001352
0.001189
0.001133
0.001226
0.001064
0.001176
0.001112
0.001011
0.001189
0.001093
0.001038
0.001150
0.001040
0.001116
0.001151
0.000992
0.001043
0.001222
0.001175
0.001045
0.001073
0.001255
0.001388
0.001362
0.001106
0.001133
0.001104
0.001072
0.000965
0.001133
0.001082
0.001088
0.001158
0.001051
0.001010
0.000957
0.000983
0.001273
0.001162
0.001036
0.001179
0.001229
0.001181
0.001159
0.000962
0.001044
0.001049
0.001265
0.001150
0.001025
0.001050
0.001158
0.001151
0.001770
0.001080
0.001179
0.001109
0.001191
0.000967
0.001286
0.001022
0.001103
0.001201
0.001116
0.001089
0.001077
0.001103
0.001162
0.001148
0.001018
0.001116
0.001271
0.001143
0.001121
0.001011
0.001027
0.001240
0.001286
0.001087
0.000994
0.001104
0.001110
0.001018
0.001323
0.001042
0.001063
0.001005
0.001158
0.001136
0.001126
0.001155
0.001000
0.004413
0.001122
0.001094
0.001308
0.001211
0.001240
0.001025
0.001155
0.001059
0.001144
0.001110
0.001154
0.001184
0.001146
0.000969
0.001186
0.001185
0.001228
0.000966
0.001284
0.001022
0.001123
0.001023
0.001138
0.001228
0.001350
0.001143
0.001199
0.001117
0.001136
0.001029
0.001175
0.001386
0.001294
0.001220
0.001174
0.001182
0.001180
0.001091
0.001149
0.001166
0.001153
0.000980
0.001146
0.001132
0.001128
0.001075
0.001055
0.001371
0.001243
0.001008
0.001139
0.001094
0.001144
0.001029
0.000983
0.001079
0.001171
0.001143
0.001309
0.001179
0.001113
0.001121
0.001115
0.000977
0.001078
0.001120
0.001119
0.001055
0.001180
0.001196
0.001136
0.001117
0.001046
0.001186
0.001116
0.001120
0.001034
0.001418
0.001138
0.000977
0.000952
0.001158
0.001212
0.001151
0.001251
0.001060
0.001164
0.001272
0.001117
0.001153
0.001043
0.001124
0.001277
0.001240
0.001202
0.001070
0.000991
0.001126
0.001132
0.001195
0.001069
0.001193
0.001109
0.001092
0.001237
0.001035
0.001048
0.001152
0.001024
0.001066
0.001032
0.000947
0.001035
0.001074
0.001076
0.001017
0.001031
0.001338
0.001261
0.001057
0.001087
0.001017
0.000973
0.001111
0.001067
0.001068
0.001055
0.001024
0.001032
0.001320
0.001105
0.001083
0.001060
0.000993
0.001139
0.001157
0.001088
0.001149
0.001057
0.001056
0.001353
0.001037
0.001120
0.001140
0.001163
0.001082
0.001239
0.001033
0.001005
0.001129
0.001171
0.001134
0.001142
0.001059
0.001207
0.001139
0.001070
0.001151
0.001180
0.000993
0.001182
0.001084
0.001062
0.001161
0.001319
0.001197
0.001129
0.001087
0.001141
0.001105
0.001118
0.001021
0.001033
0.001086
0.001065
0.001040
0.001026
0.001381
0.001183
0.001188
0.001099
0.001142
0.001040
0.001164
0.001078
0.001078
0.001022
0.001334
0.001311
0.001258
0.001353
0.001348
0.000991
0.001091
0.001130
0.001155
0.001143
0.001054
0.001084
0.001261
0.001040
0.001091
0.001041
0.001119
0.001208
0.001249
0.001288
0.001216
0.001042
0.001060
0.001120
0.001156
0.001365
0.001131
0.001129
0.001164
0.001085
0.001174
0.001225
0.001147
0.001107
0.000972
0.000994
0.001251
0.001039
0.001067
0.001030
0.001184
0.001112
0.001083
0.001127
0.000950
0.001009
0.000989
0.001043
0.001167
0.000959
0.001178
0.001061
0.001195
0.001195
0.001128
0.001165
0.001079
0.001101
0.000968
0.001106
0.001151
0.001025
0.001393
0.001154
0.001071
0.001047
0.001133
0.001128
0.000995
0.001129
0.001127
0.001166
0.000994
0.001358
0.001033
0.001026
0.001127
0.001058
0.001120
0.001066
0.001036
0.000993
0.001203
0.000951
0.001045
0.001227
0.001011
0.000959
0.001113
0.001094
0.001106
0.001177
0.001185
0.001105
0.001151
0.001085
0.001435
0.001126
0.001114
0.001047
0.001077
0.001143
0.001140
0.001120
0.001129
0.001062
0.001019
0.001112
0.001141
0.001011
0.002582
0.001320
0.001084
0.001167
0.001201
0.001017
0.001084
0.001009
0.001101
0.001120
0.001081
0.001232
0.001087
0.001190
0.001051
0.001083
0.001220
0.001162
0.001192
0.000966
0.001090
0.001170
0.001273
0.001242
0.001231
0.001064
0.001108
0.001013
0.001129
0.001147
0.001129
0.001181
0.001188
0.001055
0.001401
0.001291
0.001051
0.001106
0.001116
0.001171
0.001124
0.001059
0.001026
0.000974
0.001084
0.001202
0.001081
0.001117
0.001083
0.001163
0.001003
0.001115
0.001220
0.001128
0.003713
0.001244
0.001046
0.001112
0.001137
0.001057
0.000963
0.001047
0.001037
0.000983
0.001135
0.001216
0.001186
0.001125
0.001211
0.001185
0.001211
0.001095
0.001151
0.001070
0.001025
0.001051
0.001147
0.001232
0.001105
0.001089
0.001163
0.001281
0.001456
0.001178
0.001047
0.001267
0.001102
0.001139
0.002487
0.001080
0.001079
0.001063
0.001024
0.000993
0.001227
0.001172
0.001135
0.001141
0.000965
0.001134
0.001405
