0.001111
0.001070
0.000963
0.001271
0.001270
0.000883
0.000849
0.000788
0.000910
0.000921
0.001097
0.000931
0.001062
0.000870
0.000925
0.000890
0.001011
0.000919
0.000823
0.000862
0.000913
0.000954
0.000832
0.000878
0.000878
0.000875
0.001185
0.000948
0.000944
0.000801
0.001001
0.000944
0.000904
0.000925
0.000962
0.001032
0.000942
0.001176
0.000919
0.000954
0.000947
0.000924
0.000955
0.000847
0.001004
0.000947
0.000836
0.000872
0.001001
0.002480
0.001000
0.000868
0.000962
0.001020
0.000739
0.000839
0.000871
0.000866
0.000952
0.001019
0.001012
0.000991
0.000837
0.000895
0.001142
0.000890
0.000904
0.001055
0.001008
0.000893
0.000868
0.000777
0.000798
0.000929
0.000978
0.000968
0.001092
0.000943
0.000929
0.000831
0.000928
0.000837
0.000926
0.000921
0.000871
0.000906
0.000867
0.000956
0.001169
0.001039
0.001044
0.000872
0.000826
0.000904
0.000868
0.000919
0.000765
0.000955
0.000915
0.000925
0.000925
0.001094
0.000974
0.000921
0.000937
0.000923
0.000795
0.000779
0.000799
0.000825
0.000760
0.000931
0.000860
0.000891
0.001051
0.000992
0.001024
0.000945
0.000755
0.000948
0.001084
0.000864
0.000841
0.000998
0.001020
0.000931
0.001048
0.000880
0.001625
0.001011
0.000998
0.000906
0.000834
0.000830
0.000841
0.000884
0.000832
0.000968
0.000891
0.000944
0.001458
0.000879
0.001079
0.000841
0.000815
0.000901
0.000968
0.000861
0.000927
0.001005
0.000876
0.000882
0.001132
0.001051
0.000813
0.001126
0.001017
0.001030
0.000873
0.000911
0.000921
0.000865
0.000836
0.000881
0.001094
0.001387
0.000840
0.000801
0.000850
0.000966
0.000903
0.000974
0.000921
0.000773
0.000888
0.000914
0.000788
0.000873
0.001179
0.000880
0.000938
0.000956
0.000817
0.000827
0.000888
0.000923
0.000758
0.000873
0.001021
0.000772
0.000876
0.000950
0.000897
0.001231
0.000981
0.000949
0.000913
0.000960
0.000894
0.000949
0.000827
0.000882
0.000972
0.000870
0.000939
0.000922
0.001561
0.000933
0.000921
0.000905
0.000923
0.000967
0.000787
0.000946
0.000904
0.000804
0.000912
0.000986
0.000880
0.000860
0.000863
0.000782
0.000976
0.000959
0.000839
0.001092
0.000928
0.001080
0.000921
0.000874
0.000949
0.000996
0.000958
0.000861
0.000985
0.000805
0.000808
0.000955
0.000905
0.000786
0.000925
0.000851
0.000778
0.001157
0.000962
0.001003
0.000934
0.000808
0.000889
0.000887
0.000823
0.000900
0.000819
0.000839
0.000966
0.001000
0.000762
0.001888
0.001118
0.000880
0.000846
0.000862
0.001013
0.000844
0.000915
0.000911
0.000877
0.000865
0.000970
0.001142
0.000976
0.001040
0.001036
0.000973
0.000912
0.000853
0.000915
0.000874
0.000870
0.000904
0.000939
0.001052
0.000901
0.001032
0.000996
0.000833
0.001034
0.000914
0.000822
0.000941
0.000926
0.000871
0.001056
0.001064
0.001122
0.000951
0.000987
0.000898
0.000868
0.000834
0.000753
0.000994
0.000844
0.000921
0.000872
0.001045
0.008255
0.001009
0.000889
0.000811
0.000944
0.000870
0.000940
0.000852
0.000965
0.000900
0.001173
0.001031
0.000992
0.001086
0.000931
0.000949
0.001026
0.001029
0.000804
0.000956
0.000966
0.000877
0.001029
0.000860
0.000830
0.001037
0.000838
0.000844
0.000829
0.000855
0.000875
0.000859
0.000928
0.000977
0.000817
0.007191
0.001174
0.000918
0.001043
0.000979
0.000919
0.000956
0.000990
0.000858
0.001093
0.001164
0.001059
0.001080
0.000932
0.000809
0.001009
0.000973
0.000950
0.000856
0.000800
0.000966
0.000825
0.000865
0.000988
0.000963
0.000847
0.001138
0.000869
0.000964
0.000883
0.000965
0.001135
0.001078
0.000872
0.000847
0.000872
0.001084
0.000905
0.001059
0.001261
0.000879
0.001008
0.000852
0.000890
0.000841
0.000761
0.000923
0.001001
0.000921
0.000797
0.002881
0.001089
0.000983
0.000943
0.000876
0.001005
0.000799
0.001046
0.000921
0.001050
0.000878
0.000880
0.001207
0.000897
0.000780
0.000867
0.000903
0.000972
0.001063
0.000957
0.000882
0.001017
0.000908
0.001074
0.001268
0.000949
0.000943
0.000874
0.000944
0.001024
0.000984
0.000942
0.000971
0.000882
0.000925
0.000765
0.000882
0.001568
0.000887
0.001083
0.000881
0.000859
0.000826
0.000731
0.000892
0.001020
0.000922
0.000957
0.000880
0.001001
0.000901
0.000970
0.001082
0.000857
0.000822
0.000904
0.000898
0.000933
0.000955
0.000785
0.000837
0.001033
0.000767
0.000848
0.001016
0.000881
0.001052
0.000978
0.000980
0.000779
0.000960
0.000795
0.000914
0.000842
0.000851
0.000983
0.000985
0.001045
0.000988
0.000997
0.000847
0.000846
0.000981
0.000840
0.000811
0.004796
0.000952
0.000884
0.001014
0.001195
0.000904
0.000861
0.000978
0.000876
0.000801
0.000891
0.000876
0.000858
0.000853
0.000784
0.000834
0.000881
0.001124
0.000948
0.000875
0.000915
0.001039
0.000888
0.000832
0.001002
0.000882
0.000763
0.000789
0.000885
0.001030
0.000854
0.001260
0.000918
0.000853
0.001009
0.000925
0.000800
0.000902
0.000948
0.000782
0.001009
0.000881
0.000901
0.001087
0.000857
0.000913
0.000889
0.000921
0.000914
0.000781
0.000850
0.000874
0.000983
0.000787
0.000894
0.001022
0.000933
0.001270
0.001171
0.000949
0.000907
0.000959
0.000900
0.000991
0.001001
0.001121
0.001091
0.001176
0.000862
0.001042
0.000906
0.000828
0.000988
0.000767
0.001002
0.000893
0.000986
0.000988
0.000934
0.000835
0.001171
0.001013
0.000868
0.000799
0.000995
0.000827
0.001056
0.000812
0.000751
0.000934
0.000902
0.000956
0.001100
0.000895
0.000981
0.001220
0.000854
0.000836
0.000915
0.000946
0.000756
0.000864
0.000813
0.000822
0.000935
0.000788
0.002645
0.000917
0.000986
0.001058
0.000893
0.000873
0.000833
0.000909
0.000891
0.000946
0.000877
0.000912
0.000869
0.001121
0.001020
0.000971
0.000872
0.001017
0.000796
0.000890
0.000839
0.000762
0.000931
0.001002
0.000946
0.000863
0.001221
0.001116
0.000948
0.000962
0.000779
0.000846
0.000921
0.001055
0.000979
0.000851
0.000977
0.000829
0.000958
0.000979
0.001012
0.001037
0.000870
0.001031
0.000896
0.000808
0.000869
0.000870
0.000978
0.000932
0.000963
0.003753
0.000917
0.001019
0.000875
0.000988
0.000886
0.000858
0.000856
0.000867
0.001039
0.000983
0.000916
0.001041
0.000882
0.000786
0.000875
0.000881
0.000912
0.000890
0.000830
0.000887
0.000867
0.001012
0.001013
0.000849
0.000829
0.000806
0.001116
0.000940
0.000887
0.001000
0.000981
0.001150
0.001074
0.001042
0.000913
0.000984
0.000835
0.000822
0.000851
0.000841
0.000889
0.000751
0.001000
0.001076
0.001050
0.000880
0.000787
0.000735
0.000811
0.000844
0.000870
0.000874
0.000797
0.000884
0.000915
0.000883
0.000888
0.002264
0.000886
0.000982
0.000939
0.001013
0.000803
0.000764
0.000895
0.001042
0.000927
0.000815
0.000998
0.000891
0.000989
0.000878
0.000870
0.000816
0.000916
0.000790
0.000841
0.000854
0.000784
0.000970
0.000854
0.000983
0.001081
0.000997
0.001321
0.000954
0.001060
0.000914
0.000841
0.000850
0.000987
0.000944
0.000918
0.000873
0.001167
0.000895
0.000863
0.000853
0.000765
0.000840
0.000786
0.000979
0.000772
0.000846
0.000998
0.000940
0.000913
0.001163
0.000881
0.000767
0.000922
0.000881
0.000764
0.000832
0.000910
0.000834
0.000932
0.000903
0.000965
0.000962
0.000946
0.002042
0.000869
0.000952
0.000870
0.000967
0.001014
0.000903
0.000840
0.000894
0.000941
0.000990
0.000845
0.000998
0.000909
0.000918
0.000968
0.000921
0.000861
0.000902
0.000901
0.000919
0.000814
0.000802
0.000989
0.000877
0.001021
0.000983
0.000882
0.000939
0.000823
0.001003
0.000932
0.000932
0.000947
0.000978
0.000893
0.001036
0.001118
0.000813
0.000785
0.000817
0.000939
0.000821
0.000790
0.001016
0.000833
0.000896
0.000925
0.000825
0.000824
0.000927
0.001095
0.000881
0.000966
0.000925
0.000892
0.000891
0.000875
0.000939
0.000889
0.000921
0.001043
0.000934
0.000920
0.003086
0.000996
0.000915
0.000921
0.000817
0.000923
0.000988
0.000968
0.001020
0.000898
0.001019
0.000893
0.000848
0.000913
0.000907
0.000962
0.000855
0.000914
0.000848
0.000756
0.000825
0.000944
0.000951
0.000904
0.001191
0.000946
0.000965
0.000898
0.000959
0.000850
0.000781
0.000931
0.001023
0.001023
0.000859
0.000789
0.001005
0.001164
0.000808
0.000939
0.000952
0.000837
0.000802
0.000770
0.001011
0.000847
0.000918
0.000865
0.000884
0.000882
0.001025
0.000975
0.000921
0.000780
0.000874
0.000976
0.000898
0.000912
0.000929
0.000918
0.000882
0.000867
0.000889
0.000939
0.001135
0.001028
0.000899
0.000735
0.000936
0.000778
0.000760
0.001010
0.000900
0.000939
0.000769
0.000797
0.001184
0.001003
0.001001
0.000838
0.000921
0.000821
0.000937
0.000934
0.000859
0.000995
0.000741
0.000936
0.001098
0.000933
0.001140
0.001091
0.001037
0.000921
0.001008
0.000943
0.000818
0.000756
0.001129
0.001330
0.001076
0.000880
0.001011
0.000890
0.000766
0.001003
0.000962
0.000819
0.000833
0.000859
0.000840
0.000979
0.000730
0.001122
0.001035
0.000902
0.000949
0.000859
0.000899
0.000938
0.000859
0.000801
0.000940
0.000933
0.001055
0.000933
0.000904
0.001053
0.000864
0.001029
0.001040
0.000923
0.000951
0.001041
0.000791
0.000934
0.000971
0.000837
0.000855
0.001023
0.000892
0.000962
0.000891
0.000844
0.000819
0.001083
0.001038
0.000857
0.000940
0.000853
0.000899
0.001031
0.000864
0.000951
0.000998
0.000842
0.000891
0.000921
0.001034
0.000914
0.000960
0.001050
0.000893
0.000817
0.001010
0.000903
0.000839
0.000935
0.000994
0.000784
0.000913
0.001064
0.000913
0.000865
0.000917
0.000914
0.000844
0.000843
0.000924
0.000869
0.000827
