0.001028
0.000903
0.000902
0.000863
0.000876
0.001027
0.000959
0.000859
0.000996
0.001225
0.000931
0.001040
0.000959
0.001194
0.001059
0.001090
0.001041
0.000893
0.000921
0.000905
0.000990
0.002825
0.000991
0.001330
0.000946
0.000878
0.000894
0.000971
0.001002
0.000886
0.000863
0.000932
0.000878
0.000978
0.001198
0.000984
0.001006
0.001078
0.001015
0.000875
0.000942
0.001016
0.000963
0.001034
0.001020
0.000870
0.001076
0.000916
0.000961
0.001291
0.001025
0.000968
0.001096
0.000996
0.000942
0.000884
0.000952
0.001003
0.000926
0.000848
0.001095
0.001000
0.001266
0.001081
0.001006
0.000968
0.000908
0.000834
0.000840
0.000906
0.000874
0.001040
0.001024
0.000983
0.000958
0.000920
0.000979
0.001033
0.000923
0.000933
0.000850
0.000944
0.000923
0.001089
0.000840
0.000896
0.001408
0.001105
0.001049
0.000984
0.001019
0.000829
0.000975
0.000941
0.000827
0.000962
0.000997
0.001312
0.000890
0.000909
0.000996
0.001080
0.000808
0.000864
0.000919
0.001014
0.001055
0.000936
0.000821
0.000919
0.001096
0.001153
0.000932
0.001007
0.000907
0.000974
0.000944
0.000950
0.000978
0.000838
0.001086
0.000929
0.000813
0.000976
0.001074
0.001017
0.000901
0.000885
0.000865
0.000881
0.000900
0.000898
0.001020
0.000942
0.000953
0.001282
0.001020
0.000929
0.000890
0.000915
0.000882
0.001059
0.000870
0.000918
0.000885
0.000951
0.000980
0.001049
0.001181
0.001076
0.000885
0.000979
0.000977
0.000899
0.000899
0.000908
0.000912
0.000984
0.000898
0.000834
0.001066
0.000885
0.000943
0.000985
0.000894
0.000930
0.000967
0.000796
0.000884
0.000885
0.001045
0.000959
0.000915
0.001232
0.001122
0.000924
0.000911
0.000937
0.001004
0.000968
0.000947
0.000844
0.000871
0.000963
0.000991
0.000956
0.000934
0.000966
0.001079
0.000907
0.000849
0.000916
0.000906
0.001082
0.000995
0.001158
0.001082
0.001009
0.000945
0.000952
0.001040
0.000936
0.000879
0.001147
0.000916
0.000924
0.000982
0.000825
0.000982
0.000977
0.001019
0.001005
0.000955
0.000857
0.000817
0.002498
0.000988
0.000978
0.000928
0.000949
0.000982
0.000974
0.000962
0.000968
0.001002
0.000886
0.000990
0.000981
0.001127
0.001152
0.000981
0.001035
0.000935
0.001013
0.000911
0.001088
0.000834
0.000851
0.000932
0.000990
0.000947
0.000823
0.001054
0.001038
0.001032
0.000933
0.001020
0.001061
0.000829
0.000983
0.000947
0.000947
0.000921
0.001190
0.000958
0.001055
0.000937
0.000872
0.000847
0.000920
0.000905
0.001051
0.001006
0.001137
0.001066
0.001040
0.001193
0.000882
0.001053
0.000886
0.000983
0.000922
0.000907
0.001088
0.000968
0.000912
0.000988
0.002033
0.001013
0.000964
0.000977
0.000985
0.000903
0.001015
0.000922
0.000828
0.000983
0.000789
0.001022
0.001139
0.000931
0.001277
0.001127
0.000979
0.000987
0.001030
0.000929
0.001009
0.000921
0.000979
0.000998
0.000920
0.001102
0.000922
0.000999
0.000991
0.000875
0.001066
0.000893
0.000899
0.001004
0.000843
0.001016
0.001194
0.001022
0.000990
0.000956
0.000990
0.001065
0.001022
0.000943
0.000878
0.001125
0.000902
0.000979
0.000871
0.001218
0.000980
0.001167
0.000949
0.000975
0.000917
0.001042
0.000960
0.000783
0.000872
0.001024
0.000892
0.001089
0.001228
0.001065
0.001023
0.000959
0.000971
0.000948
0.000827
0.000939
0.000928
0.000801
0.000874
0.000968
0.001065
0.001201
0.001022
0.000995
0.001072
0.001016
0.000887
0.000961
0.001007
0.000855
0.001043
0.000829
0.000988
0.000990
0.001020
0.001055
0.001033
0.001011
0.000980
0.000962
0.000992
0.000935
0.000870
0.001017
0.001215
0.001007
0.001006
0.000870
0.001080
0.001159
0.001109
0.001022
0.001043
0.000826
0.000926
0.001050
0.001051
0.001128
0.001085
0.000974
0.000858
0.001063
0.000925
0.000858
0.000984
0.000836
0.000915
0.000988
0.001016
0.000968
0.000887
0.001041
0.000887
0.000951
0.001013
0.000902
0.000892
0.000877
0.000893
0.000966
0.001008
0.001114
0.000936
0.001212
0.001089
0.000923
0.000923
0.000931
0.000911
0.000916
0.000861
0.000926
0.000890
0.000917
0.001008
0.001100
0.001014
0.000913
0.000972
0.000899
0.001073
0.001002
0.000813
0.000946
0.000838
0.000921
0.001117
0.000992
0.001048
0.000942
0.000981
0.001005
0.001034
0.000983
0.001025
0.000871
0.000921
0.000929
0.002340
0.001059
0.000964
0.001000
0.000976
0.000888
0.000930
0.000894
0.000865
0.000830
0.001026
0.000969
0.000926
0.001297
0.000930
0.001069
0.000986
0.001026
0.000894
0.000980
0.001081
0.000873
0.000992
0.000988
0.000951
0.001021
0.001147
0.001052
0.001026
0.000916
0.001009
0.001044
0.001027
0.000872
0.000941
0.000942
0.000943
0.003114
0.000871
0.001055
0.000919
0.001077
0.000981
0.000807
0.001038
0.000926
0.000980
0.001094
0.001131
0.001029
0.000931
0.000890
0.000943
0.001006
0.000906
0.001151
0.001028
0.001050
0.002257
0.001025
0.000908
0.001085
0.000947
0.000897
0.000926
0.000877
0.000939
0.000879
0.000863
0.001054
0.001035
0.000832
0.000982
0.001026
0.000838
0.000935
0.000912
0.000818
0.000836
0.000790
0.000853
0.001076
0.001029
0.001215
0.001103
0.000984
0.000958
0.001041
0.001016
0.001049
0.000930
0.000818
0.000855
0.000937
0.000983
0.001045
0.000943
0.000949
0.000881
0.000876
0.000808
0.000950
0.000887
0.000952
0.000816
0.001164
0.001139
0.000849
0.000909
0.000897
0.001236
0.001154
0.000952
0.001059
0.001065
0.001061
0.000979
0.001226
0.001077
0.000952
0.001006
0.001005
0.000869
0.000840
0.000901
0.000906
0.000977
0.000905
0.000993
0.001028
0.001251
0.001018
0.000894
0.001084
0.000905
0.001036
0.000839
0.000921
0.000882
0.000902
0.001009
0.000803
0.000888
0.001143
0.001140
0.001029
0.001027
0.000988
0.000975
0.001002
0.001063
0.000815
0.000991
0.000878
0.000835
0.000990
0.000995
0.001139
0.000921
0.000867
0.000856
0.000886
0.000898
0.000761
0.000906
0.000928
0.000907
0.001129
0.000929
0.000991
0.000854
0.000842
0.000828
0.000924
0.000932
0.000983
0.000839
0.000987
0.000932
0.000971
0.001150
0.001134
0.001174
0.000934
0.000873
0.000909
0.000935
0.000986
0.000967
0.000983
0.000824
0.000916
0.001214
0.001818
0.000882
0.000879
0.000893
0.001010
0.001060
0.000827
0.000904
0.001083
0.000887
0.001055
0.001060
0.000968
0.001100
0.000901
0.001024
0.001009
0.000984
0.000940
0.000945
0.001070
0.000894
0.000787
0.000815
0.001129
0.001010
0.001118
0.001043
0.001075
0.001061
0.000975
0.000831
0.001006
0.000812
0.000973
0.001178
0.000960
0.000962
0.000969
0.000811
0.000879
0.000892
0.000988
0.001046
0.000991
0.001087
0.001059
0.000963
0.001087
0.001012
0.001016
0.000919
0.000849
0.000955
0.000848
0.000845
0.000947
0.000944
0.000988
0.001272
0.000969
0.000839
0.000955
0.000845
0.000922
0.000921
0.000947
0.001018
0.000814
0.001059
0.001042
0.000971
0.001050
0.001019
0.001121
0.000972
0.001052
0.000930
0.001029
0.000974
0.001095
0.001034
0.001008
0.001091
0.001114
0.001082
0.001186
0.000881
0.000883
0.001014
0.000935
0.001004
0.001033
0.001031
0.001056
0.001187
0.001072
0.001035
0.000970
0.000959
0.001218
0.001053
0.000994
0.000988
0.000939
0.001012
0.001025
0.000991
0.001020
0.001132
0.001021
0.000982
0.000908
0.000828
0.001043
0.001056
0.001001
0.001009
0.001032
0.000875
0.001117
0.001008
0.001024
0.000871
0.001012
0.000901
0.000868
0.000944
0.000889
0.000997
0.000812
0.000985
0.001140
0.003055
0.001050
0.000931
0.001156
0.000864
0.000977
0.000940
0.000954
0.000837
0.000811
0.001097
0.001144
0.000902
0.000908
0.000969
0.000909
0.001057
0.000982
0.000851
0.000874
0.000987
0.001202
0.000872
0.000931
0.000960
0.001015
0.000930
0.000992
0.000978
0.000996
0.000918
0.001026
0.000981
0.000872
0.001002
0.000896
0.000953
0.000852
0.000865
0.000895
0.000948
0.000929
0.000865
0.001290
0.001009
0.000869
0.000917
0.000810
0.000918
0.001017
0.000803
0.000989
0.000923
0.000923
0.000982
0.000862
0.001068
0.001227
0.000979
0.000902
0.001078
0.000901
0.000988
0.000849
0.001017
0.000824
0.000983
0.001070
0.000968
0.001014
0.001057
0.000944
0.001215
0.000817
0.000956
0.000845
0.000835
0.000848
0.000840
0.000944
0.001091
0.000933
0.001084
0.001049
0.000995
0.000915
0.001282
0.000939
0.000923
0.000981
0.001059
0.001062
0.001169
0.000958
0.001019
0.000936
0.001070
0.000848
0.000977
0.001008
0.000929
0.001055
0.001026
0.000839
0.001174
0.000879
0.001010
0.000977
0.001018
0.001024
0.001085
0.000869
0.001002
0.000962
0.000838
0.000926
0.000847
0.003190
0.000874
0.001017
0.000956
0.000937
0.000858
0.001068
0.000891
0.000897
0.000861
0.000860
0.003241
0.001095
0.001050
0.000943
0.000988
0.001005
0.000869
0.000914
0.000914
0.000856
0.000861
0.000942
0.001217
0.001080
0.000868
0.000896
0.001173
0.001055
0.001056
0.000909
0.000969
0.000842
0.001028
0.000982
0.002321
0.001047
0.001065
0.001041
0.000950
0.000923
0.000915
0.000994
0.000807
0.000912
0.000834
0.000845
0.001307
0.000975
0.000900
0.000887
0.000838
0.000909
0.000925
0.000841
0.000924
0.000929
0.000962
0.000923
0.000893
0.001094
0.001013
0.001128
0.001067
0.000866
0.000911
0.001099
0.000944
0.000969
0.000952
0.000922
0.000882
0.001025
0.000952
0.001067
0.001061
0.001000
0.000850
0.000951
0.000923
0.000981
0.000852
0.000890
0.000932
0.000912
0.001194
0.000932
0.000987
0.000841
0.000790
0.000924
0.000937
0.000904
0.001014
0.001124
0.000911
0.000930
0.001134
0.001225
0.000949
0.000970
0.000853
0.000895
0.000970
0.000962
0.000954
0.001024
0.000869
