0.010789
0.009691
0.006240
0.006470
0.006148
0.006502
0.006157
0.006055
0.006286
0.006152
0.005944
0.008167
0.006859
0.007077
0.006381
0.005948
0.006668
0.005825
0.006001
0.014699
0.003273
0.003258
0.001786
0.010423
0.002166
0.003164
0.004510
0.002151
0.002142
0.002231
0.002101
0.002151
0.002264
0.002072
0.002028
0.002095
0.001894
0.003819
0.002154
0.003613
0.002162
0.005006
0.001970
0.005673
0.002352
0.002090
0.002312
0.001994
0.004319
0.002313
0.005685
0.002043
0.005576
0.002326
0.005613
0.002347
0.002238
0.005406
0.002245
0.002276
0.002272
0.002126
0.004014
0.002281
0.005338
0.002126
0.002286
0.002377
0.002405
0.002255
0.002244
0.002034
0.002981
0.002105
0.005369
0.002236
0.005376
0.002226
0.002250
0.002156
0.002302
0.003282
0.002181
0.001959
0.002081
0.001977
0.002210
0.002536
0.005005
0.002149
0.002307
0.004570
0.002010
0.003761
0.002041
0.004635
0.002226
0.002251
0.003699
0.003503
0.005653
0.002266
0.002045
0.002093
0.002112
0.004328
0.002048
0.002173
0.002258
0.001989
0.002118
0.001958
0.004782
0.002118
0.002180
0.002102
0.002247
0.004228
0.002225
0.002095
0.002240
0.002211
0.002459
0.002206
0.002567
0.002405
0.002067
0.005565
0.002272
0.005554
0.002172
0.002155
0.002153
0.002105
0.004011
0.002389
0.005409
0.002058
0.002660
0.003789
0.002218
0.004874
0.002191
0.005925
0.002248
0.001935
0.002255
0.002125
0.004016
0.002470
0.005322
0.002079
0.001941
0.005346
0.002509
0.002592
0.003468
0.002160
0.004614
0.002142
0.001961
0.003420
0.002455
0.002379
0.002204
0.002082
0.002001
0.002021
0.005423
0.002237
0.002084
0.002270
0.002084
0.004024
0.002041
0.004064
0.002398
0.002263
0.002254
0.001983
0.003699
0.002060
0.005188
0.002379
0.002167
0.002393
0.002533
0.002140
0.002269
0.002088
0.005672
0.002097
0.005800
0.002187
0.002252
0.004881
0.002124
0.005600
0.002599
0.002090
0.002327
0.002403
0.004938
0.002334
0.002326
0.002200
0.001909
0.005384
0.001916
0.005720
0.002213
0.005727
0.002550
0.002437
0.002060
0.002100
0.002030
0.002186
0.002138
0.003822
0.002127
0.004879
0.001904
0.001923
0.003560
0.002521
0.002278
0.002136
0.002066
0.002122
0.002058
0.005593
0.002145
0.005865
0.002074
0.002374
0.002362
0.002209
0.002288
0.003289
0.002024
0.004035
0.002138
0.005117
0.003696
0.001935
0.004983
0.002126
0.005313
0.002350
0.002344
0.003744
0.002315
0.004014
0.002089
0.005594
0.001962
0.002088
0.003973
0.001969
0.004817
0.002342
0.005484
0.002253
0.005377
0.002096
0.002214
0.001964
0.002056
0.005647
0.002091
0.002132
0.002207
0.002023
0.004197
0.002496
0.005605
0.002371
0.002130
0.001988
0.002128
0.005356
0.002178
0.005103
0.002055
0.002053
0.003997
0.002705
0.005779
0.002083
0.002260
0.002131
0.002220
0.002267
0.002189
0.002239
0.004565
0.002059
0.005523
0.002007
0.002926
0.002425
0.002333
0.003778
0.002288
0.005449
0.002213
0.010096
0.006241
0.006044
0.006533
0.006269
0.006422
0.005947
0.005944
0.006120
0.006793
0.006056
0.006171
0.006191
0.006245
0.006481
0.006573
0.006217
0.007494
0.006105
0.007218
0.002312
0.002105
0.003972
0.002185
0.005117
0.002296
0.002267
0.003376
0.001927
0.002132
0.002450
0.002249
0.002217
0.002288
0.002364
0.002135
0.002561
0.002277
0.002305
0.002108
0.005583
0.002291
0.005607
0.002006
0.001998
0.002230
0.001890
0.005295
0.002054
0.005345
0.002586
0.002250
0.004480
0.002037
0.005653
0.002079
0.002100
0.002329
0.001991
0.004567
0.002184
0.005517
0.002255
0.002350
0.003457
0.002046
0.003845
0.002174
0.005460
0.002210
0.002077
0.004378
0.002169
0.005764
0.002310
0.001990
0.002579
0.002080
0.002235
0.004448
0.002090
0.002409
0.002189
0.002209
0.002220
0.002116
0.003894
0.002465
0.005712
0.002162
0.002085
0.002219
0.001964
0.004345
0.001935
0.005188
0.002009
0.001959
0.004243
0.002058
0.002827
0.002311
0.005400
0.002123
0.002139
0.003175
0.002038
0.004013
0.002311
0.001938
0.002191
0.002064
0.003911
0.002636
0.005556
0.002059
0.002180
0.004352
0.002117
0.004204
0.002234
0.005503
0.002525
0.002123
0.002428
0.002634
0.002351
0.003744
0.002186
0.004040
0.002414
0.005485
0.002116
0.005126
0.002225
0.001971
0.002256
0.002382
0.002107
0.002671
0.002196
0.002188
0.002232
0.002115
0.006459
0.003623
0.001955
0.002200
0.002233
0.004391
0.002501
0.007033
0.002363
0.001902
0.002172
0.003689
0.002466
0.004074
0.002132
0.005521
0.002238
0.002069
0.002699
0.002239
0.002312
0.002037
0.002139
0.001983
0.002050
0.005286
0.002124
0.005958
0.002218
0.001976
0.003385
0.001975
0.004266
0.002095
0.002367
0.002150
0.004815
0.001957
0.001938
0.002213
0.002006
0.002120
0.002063
0.004466
0.002439
0.005548
0.002237
0.002187
0.002346
0.002195
0.002284
0.003655
0.002453
0.005347
0.002383
0.005666
0.002388
0.003948
0.005740
0.002219
0.002155
0.002136
0.002155
0.003817
0.006183
0.005440
0.002103
0.002030
0.002708
0.002217
0.002216
0.002029
0.002027
0.002056
0.002507
0.002478
0.002359
0.002058
0.002194
0.002450
0.002410
0.002057
0.002230
0.002054
0.005667
0.002173
0.002185
0.002156
0.001983
0.004514
0.001986
0.005320
0.002089
0.002329
0.003470
0.002032
0.004648
0.001751
0.005716
0.002096
0.002263
0.002366
0.002223
0.002187
0.004371
0.002576
0.005521
0.002312
0.002077
0.003278
0.002029
0.004326
0.002076
0.002073
0.002131
0.001904
0.002344
0.002390
0.002376
0.002583
0.002154
0.002004
0.002148
0.001988
0.005429
0.002167
0.002007
0.002063
0.002064
0.003848
0.002584
0.005699
0.002155
0.002024
0.002259
0.002011
0.004433
0.001988
0.005534
0.002047
0.002057
0.002065
0.002472
0.002345
0.002097
0.002057
0.002363
0.004368
0.002128
0.004014
0.002238
0.002267
0.002131
0.001925
0.004066
0.002008
0.003862
0.002292
0.002120
0.002051
0.002225
0.004409
0.002766
0.002375
0.004241
0.006531
0.006366
0.006421
0.007183
0.006169
0.006456
0.006084
0.007025
0.008009
0.006145
0.006393
0.006232
0.006172
0.007477
0.006199
0.006100
0.006196
0.005972
0.006792
0.006058
0.002008
0.002266
0.002460
0.002241
0.005060
0.002014
0.005527
0.002145
0.005556
0.002195
0.002123
0.002307
0.002121
0.002054
0.002134
0.002493
0.003999
0.002154
0.005697
0.001933
0.002027
0.002171
0.002188
0.002199
0.002084
0.002079
0.001925
0.002151
0.013360
0.002370
0.005591
0.001997
0.001988
0.002137
0.002028
0.002149
0.001976
0.002538
0.002414
0.002168
0.002580
0.002343
0.002121
0.002124
0.002113
0.002086
0.005474
0.002135
0.002316
0.002003
0.002232
0.004203
0.002136
0.005771
0.002615
0.002172
0.003596
0.002140
0.004827
0.001979
0.001914
0.003113
0.001833
0.002168
0.002429
0.002158
0.002245
0.002232
0.002173
0.002151
0.002647
0.005605
0.002250
0.005618
0.002191
0.002288
0.004096
0.002265
0.005328
0.002344
0.002145
0.003784
0.002159
0.005142
0.002012
0.002129
0.004419
0.001987
0.005258
0.002023
0.002183
0.002100
0.001973
0.004824
0.002282
0.005523
0.002104
0.002106
0.003971
0.002096
0.005630
0.002134
0.001942
0.002176
0.002065
0.004602
0.002197
0.005450
0.002135
0.002041
0.004079
0.002447
0.005360
0.002392
0.002507
0.002203
0.002457
0.004947
0.002249
0.005768
0.002137
0.001968
0.001932
0.002051
0.005206
0.002070
0.002152
0.001970
0.001981
0.002202
0.002439
0.002498
0.002158
0.002126
0.002025
0.002182
0.002253
0.002090
0.002073
0.002104
0.002345
0.002584
0.002203
0.002037
0.002274
0.002136
0.002144
0.004453
0.001993
0.005149
0.002093
0.005362
0.002174
0.002386
0.003446
0.002235
0.004053
0.002238
0.005755
0.002192
0.002331
0.005397
0.002379
0.002064
0.003589
0.002613
0.005578
0.002297
0.002152
0.002055
0.002193
0.005706
0.002242
0.002245
0.003370
0.002323
0.005018
0.002239
0.005830
0.002055
0.002033
0.002049
0.001822
0.003995
0.001845
0.001877
0.001972
0.001986
0.001973
0.001942
0.005763
0.002019
0.005901
0.002131
0.002171
0.002299
0.002132
0.002146
0.003700
0.002045
0.005334
0.002118
0.002575
0.003945
0.002283
0.004943
0.001947
0.002042
0.002100
0.001889
0.002481
0.002180
0.002207
0.002179
0.002207
0.009159
0.002425
0.002148
0.002086
0.002047
0.004787
0.002090
0.002033
0.003684
0.002419
0.005363
0.002478
0.002408
0.003913
0.002234
0.005260
0.002119
0.001977
0.002268
0.002126
0.005231
0.002105
0.002030
0.002558
0.002233
0.002095
0.002265
0.001926
0.002193
0.002071
0.005783
0.004261
0.002231
0.003755
0.002045
0.005008
0.001854
0.005524
0.002082
0.002498
0.003792
0.002139
0.005035
0.002374
0.002262
0.002324
0.006537
0.004993
0.002119
0.002685
0.002386
0.002142
0.002351
0.004469
0.002254
0.002191
0.002249
0.002060
0.004761
0.002170
0.005705
0.002239
0.002459
0.002434
0.002315
0.002182
0.003498
0.001960
0.003783
0.002625
0.002703
0.003794
0.002381
0.010035
0.009176
0.007780
0.007220
0.008098
0.005907
0.006299
0.007339
0.005980
0.006245
0.006198
0.006867
0.006527
0.005893
0.006808
0.006294
0.007021
0.006330
0.006118
0.006032
0.002068
0.001863
0.002685
0.002378
0.002314
0.004944
0.002102
0.005129
0.002084
0.005765
0.001969
0.001886
0.001893
0.002333
0.005618
0.002314
0.002206
0.002029
0.001964
0.004047
0.002092
0.005368
0.002013
0.002104
0.001961
0.002050
0.005720
0.002152
0.005695
0.001873
0.002063
0.002018
0.002292
0.005553
0.003393
0.002081
0.002294
0.002261
0.004790
0.002290
0.002109
0.002110
0.002045
0.002278
0.002120
0.001962
0.002213
0.002153
0.002084
0.002071
0.002387
0.005360
0.002304
0.005288
0.002089
0.002127
