0.007489
0.008202
0.007158
0.006304
0.006151
0.006499
0.006761
0.006350
0.006330
0.006174
0.006785
0.006042
0.006614
0.014824
0.010314
0.011134
0.011518
0.006052
0.009138
0.010433
0.006175
0.007070
0.003484
0.002267
0.005076
0.002341
0.002277
0.002146
0.002347
0.003922
0.002376
0.002113
0.004786
0.002467
0.005473
0.002297
0.002269
0.003691
0.002218
0.002238
0.002576
0.002562
0.002465
0.002316
0.002300
0.004557
0.002148
0.002154
0.002178
0.005412
0.002414
0.002226
0.003028
0.008206
0.002221
0.002029
0.002102
0.001971
0.002091
0.002019
0.003895
0.001967
0.005090
0.001866
0.002025
0.002181
0.001953
0.001929
0.001875
0.001895
0.004595
0.002235
0.004225
0.002352
0.005449
0.002223
0.002235
0.003788
0.002005
0.003791
0.002072
0.002107
0.003579
0.002131
0.004473
0.002225
0.002537
0.002425
0.002062
0.002320
0.002143
0.002014
0.002263
0.002073
0.005613
0.002205
0.005393
0.002303
0.002203
0.003554
0.002481
0.005624
0.002370
0.002509
0.003975
0.002422
0.002237
0.002318
0.002280
0.004448
0.004155
0.002448
0.004716
0.002380
0.002156
0.002380
0.002561
0.002374
0.002319
0.002469
0.002401
0.002162
0.005431
0.002637
0.005318
0.002186
0.002206
0.003551
0.002378
0.003855
0.002240
0.005698
0.002129
0.002139
0.004267
0.002563
0.005522
0.002242
0.002111
0.002356
0.002013
0.002267
0.004216
0.002446
0.002273
0.005314
0.002155
0.002639
0.004032
0.002256
0.005344
0.002159
0.003742
0.002232
0.005383
0.002167
0.002126
0.003552
0.001996
0.004130
0.001984
0.005451
0.002341
0.002482
0.002407
0.002197
0.002479
0.002294
0.002285
0.002268
0.002178
0.004117
0.005567
0.002257
0.002223
0.004469
0.002278
0.002114
0.002491
0.002156
0.002174
0.002178
0.004777
0.002268
0.005609
0.002273
0.002290
0.005378
0.002252
0.002213
0.002135
0.002090
0.004299
0.002048
0.002738
0.004061
0.002533
0.005788
0.002331
0.002472
0.002152
0.002424
0.002175
0.005035
0.002179
0.005535
0.002347
0.005446
0.002461
0.004235
0.005794
0.002162
0.002243
0.003568
0.002301
0.004053
0.002174
0.001946
0.002064
0.001978
0.004226
0.002106
0.005465
0.002160
0.002802
0.002480
0.003034
0.002478
0.002943
0.002615
0.002291
0.002274
0.002143
0.002644
0.002315
0.002126
0.002203
0.002202
0.002152
0.002230
0.002230
0.002254
0.002268
0.002240
0.002277
0.002238
0.002454
0.002379
0.005407
0.002416
0.005634
0.002183
0.002022
0.003331
0.002031
0.005529
0.002063
0.002197
0.002715
0.002204
0.004514
0.002163
0.005652
0.002293
0.002187
0.002217
0.002359
0.002263
0.003385
0.002397
0.002255
0.002298
0.002566
0.002389
0.002223
0.002381
0.002244
0.002161
0.002187
0.002180
0.004565
0.002259
0.004335
0.002200
0.005902
0.002126
0.006156
0.002174
0.002450
0.004178
0.002451
0.002551
0.003875
0.002413
0.005156
0.002233
0.002324
0.004523
0.002331
0.005669
0.002185
0.002122
0.002302
0.002201
0.005978
0.005925
0.006034
0.006314
0.006144
0.006284
0.006413
0.006192
0.005979
0.008154
0.007511
0.006610
0.006552
0.007609
0.006174
0.006292
0.006325
0.006028
0.007326
0.006287
0.002124
0.002153
0.004068
0.002165
0.005368
0.002539
0.002311
0.002273
0.009483
0.003696
0.002094
0.002181
0.002579
0.002538
0.004851
0.002509
0.002160
0.003376
0.002066
0.004918
0.002083
0.005575
0.002277
0.002475
0.003668
0.002239
0.005147
0.002275
0.002241
0.003677
0.002753
0.005766
0.002316
0.002315
0.003875
0.002206
0.005378
0.002195
0.002403
0.003980
0.002309
0.005356
0.002268
0.002187
0.002196
0.002222
0.002126
0.002218
0.002174
0.001931
0.002805
0.002486
0.002784
0.002215
0.002303
0.002181
0.002208
0.002288
0.002234
0.004589
0.002270
0.004604
0.002133
0.005540
0.001997
0.002140
0.002397
0.002271
0.004095
0.002065
0.002188
0.002167
0.002230
0.005661
0.002096
0.002115
0.002459
0.002064
0.002059
0.002053
0.002101
0.001985
0.002223
0.005645
0.002491
0.002414
0.003670
0.002160
0.005212
0.002234
0.002619
0.002569
0.002282
0.003852
0.002293
0.005297
0.002455
0.002354
0.005183
0.002264
0.002181
0.002318
0.002148
0.002322
0.002553
0.002106
0.002268
0.002274
0.002275
0.002321
0.002159
0.006217
0.002325
0.002146
0.002197
0.004671
0.002264
0.004689
0.002351
0.005464
0.002255
0.002157
0.004214
0.002175
0.002143
0.004562
0.002364
0.005543
0.002255
0.002027
0.002394
0.002175
0.002196
0.002172
0.002233
0.002010
0.002167
0.001971
0.002388
0.002155
0.002030
0.005559
0.003323
0.002050
0.002310
0.002193
0.005423
0.002234
0.002304
0.003527
0.002695
0.005468
0.002237
0.002076
0.002270
0.002177
0.004639
0.002388
0.002525
0.002413
0.002193
0.002426
0.002185
0.002377
0.003918
0.002131
0.002060
0.002182
0.002144
0.002102
0.002182
0.002105
0.002297
0.005127
0.002183
0.002273
0.002613
0.002407
0.002359
0.002353
0.002169
0.002137
0.003970
0.002140
0.005655
0.002393
0.005660
0.002173
0.002192
0.003760
0.002167
0.005319
0.005845
0.005007
0.002214
0.002032
0.002174
0.002109
0.004499
0.001972
0.005540
0.002171
0.002138
0.002134
0.002018
0.004337
0.002155
0.002162
0.002249
0.002047
0.002044
0.002083
0.002309
0.002072
0.002017
0.005442
0.002100
0.002366
0.002219
0.002323
0.005434
0.002089
0.002124
0.003383
0.002105
0.003964
0.002328
0.004478
0.002234
0.002078
0.003638
0.002056
0.004944
0.002139
0.002122
0.002766
0.002773
0.003633
0.005711
0.002308
0.002227
0.002393
0.002198
0.002099
0.004344
0.002363
0.005265
0.002355
0.005376
0.002157
0.002561
0.003985
0.002299
0.005624
0.002345
0.002235
0.003579
0.002264
0.005692
0.002064
0.002188
0.002210
0.002660
0.002301
0.003861
0.002248
0.005601
0.002234
0.002254
0.002242
0.002197
0.002235
0.002246
0.002423
0.004050
0.005757
0.002244
0.002291
0.002125
0.002247
0.002082
0.002498
0.002400
0.002133
0.004604
0.005963
0.006259
0.006308
0.006417
0.007381
0.006122
0.006298
0.005974
0.006249
0.006200
0.008285
0.008329
0.007487
0.006651
0.006122
0.007443
0.006910
0.006721
0.007016
0.008002
0.002217
0.002359
0.002606
0.002546
0.002311
0.002401
0.002166
0.002340
0.004948
0.002257
0.005386
0.002609
0.005390
0.002648
0.002533
0.004795
0.002403
0.005677
0.002436
0.002366
0.002320
0.002226
0.002542
0.002615
0.002483
0.005330
0.002522
0.002441
0.004480
0.002325
0.002267
0.002350
0.002214
0.002288
0.002287
0.002207
0.002445
0.002221
0.002225
0.003081
0.002514
0.002174
0.002403
0.002153
0.002415
0.002318
0.002299
0.002156
0.004838
0.002107
0.005768
0.002432
0.005653
0.002337
0.002206
0.004356
0.002346
0.005570
0.002468
0.002279
0.003930
0.002274
0.005318
0.002542
0.002414
0.004188
0.002131
0.005680
0.002023
0.003821
0.001926
0.001952
0.002140
0.001950
0.005091
0.002491
0.002330
0.002262
0.002264
0.002122
0.004255
0.002447
0.007090
0.002381
0.002171
0.002606
0.002265
0.002555
0.002420
0.002160
0.002340
0.002337
0.002205
0.002445
0.002475
0.002316
0.002223
0.002082
0.002217
0.002320
0.004207
0.002435
0.004504
0.002386
0.005461
0.002180
0.002262
0.002396
0.002279
0.002001
0.008528
0.002653
0.001981
0.004733
0.002208
0.006588
0.002210
0.001974
0.003225
0.005130
0.003395
0.002224
0.002138
0.004180
0.002098
0.005615
0.002031
0.002556
0.004387
0.002236
0.005843
0.002135
0.002142
0.003246
0.002126
0.004672
0.002002
0.005336
0.002099
0.002261
0.003821
0.002167
0.004807
0.002286
0.002663
0.003465
0.002288
0.005376
0.002366
0.002546
0.002468
0.002376
0.002319
0.004113
0.002279
0.005468
0.002318
0.002209
0.002168
0.002273
0.002191
0.002545
0.002169
0.005722
0.002155
0.002169
0.003604
0.002115
0.004977
0.001961
0.006215
0.004480
0.002004
0.003950
0.002147
0.005533
0.002408
0.002126
0.004101
0.002177
0.005356
0.002267
0.002130
0.003166
0.002103
0.004437
0.002265
0.002413
0.002342
0.002332
0.005343
0.002249
0.002105
0.002092
0.002110
0.002046
0.002079
0.002090
0.002167
0.004471
0.002261
0.004346
0.002137
0.002386
0.002039
0.002682
0.002328
0.002263
0.002114
0.005423
0.002116
0.002479
0.003926
0.002288
0.005604
0.002103
0.002304
0.002173
0.002482
0.004596
0.002095
0.002218
0.002394
0.002146
0.002661
0.002516
0.002282
0.002245
0.002316
0.002156
0.002137
0.002201
0.006020
0.002180
0.002043
0.002057
0.004337
0.004219
0.005369
0.002381
0.002325
0.002243
0.002172
0.005629
0.002304
0.002256
0.004113
0.002082
0.005685
0.002207
0.002045
0.002120
0.002183
0.001913
0.002266
0.002083
0.003294
0.002100
0.004936
0.002054
0.005465
0.002196
0.002077
0.002220
0.004998
0.003599
0.002172
0.002179
0.002294
0.002139
0.002313
0.002167
0.002349
0.002563
0.002093
0.002343
0.002353
0.002361
0.002322
0.005289
0.002392
0.002262
0.002276
0.002111
0.002043
0.008973
0.006700
0.006454
0.006270
0.006406
0.007426
0.006215
0.007566
0.012051
0.006513
0.006248
0.006624
0.006165
0.006187
0.006391
0.006963
0.006218
0.007587
0.006141
0.006299
0.002538
0.002118
0.004103
0.002198
0.005664
0.002253
0.006269
0.002370
0.001919
0.002373
0.002148
0.002316
0.002237
0.002174
0.001899
0.002249
0.002117
0.002449
0.004408
0.002236
0.003176
0.002423
0.002278
0.002303
0.002676
0.002342
0.002270
0.002192
0.002120
0.002167
0.002532
0.002244
0.002196
0.002469
0.002146
0.002289
0.002825
0.002192
0.002227
0.002211
0.002039
0.002219
0.002253
0.002272
0.002303
0.004900
0.002202
0.002370
0.002453
0.002350
0.002162
0.002169
0.002141
0.002271
0.002367
0.002389
0.002332
0.002281
0.002166
0.002431
0.002431
0.002643
0.002491
0.005039
0.002063
0.002101
