0.006810
0.002181
0.005384
0.002225
0.002115
0.004968
0.002387
0.002124
0.002289
0.002070
0.005769
0.002206
0.002181
0.004024
0.002181
0.004512
0.005401
0.002178
0.002744
0.005315
0.002494
0.002337
0.004069
0.002295
0.002106
0.004956
0.002177
0.002232
0.004118
0.002728
0.002700
0.005534
0.002649
0.002496
0.005528
0.002308
0.002357
0.005680
0.002248
0.002074
0.003610
0.002620
0.002602
0.005368
0.002316
0.002392
0.004069
0.002647
0.002470
0.004031
0.002441
0.002211
0.005158
0.002647
0.002350
0.005839
0.002391
0.002468
0.004012
0.002360
0.002087
0.002256
0.002303
0.002078
0.003981
0.002609
0.002563
0.003905
0.002380
0.002111
0.003834
0.002352
0.002306
0.003943
0.002100
0.002354
0.004016
0.002245
0.002367
0.003755
0.002618
0.002419
0.003982
0.002384
0.002353
0.004091
0.002247
0.002296
0.003792
0.002172
0.002676
0.004014
0.002339
0.002325
0.004083
0.002048
0.002328
0.005403
0.002488
0.002164
0.003841
0.003751
0.002347
0.005437
0.002159
0.002332
0.003797
0.002296
0.002215
0.002283
0.002183
0.002188
0.002380
0.002107
0.005547
0.003798
0.002303
0.004100
0.005873
0.002222
0.002409
0.004563
0.002326
0.002184
0.003816
0.002928
0.002393
0.004120
0.002281
0.002363
0.004019
0.002264
0.002196
0.003727
0.002152
0.002190
0.002280
0.004013
0.002857
0.002299
0.004485
0.002095
0.002393
0.004011
0.002219
0.006759
0.002349
0.002300
0.005704
0.002666
0.002214
0.005214
0.002168
0.002062
0.002343
0.002133
0.002141
0.004166
0.002138
0.002109
0.004979
0.002526
0.002248
0.005051
0.002272
0.006039
0.005910
0.006418
0.008222
0.006659
0.006958
0.007076
0.007013
0.008727
0.007056
0.007069
0.006191
0.009905
0.005941
0.006234
0.007561
0.006231
0.006528
0.006202
0.006778
0.002361
0.002249
0.004234
0.002213
0.002192
0.005340
0.002326
0.002091
0.003818
0.002336
0.002321
0.005213
0.002247
0.002384
0.005313
0.002242
0.002216
0.003926
0.002138
0.002623
0.004204
0.002472
0.002349
0.003855
0.002397
0.002220
0.004048
0.002254
0.002103
0.003842
0.002694
0.002267
0.003607
0.002383
0.002302
0.003855
0.002649
0.002612
0.005549
0.002416
0.002500
0.002363
0.002953
0.004058
0.002919
0.002528
0.002343
0.003991
0.002163
0.002416
0.002242
0.002287
0.002245
0.004144
0.002690
0.002386
0.004046
0.002406
0.002318
0.003781
0.002237
0.002127
0.004058
0.002054
0.005614
0.002338
0.002328
0.005502
0.002756
0.002610
0.005444
0.002294
0.002190
0.005060
0.002354
0.002302
0.005565
0.002237
0.002246
0.005096
0.002449
0.002247
0.004939
0.002188
0.002197
0.004637
0.002047
0.002222
0.004716
0.002192
0.002708
0.005089
0.002252
0.002092
0.004845
0.002070
0.002110
0.002292
0.002357
0.002345
0.005778
0.002442
0.002597
0.005525
0.002284
0.002397
0.005188
0.002453
0.002370
0.005230
0.002360
0.002359
0.002343
0.003839
0.002870
0.002345
0.004106
0.002319
0.002120
0.003537
0.002373
0.005473
0.002254
0.002314
0.004973
0.002526
0.002225
0.005305
0.002703
0.002417
0.005547
0.002339
0.002313
0.004951
0.002153
0.004168
0.002465
0.002208
0.002234
0.004570
0.002760
0.002813
0.004914
0.002398
0.002414
0.005098
0.002360
0.002212
0.005492
0.002306
0.002611
0.005321
0.002393
0.002236
0.004973
0.002249
0.002113
0.004428
0.002157
0.002075
0.004867
0.002067
0.002927
0.005707
0.002254
0.002255
0.004695
0.002597
0.002298
0.005075
0.002097
0.006499
0.004621
0.002104
0.002184
0.004359
0.002250
0.002366
0.002225
0.002177
0.005049
0.002263
0.002091
0.004656
0.002381
0.002243
0.004233
0.002147
0.002665
0.004365
0.002412
0.002226
0.004201
0.002162
0.007986
0.003539
0.002174
0.005649
0.002305
0.002588
0.003886
0.002416
0.002058
0.003812
0.002279
0.002294
0.004694
0.002229
0.002155
0.003735
0.004340
0.002289
0.002263
0.004027
0.002146
0.005627
0.002867
0.002566
0.005576
0.002601
0.002157
0.002418
0.002603
0.002261
0.005800
0.002208
0.002063
0.003994
0.002178
0.002220
0.003806
0.002322
0.002046
0.004070
0.002514
0.002532
0.004027
0.002448
0.002255
0.003814
0.002256
0.006497
0.002098
0.002160
0.002084
0.002232
0.002129
0.002882
0.005594
0.002270
0.002326
0.004952
0.002316
0.002440
0.004924
0.002363
0.002223
0.002342
0.002598
0.002466
0.005393
0.002414
0.002117
0.004934
0.002233
0.002299
0.005532
0.002105
0.002170
0.004981
0.002851
0.002307
0.005676
0.002177
0.002188
0.002102
0.006620
0.006506
0.006861
0.006690
0.006410
0.008914
0.008760
0.008950
0.008809
0.008879
0.011679
0.006039
0.006261
0.006351
0.006802
0.006730
0.008170
0.006605
0.006493
0.006300
0.002125
0.002177
0.005055
0.002269
0.002204
0.004975
0.002777
0.002366
0.005487
0.002433
0.002480
0.005632
0.002225
0.002148
0.005612
0.002198
0.002350
0.004962
0.002459
0.002274
0.004810
0.002044
0.002256
0.004484
0.002231
0.002032
0.004868
0.002052
0.002306
0.004600
0.002671
0.002401
0.005059
0.002144
0.002078
0.004674
0.002144
0.002419
0.005621
0.002393
0.002332
0.005566
0.002430
0.002316
0.005483
0.002315
0.002288
0.004956
0.002133
0.002304
0.005465
0.002207
0.002253
0.004873
0.002223
0.002382
0.002044
0.002136
0.002288
0.004221
0.002210
0.002191
0.004062
0.002248
0.002467
0.002335
0.002741
0.002493
0.003941
0.002285
0.002169
0.004079
0.002347
0.004810
0.002465
0.002393
0.005771
0.004128
0.002731
0.002447
0.004556
0.002342
0.002192
0.004221
0.002148
0.002439
0.004998
0.002281
0.003740
0.002519
0.003720
0.002227
0.002271
0.002438
0.002663
0.002449
0.005604
0.002355
0.002441
0.005432
0.002776
0.002438
0.005649
0.002293
0.002141
0.003911
0.002271
0.002224
0.005373
0.002163
0.002205
0.004023
0.002744
0.002286
0.003975
0.002228
0.002337
0.005136
0.002116
0.002244
0.002327
0.002297
0.002177
0.005518
0.002386
0.002117
0.003826
0.002463
0.002465
0.004147
0.002329
0.002192
0.004093
0.002082
0.002204
0.003762
0.002213
0.002582
0.003915
0.002741
0.002396
0.004032
0.002276
0.002250
0.005481
0.002067
0.002239
0.003679
0.002897
0.002331
0.005618
0.002364
0.002376
0.003887
0.002321
0.002199
0.005827
0.002306
0.002484
0.005576
0.002358
0.002930
0.005554
0.002359
0.002141
0.003985
0.002212
0.002302
0.003902
0.002184
0.002343
0.003894
0.002651
0.002403
0.005735
0.002323
0.002139
0.004008
0.002249
0.002309
0.003765
0.002212
0.003510
0.005777
0.002228
0.002099
0.003990
0.002387
0.002357
0.003889
0.002362
0.002121
0.004418
0.002307
0.002046
0.004008
0.002114
0.002688
0.003708
0.002324
0.002177
0.003758
0.002234
0.002240
0.003453
0.002313
0.002156
0.003819
0.002109
0.005248
0.002599
0.002239
0.005154
0.002186
0.002195
0.005001
0.002100
0.002131
0.005342
0.002496
0.002195
0.005624
0.002221
0.002355
0.005167
0.002352
0.002402
0.005058
0.002182
0.002307
0.005714
0.002218
0.002254
0.004880
0.002351
0.008776
0.002377
0.002397
0.005547
0.002290
0.002148
0.005033
0.002285
0.002392
0.005523
0.005057
0.002479
0.002461
0.003947
0.002230
0.002299
0.005445
0.002344
0.002058
0.003967
0.002141
0.002635
0.002574
0.002431
0.002284
0.005012
0.002112
0.002112
0.002047
0.002181
0.002210
0.003686
0.002746
0.002306
0.003824
0.002249
0.002319
0.003984
0.002720
0.002630
0.005296
0.006950
0.006811
0.006347
0.008175
0.008909
0.008584
0.008220
0.006250
0.008984
0.006199
0.006059
0.006564
0.006531
0.006289
0.008291
0.006583
0.006440
0.006457
0.006473
0.008128
0.002237
0.002070
0.002201
0.004119
0.002567
0.002365
0.004125
0.002209
0.002312
0.003955
0.002116
0.002943
0.004125
0.002094
0.002127
0.002168
0.002525
0.005277
0.002281
0.002213
0.004919
0.002136
0.002237
0.003485
0.002364
0.002027
0.002077
0.002657
0.002394
0.005392
0.002319
0.002206
0.002270
0.002303
0.002912
0.005351
0.002385
0.002252
0.005200
0.002504
0.002149
0.005478
0.002251
0.002319
0.005116
0.002379
0.002136
0.005636
0.002178
0.002145
0.005123
0.002208
0.002295
0.004895
0.002200
0.002117
0.002252
0.002145
0.002336
0.004983
0.002120
0.002084
0.005381
0.001987
0.002768
0.005239
0.002369
0.002233
0.005070
0.002361
0.002098
0.002270
0.002246
0.002323
0.002390
0.005401
0.002477
0.002236
0.005030
0.002142
0.002135
0.004822
0.002017
0.002321
0.005321
0.002236
0.002242
0.005030
0.002293
0.002299
0.004770
0.002262
0.002281
0.004590
0.002397
0.002136
0.005377
0.002150
0.002272
0.005021
0.002369
0.002327
0.005410
0.002240
0.002214
0.004791
0.003006
0.002246
0.005732
0.002146
0.002212
0.005213
0.002189
0.002252
0.002337
0.002294
0.005631
0.002429
0.002365
0.005412
0.002394
0.002252
0.005605
0.002196
0.002701
0.005410
0.002319
0.002374
0.005282
0.002130
0.002268
0.005909
0.002168
0.002197
0.004945
0.002612
0.002409
0.005394
0.002586
0.002316
0.005652
0.002091
0.002316
0.005561
0.002268
0.002202
0.004983
0.002285
0.002199
0.004741
0.002251
0.002240
0.004456
0.002500
0.002458
0.005279
0.002493
0.002327
0.005245
0.002389
0.002439
0.005514
0.002267
0.003055
0.005454
0.002321
0.002114
0.005609
0.002214
0.002901
0.005476
0.002273
0.002355
0.005023
0.002114
0.002351
0.004663
0.002140
0.002280
0.004431
0.002234
0.002316
0.005319
0.002798
0.002626
0.005633
0.002487
0.002395
0.005183
0.002398
0.002427
0.005399
0.002432
0.002337
0.005194
0.002368
0.002680
0.005550
0.002358
0.002474
0.005400
0.002272
0.002406
0.005366
0.002253
0.003209
0.002509
0.003639
0.002414
0.002192
0.002367
0.002340
0.005595
0.002271
0.002368
0.005296
0.002237
0.003346
0.005301
0.002251
0.006359
0.003547
0.002155
