0.002046
0.002346
0.005383
0.002218
0.002207
0.004605
0.001945
0.002036
0.003636
0.002194
0.005620
0.002157
0.002102
0.005547
0.002191
0.002245
0.003850
0.002210
0.002193
0.002337
0.002245
0.002277
0.003983
0.001951
0.002026
0.003923
0.002094
0.002369
0.004129
0.002127
0.002186
0.004058
0.002265
0.002169
0.005502
0.002076
0.001857
0.002791
0.002150
0.005568
0.002188
0.002047
0.004403
0.001993
0.002129
0.003567
0.002061
0.002171
0.003818
0.002105
0.002564
0.004280
0.002222
0.002506
0.004037
0.002277
0.002122
0.003855
0.002091
0.002251
0.004190
0.002136
0.002569
0.003555
0.002207
0.005253
0.002329
0.002042
0.002244
0.002254
0.002132
0.002079
0.002204
0.002130
0.005315
0.002495
0.002422
0.005287
0.002208
0.002116
0.002169
0.002148
0.002035
0.002271
0.002114
0.002042
0.004050
0.002172
0.002434
0.002216
0.002343
0.004112
0.002292
0.002150
0.003942
0.002045
0.002105
0.003522
0.002445
0.002276
0.003993
0.002205
0.002237
0.003336
0.002235
0.005552
0.002356
0.002080
0.005334
0.001956
0.003746
0.002266
0.002286
0.005507
0.002419
0.002148
0.005279
0.002165
0.001970
0.005165
0.001889
0.002119
0.002498
0.002247
0.002184
0.003762
0.002044
0.005788
0.002257
0.002051
0.003959
0.002249
0.006029
0.003751
0.002041
0.002347
0.002573
0.002332
0.005779
0.002371
0.002168
0.004705
0.002008
0.002104
0.004820
0.002099
0.002248
0.004539
0.002578
0.002576
0.004953
0.002036
0.002275
0.004243
0.002048
0.002128
0.004681
0.001939
0.002406
0.004337
0.001985
0.002220
0.003417
0.002649
0.002645
0.003968
0.002275
0.002312
0.004250
0.002290
0.002605
0.005293
0.002094
0.002477
0.004844
0.002030
0.002167
0.004300
0.002142
0.001834
0.003961
0.001885
0.005256
0.002312
0.002250
0.004879
0.002101
0.002129
0.002171
0.002064
0.002073
0.001993
0.001939
0.001980
0.005634
0.002254
0.002659
0.005392
0.002261
0.002242
0.004947
0.002275
0.002056
0.005820
0.002041
0.002018
0.002547
0.002307
0.002070
0.002800
0.002277
0.002294
0.002195
0.002316
0.002237
0.004972
0.002060
0.001941
0.003803
0.002420
0.002182
0.005071
0.002084
0.001950
0.002057
0.002081
0.002081
0.005368
0.002165
0.002402
0.005641
0.002643
0.002101
0.005171
0.002147
0.002215
0.004892
0.002117
0.002045
0.001982
0.002242
0.001904
0.003541
0.002397
0.002047
0.005037
0.002140
0.001987
0.002389
0.002380
0.002099
0.002096
0.003513
0.003650
0.002243
0.004244
0.002631
0.002281
0.002283
0.002147
0.005552
0.002148
0.002126
0.004844
0.002156
0.002211
0.003914
0.002372
0.002386
0.001864
0.001900
0.002050
0.004360
0.001910
0.007576
0.002143
0.005739
0.005769
0.005969
0.006126
0.005901
0.005786
0.007677
0.005781
0.006505
0.006673
0.006315
0.008695
0.007189
0.007161
0.006983
0.007049
0.010873
0.006395
0.005793
0.005879
0.003573
0.002027
0.004652
0.009647
0.005351
0.002079
0.002002
0.004483
0.002070
0.002231
0.004075
0.002157
0.002237
0.004477
0.002567
0.002258
0.004270
0.002190
0.002017
0.001901
0.003228
0.002183
0.005410
0.002055
0.002349
0.004830
0.002039
0.002052
0.004240
0.001981
0.002043
0.002091
0.001983
0.005465
0.001792
0.001925
0.002253
0.001946
0.002181
0.001907
0.002071
0.002527
0.004885
0.002164
0.002273
0.005753
0.002308
0.004691
0.002747
0.002144
0.002285
0.004902
0.002290
0.002189
0.002312
0.002307
0.002157
0.002041
0.002086
0.001995
0.002412
0.002356
0.002092
0.004837
0.002228
0.002006
0.002225
0.002090
0.002169
0.004788
0.003600
0.002099
0.002105
0.002653
0.002764
0.001969
0.002307
0.002211
0.002281
0.002214
0.001975
0.003471
0.002111
0.002129
0.005477
0.002100
0.002248
0.002172
0.002259
0.002102
0.002217
0.002146
0.002040
0.005051
0.002147
0.001916
0.002627
0.002194
0.002039
0.002150
0.001906
0.001963
0.001938
0.001865
0.002958
0.005452
0.002156
0.003998
0.002467
0.002261
0.002281
0.002159
0.002400
0.001992
0.002048
0.002084
0.001976
0.005675
0.001968
0.002156
0.002534
0.002150
0.002139
0.001958
0.002220
0.002162
0.002129
0.002299
0.002005
0.002185
0.002116
0.005736
0.004855
0.002071
0.002477
0.004918
0.002288
0.002118
0.002050
0.002132
0.002103
0.005033
0.002050
0.002094
0.002282
0.002239
0.002055
0.002412
0.002353
0.002305
0.004940
0.002154
0.002095
0.004962
0.002029
0.002122
0.002644
0.002424
0.002096
0.002130
0.002298
0.002078
0.002191
0.001975
0.002301
0.002080
0.002339
0.003711
0.002681
0.002164
0.001991
0.002207
0.002141
0.002141
0.002156
0.002439
0.002092
0.005343
0.001972
0.001871
0.002233
0.002073
0.002600
0.002165
0.002064
0.002023
0.003972
0.002242
0.005496
0.002220
0.002297
0.003962
0.002085
0.002356
0.003939
0.002540
0.002425
0.003945
0.002273
0.002142
0.003851
0.002355
0.002006
0.003937
0.002027
0.002549
0.004005
0.002165
0.002109
0.003836
0.002253
0.005235
0.002132
0.001970
0.005062
0.001993
0.002010
0.004650
0.002254
0.002078
0.002079
0.002552
0.002497
0.005114
0.002316
0.002207
0.005513
0.002152
0.002613
0.002404
0.003499
0.002234
0.005595
0.002215
0.002323
0.006373
0.002125
0.002114
0.004380
0.002070
0.002828
0.004310
0.002166
0.002208
0.004153
0.001930
0.005466
0.001896
0.002267
0.004994
0.002106
0.002090
0.005403
0.002369
0.002354
0.005141
0.002149
0.002219
0.004706
0.002164
0.002255
0.005617
0.002522
0.002193
0.005088
0.002186
0.002228
0.005045
0.001985
0.002103
0.004215
0.002061
0.002332
0.003624
0.002063
0.005619
0.007133
0.006263
0.007649
0.006058
0.006304
0.006375
0.005975
0.006226
0.008603
0.008836
0.008348
0.008633
0.005832
0.008765
0.008957
0.008751
0.006954
0.006064
0.006104
0.007748
0.002671
0.002110
0.005469
0.002256
0.002234
0.004992
0.002178
0.002097
0.002055
0.002116
0.002003
0.005316
0.002237
0.002498
0.005087
0.002243
0.001990
0.002105
0.002022
0.005758
0.001995
0.002072
0.001981
0.002018
0.002633
0.002161
0.005121
0.002050
0.002165
0.001993
0.002357
0.002032
0.002207
0.002147
0.001942
0.002593
0.002042
0.002368
0.002168
0.002203
0.002082
0.001910
0.002148
0.002059
0.004705
0.002301
0.002017
0.002476
0.002146
0.003603
0.005683
0.002420
0.002329
0.004998
0.002192
0.002105
0.002040
0.002011
0.002019
0.002548
0.002344
0.001980
0.002304
0.002051
0.002253
0.004877
0.002219
0.001944
0.004507
0.002811
0.002148
0.004243
0.005192
0.002527
0.002440
0.002318
0.002272
0.005208
0.002201
0.002308
0.005568
0.002119
0.001948
0.004695
0.001903
0.002088
0.003651
0.002034
0.005240
0.002111
0.002024
0.004780
0.002024
0.002013
0.003829
0.002175
0.002307
0.003760
0.002067
0.002071
0.002517
0.002520
0.002398
0.005316
0.002398
0.002244
0.005455
0.002481
0.002514
0.005844
0.002271
0.002166
0.003960
0.002159
0.002247
0.004242
0.002026
0.002105
0.003997
0.002485
0.002282
0.004080
0.002161
0.002272
0.003862
0.002369
0.005347
0.002172
0.002071
0.005692
0.002107
0.002171
0.004451
0.002507
0.002290
0.004126
0.002183
0.002172
0.003666
0.002163
0.006809
0.002052
0.002001
0.002094
0.002042
0.002419
0.002420
0.002375
0.002160
0.005057
0.002250
0.001985
0.005474
0.002040
0.002056
0.002499
0.002341
0.002136
0.004882
0.002198
0.002003
0.002198
0.002119
0.002674
0.005355
0.002007
0.002113
0.004918
0.002215
0.002103
0.002167
0.002448
0.002290
0.005070
0.002213
0.002042
0.005684
0.002089
0.002136
0.002350
0.002261
0.002358
0.005065
0.002101
0.002008
0.002377
0.002056
0.001962
0.001981
0.001904
0.001852
0.002019
0.004837
0.002570
0.002314
0.004925
0.002130
0.002156
0.004210
0.002230
0.002179
0.004745
0.002033
0.002535
0.004250
0.002414
0.002670
0.004427
0.002050
0.002348
0.003801
0.002338
0.002151
0.004293
0.002146
0.002538
0.004271
0.002344
0.002061
0.003978
0.002073
0.005399
0.002167
0.002154
0.005498
0.002240
0.002016
0.004914
0.005675
0.005386
0.003129
0.002107
0.002101
0.002245
0.002188
0.003502
0.001948
0.005363
0.001968
0.002524
0.005043
0.002139
0.008610
0.002299
0.001921
0.004901
0.002055
0.002104
0.001989
0.002289
0.002043
0.002031
0.005605
0.002320
0.002381
0.003644
0.002193
0.005312
0.002137
0.002098
0.005879
0.002441
0.002376
0.005564
0.002295
0.002304
0.005338
0.001966
0.002277
0.004643
0.002172
0.002167
0.005323
0.001989
0.002987
0.005503
0.002223
0.006084
0.005795
0.006738
0.006599
0.006403
0.007025
0.007333
0.008647
0.006292
0.008936
0.008680
0.008926
0.008976
0.009224
0.009788
0.006037
0.005812
0.006289
0.006319
0.006159
0.002355
0.001989
0.003916
0.001948
0.002122
0.003634
0.002083
0.005687
0.003286
0.002285
0.005527
0.002727
0.002362
0.005442
0.002007
0.002226
0.004813
0.003361
0.002167
0.005231
0.001988
0.002576
0.004865
0.002157
0.002078
0.004135
0.002129
0.002029
0.002219
0.001998
0.001981
0.002036
0.002087
0.002440
0.004274
0.002147
0.002287
0.003593
0.002359
0.002120
0.002428
0.002137
0.002289
0.002129
0.002228
0.002420
0.004507
0.002045
0.002122
0.003704
0.002302
0.005339
0.002242
0.002092
0.005221
0.001918
0.001955
0.002423
0.002320
0.002091
0.002184
0.002242
0.002331
0.004932
0.002206
0.002129
0.002038
0.002075
0.001883
0.005323
0.001977
0.002617
0.005030
0.002437
0.002060
0.002184
0.002162
0.001992
0.002142
0.002168
0.002110
0.005581
0.002526
0.002141
0.005002
0.002036
0.002238
0.002178
0.002354
0.002031
0.005602
0.002080
0.002017
0.002607
0.002270
0.002140
0.002194
0.002057
0.002212
0.002018
0.002140
0.002793
0.005080
0.002239
0.002061
0.002692
0.004075
0.002296
0.005662
0.002256
0.002606
