0.001261
0.001048
0.001127
0.001210
0.001092
0.001071
0.000991
0.001044
0.001114
0.001102
0.000981
0.000997
0.001043
0.001374
0.001217
0.001343
0.001082
0.001108
0.001029
0.001080
0.001265
0.001038
0.001103
0.001153
0.001080
0.001079
0.001068
0.001100
0.001241
0.001063
0.001135
0.000970
0.001354
0.001273
0.001206
0.000995
0.001157
0.001061
0.001060
0.001076
0.001263
0.001182
0.001047
0.001157
0.001222
0.001210
0.001014
0.001002
0.001124
0.001274
0.001201
0.001136
0.001488
0.005045
0.000998
0.001098
0.001044
0.000990
0.000921
0.001018
0.001025
0.000863
0.000897
0.000972
0.001012
0.001004
0.000810
0.000934
0.000829
0.000876
0.001027
0.001065
0.001075
0.001193
0.001151
0.001109
0.001033
0.001173
0.001007
0.001063
0.001071
0.001007
0.001040
0.001106
0.001159
0.001066
0.001259
0.001146
0.000943
0.001070
0.001115
0.000976
0.001033
0.001047
0.001069
0.001096
0.001081
0.001096
0.001055
0.001089
0.001213
0.001012
0.001176
0.001288
0.001047
0.001199
0.001157
0.001139
0.001166
0.001117
0.002800
0.001247
0.001071
0.001110
0.001004
0.001087
0.001324
0.001204
0.001198
0.001197
0.001159
0.001027
0.000974
0.001229
0.001047
0.001057
0.001087
0.001225
0.001236
0.001107
0.001096
0.001199
0.000901
0.001006
0.001132
0.001324
0.001073
0.001107
0.001086
0.001113
0.001006
0.001119
0.001000
0.001211
0.001227
0.001065
0.001013
0.001243
0.001049
0.000981
0.001054
0.001098
0.001100
0.001070
0.001019
0.001023
0.000984
0.000933
0.000973
0.001078
0.000978
0.001134
0.001099
0.001247
0.001191
0.000950
0.001127
0.001158
0.001169
0.001099
0.001027
0.002818
0.001211
0.001130
0.001049
0.001070
0.001166
0.000972
0.001127
0.001056
0.000981
0.001072
0.001058
0.001131
0.001179
0.001034
0.001128
0.001133
0.001007
0.000985
0.001067
0.001081
0.001002
0.001006
0.001352
0.001164
0.001276
0.001375
0.001025
0.001240
0.001040
0.001180
0.001036
0.001074
0.001069
0.000963
0.001211
0.001124
0.001167
0.002787
0.001177
0.001157
0.001151
0.000968
0.001184
0.001041
0.001034
0.000923
0.000983
0.000956
0.000936
0.001083
0.001192
0.001035
0.001329
0.001245
0.001722
0.001236
0.001410
0.001206
0.001040
0.001019
0.000960
0.001235
0.001084
0.000981
0.001099
0.001091
0.001032
0.001124
0.001041
0.001142
0.001141
0.001144
0.001024
0.001042
0.001168
0.001209
0.001066
0.001144
0.000988
0.001018
0.001019
0.000945
0.000997
0.001101
0.001022
0.001065
0.001388
0.000973
0.000995
0.001132
0.001163
0.001133
0.001020
0.000963
0.001212
0.001102
0.001148
0.001180
0.001119
0.001103
0.001185
0.001154
0.001123
0.001126
0.001098
0.000960
0.001047
0.001163
0.001148
0.001124
0.001051
0.001053
0.000980
0.001002
0.001047
0.001101
0.001293
0.001086
0.001218
0.001277
0.001153
0.001192
0.001175
0.001121
0.001106
0.001217
0.001154
0.001019
0.001057
0.001010
0.001109
0.001084
0.001072
0.001050
0.001112
0.001203
0.001029
0.001062
0.001187
0.001140
0.000990
0.001029
0.001014
0.001038
0.001281
0.001101
0.001098
0.000989
0.001101
0.001052
0.001018
0.001137
0.001079
0.001047
0.001201
0.001170
0.001041
0.001378
0.001279
0.001177
0.001156
0.001214
0.001085
0.001047
0.001248
0.001164
0.001021
0.001248
0.001089
0.001019
0.001023
0.001073
0.000952
0.001133
0.001124
0.001206
0.001148
0.001087
0.001105
0.001174
0.001119
0.001140
0.001397
0.001130
0.001081
0.001138
0.001175
0.001129
0.001100
0.001015
0.001206
0.001091
0.001179
0.001202
0.001025
0.001077
0.001090
0.001090
0.001132
0.001100
0.001029
0.000916
0.001323
0.001177
0.001541
0.001018
0.001080
0.001186
0.001109
0.001019
0.001011
0.001078
0.001063
0.000983
0.001120
0.001009
0.000997
0.001146
0.001318
0.001259
0.001205
0.001077
0.001074
0.001106
0.001142
0.001061
0.001085
0.001110
0.001370
0.001038
0.001050
0.001035
0.001103
0.000970
0.001101
0.001209
0.001188
0.001138
0.001246
0.001032
0.001191
0.001106
0.001242
0.001287
0.001149
0.001148
0.001179
0.001083
0.001163
0.001139
0.001085
0.001112
0.000962
0.001114
0.001140
0.001093
0.001186
0.001017
0.001161
0.001146
0.001046
0.001095
0.001147
0.001023
0.001188
0.001008
0.001055
0.001217
0.001163
0.001258
0.001092
0.001093
0.001113
0.001044
0.001082
0.001103
0.001178
0.001070
0.001201
0.001153
0.001241
0.001014
0.001200
0.001160
0.001067
0.001051
0.001185
0.000984
0.001013
0.001064
0.001294
0.001184
0.001034
0.001004
0.001000
0.001043
0.001286
0.001241
0.001013
0.001125
0.001272
0.001047
0.001450
0.001173
0.001139
0.001065
0.001158
0.001201
0.001247
0.001050
0.001164
0.001244
0.001060
0.001159
0.001116
0.001136
0.002495
0.000991
0.000935
0.001051
0.001065
0.000972
0.001047
0.001096
0.001122
0.001100
0.001050
0.001130
0.001291
0.001174
0.001106
0.001033
0.001045
0.000996
0.001014
0.001058
0.000979
0.001191
0.001065
0.001010
0.001066
0.001058
0.001188
0.001110
0.001074
0.001090
0.001149
0.001156
0.001094
0.001084
0.001131
0.000980
0.001368
0.001201
0.001018
0.001033
0.001010
0.001132
0.001092
0.001039
0.001145
0.001039
0.001036
0.001057
0.001267
0.001117
0.001049
0.001198
0.001164
0.001215
0.001139
0.001141
0.001197
0.001083
0.001001
0.001114
0.001091
0.000964
0.001200
0.003436
0.001137
0.001098
0.001056
0.001061
0.001144
0.001116
0.001100
0.001316
0.001291
0.002261
0.001157
0.001213
0.001097
0.001171
0.001070
0.000955
0.001092
0.001206
0.001042
0.001098
0.001100
0.001122
0.001263
0.000984
0.001142
0.001129
0.001152
0.001098
0.001005
0.001129
0.001013
0.000990
0.001162
0.001100
0.001271
0.001090
0.001067
0.001110
0.001022
0.001084
0.001102
0.001125
0.001044
0.001081
0.001049
0.001166
0.002710
0.001179
0.001127
0.001141
0.000990
0.001107
0.001050
0.001107
0.001173
0.000998
0.001162
0.001044
0.001151
0.001142
0.001171
0.001056
0.000970
0.001143
0.001059
0.001023
0.001195
0.001171
0.001341
0.001136
0.000989
0.001003
0.001193
0.001231
0.001211
0.001149
0.001155
0.001019
0.001094
0.001271
0.001417
0.001030
0.001161
0.001031
0.001058
0.001041
0.001085
0.001037
0.001186
0.001177
0.001277
0.001194
0.001149
0.001133
0.001211
0.001162
0.001098
0.001076
0.001056
0.001200
0.001300
0.001164
0.001216
0.001131
0.001123
0.001024
0.001175
0.001000
0.001001
0.001070
0.001070
0.001086
0.001061
0.001049
0.001068
0.001078
0.001416
0.001167
0.001041
0.001162
0.001013
0.001161
0.001183
0.001147
0.000991
0.001009
0.000951
0.001064
0.001186
0.000994
0.001038
0.001064
0.000983
0.001177
0.000909
0.001145
0.001175
0.001069
0.001011
0.001068
0.001377
0.001320
0.001098
0.001089
0.001158
0.000978
0.000962
0.000992
0.000930
0.001182
0.001045
0.000948
0.001278
0.001100
0.001144
0.000978
0.000972
0.001100
0.001272
0.001012
0.001094
0.001015
0.001183
0.001121
0.001214
0.001170
0.001032
0.001063
0.001112
0.001073
0.001164
0.001092
0.001022
0.001095
0.000948
0.001087
0.001287
0.002922
0.001095
0.001115
0.001095
0.001168
0.001177
0.001145
0.001133
0.001190
0.000995
0.007320
0.001484
0.001034
0.001125
0.001201
0.001005
0.001044
0.000956
0.001000
0.001075
0.001090
0.001204
0.001112
0.000949
0.001099
0.001019
0.000990
0.001287
0.001026
0.000993
0.001013
0.000942
0.001096
0.000948
0.000976
0.001074
0.000958
0.000991
0.001029
0.001234
0.001033
0.001011
0.001003
0.001047
0.001469
0.000981
0.001191
0.001078
0.001115
0.001239
0.001252
0.001099
0.001068
0.001111
0.001045
0.001105
0.001259
0.001102
0.001030
0.001179
0.001187
0.001286
0.001101
0.001190
0.001098
0.001033
0.000995
0.001116
0.001144
0.000927
0.000946
0.001024
0.001102
0.001134
0.001006
0.001098
0.001351
0.001149
0.001196
0.001166
0.001050
0.001139
0.001192
0.000982
0.001103
0.001089
0.001107
0.001184
0.001128
0.001169
0.001066
0.000981
0.001053
0.000954
0.000947
0.001012
0.001050
0.001058
0.001108
0.001164
0.001155
0.001147
0.000947
0.001142
0.000967
0.001277
0.001143
0.001016
0.000954
0.001224
0.001101
0.001075
0.001024
0.001141
0.000940
0.000964
0.001196
0.001088
0.001146
0.001064
0.000975
0.001130
0.001177
0.001026
0.001225
0.001268
0.001157
0.000979
0.001060
0.001160
0.001006
0.001051
0.000997
0.001029
0.001015
0.001021
0.001051
0.001267
0.001226
0.001124
0.001064
0.001101
0.000999
0.001072
0.001152
0.001135
0.001049
0.000958
0.000925
0.001021
0.001045
0.001057
0.001200
0.001049
0.001101
0.001095
0.001074
0.001085
0.001090
0.001050
0.001311
0.001175
0.001076
0.001144
0.001054
0.001093
0.001109
0.001137
0.001290
0.001142
0.001167
0.001036
0.001083
0.001246
0.000985
0.001061
0.001133
0.001211
0.001193
0.001195
0.001175
0.001114
0.001021
0.000970
0.001018
0.001277
0.001015
0.001033
0.001205
0.001225
0.001054
0.000989
0.000945
0.006895
0.001192
0.001138
0.001289
0.001098
0.001143
0.001016
0.001018
0.001014
0.001023
0.001058
0.001005
0.001196
0.000971
0.001059
0.001202
0.001086
0.001103
0.000995
0.001164
0.001022
0.001191
0.001159
0.001192
0.001199
0.001070
0.001014
0.001177
0.001027
0.001175
0.001000
0.001140
0.001357
0.001148
0.001166
0.001152
0.001252
0.001092
0.000996
0.001041
0.000985
0.001009
0.001232
0.001109
0.001044
0.001125
0.001112
0.001053
0.001298
0.001092
0.000969
0.001072
0.001028
0.001091
0.001121
0.001133
0.001132
0.001124
0.000928
0.001172
0.001134
0.001035
0.001046
0.001069
0.001106
0.001100
0.001099
0.001122
0.001048
0.001124
0.001000
0.001168
0.001114
0.001200
0.001242
0.001198
0.000950
0.001097
