0.013839
0.022091
0.019377
0.021428
0.006216
0.005937
0.007031
0.007037
0.005827
0.005970
0.006139
0.006269
0.005900
0.006660
0.006234
0.006064
0.006171
0.006903
0.005950
0.006926
0.002102
0.003374
0.008081
0.002772
0.002566
0.003414
0.004691
0.002472
0.001714
0.001888
0.004941
0.001889
0.005989
0.001746
0.001992
0.001709
0.002062
0.002209
0.002174
0.002198
0.002180
0.002027
0.001988
0.002144
0.005199
0.002217
0.005189
0.002021
0.005360
0.002139
0.001944
0.001940
0.002086
0.003633
0.002054
0.005763
0.001876
0.002364
0.002074
0.001994
0.004956
0.001971
0.005309
0.001926
0.005558
0.002135
0.007071
0.003800
0.001844
0.002069
0.002067
0.004291
0.002570
0.005652
0.002290
0.002261
0.002070
0.002070
0.004743
0.001862
0.005485
0.002387
0.002093
0.001967
0.002141
0.004981
0.002263
0.005205
0.001846
0.002153
0.002091
0.002149
0.004089
0.001937
0.004763
0.002352
0.002188
0.001933
0.002289
0.004646
0.002112
0.004019
0.002030
0.005443
0.001919
0.002091
0.002001
0.002383
0.005665
0.002407
0.002348
0.003560
0.002029
0.004348
0.002001
0.005339
0.002146
0.002001
0.002167
0.001958
0.002014
0.004417
0.002151
0.003794
0.002208
0.004923
0.001980
0.005707
0.001971
0.002113
0.002011
0.002185
0.003880
0.002103
0.005545
0.002180
0.002330
0.002136
0.002183
0.005333
0.002272
0.001909
0.002116
0.002012
0.003904
0.003832
0.001957
0.002155
0.002011
0.002415
0.002024
0.004448
0.002118
0.005875
0.002135
0.001971
0.002061
0.001983
0.005311
0.002193
0.005208
0.001989
0.005346
0.002026
0.001978
0.002060
0.005579
0.002101
0.002043
0.002126
0.002084
0.002600
0.002101
0.002171
0.005687
0.002176
0.005537
0.002175
0.001925
0.002115
0.001962
0.005379
0.002044
0.005338
0.002530
0.002172
0.002229
0.001945
0.002092
0.002060
0.001982
0.004650
0.002151
0.006985
0.004176
0.001898
0.001843
0.005765
0.002511
0.002285
0.002339
0.002179
0.002235
0.005086
0.001941
0.002119
0.002037
0.001888
0.005836
0.002102
0.005805
0.002306
0.002200
0.002049
0.002081
0.003740
0.002090
0.005993
0.002163
0.002144
0.003298
0.002206
0.002000
0.002032
0.001952
0.001981
0.001692
0.004705
0.001835
0.005738
0.001827
0.001970
0.001914
0.002664
0.003939
0.001990
0.005507
0.002017
0.001910
0.002275
0.001882
0.002010
0.001798
0.005793
0.002120
0.002011
0.004965
0.002171
0.005246
0.002044
0.005606
0.001921
0.002038
0.002416
0.002051
0.013274
0.001871
0.004321
0.002108
0.006347
0.001953
0.001915
0.001913
0.001931
0.003338
0.002003
0.005465
0.002472
0.002338
0.001941
0.002466
0.005332
0.002238
0.005379
0.002439
0.002286
0.003777
0.002143
0.004791
0.002139
0.005707
0.002116
0.001858
0.002539
0.001952
0.001925
0.002041
0.005634
0.002049
0.005574
0.001996
0.001927
0.003849
0.001945
0.003881
0.001910
0.005419
0.007854
0.002259
0.002204
0.003505
0.002092
0.004813
0.001803
0.005359
0.001903
0.005806
0.005896
0.006188
0.005955
0.005818
0.005732
0.006026
0.005764
0.008227
0.005968
0.005863
0.005688
0.006023
0.007352
0.005797
0.006262
0.005798
0.005801
0.008023
0.005906
0.001910
0.001842
0.001948
0.002215
0.002123
0.001696
0.002364
0.001930
0.001935
0.004897
0.001984
0.002044
0.002411
0.001925
0.004102
0.002103
0.003982
0.002064
0.005589
0.002005
0.001890
0.002075
0.001885
0.001756
0.001981
0.001924
0.001909
0.002148
0.004827
0.001921
0.005042
0.001722
0.005664
0.001804
0.001974
0.001873
0.002077
0.003960
0.002212
0.002166
0.002294
0.002065
0.002198
0.001931
0.002051
0.004364
0.001930
0.003567
0.002163
0.005886
0.002119
0.002119
0.002176
0.002091
0.004014
0.001940
0.005530
0.002212
0.002283
0.003531
0.002038
0.002011
0.002046
0.001927
0.004541
0.002346
0.004286
0.002250
0.005337
0.002002
0.005618
0.001963
0.002044
0.002212
0.002265
0.005181
0.002221
0.001906
0.004107
0.002247
0.005211
0.002207
0.002090
0.002059
0.002167
0.005665
0.001992
0.001901
0.001857
0.001946
0.003749
0.002262
0.002306
0.003674
0.002271
0.003857
0.002193
0.005302
0.001997
0.002054
0.002082
0.002162
0.002274
0.002303
0.002019
0.002105
0.002095
0.002046
0.004182
0.001889
0.002157
0.002037
0.005577
0.008767
0.001928
0.002033
0.001958
0.004626
0.002352
0.004544
0.002370
0.005322
0.002223
0.002098
0.004714
0.001896
0.005611
0.001977
0.002476
0.003351
0.002149
0.004643
0.002363
0.005572
0.001954
0.001972
0.004538
0.002321
0.005364
0.002201
0.005517
0.002522
0.002224
0.004044
0.002075
0.004230
0.002025
0.005793
0.002099
0.001910
0.003808
0.001853
0.002018
0.002345
0.002111
0.002323
0.002138
0.005354
0.002120
0.005424
0.001743
0.001930
0.001833
0.001939
0.005681
0.002082
0.002307
0.003314
0.002072
0.004340
0.001852
0.005300
0.002094
0.002292
0.004494
0.002182
0.005139
0.002208
0.004973
0.003346
0.002383
0.004168
0.002362
0.005357
0.002146
0.001940
0.002064
0.001956
0.001960
0.001974
0.002439
0.005264
0.002310
0.005584
0.002044
0.002208
0.003422
0.001814
0.005470
0.001905
0.005332
0.001880
0.002098
0.002527
0.002231
0.004719
0.002081
0.005833
0.002130
0.005704
0.001867
0.001843
0.003659
0.001794
0.004161
0.001922
0.004518
0.002222
0.005576
0.002152
0.001910
0.002072
0.001934
0.005322
0.002180
0.005432
0.003601
0.002099
0.005001
0.002251
0.005631
0.002166
0.002002
0.002015
0.002045
0.004235
0.002204
0.005608
0.002158
0.002096
0.002292
0.002007
0.005467
0.002049
0.005435
0.002249
0.002362
0.003728
0.002103
0.004971
0.002568
0.002249
0.003654
0.002197
0.005011
0.002461
0.002152
0.002167
0.002478
0.002215
0.002177
0.002162
0.004738
0.002283
0.005222
0.002307
0.005558
0.002387
0.002172
0.003922
0.001912
0.004062
0.001958
0.005611
0.001956
0.002056
0.003926
0.002028
0.004846
0.002121
0.005291
0.002234
0.005357
0.002300
0.001865
0.003746
0.001945
0.004049
0.001818
0.005718
0.001933
0.002069
0.008659
0.007302
0.006277
0.005946
0.006775
0.005933
0.007365
0.006429
0.006284
0.005813
0.006376
0.006889
0.006172
0.006338
0.006205
0.006086
0.007306
0.005903
0.006175
0.005988
0.002180
0.002098
0.003903
0.002206
0.005092
0.002272
0.001975
0.002133
0.002054
0.004702
0.001962
0.005964
0.001977
0.002462
0.002047
0.001858
0.005549
0.001910
0.005570
0.002106
0.001950
0.004245
0.001888
0.005410
0.002170
0.002256
0.002225
0.002293
0.004308
0.001972
0.005233
0.002117
0.002174
0.002091
0.002012
0.003884
0.003738
0.002223
0.002374
0.001982
0.004570
0.001945
0.005384
0.001905
0.001876
0.002225
0.001918
0.003757
0.001913
0.004664
0.002075
0.005640
0.002849
0.005649
0.002182
0.002377
0.003673
0.002081
0.004795
0.002107
0.002050
0.002126
0.002018
0.004063
0.002290
0.005351
0.001962
0.002428
0.001993
0.002064
0.005428
0.002166
0.002731
0.003436
0.001893
0.004591
0.002353
0.005571
0.002105
0.002013
0.002037
0.001987
0.004099
0.002266
0.005251
0.002170
0.001803
0.004515
0.002411
0.006091
0.003097
0.002167
0.002051
0.001948
0.003642
0.001893
0.004083
0.001918
0.005624
0.001946
0.002205
0.003292
0.002296
0.004808
0.002194
0.005522
0.002303
0.005234
0.002044
0.002045
0.004953
0.001945
0.005696
0.001925
0.002055
0.002006
0.004457
0.001847
0.002397
0.001974
0.004254
0.001968
0.005041
0.001754
0.002162
0.001957
0.002450
0.005702
0.002225
0.005666
0.002140
0.002336
0.003707
0.002002
0.005548
0.002135
0.002211
0.001965
0.002159
0.004990
0.002226
0.001989
0.002098
0.001875
0.001926
0.002048
0.005675
0.002900
0.001877
0.003193
0.001886
0.004277
0.002262
0.005558
0.001961
0.001858
0.001983
0.001938
0.003590
0.001936
0.001842
0.001812
0.001885
0.004570
0.001916
0.004074
0.002232
0.005288
0.001969
0.005616
0.002180
0.002184
0.003368
0.002189
0.013789
0.002011
0.005230
0.001905
0.001947
0.002151
0.002247
0.002279
0.001976
0.001998
0.004387
0.001978
0.004598
0.002137
0.005607
0.002438
0.002275
0.003919
0.002066
0.004873
0.002128
0.005354
0.002137
0.002131
0.004491
0.002126
0.005761
0.002313
0.002103
0.002261
0.002145
0.002249
0.004279
0.002050
0.003734
0.001933
0.005334
0.001995
0.001997
0.002419
0.002046
0.004046
0.002339
0.002573
0.003336
0.002271
0.004716
0.002115
0.005566
0.002093
0.001967
0.001972
0.003285
0.002090
0.002129
0.001913
0.002176
0.004450
0.002223
0.004199
0.002374
0.005672
0.001937
0.001947
0.002029
0.001939
0.005233
0.004085
0.002321
0.005744
0.002209
0.002097
0.002096
0.002409
0.005069
0.002162
0.002244
0.002568
0.002191
0.002220
0.002140
0.002243
0.002247
0.002006
0.001970
0.004259
0.001946
0.004747
0.002031
0.005593
0.002506
0.002221
0.004094
0.002064
0.005328
0.001912
0.001934
0.002877
0.001900
0.004748
0.001864
0.005769
0.002359
0.002177
0.002032
0.002158
0.001983
0.004155
0.002068
0.003793
0.002145
0.005437
0.002075
0.001983
0.003548
0.002485
0.005203
0.005929
0.005962
0.005864
0.005958
0.005980
0.006092
0.006475
0.007247
0.006150
0.006096
0.006367
0.006142
0.006995
0.005846
0.006617
0.005893
0.006009
0.007072
0.006018
0.005999
0.001907
0.002113
0.003457
0.001920
0.004691
0.001782
0.001874
0.002010
0.001944
0.001697
0.002558
0.005425
0.002915
0.002000
0.001959
0.001904
0.003797
0.001871
0.005675
0.001922
0.002234
0.002175
0.002138
0.004408
0.002112
0.002091
0.001877
0.001935
0.002055
0.002030
0.005557
0.002224
0.005610
0.002204
0.002082
0.005085
0.002157
0.005301
0.002318
0.002157
0.003354
0.001941
0.004291
0.001953
0.005718
0.002023
0.004959
0.001918
0.005339
0.001971
0.002261
