0.002274
0.002321
0.002069
0.003156
0.002119
0.004526
0.001793
0.005620
0.001795
0.002017
0.004202
0.001963
0.004873
0.002110
0.005237
0.002043
0.002194
0.003167
0.001865
0.004118
0.001913
0.005256
0.001700
0.002121
0.003797
0.001654
0.001829
0.002506
0.002048
0.002060
0.001932
0.005135
0.002089
0.005437
0.001658
0.001829
0.004598
0.001952
0.006028
0.002533
0.002070
0.003528
0.001770
0.004461
0.001886
0.005495
0.002067
0.001722
0.001851
0.001745
0.005131
0.002679
0.002203
0.001816
0.002064
0.003016
0.001913
0.001951
0.001811
0.001783
0.004163
0.003270
0.004823
0.002187
0.005801
0.001765
0.002170
0.002257
0.001884
0.004021
0.002128
0.005265
0.001780
0.001931
0.001623
0.001769
0.005370
0.002146
0.002079
0.001981
0.001842
0.005702
0.002115
0.005739
0.001921
0.002017
0.004295
0.001889
0.005325
0.002492
0.001967
0.003165
0.002444
0.004896
0.002141
0.002280
0.002182
0.002273
0.004939
0.002137
0.001852
0.002066
0.002580
0.002045
0.004629
0.002136
0.004815
0.001872
0.005179
0.001912
0.006532
0.002044
0.001939
0.003472
0.003117
0.005738
0.002144
0.001940
0.003343
0.001978
0.002112
0.001845
0.001925
0.001757
0.003382
0.002074
0.001991
0.002058
0.005651
0.002168
0.005676
0.002108
0.002095
0.003354
0.001829
0.004215
0.002058
0.001720
0.001783
0.001737
0.001961
0.002268
0.002436
0.002240
0.001763
0.001999
0.002072
0.006593
0.003472
0.002090
0.002090
0.001864
0.004657
0.001896
0.005589
0.001878
0.001771
0.001984
0.002132
0.003900
0.001858
0.001892
0.003160
0.001819
0.002278
0.002208
0.001922
0.002002
0.002110
0.005505
0.001822
0.005518
0.001711
0.006335
0.002032
0.001699
0.003148
0.002151
0.004508
0.001794
0.005405
0.001869
0.001943
0.001992
0.001692
0.005001
0.001941
0.004989
0.002068
0.001903
0.004370
0.003565
0.002285
0.004164
0.001928
0.005336
0.001967
0.001842
0.003120
0.001852
0.004380
0.001959
0.005388
0.002456
0.002234
0.002017
0.001875
0.002037
0.004059
0.002027
0.003765
0.002090
0.005464
0.001685
0.002092
0.002312
0.001978
0.001755
0.001786
0.005696
0.001933
0.002091
0.002197
0.002185
0.002114
0.001917
0.001961
0.002749
0.002015
0.002000
0.004440
0.001859
0.001729
0.001931
0.005044
0.002146
0.005534
0.001758
0.001936
0.003665
0.007732
0.002523
0.001794
0.003865
0.001972
0.005138
0.001809
0.001864
0.001929
0.001933
0.004408
0.002214
0.002264
0.009341
0.008478
0.009001
0.008385
0.007378
0.006770
0.007761
0.006700
0.006399
0.005772
0.006025
0.007198
0.005673
0.005911
0.006085
0.005898
0.007721
0.005713
0.006040
0.006177
0.002169
0.002408
0.004368
0.002218
0.005702
0.002036
0.001746
0.002875
0.005982
0.004957
0.001907
0.002651
0.003594
0.002149
0.004892
0.001725
0.005337
0.002156
0.001636
0.004358
0.001956
0.005289
0.001759
0.005699
0.002240
0.002137
0.003372
0.001846
0.004313
0.001936
0.005612
0.001897
0.001747
0.002130
0.001928
0.001833
0.002233
0.002037
0.005739
0.002182
0.005662
0.001889
0.002104
0.003326
0.001895
0.001935
0.001926
0.001884
0.002005
0.002319
0.004337
0.001991
0.005313
0.001915
0.001913
0.001847
0.002082
0.005812
0.003356
0.001700
0.001966
0.003737
0.005616
0.001871
0.002053
0.003558
0.002048
0.003807
0.001775
0.005372
0.001962
0.005173
0.003492
0.001940
0.003620
0.002377
0.002346
0.002079
0.001790
0.005557
0.001894
0.005544
0.001670
0.001963
0.001881
0.001798
0.003879
0.002408
0.005062
0.001881
0.002193
0.003192
0.001711
0.001840
0.001920
0.002027
0.001900
0.001915
0.001781
0.002153
0.001815
0.005412
0.002312
0.005329
0.001928
0.001834
0.003118
0.001928
0.002052
0.002184
0.001903
0.001801
0.002408
0.001753
0.003809
0.001780
0.005435
0.002128
0.001883
0.003237
0.002145
0.005779
0.001925
0.001893
0.001938
0.002446
0.005701
0.002023
0.002005
0.001950
0.001783
0.003895
0.002046
0.004333
0.001742
0.002008
0.003298
0.002569
0.005261
0.001989
0.002176
0.003357
0.002150
0.004870
0.001801
0.005584
0.003370
0.002142
0.001859
0.001925
0.012893
0.002234
0.004885
0.001795
0.005548
0.002175
0.005584
0.001857
0.001899
0.003397
0.002040
0.005493
0.002241
0.002011
0.003437
0.002370
0.004938
0.002081
0.002248
0.002086
0.002128
0.005574
0.001967
0.001975
0.002334
0.001978
0.001746
0.004041
0.001730
0.003274
0.001754
0.004342
0.001889
0.002340
0.002043
0.002041
0.003820
0.002043
0.005622
0.002058
0.002286
0.003719
0.001981
0.004896
0.001916
0.005296
0.003985
0.001814
0.003653
0.001937
0.005553
0.002442
0.001935
0.004061
0.002148
0.005675
0.002055
0.001956
0.002917
0.001701
0.003894
0.001734
0.004861
0.002603
0.002205
0.001925
0.001764
0.005656
0.002871
0.001797
0.002046
0.002072
0.003850
0.001900
0.002065
0.002058
0.001794
0.003875
0.002141
0.005260
0.001836
0.002223
0.001780
0.001829
0.005716
0.001969
0.001885
0.002081
0.002192
0.005504
0.002346
0.002128
0.001998
0.002019
0.004419
0.002146
0.001882
0.003649
0.001878
0.003900
0.002162
0.005713
0.002129
0.001883
0.003561
0.002072
0.004910
0.002035
0.002150
0.002070
0.002052
0.001852
0.003388
0.001948
0.002096
0.002018
0.001824
0.001877
0.001863
0.001846
0.004905
0.002188
0.005343
-1
0.002294
0.002076
0.003458
0.002074
0.004750
0.001661
0.005697
0.003060
0.002014
0.004585
0.002010
0.002292
0.004297
0.002422
0.005587
0.002050
0.005536
0.005539
0.005703
0.006188
0.005764
0.005790
0.007126
0.006152
0.005875
0.005905
0.005952
0.005924
0.006148
0.006308
0.006471
0.006185
0.007380
0.006225
0.006257
0.005829
0.001916
0.001905
0.003694
0.001742
0.004460
0.001849
0.001972
0.003488
0.002553
0.005676
0.002116
0.002145
0.003901
0.002041
0.007255
0.001932
0.001843
0.002023
0.001845
0.001948
0.001997
0.002268
0.004996
0.002048
0.001896
0.003156
0.001912
0.004312
0.001873
0.005738
0.001973
0.001773
0.001907
0.001904
0.005560
0.002183
0.005556
0.002008
0.001752
0.003336
0.002069
0.003810
0.001903
0.001918
0.002011
0.001879
0.004085
0.002218
0.005870
0.001874
0.001844
0.001958
0.002104
0.005564
0.004069
0.001889
0.003654
0.002180
0.005317
0.001877
0.002087
0.002469
0.002548
0.005682
0.001959
0.001964
0.004133
0.002876
0.005312
0.001839
0.002369
0.002133
0.001929
0.002024
0.001897
0.001842
0.001920
0.001853
0.005390
0.003207
0.001665
0.001657
0.001657
0.003942
0.001884
0.005292
0.001729
0.005507
0.001620
0.001897
0.001956
0.001752
0.001881
0.001492
0.001551
0.001976
0.001823
0.002095
0.001875
0.001878
0.005537
0.001829
0.005572
0.001628
0.001734
0.004071
0.001866
0.005394
0.001861
0.001970
0.003132
0.001781
0.001978
0.001774
0.001920
0.002164
0.001964
0.004928
0.002028
0.001811
0.004208
0.002371
0.004246
0.001858
0.005133
0.001861
0.005369
0.002074
0.001776
0.001848
0.003275
0.005798
0.001740
0.002172
0.003848
0.002025
0.005375
0.002024
0.001880
0.001821
0.001829
0.001685
0.001666
0.001581
0.004382
0.001971
0.005364
0.001914
0.001876
0.003232
0.001737
0.004132
0.001779
0.005362
0.001789
0.001831
0.004130
0.001700
0.005025
0.002023
0.002185
0.001788
0.001779
0.005680
0.001887
0.005618
0.001789
0.001739
0.004057
0.001861
0.003986
0.001744
0.001731
0.001726
0.002063
0.003635
0.001861
0.004913
0.001737
0.005323
0.003928
0.001858
0.003417
0.001715
0.004781
0.002088
0.001945
0.001914
0.001880
0.004096
0.001912
0.005557
0.001889
0.002026
0.005405
0.001952
0.003072
0.004870
0.001923
0.002093
0.001835
0.001819
0.001814
0.001788
0.001694
0.001673
0.001703
0.005517
0.002837
0.002067
0.001897
0.001930
0.003331
0.001973
0.002057
0.001839
0.001651
0.001832
0.001678
0.001841
0.002083
0.001949
0.005563
0.002137
0.001919
0.001866
0.001796
0.003563
0.001911
0.005516
0.002111
0.002064
0.003477
0.002182
0.005638
0.002035
0.001990
0.003497
0.001655
0.001995
0.001887
0.001925
0.001907
0.001853
0.005453
0.002621
0.001947
0.003472
0.001917
0.005045
0.002354
0.001903
0.001855
0.002002
0.006526
0.003089
0.002064
0.003837
0.002288
0.005679
0.002059
0.001823
0.003660
0.001951
0.005193
0.001871
0.001767
0.001860
0.001756
0.005447
0.002920
0.001925
0.002063
0.001944
0.004306
0.001771
0.005426
0.001682
0.001642
0.005112
0.001524
0.001633
0.002256
0.001999
0.002027
0.001732
0.001672
0.005132
0.001811
0.009980
0.008832
0.005962
0.009143
0.008852
0.009093
0.008514
0.006062
0.009105
0.008766
0.008046
0.007588
0.005632
0.008298
0.008265
0.007570
0.006745
0.008042
0.005777
0.005842
0.001884
0.001734
0.003619
0.002013
0.002035
0.003394
0.003133
0.005507
0.001985
0.001915
0.003544
0.001679
0.001916
0.001970
0.001800
0.005084
0.002014
0.002021
0.002152
0.001943
0.005614
0.002684
0.001802
0.001871
0.001936
0.004291
0.001847
0.005598
0.001757
0.001827
0.004029
0.001868
0.005666
0.002088
0.001745
0.003536
0.001695
0.001843
0.001819
0.002645
0.001691
0.001830
0.001795
0.004459
0.001930
0.004300
0.001939
0.005850
0.001868
0.001763
0.001892
0.001938
0.005666
0.001879
0.001782
0.002913
0.002111
0.004560
0.001720
0.005375
0.001848
0.001668
0.004534
0.001598
0.004867
0.001912
0.001809
0.001957
0.001987
0.002440
0.002285
0.004023
0.001727
0.001750
0.001768
0.001673
0.003211
0.001885
0.001841
0.001847
0.001857
0.002470
0.002057
0.003823
0.001799
0.001662
0.001801
0.001860
0.004201
0.001575
0.005166
0.001859
0.001895
0.002041
0.001901
0.005463
0.003029
0.002002
0.002041
0.001822
0.004032
0.001746
0.005122
0.001866
0.001951
0.003605
0.001882
0.002017
