0.002235
0.002238
0.002460
0.002377
0.002596
0.002195
0.005637
0.002421
0.002615
0.005543
0.002429
0.002423
0.005409
0.002308
0.002247
0.004931
0.002445
0.002385
0.005612
0.002752
0.002543
0.005624
0.002292
0.002369
0.004966
0.002364
0.002211
0.004933
0.002338
0.002403
0.004959
0.002970
0.002650
0.005332
0.002552
0.002522
0.005331
0.002292
0.002379
0.005549
0.002386
0.003558
0.002616
0.003927
0.002235
0.002228
0.002308
0.002217
0.005460
0.002652
0.002466
0.006253
0.007715
0.006958
0.006619
0.005983
0.008836
0.011540
0.006531
0.006563
0.008683
0.008496
0.009037
0.008735
0.008633
0.017001
0.007329
0.007037
0.006825
0.006428
0.006033
0.006299
0.002223
0.002830
0.004987
0.002387
0.002546
0.005192
0.002480
0.002302
0.005615
0.002442
0.002247
0.005409
0.004640
0.002487
0.002502
0.005103
0.002387
0.002359
0.005038
0.002208
0.002230
0.005614
0.002339
0.002185
0.005125
0.002473
0.002384
0.005299
0.002278
0.002691
0.005377
0.002674
0.002465
0.005553
0.002368
0.002270
0.005356
0.002259
0.002432
0.005686
0.002329
0.002471
0.005101
0.002218
0.002303
0.004728
0.002323
0.002383
0.005167
0.002429
0.002210
0.005068
0.002225
0.002335
0.004818
0.002264
0.002059
0.004995
0.002188
0.002498
0.005255
0.002819
0.002739
0.005358
0.002521
0.002366
0.005246
0.002137
0.002164
0.005781
0.002273
0.002232
0.004618
0.002674
0.002461
0.004995
0.002401
0.002338
0.005026
0.002247
0.002373
0.005407
0.002225
0.002626
0.005218
0.002190
0.002424
0.005069
0.002362
0.002376
0.004872
0.002642
0.002418
0.005332
0.002349
0.002352
0.005344
0.002537
0.002232
0.005161
0.002290
0.002770
0.005753
0.002296
0.002560
0.002253
0.002285
0.002721
0.002544
0.003976
0.002397
0.002283
0.003509
0.002410
0.005414
0.002442
0.002333
0.005142
0.002440
0.002115
0.004979
0.004354
0.002512
0.002539
0.003735
0.002362
0.002291
0.004977
0.002221
0.002244
0.004105
0.002144
0.002932
0.005454
0.002604
0.002764
0.005714
0.002539
0.002365
0.005216
0.002483
0.002217
0.004980
0.002247
0.002722
0.005702
0.002280
0.002331
0.003973
0.002229
0.002272
0.004594
0.002332
0.002419
0.004015
0.002353
0.002608
0.005684
0.002480
0.002345
0.004944
0.002450
0.002425
0.002133
0.002223
0.002116
0.003910
0.004277
0.002554
0.002424
0.012737
0.002321
0.005304
0.002240
0.002226
0.005131
0.002155
0.005657
0.004954
0.002340
0.002051
0.002599
0.002488
0.002278
0.004964
0.002347
0.002236
0.002435
0.002147
0.002252
0.005261
0.002403
0.002655
0.005745
0.002258
0.002185
0.002195
0.002281
0.002057
0.002441
0.002241
0.002427
0.005649
0.002853
0.002384
0.005700
0.002417
0.002260
0.005324
0.002776
0.002843
0.002365
0.004642
0.002394
0.002489
0.004833
0.002760
0.002422
0.005627
0.002452
0.002655
0.005539
0.002423
0.002378
0.005375
0.002300
0.002762
0.005826
0.002477
-1
0.002355
0.002192
0.004992
0.002152
0.002064
0.004637
0.004245
0.002254
0.004632
0.002670
0.002505
0.003874
0.002480
0.002389
0.003822
0.002353
0.005269
0.002331
0.002385
0.005367
0.002596
0.002489
0.005510
0.002716
0.002332
0.005386
0.002385
0.002503
0.004978
0.002242
0.002401
0.005177
0.002788
0.002488
0.005346
0.002314
0.002311
0.005117
0.002370
0.002715
0.002524
0.003558
0.002485
0.006513
0.007440
0.006459
0.006327
0.007867
0.006536
0.006179
0.006062
0.006563
0.006466
0.006541
0.008004
0.006463
0.006633
0.006306
0.006663
0.008373
0.006559
0.008610
0.008388
0.004164
0.003007
0.002424
0.004299
0.002435
0.005530
0.002441
0.002252
0.002416
0.003554
0.002247
0.005334
0.002488
0.002639
0.005686
0.002306
0.002320
0.005167
0.002320
0.002424
0.005198
0.002204
0.002252
0.004865
0.002489
0.002257
0.005444
0.002271
0.002515
0.005479
0.002889
0.002387
0.005531
0.002354
0.002208
0.005157
0.002579
0.002604
0.005229
0.002447
0.002250
0.005304
0.002458
0.002334
0.005543
0.002328
0.002351
0.005365
0.002656
0.002366
0.005398
0.002330
0.002278
0.002343
0.002257
0.005636
0.002260
0.005870
0.005004
0.002456
0.002268
0.004941
0.002503
0.002480
0.005225
0.002410
0.002356
0.002332
0.002353
0.002168
0.002238
0.005674
0.002433
0.002436
0.005240
0.002131
0.002281
0.004699
0.002105
0.002177
0.004929
0.002332
0.002398
0.005018
0.002463
0.002370
0.005071
0.002465
0.003010
0.005657
0.002775
0.002375
0.005473
0.002321
0.003016
0.002808
0.002374
0.002381
0.003880
0.002393
0.002771
0.004188
0.003148
0.002262
0.004915
0.002245
0.002607
0.005410
0.002376
0.002506
0.005142
0.002312
0.005386
0.002311
0.002117
0.005366
0.002186
0.002426
0.005726
0.002344
0.002352
0.005162
0.002628
0.002378
0.005398
0.002138
0.002386
0.005138
0.002432
0.002237
0.005036
0.002347
0.002180
0.002698
0.002810
0.002513
0.005659
0.002373
0.002524
0.005533
0.002356
0.002201
0.005475
0.002167
0.002833
0.005776
0.002358
0.002537
0.005240
0.002404
0.002230
0.005015
0.002551
0.002309
0.005624
0.004069
0.002419
0.005106
0.002361
0.002222
0.005428
0.002481
0.002377
0.002421
0.002441
0.002346
0.006488
0.002884
0.002413
0.005459
0.002234
0.002311
0.004950
0.002234
0.002200
0.005044
0.002264
0.002281
0.005247
0.002120
0.002091
0.002777
0.002457
0.002218
0.005180
0.002512
0.002875
0.005586
0.002235
0.002286
0.005148
0.002616
0.002347
0.005199
0.002272
0.002269
0.004925
0.003376
0.002323
0.002388
0.003927
0.002317
0.002087
0.002833
0.002221
0.005307
0.002356
0.002329
0.005019
0.002385
0.002485
0.005475
0.002406
0.002245
0.005237
0.002682
0.002588
0.002308
0.002420
0.002266
0.005208
0.002558
0.002414
0.002337
0.003638
0.002214
0.005650
0.002892
0.002243
0.005602
0.002149
0.005603
0.002369
0.002356
0.004162
0.002239
0.005621
0.002334
0.005394
0.002851
0.002675
0.005743
0.002260
0.002465
0.005091
0.002351
0.002220
0.005339
0.002467
0.002388
0.005202
0.002774
0.002361
0.005634
0.002200
0.002745
0.005565
0.002380
0.002192
0.005703
0.002384
0.002802
0.005619
0.002420
0.002457
0.005172
0.002244
0.002528
0.004981
0.002801
0.002621
0.005134
0.002507
0.002703
0.004987
0.002347
0.007614
0.006167
0.006138
0.006360
0.009333
0.008955
0.008914
0.008797
0.009000
0.008925
0.008659
0.008964
0.008964
0.008683
0.008868
0.008694
0.005966
0.006064
0.006274
0.006646
0.003839
0.002421
0.002407
0.004419
0.002167
0.002311
0.004025
0.002359
0.002266
0.002731
0.002505
0.002315
0.003696
0.002292
0.005597
0.002270
0.002359
0.005534
0.002702
0.002263
0.005365
0.003880
0.002406
0.002400
0.004166
0.002466
0.002397
0.002512
0.002476
0.002308
0.005632
0.002213
0.002332
0.005215
0.002509
0.002396
0.005439
0.002265
0.002331
0.005024
0.002372
0.002172
0.005563
0.002250
0.002408
0.005360
0.002351
0.002251
0.004700
0.002273
0.002297
0.004637
0.002064
0.002128
0.003786
0.002190
0.002247
0.004663
0.002696
0.002612
0.005211
0.002400
0.002183
0.004953
0.002230
0.002169
0.004137
0.002174
0.002176
0.002233
0.002677
0.002412
0.002528
0.002284
0.005371
0.002417
0.002322
0.005275
0.002405
0.002172
0.002288
0.002813
0.002210
0.005408
0.002373
0.002374
0.005251
0.002588
0.002256
0.005597
0.002334
0.002266
0.004156
0.002687
0.002362
0.005770
0.002302
0.002191
0.005098
0.002619
0.002207
0.005351
0.002230
0.002315
0.005264
0.002604
0.002507
0.005409
0.005538
0.003960
0.002209
0.002334
0.003984
0.002275
0.002200
0.005383
0.002321
0.002130
0.004082
0.002549
0.002585
0.004045
0.002452
0.002142
0.004917
0.002221
0.002194
0.003986
0.002746
0.002765
0.005585
0.002748
0.002788
0.005463
0.002457
0.002337
0.005600
0.002409
0.002297
0.005181
0.002613
0.002206
0.003762
0.002259
0.002227
0.004099
0.002738
0.002829
0.002592
0.004129
0.002373
0.002318
0.005067
0.002862
0.002534
0.005604
0.002265
0.002429
0.005437
0.002631
0.002495
0.002341
0.003546
0.002322
0.002641
0.004244
0.002303
0.005269
0.002458
0.002205
0.005033
0.002356
0.002047
0.004936
0.002100
0.002270
0.005305
0.002131
0.002682
0.005138
0.002510
0.002378
0.005236
0.002514
0.003430
0.005461
0.002268
0.002315
0.005023
0.002266
0.002791
0.005525
0.002430
0.002234
0.005472
0.002370
0.002211
0.005651
0.002284
0.002392
0.005187
0.002859
0.002308
0.005356
0.002258
0.002290
0.004983
0.002177
0.002255
0.005603
0.002540
0.002169
0.002299
0.002524
0.002305
0.005538
0.002268
0.002175
0.005050
0.002536
0.002517
0.005305
0.002464
0.002279
0.005656
0.002255
0.002480
0.005202
0.002170
0.002348
0.004962
0.002352
0.002364
0.005054
0.002291
0.002324
0.002248
0.004184
0.004082
0.002589
0.002373
0.004418
0.002423
0.002213
0.005517
0.002131
0.002304
0.004585
0.002329
0.002733
0.005164
0.002395
0.002265
0.005020
0.002584
0.002628
0.005457
0.002197
0.002280
0.005234
0.002755
0.002543
0.005507
0.002445
0.002448
0.005391
0.002497
0.002305
0.005559
0.002448
0.002394
0.005100
0.002904
0.002575
0.005216
0.002376
0.006124
0.006295
0.006582
0.008507
0.008246
0.005864
0.008913
0.010378
0.014921
0.009671
0.006089
0.006402
0.006099
0.006364
0.006208
0.008785
0.009248
0.008962
0.008810
0.009046
0.005015
0.002299
0.002311
0.005342
0.002206
0.002098
0.004376
0.002549
0.002490
0.004768
0.002451
0.002415
0.004860
0.002346
0.002480
0.005626
0.002330
0.002170
0.004938
0.002679
0.002430
0.004956
0.002370
0.002491
0.005105
0.002891
0.002470
0.002625
0.002336
0.002355
0.003977
0.002479
0.004250
0.002178
0.002106
0.004406
0.002575
0.005005
0.003845
0.002361
0.005611
0.002388
0.002736
