0.001925
0.005538
0.001782
0.001681
0.003084
0.001760
0.005318
0.001711
0.001843
0.002226
0.001842
0.005665
0.001902
0.002219
0.004531
0.002020
0.005702
0.001767
0.001721
0.004249
0.001891
0.003685
0.005079
0.002251
0.001838
0.003233
0.001724
0.004035
0.002080
0.005587
0.001709
0.001863
0.003772
0.001819
0.005058
0.001902
0.001962
0.002020
0.001948
0.005268
0.001869
0.005774
0.001821
0.001990
0.003702
0.001840
0.001891
0.001970
0.001795
0.002357
0.002047
0.001898
0.003142
0.002063
0.004788
0.001727
0.001789
0.003449
0.001794
0.004660
0.002015
0.005563
0.002329
0.002043
0.001978
0.001886
0.004352
0.001676
0.001652
0.002930
0.001723
0.003872
0.002054
0.005648
0.001930
0.001864
0.003371
0.001876
0.004998
0.001771
0.005696
0.002851
0.001855
0.004024
0.001806
0.005286
0.002265
0.002019
0.004104
0.001936
0.005842
0.001803
0.001810
0.002755
0.001670
0.005069
0.001971
0.002290
0.003070
0.001746
0.001943
0.002023
0.003161
0.003762
0.001721
0.003291
0.002005
0.004940
0.001780
0.001760
0.004342
0.002155
0.005562
0.001901
0.001870
0.003247
0.001874
0.004622
0.001936
0.001800
0.003922
0.001880
0.004999
0.001822
0.001896
0.004198
0.001848
0.003770
0.001708
0.005198
0.001868
0.005809
0.001924
0.001935
0.003924
0.002548
0.002215
0.003400
0.001842
0.004748
0.001730
0.002060
0.001909
0.001794
0.001871
0.002061
0.001959
0.002289
0.002304
0.002117
0.002178
0.001956
0.001970
0.004739
0.001886
0.005462
0.002057
0.005711
0.001950
0.001808
0.002318
0.001955
0.001880
0.002087
0.005528
0.001978
0.005481
0.005577
0.001882
0.001873
0.003853
0.002206
0.001972
0.002569
0.002279
0.005104
0.001961
0.002016
0.002026
0.007197
0.005790
0.005590
0.005690
0.006136
0.006198
0.005984
0.006064
0.007362
0.006085
0.006258
0.006751
0.006310
0.007767
0.006315
0.006226
0.006698
0.006210
0.007368
0.006049
0.001998
0.002104
0.005363
0.001858
0.002318
0.003506
0.001969
0.005391
0.001930
0.001946
0.002088
0.002178
0.001992
0.002063
0.002003
0.001796
0.003721
0.002074
0.002058
0.004938
0.002031
0.005266
0.002107
0.005706
0.001942
0.002106
0.003820
0.001964
0.002145
0.002428
0.002511
0.005480
0.002046
0.002015
0.003324
0.001997
0.004924
0.001920
0.001818
0.003660
0.002092
0.005191
0.001806
0.002393
0.002197
0.002110
0.005248
0.003132
0.002019
0.002025
0.002049
0.004876
0.002053
0.001881
0.002497
0.002159
0.004003
0.002027
0.005586
0.001845
0.001881
0.003752
0.002120
0.005504
0.002292
0.002272
0.002520
0.002394
0.002059
0.005295
0.002109
0.002058
0.002022
0.001860
0.002095
0.002168
0.001903
0.001849
0.003407
0.002213
0.002179
0.002068
0.002089
0.001987
0.001979
0.002014
0.001817
0.001967
0.001770
0.001866
0.002373
0.002163
0.002449
0.002530
0.002119
0.001931
0.002099
0.002025
0.001996
0.004121
0.002078
0.007890
0.002029
0.002434
0.002111
0.002068
0.001947
0.001966
0.002008
0.001969
0.005312
0.003004
0.001937
0.003870
0.002530
0.005801
0.002069
0.002132
0.003764
0.002145
0.005177
0.002054
0.001850
0.003781
0.002113
0.005521
0.001837
0.002488
0.003999
0.002226
0.005592
0.002115
0.002017
0.002009
0.002031
0.001903
0.004388
0.002000
0.005153
0.002211
0.005282
0.002220
0.002275
0.001941
0.001931
0.004862
0.001798
0.005340
0.001903
0.001676
0.004266
0.002023
0.002351
0.002495
0.002189
0.005044
0.002028
0.002212
0.003591
0.001931
0.005182
0.002008
0.002026
0.003380
0.001979
0.004940
0.002068
0.002359
0.003732
0.002069
0.005331
0.002048
0.001979
0.002024
0.001892
0.001871
0.002575
0.002161
0.002064
0.001942
0.002303
0.002316
0.002374
0.002203
0.002230
0.005033
0.006524
0.005551
0.003063
0.002386
0.002343
0.001962
0.005552
0.002029
0.001988
0.003516
0.001956
0.005152
0.001817
0.001852
0.003967
0.002101
0.005670
0.002137
0.002071
0.004019
0.001989
0.005519
0.001910
0.001738
0.001876
0.003184
0.002105
0.002315
0.002128
0.002383
0.002348
0.002193
0.001865
0.001856
0.001866
0.001874
0.005047
0.001918
0.001999
0.004308
0.002325
0.004625
0.002380
0.005471
0.002106
0.001953
0.003737
0.002100
0.001958
0.001958
0.001820
0.003320
0.002389
0.005659
0.002151
0.002023
0.004183
0.002098
0.005487
0.002091
0.002939
0.005022
0.005809
0.005438
0.003576
0.002084
0.003594
0.002036
0.005657
0.002017
0.001885
0.003892
0.001848
0.005303
0.002042
0.001961
0.003531
0.002532
0.005407
0.002186
0.002167
0.003961
0.001983
0.005671
0.002176
0.002017
0.005652
0.002107
0.002033
0.005586
0.002395
0.002209
0.004728
0.002085
0.006578
0.002280
0.002114
0.004056
0.002031
0.006292
0.008751
0.008703
0.009049
0.009006
0.008751
0.009081
0.008479
0.007693
0.008760
0.008182
0.007825
0.007468
0.006897
0.008206
0.006361
0.006024
0.005840
0.006997
0.005907
0.003543
0.002227
0.002318
0.003447
0.002045
0.005647
0.002080
0.002047
0.001892
0.004400
0.001844
0.001914
0.003455
0.001734
0.004875
0.006297
0.003741
0.001946
0.005266
0.001992
0.001913
0.003781
0.001804
0.005155
0.001663
0.001695
0.002125
0.002110
0.002580
0.004800
0.002153
0.002066
0.002104
0.002096
0.002135
0.005051
0.001806
0.005580
0.002821
0.002387
0.002092
0.002180
0.005303
0.002026
0.001816
0.003817
0.001905
0.002046
0.001994
0.001800
0.002142
0.002432
0.002038
0.003837
0.001951
0.005167
0.002437
0.002131
0.004282
0.002204
0.002114
0.004194
0.002525
0.002148
0.002074
0.002114
0.001976
0.002006
0.001795
0.001874
0.001865
0.001837
0.002020
0.001978
0.002188
0.002734
0.002278
0.001827
0.002182
0.001968
0.002003
0.001918
0.001877
0.005659
0.003125
0.001979
0.001810
0.001912
0.002299
0.002550
0.002054
0.005024
0.002065
0.002043
0.003792
0.002167
0.005626
0.002017
0.001975
0.002073
0.001991
0.005291
0.002489
0.002082
0.004177
0.001827
0.005735
0.002003
0.001727
0.004757
0.001915
0.005512
0.002451
0.002080
0.002117
0.002051
0.004992
0.001810
0.001885
0.003282
0.001967
0.004145
0.002002
0.004378
0.001992
0.002466
0.004927
0.002436
0.002094
0.003930
0.001889
0.005347
0.002086
0.002446
0.002301
0.001801
0.001944
0.002343
0.003002
0.002079
0.002019
0.001867
0.001981
0.002157
0.001915
0.001882
0.002050
0.002004
0.001912
0.002224
0.002236
0.002349
0.002297
0.002073
0.002077
0.002053
0.002018
0.001921
0.002147
0.002016
0.001770
0.001793
0.002271
0.002052
0.002512
0.002195
0.002137
0.002248
0.002072
0.001812
0.002001
0.001968
0.001942
0.002530
0.002115
0.001926
0.002163
0.001904
0.001902
0.001851
0.001950
0.002227
0.002209
0.002156
0.002156
0.002167
0.002386
0.002117
0.002222
0.002049
0.001836
0.001933
0.001933
0.001821
0.001933
0.001932
0.001965
0.002829
0.002161
0.005409
0.001934
0.001928
0.003634
0.002018
0.005704
0.002003
0.001802
0.003600
0.002182
0.005578
0.002341
0.002199
0.002329
0.002154
0.002124
0.002108
0.002099
0.002080
0.002154
0.002179
0.002245
0.002188
0.002446
0.002744
0.005116
0.002063
0.001848
0.002030
0.002004
0.004977
0.004575
0.002002
0.004796
0.002570
0.005315
0.002288
0.002044
0.004365
0.002473
0.002316
0.003828
0.002186
0.002138
0.002166
0.002170
0.005434
0.002372
0.002282
0.004033
0.002043
0.002030
0.003178
0.002013
0.005051
0.002145
0.002112
0.002011
0.001989
0.002272
0.004052
0.001992
0.005662
0.002007
0.001988
0.001832
0.002021
0.001751
0.004762
0.003127
0.001940
0.004346
0.004362
0.002192
0.005684
0.002382
0.002048
0.002146
0.002079
0.001982
0.005497
0.001780
0.002052
0.006384
0.008646
0.005761
0.009147
0.008785
0.008649
0.008913
0.009580
0.008731
0.008835
0.009062
0.008817
0.005816
0.008950
0.008743
0.008888
0.008891
0.008809
0.009103
0.009014
0.004968
0.002099
0.001917
0.004170
0.001968
0.005743
0.001943
0.001832
0.001872
0.004537
0.001915
0.006396
0.002491
0.002186
0.003932
0.001960
0.001913
0.001972
0.002102
0.004264
0.001849
0.005582
0.001956
0.001969
0.005363
0.002162
0.002570
0.004910
0.001932
0.002068
0.001977
0.001939
0.001954
0.004178
0.001938
0.005340
0.002218
0.005342
0.002377
0.002221
0.004741
0.002197
0.001892
0.003160
0.001842
0.005432
0.001846
0.001703
0.003094
0.002384
0.005368
0.002189
0.002244
0.004274
0.002013
0.002384
0.002100
0.002011
0.001956
0.003549
0.002145
0.002425
0.002173
0.002176
0.002416
0.002166
0.001941
0.001924
0.002100
0.002040
0.002029
0.002175
0.001816
0.002561
0.002034
0.005300
0.002053
0.001961
0.003966
0.002158
0.005705
0.002000
0.002059
0.001817
0.001836
0.001818
0.004429
0.002043
0.002103
0.002066
0.001896
0.002079
0.002033
0.005430
0.001976
0.001736
0.001881
0.004631
0.002271
0.002224
0.002178
0.001967
0.001995
0.001976
0.001869
0.001887
0.001954
0.001845
0.001795
0.002579
0.002265
0.001956
0.001951
0.002341
0.002230
0.002216
0.002224
0.002118
0.005209
0.002156
0.002054
0.003659
0.002244
0.002187
0.002104
0.002181
0.001893
0.001903
0.001972
0.001795
0.002016
0.001811
0.001844
0.002552
0.002248
0.001968
0.001945
0.001800
0.001922
0.001889
0.001927
0.005488
0.002923
0.001951
0.005042
0.001924
0.005362
0.002095
0.002456
0.004576
0.001925
0.005612
0.002124
0.002040
0.004026
0.002047
0.001946
0.003152
0.001997
0.004956
0.002274
0.002331
0.002343
0.001934
0.001903
0.003728
0.001962
0.002059
0.001950
0.001911
0.004839
0.002438
0.002109
0.002327
0.001952
0.001764
0.001884
0.002021
0.001989
0.001978
0.002315
0.001998
0.004851
0.002340
0.002507
0.002253
0.001967
0.001819
0.001864
0.002049
0.001942
0.002124
0.002152
0.001858
