0.006610
0.007996
0.008946
0.007906
0.005948
0.007774
0.007727
0.006782
0.006947
0.007616
0.006187
0.006638
0.006590
0.006223
0.007234
0.006129
0.007198
0.006588
0.006082
0.006082
0.002661
0.002167
0.001985
0.002021
0.005692
0.002042
0.005006
0.001882
0.005877
0.001802
0.005664
0.001842
0.001928
0.004385
0.002205
0.005519
0.002105
0.002176
0.004339
0.002071
0.003805
0.001961
0.005443
0.002167
0.002080
0.003432
0.002148
0.004024
0.002496
0.005249
0.002298
0.005609
0.002309
0.001994
0.004150
0.002121
0.002398
0.004127
0.008937
0.003608
0.002591
0.016463
0.005369
0.002638
0.004694
0.002177
0.002035
0.003618
0.002275
0.003850
0.002238
0.005388
0.002188
0.002192
0.002210
0.002111
0.002072
0.002033
0.001980
0.004380
0.002049
0.002302
0.002231
0.004407
0.002151
0.004009
0.002218
0.002215
0.002198
0.002207
0.003957
0.002137
0.003958
0.002263
0.002874
0.002717
0.002513
0.002355
0.002392
0.002239
0.002284
0.002311
0.002128
0.004936
0.002444
0.005302
0.002260
0.002609
0.004044
0.002336
0.005345
0.002556
0.002531
0.002410
0.002384
0.005278
0.002013
0.002503
0.002616
0.002439
0.004823
0.002204
0.005430
0.002127
0.005064
0.002113
0.006333
0.002175
0.002153
0.004008
0.002182
0.005312
0.002177
0.002324
0.002463
0.002300
0.002097
0.002063
0.002162
0.002153
0.002130
0.001974
0.004337
0.002093
0.002627
0.002315
0.004874
0.002173
0.002350
0.004835
0.002251
0.005608
0.002228
0.002093
0.003838
0.002185
0.005364
0.002662
0.002177
0.003958
0.002195
0.005097
0.002061
0.005760
0.002273
0.006058
0.002397
0.002218
0.003915
0.002192
0.004043
0.002206
0.005439
0.002375
0.002451
0.002429
0.002449
0.002461
0.002395
0.002300
0.002460
0.002229
0.002191
0.002362
0.002194
0.005542
0.002323
0.005626
0.002182
0.002255
0.002272
0.002370
0.002590
0.002452
0.002151
0.003964
0.002225
0.005316
0.002026
0.005695
0.002218
0.002116
0.002176
0.002002
0.002055
0.002045
0.002344
0.005326
0.002447
0.005410
0.002318
0.002226
0.003747
0.002372
0.003882
0.002253
0.007668
0.002084
0.002222
0.003652
0.002960
0.005580
0.002175
0.002111
0.002330
0.002186
0.005331
0.004038
0.002198
0.002487
0.002410
0.005010
0.002298
0.002629
0.002394
0.002219
0.003966
0.002282
0.005248
0.002364
0.005417
0.002279
0.002171
0.004023
0.002065
0.003881
0.002409
0.005587
0.002340
0.002338
0.003398
0.002353
0.002306
0.003630
0.002081
0.004572
0.002107
0.005678
0.002434
0.005788
0.002225
0.002191
0.002105
0.002277
0.005656
0.002217
0.002154
0.002274
0.002112
0.003861
0.002493
0.005221
0.002482
0.002411
0.002223
0.002288
0.005659
0.002202
0.005740
0.002121
0.002247
0.005274
0.002422
0.002533
0.002374
0.002348
0.003880
0.002258
0.005340
0.002135
0.002126
0.005268
0.002138
0.002366
0.002159
0.002243
0.002204
0.002272
0.005586
0.002079
0.005615
0.002110
0.002173
0.004303
0.001930
0.005204
0.002678
0.002074
0.006182
0.008897
0.008755
0.007877
0.007275
0.007166
0.006275
0.006240
0.008977
0.008212
0.005943
0.005961
0.008752
0.008478
0.007602
0.006011
0.008984
0.008254
0.007156
0.006451
0.003379
0.002465
0.003607
0.002183
0.004668
0.002260
0.005536
0.002267
0.002373
0.002330
0.002093
0.004493
0.002536
0.006591
0.002494
0.002346
0.005095
0.002348
0.005399
0.002600
0.002288
0.002574
0.006586
0.002550
0.002333
0.004119
0.002298
0.005473
0.002288
0.002359
0.002335
0.002350
0.004479
0.002269
0.002190
0.002443
0.002151
0.002651
0.002422
0.002276
0.002340
0.002392
0.002335
0.005455
0.003847
0.002161
0.005015
0.002357
0.005230
0.002052
0.002322
0.003779
0.002155
0.003891
0.002335
0.005560
0.002237
0.002224
0.002075
0.002100
0.002253
0.002225
0.002337
0.002243
0.002480
0.002106
0.002068
0.002045
0.005553
0.002174
0.005579
0.002135
0.002164
0.004571
0.002594
0.006548
0.002219
0.002289
0.003293
0.002156
0.004435
0.002236
0.005719
0.002206
0.002293
0.005402
0.002139
0.002168
0.004363
0.002335
0.003915
0.002188
0.004917
0.002186
0.005391
0.006664
0.005172
0.002161
0.005622
0.002457
0.002419
0.004022
0.002214
0.003845
0.002152
0.005308
0.002237
0.005297
0.002316
0.002116
0.002304
0.002267
0.002478
0.002261
0.002328
0.002181
0.002106
0.002276
0.005373
0.002296
0.002144
0.002113
0.002297
0.004367
0.002155
0.005329
0.002530
0.002369
0.005518
0.002262
0.002168
0.003454
0.002151
0.005444
0.002162
0.002196
0.003520
0.001985
0.002474
0.002367
0.002015
0.002253
0.002260
0.002080
0.002322
0.002130
0.004675
0.002199
0.005229
0.002116
0.002107
0.002027
0.002106
0.003536
0.002048
0.004525
0.002417
0.005656
0.002276
0.002163
0.002040
0.002253
0.002359
0.002412
0.002273
0.002316
0.002100
0.002104
0.005649
0.002185
0.002254
0.004478
0.002502
0.005592
0.002464
0.002522
0.004622
0.002279
0.005356
0.002042
0.002070
0.002192
0.005554
0.003524
0.002113
0.002228
0.002192
0.002482
0.002438
0.002248
0.002331
0.002254
0.002147
0.005319
0.002281
0.005493
0.002170
0.002071
0.004990
0.002121
0.005637
0.002448
0.002152
0.002213
0.002167
0.004631
0.001988
0.005472
0.002265
0.002406
0.002344
0.002256
0.003733
0.004932
0.002270
0.002167
0.002218
0.002025
0.005074
0.002219
0.002169
0.002163
0.002052
0.004383
0.003556
0.002301
0.003958
0.002177
0.003969
0.002259
0.002090
0.002113
0.002254
0.002201
0.002352
0.002454
0.002311
0.002315
0.002034
0.002224
0.002219
0.002547
0.002234
0.002242
0.002110
0.002037
0.002006
0.002291
0.002122
0.005366
0.002426
0.005429
0.002103
0.002205
0.003628
0.002240
0.004009
0.002216
0.005844
0.002250
0.002228
0.002269
0.002148
0.002166
0.002365
0.002211
0.002259
0.002364
0.004938
0.002295
0.002178
0.002255
0.002101
0.003503
0.002205
0.002579
0.002910
0.002321
0.002320
0.002017
0.002340
0.002142
0.003154
0.002218
0.003850
0.002308
0.005530
0.002169
0.002089
0.010065
0.008652
0.008511
0.008962
0.008970
0.007989
0.006290
0.008172
0.007579
0.006879
0.006057
0.006610
0.006094
0.006387
0.006138
0.006162
0.006287
0.006138
0.006728
0.006414
0.002282
0.002357
0.002414
0.002195
0.003897
0.001897
0.002743
0.002142
0.002199
0.002181
0.002314
0.002603
0.002524
0.002347
0.002251
0.002096
0.002330
0.004190
0.004562
0.003376
0.002167
0.002106
0.002052
0.002197
0.003347
0.005387
0.002169
0.005344
0.002007
0.002167
0.004283
0.002106
0.003963
0.002051
0.004214
0.002122
0.004030
0.002301
0.004831
0.002191
0.005691
0.001986
0.005716
0.002201
0.004655
0.002332
0.002259
0.002331
0.002167
0.005330
0.002408
0.005492
0.002306
0.002239
0.002267
0.002654
0.004991
0.001910
0.005457
0.002261
0.005468
0.002291
0.002460
0.003349
0.002256
0.003965
0.002022
0.004911
0.002182
0.002289
0.002239
0.002174
0.004958
0.002226
0.005412
0.002337
0.005295
0.002183
0.005604
0.002239
0.002012
0.004018
0.002090
0.004195
0.002079
0.005069
0.002115
0.005331
0.002352
0.005103
0.002243
0.005432
0.002168
0.002076
0.002172
0.002218
0.002110
0.002287
0.002142
0.002244
0.002305
0.002348
0.002348
0.002179
0.002345
0.002212
0.002123
0.004282
0.002788
0.005658
0.002276
0.005764
0.002146
0.002489
0.003548
0.002176
0.004010
0.002174
0.004970
0.002222
0.002092
0.002341
0.002020
0.002241
0.002379
0.005274
0.002433
0.005385
0.002118
0.006292
0.002218
0.002133
0.003358
0.002388
0.005397
0.002087
0.005738
0.002037
0.002437
0.004292
0.002200
0.003123
0.002214
0.005200
0.002332
0.002239
0.002088
0.002304
0.006687
0.002188
0.002110
0.002085
0.002026
0.004015
0.002264
0.005140
0.002198
0.005725
0.002258
0.005445
0.002164
0.002015
0.002253
0.002335
0.002349
0.002102
0.002169
0.004339
0.002077
0.003349
0.002052
0.005157
0.003294
0.004069
0.002575
0.002529
0.002804
0.002424
0.002628
0.002274
0.002508
0.002345
0.002457
0.002320
0.002134
0.002143
0.002191
0.002104
0.004623
0.002609
0.002359
0.002286
0.002340
0.004185
0.002303
0.003906
0.002184
0.007448
0.002139
0.002069
0.002176
0.002483
0.005152
0.002700
0.002525
0.004995
0.002344
0.002259
0.005038
0.002388
0.002482
0.002658
0.002044
0.002252
0.004400
0.002290
0.002685
0.002427
0.005790
0.002245
0.002290
0.004630
0.002320
0.005274
0.002318
0.002245
0.002819
0.002372
0.005074
0.001983
0.002323
0.002095
0.002297
0.005425
0.003116
0.002246
0.002271
0.002609
0.002615
0.002414
0.002272
0.002205
0.002453
0.002331
0.002147
0.003812
0.002181
0.005474
0.002404
0.005302
0.002857
0.002702
0.004934
0.002449
0.005673
0.002398
0.002197
0.003621
0.002003
0.005473
0.002296
0.002091
0.002411
0.002820
0.005317
0.002422
0.001986
0.002396
0.002197
0.002333
0.002214
0.002293
0.005666
0.002304
0.002210
0.003733
0.002232
0.005215
0.004103
0.002326
0.005184
0.002265
0.002212
0.003673
0.002120
0.003839
0.002795
0.002488
0.005598
0.002410
0.002354
0.002278
0.007010
0.006988
0.006372
0.007761
0.007309
0.006568
0.007051
0.006787
0.006234
0.006256
0.006756
0.007188
0.006919
0.006144
0.006999
0.006210
0.007098
0.006341
0.006301
0.006196
0.002201
0.002175
0.002360
0.002934
0.002288
0.002322
0.002266
0.002710
0.002288
0.002303
0.002250
0.005048
0.002141
0.005069
0.002296
0.002349
0.004890
0.002435
0.002259
0.002257
0.005612
0.002643
0.004031
0.002246
0.005477
0.002175
0.002191
0.002206
0.002073
0.005365
0.002307
0.002757
0.002484
0.002131
0.002161
0.002144
0.002221
0.005507
0.002023
0.002212
0.005336
0.002530
0.002533
0.002767
0.002414
0.004852
0.002461
0.002384
0.002394
0.002381
0.004537
