0.010770
0.006881
0.006436
0.007513
0.008295
0.006525
0.006760
0.006316
0.006773
0.007967
0.006172
0.014329
0.010484
0.008063
0.008564
0.007173
0.008892
0.007569
0.007063
0.008002
0.002448
0.002962
0.005050
0.002387
0.001940
0.002324
0.003018
0.001976
0.002169
0.002057
0.005544
0.002171
0.005548
0.002115
0.002154
0.004840
0.002299
0.005438
0.002213
0.002521
0.003928
0.002272
0.005123
0.002371
0.005561
0.002491
0.002237
0.004780
0.002337
0.005758
0.002352
0.005575
0.002615
0.002786
0.004913
0.002411
0.006611
0.002367
0.002394
0.005528
0.002347
0.005737
0.002383
0.002587
0.002560
0.002891
0.005347
0.002582
0.002415
0.002401
0.002227
0.002622
0.004935
0.002417
0.005720
0.002431
0.005689
0.002243
0.002593
0.004196
0.002362
0.003991
0.002503
0.002526
0.002526
0.002517
0.005509
0.002304
0.002444
0.002374
0.002397
0.004791
0.002886
0.002629
0.002401
0.002471
0.002174
0.002494
0.002267
0.002314
0.002633
0.002427
0.002432
0.002364
0.002325
0.002189
0.002199
0.002175
0.007122
0.003747
0.002325
0.002564
0.002334
0.004727
0.002291
0.005669
0.002292
0.002347
0.002810
0.002396
0.002406
0.002392
0.002299
0.002809
0.002349
0.005356
0.002238
0.002195
0.002306
0.002208
0.002146
0.002295
0.002244
0.007262
0.003902
0.002230
0.003554
0.002444
0.005170
0.002376
0.006820
0.002322
0.002454
0.003562
0.002184
0.004795
0.002069
0.005712
0.002281
0.002413
0.005282
0.002446
0.002483
0.002357
0.002371
0.002209
0.002241
0.002400
0.005691
0.004032
0.002310
0.003450
0.002527
0.005163
0.002544
0.002142
0.002832
0.002463
0.005469
0.002356
0.002249
0.003887
0.002166
0.005267
0.002265
0.002304
0.002442
0.002451
0.002400
0.002458
0.003927
0.002401
0.002393
0.002717
0.002482
0.005331
0.002522
0.002407
0.002444
0.002361
0.005086
0.002692
0.002439
0.002392
0.002193
0.002618
0.002379
0.002491
0.002361
0.002476
0.002393
0.002362
0.002393
0.002370
0.002210
0.002343
0.002249
0.002415
0.002752
0.002348
0.002360
0.002757
0.002303
0.002350
0.002323
0.002633
0.002399
0.002465
0.002439
0.002780
0.002698
0.002508
0.002249
0.002337
0.002181
0.005524
0.002353
0.005463
0.002215
0.005530
0.002487
0.002253
0.003751
0.002223
0.002101
0.002346
0.002216
0.004822
0.002182
0.005728
0.002160
0.002683
0.002337
0.002256
0.002229
0.002325
0.002362
0.002209
0.004644
0.002054
0.002351
0.002651
0.005691
0.002433
0.002278
0.004199
0.002226
0.004551
0.002497
0.002397
0.003873
0.002323
0.005404
0.002256
0.002668
0.003823
0.002485
0.005336
0.002327
0.002490
0.002891
0.002383
0.002418
0.005422
0.002351
0.005374
0.002919
0.002391
0.002363
0.002331
0.005141
0.002526
0.002311
0.004257
0.002300
0.005637
0.002341
0.002319
0.002373
0.002727
0.004487
0.002182
0.002313
0.002323
0.002239
0.002412
0.004073
0.002210
0.005565
0.002100
0.002074
0.002138
0.002871
0.010225
0.006357
0.006478
0.006495
0.006840
0.007774
0.006511
0.006952
0.006417
0.006467
0.007488
0.006225
0.007066
0.006252
0.006237
0.007496
0.006158
0.006457
0.006699
0.006450
0.003246
0.002421
0.002342
0.002381
0.005395
0.002434
0.002364
0.004097
0.002523
0.005714
0.002804
0.002186
0.003994
0.002294
0.005549
0.002545
0.002398
0.003791
0.002400
0.005207
0.002179
0.002303
0.002342
0.002577
0.005199
0.002334
0.002425
0.005219
0.002475
0.002518
0.002239
0.002419
0.004851
0.002857
0.002586
0.002382
0.002400
0.002260
0.002351
0.002196
0.002333
0.002576
0.002237
0.002502
0.002100
0.002348
0.002305
0.002846
0.002339
0.005101
0.002311
0.002626
0.002549
0.002565
0.002330
0.002825
0.002339
0.004187
0.005661
0.002371
0.002537
0.002463
0.002319
0.002362
0.002670
0.002311
0.002440
0.002588
0.002313
0.002443
0.002646
0.002448
0.002503
0.002272
0.002429
0.004099
0.003021
0.002505
0.002516
0.002506
0.002594
0.002383
0.002752
0.002420
0.002523
0.002501
0.002238
0.002362
0.002378
0.002394
0.002313
0.002550
0.002372
0.002417
0.002761
0.002353
0.002299
0.002218
0.002220
0.002449
0.003168
0.002340
0.002325
0.002574
0.002433
0.002275
0.002399
0.003942
0.002602
0.005828
0.002420
0.004073
0.002502
0.002199
0.002188
0.004645
0.002359
0.004709
0.002782
0.002456
0.002348
0.002373
0.004230
0.002326
0.005314
0.002623
0.002635
0.005702
0.002434
0.002147
0.002447
0.002669
0.005448
0.002423
0.002294
0.002525
0.002296
0.002469
0.002393
0.002251
0.002476
0.002417
0.002235
0.002357
0.002748
0.002258
0.002456
0.002239
0.002308
0.004863
0.002287
0.002287
0.002305
0.002320
0.002566
0.002615
0.002374
0.002287
0.002342
0.002187
0.002218
0.002359
0.002482
0.002411
0.002390
0.002329
0.002242
0.002658
0.002379
0.002549
0.002221
0.002306
0.002317
0.002359
0.004233
0.002387
0.002800
0.002214
0.002273
0.002402
0.004691
0.002538
0.002357
0.005761
0.002400
0.002637
0.002263
0.002424
0.002390
0.004161
0.002215
0.005420
0.002356
0.002338
0.002532
0.002390
0.002197
0.002446
0.002524
0.002167
0.002569
0.002239
0.002333
0.002556
0.002349
0.005305
0.003759
0.002227
0.002318
0.002466
0.005547
0.002367
0.002349
0.004323
0.007425
0.002570
0.002475
0.004789
0.002489
0.005526
0.002283
0.002307
0.005005
0.002231
0.005400
0.002551
0.002317
0.004398
0.002600
0.005616
0.002467
0.005881
0.002666
0.002933
0.002590
0.002402
0.002427
0.002335
0.002480
0.002664
0.002278
0.002458
0.002652
0.002557
0.002290
0.002384
0.002551
0.002407
0.002358
0.005282
0.002271
0.002311
0.002268
0.002715
0.002512
0.002476
0.002321
0.002774
0.004533
0.002658
0.002355
0.002436
0.002444
0.002039
0.002414
0.002291
0.003084
0.002422
0.002103
0.002367
0.002102
0.005452
0.002282
0.002424
0.002259
0.002292
0.002494
0.002340
0.003000
0.002677
0.005086
0.008210
0.006436
0.006435
0.007711
0.006574
0.006450
0.006879
0.006299
0.006320
0.007450
0.008014
0.007396
0.006873
0.007914
0.006278
0.007201
0.006869
0.006329
0.007717
0.006126
0.002476
0.002617
0.005094
0.003708
0.002430
0.002442
0.002251
0.004899
0.004594
0.002513
0.002376
0.002528
0.002296
0.005438
0.002156
0.002239
0.002552
0.002389
0.002347
0.002683
0.002554
0.002253
0.002452
0.002201
0.002348
0.002258
0.002423
0.002171
0.002406
0.002178
0.002697
0.002702
0.002481
0.002510
0.002428
0.002259
0.003129
0.002208
0.002309
0.002389
0.002485
0.002538
0.002299
0.002724
0.002278
0.002506
0.002280
0.002328
0.002522
0.002535
0.002400
0.002358
0.002323
0.002308
0.002563
0.002471
0.002328
0.002215
0.002568
0.002275
0.002434
0.003202
0.002526
0.002353
0.005640
0.002256
0.002404
0.002416
0.002682
0.002409
0.002430
0.002219
0.002487
0.002474
0.002421
0.002367
0.002403
0.002466
0.002312
0.004676
0.002736
0.004141
0.004297
0.002413
0.004333
0.002326
0.002204
0.002273
0.002364
0.004998
0.002821
0.005573
0.002350
0.002259
0.002409
0.002159
0.002345
0.005111
0.002371
0.005675
0.002338
0.005748
0.002749
0.002394
0.004663
0.002289
0.005565
0.002431
0.002471
0.003884
0.002489
0.002508
0.002260
0.002290
0.004827
0.002692
0.002480
0.004209
0.002430
0.005456
0.002376
0.002414
0.003161
0.002425
0.002433
0.002559
0.002332
0.002277
0.002859
0.002470
0.002384
0.002415
0.002292
0.002877
0.005810
0.002550
0.002568
0.002414
0.002635
0.002570
0.002574
0.002477
0.002349
0.004081
0.002307
0.003929
0.002307
0.002338
0.002197
0.002314
0.004843
0.002714
0.002513
0.003764
0.002315
0.005436
0.002129
0.002142
0.004009
0.002269
0.005440
0.002419
0.002313
0.003888
0.002650
0.005588
0.002258
0.002214
0.002318
0.002307
0.002247
0.002643
0.002354
0.002549
0.002415
0.002245
0.002837
0.002465
0.002565
0.002379
0.003465
0.002404
0.002323
0.002432
0.002550
0.002416
0.005450
0.002363
0.002393
0.003253
0.002523
0.002311
0.002439
0.002305
0.002218
0.002259
0.002258
0.002161
0.002705
0.002101
0.002421
0.002530
0.002454
0.002373
0.002285
0.002241
0.005489
0.002481
0.002140
0.002331
0.002174
0.004434
0.002687
0.002438
0.002356
0.002409
0.003958
0.002334
0.002600
0.002945
0.002333
0.002438
0.002375
0.002389
0.004997
0.002749
0.002344
0.002192
0.002184
0.002397
0.003942
0.002489
0.006225
0.002519
0.002105
0.002589
0.002813
0.002496
0.002611
0.002227
0.002270
0.002305
0.002399
0.002312
0.002583
0.002724
0.002473
0.002622
0.002354
0.002542
0.002727
0.002518
0.002509
0.002459
0.002458
0.002304
0.002177
0.002173
0.002242
0.002306
0.004489
0.002527
0.002479
0.002448
0.002445
0.005310
0.002372
0.002321
0.002201
0.002397
0.002363
0.002400
0.002222
0.002754
0.002494
0.002299
0.005180
0.002531
0.002337
0.005269
0.006915
0.006554
0.006467
0.006837
0.007881
0.006380
0.006439
0.007729
0.006334
0.007513
0.006384
0.006513
0.006269
0.006536
0.007659
0.006248
0.006668
0.006349
0.006451
0.007343
0.002629
0.002367
0.002306
0.002381
0.002435
0.005183
0.002943
0.002188
0.002518
0.002300
0.002804
0.002737
0.002685
0.002399
0.005390
0.002260
0.002238
0.002661
0.002527
0.002543
0.002525
0.002445
0.002478
0.005695
0.002335
0.002224
0.002137
0.002212
0.005325
0.002645
0.002420
0.002412
0.002167
0.004662
0.002106
0.005723
0.002378
0.002513
0.003969
0.002247
0.005349
0.002638
0.002340
0.002383
0.002162
0.002304
0.003857
0.002220
0.005596
0.002212
0.002417
0.002524
0.002292
0.002693
0.002425
0.002475
0.002261
0.002160
0.002310
0.002368
0.002399
0.002618
0.002454
0.005462
0.002513
0.002424
0.003514
0.002640
0.002182
0.002530
0.002306
0.002205
0.003640
0.002377
0.002311
0.002476
