0.003933042
0.004116719
0.0038282035
0.0040263805
0.0039023745
0.004098051
0.0046155785
0.003943376
0.004058549
0.003970711
0.0038477045
0.004374566
0.0042232245
0.003747199
0.00363786
0.0036483605
0.0036411935
0.003757866
0.0034485165
0.0036130255
0.0019819385
0.0016630885
0.0015719165
0.0015912515
0.0016870895
0.00162842
0.0015825845
0.0016850895
0.0016397535
0.0015905845
0.0017015905
0.001589751
0.0016374205
0.0015920845
0.0016445875
0.0015895845
0.002115946
0.002015607
0.002125613
0.001845265
0.002100945
0.0019121015
0.0020867775
0.001873433
0.0021452805
0.001985939
0.002022941
0.001862266
0.002017107
0.0018916005
0.002024441
0.001968271
0.002087611
0.0018682705
0.002598809
0.0022484565
0.0049754385
0.002873657
0.003427854
0.0019556065
0.0021927865
0.0018631015
0.0021466175
0.001962441
0.0020601125
0.0019841085
0.0020601125
0.001950273
0.001990942
0.0019816085
0.001939106
0.0020661125
0.002128783
0.001992109
0.0019362725
0.001948773
0.001944106
0.0019957755
0.001847768
0.0020849475
0.0019141045
0.0020942815
0.002311793
0.001935439
0.0019029375
0.0019197715
0.00188927
0.0020579455
0.0019912755
0.002005443
0.0019479395
0.0019531065
0.0018674355
0.002043945
0.0019742745
0.0020872805
0.001921605
0.0026638125
0.0024604675
0.0021074485
0.0019471065
0.002091281
0.001863935
0.002069113
0.002043612
0.0022537895
0.0020672795
0.0019779415
0.00200761
0.001970441
0.0020971145
0.0019032705
0.0019901085
0.0019461065
0.0019892755
0.001848101
0.001927272
0.001915938
0.0020754465
0.002021444
0.0022596235
0.0020324445
0.002102615
0.0018839365
0.0020186105
0.0020282775
0.002127783
0.001936606
0.002066613
0.0019616075
0.0022667955
0.0020949525
0.0019956135
0.002036949
0.0020912855
0.001960945
0.0019921135
0.001910942
0.002070451
0.0018227705
0.001944444
0.001920943
0.00210912
0.001967112
0.002018948
0.002046283
0.0019082755
0.0020014475
0.0019151095
0.001966945
0.0018797735
0.0020682845
0.001859106
0.0020441165
0.0019344435
0.0021386215
0.0019162755
0.0020197815
0.0030125045
0.0020697845
0.001917276
0.0020596175
0.001921776
0.0019232765
0.0020589505
0.002053617
0.0018834405
0.0021694565
0.002484975
0.005883668
0.0016934295
0.0016837625
0.001706764
0.001694763
0.0016075915
0.001965112
0.0015895905
0.0016997635
0.0015422545
0.0017105975
0.002112287
0.0021016195
0.0019874465
0.002114954
0.001904442
0.0019497775
0.002162623
0.001912609
0.002145122
0.002006781
0.0019952805
0.0020206085
0.001942436
0.0020497765
0.0020587765
0.0019179355
0.001944937
0.0019487705
0.0019734385
0.0019261025
0.002105446
0.002142781
0.0019889395
0.001950104
0.001962771
0.001928103
0.0021184465
0.002030632
0.0020134525
0.0019082805
0.0020441215
0.001951283
0.002110792
0.00190078
0.0021296265
0.00195495
0.002100458
0.0019751175
0.002094958
0.001961617
0.0020317875
0.001933782
0.0029506755
0.0050524675
0.0028630035
0.001981118
0.002026287
0.002109626
0.001933615
0.001966117
0.001936449
0.002104625
0.0018576105
0.00212746
0.001909947
0.002133627
0.002027621
0.0021241265
0.001905447
0.00207179
0.0018834455
0.002048622
0.0039700695
0.0042215845
0.0038795645
0.0040489075
0.003911733
0.004480267
0.0038527295
0.008104649
0.003819561
0.0039779035
0.003993571
0.0040304065
0.003881731
0.0039995715
0.003832728
0.004225418
0.0040392405
0.0039929045
0.0039235665
0.0040309065
0.0019674505
0.0019759505
0.001926615
0.00196195
0.0020292875
0.0018927795
0.0020127865
0.001961617
0.002138294
0.001897113
0.002095958
0.0019709505
0.0020519555
0.0019761175
0.0020911245
0.0019642835
0.0020424545
0.0018499435
0.002044788
0.001973284
0.0020349545
0.001877945
0.0020266205
0.0018854455
0.002072123
0.001831109
0.0020091195
0.001784273
0.0020957915
0.001840443
0.0020211205
0.001865778
0.002119126
0.001870778
0.0020162865
0.001943449
0.001986118
0.001939949
0.0020362875
0.0019329485
0.0020236205
0.0018021075
0.0019092805
0.002145461
0.001881945
0.001980618
0.0019812845
0.0020787905
0.0019097805
0.002009453
0.0019699505
0.0020891245
0.0019009465
0.002191797
0.0019411155
0.002057289
0.001910114
0.002062123
0.0018756115
0.001967284
0.001891279
0.002072957
0.001946616
0.00195845
0.001916114
0.001974951
0.001987118
0.0021096255
0.001914614
0.002119291
0.002104113
0.002114781
0.001927437
0.002144782
0.0019014355
0.0020309425
0.0020546105
0.0020911125
0.001910603
0.0020131085
0.0018769345
0.001852433
0.002029276
0.002072445
0.0020977795
0.001950105
0.002088946
0.001898269
0.0020171085
0.0023082905
0.0021446155
0.0019317705
0.002086279
0.0018954355
0.0020336095
0.002049944
0.002166283
0.0019714395
0.002058444
0.0020234425
0.0020499435
0.0019842735
0.0019577725
0.001973106
0.0020922795
0.001924937
0.00216695
0.001939271
0.0020316095
0.0019401045
0.0020047745
0.0019867735
0.0021081135
0.0019046025
0.002069778
0.001890935
0.002049777
0.001951105
0.0020081
0.0022396115
0.0021661075
0.0019570975
0.0020499355
0.001882927
0.0020894375
0.001897761
0.002032268
0.0019647645
0.001943597
0.001887594
0.002069603
0.001925596
0.0020509355
0.0019437635
0.001867593
0.0020159335
0.002597796
0.0018924275
0.001971265
0.001883094
0.0020017665
0.001846592
0.002123272
0.001902595
0.0020951045
0.001952764
0.002088104
0.0019607645
0.002071603
0.001961431
0.0019402635
0.0020791035
0.002397786
0.0021187725
0.002564961
0.0018554255
0.0018489255
0.001701751
0.001755921
0.0015920795
0.001575245
0.0017872555
0.0016780835
0.001713752
0.001773755
0.001713752
0.0017242525
0.001736253
0.0019744315
0.0023346165
0.0019100955
0.0020976045
0.001901761
0.002069603
0.00186876
0.001957764
0.0018784265
0.0019364295
0.0019329295
0.0020144335
0.0018669265
0.002044935
0.0019662645
0.0019882655
0.001907428
0.0020069335
0.0020000995
0.001968431
0.0042770695
0.004072225
0.00416723
0.0038020435
0.0036600355
0.003591865
0.0036033655
0.0038168775
0.0035628635
0.003600866
0.0035176945
0.0034723585
0.0037327065
0.003506027
0.0036708695
0.003493693
0.0037803755
0.0036333675
0.0035900315
0.003534695
0.0016264235
0.001648591
0.0016140895
0.001491916
0.002059614
0.0019832465
0.0020125725
0.0019589045
0.002051075
0.001868068
0.0021517455
0.001852734
0.002058742
0.001884402
0.002014407
0.001894569
0.002061742
0.00200074
0.002078576
0.0019369045
0.002071409
0.001929404
0.0020477415
0.0019087365
0.002076076
0.0019537385
0.0021114105
0.001920737
0.002043741
0.0019910725
0.0019550715
0.002162746
0.0018170665
0.0019675715
0.001838734
0.002086743
0.0019442375
0.001964072
0.0019977395
0.00201174
0.001899236
0.0020512415
0.001900736
0.002229415
0.001877735
0.0025615935
0.003254619
0.00200624
0.0019494045
0.0020889095
0.001863235
0.001960905
0.0020125735
0.0019662385
0.002075576
0.0020797425
0.001939904
0.0020497415
0.0020594085
0.0020644085
0.0019295705
0.001969572
0.0019757385
0.0019780725
0.00201224
0.002033241
0.0021074105
0.002027407
0.001909403
0.0018999025
0.0022612495
0.002167579
0.0021207445
0.0019347375
0.0020589085
0.00210591
0.002266416
0.0019260705
0.0020742425
0.0019449045
0.002165079
0.0019169035
0.001959072
0.001987573
0.002056075
0.0020742425
0.0019214035
0.0018914025
0.001965572
0.001908403
0.002069242
0.001961905
0.002108077
0.001929737
0.001964905
0.0019092365
0.00201674
0.0019140695
0.0020992915
0.002133283
0.0021074505
0.001826434
0.002186954
0.0020247785
0.0020097775
0.0019246065
0.002040779
0.001874104
0.001904772
0.001927273
0.002019612
0.0020752815
0.001876937
0.001969442
0.0019586085
0.001962275
0.0018294345
0.002047613
0.0018614365
0.0019751095
0.0018731035
0.0019111055
0.001899438
0.0020421125
0.0018711035
0.002043613
0.0019152725
0.002122117
0.0021941215
0.0020406125
0.001926273
0.002022778
0.001960275
0.002081948
0.001897938
0.0019219395
0.001957775
0.002066781
0.001903772
0.0019596085
0.001968442
0.002156619
0.0021202835
0.0020391125
0.001934607
0.0019996105
0.0019274395
0.001994277
0.0019229395
0.0019847765
0.002144452
0.001943774
0.0020706145
0.0019249395
0.0020549465
0.0018691035
0.002061947
0.0019027715
0.0019906095
0.001916439
0.001975776
0.0019054385
0.002019778
0.0019532745
0.0021179505
0.0020372795
0.002119117
0.0020021105
0.0021471185
0.001919606
0.0019789425
0.001959608
0.0020539465
0.001834101
0.002002944
0.0019631085
0.0020084445
0.0018432685
0.002008944
0.0019609415
0.0019919435
0.001857936
0.0020094445
0.00186977
0.0019539415
0.00192844
0.002058447
0.0019112725
0.001979776
0.002061114
0.001942774
0.0020567805
0.0019806095
0.0020017775
0.0021021165
0.002038946
0.001858103
0.002147119
0.002002444
0.002179121
0.001957775
0.002020445
0.00192594
0.0019902765
0.001948108
0.0020629475
0.0018531025
0.00204228
0.0018632695
0.002035446
0.0020104445
0.0019684425
0.0019597755
0.0020016105
0.001941941
0.0020081115
0.001938774
0.001982943
0.002068448
0.0020924495
0.001893605
0.001948608
0.0019251065
0.001988277
0.0018737705
0.0020342795
0.001837935
0.001903772
0.001992277
0.001859103
0.00198561
0.001895605
0.0020757815
0.0018409355
0.0020727815
0.0018181005
0.0020041105
0.0019827765
0.002215956
0.00191844
0.002067948
0.0019982775
0.002148452
0.0018219345
0.0019389405
0.0019751095
0.0021179505
0.0019067725
0.002066448
0.0019911105
0.002004111
0.001931774
0.0021391185
0.0019294405
0.002074448
0.001996944
0.001954775
0.001858603
0.001945441
0.0019006055
0.0020156115
0.002011945
0.0021406185
0.0019894435
0.0020029445
0.001977943
0.0020927825
0.0020826155
0.0019034385
0.0019246065
0.001910606
0.002074448
0.0018527695
0.001993777
0.0018871045
0.001951775
0.0019464415
0.0020192785
0.0020111115
0.002024112
0.001956442
0.002059281
0.001976276
0.002050447
0.0019147725
0.002099283
0.002003111
0.002008778
0.0018716035
0.001969609
0.0019009385
0.001987777
0.00198461
0.002084949
0.002034446
0.0022217895
0.001965609
0.0020337795
0.00193394
0.002054947
0.001885938
0.0019862765
0.001949941
0.00198911
0.0019981105
0.001971276
0.0021114505
0.002014445
0.0020689475
0.002002611
0.002040946
0.001964942
0.002005778
0.001901772
0.001976943
0.0018764375
0.001969276
0.0019259395
0.002083282
0.0018856045
0.001936607
0.001899272
0.002052114
0.0018501025
0.0020577805
0.0019729425
0.002025779
0.0018629365
0.0019402745
0.0020019445
0.002124118
0.001968609
0.002091449
0.003349019
0.0020742815
0.0019579415
0.0019856095
0.001958608
0.001987443
0.001913773
0.002082615
0.002009778
0.0020261125
0.0019487745
0.001968942
0.0018789375
0.0018609365
0.002064448
0.001938774
0.0020362795
0.0018701035
0.0021719535
0.0023056275
0.002015278
0.0018172675
0.0020014445
0.0020692815
0.0024063
0.0019591085
0.002204122
0.0019594415
0.002098783
0.001947608
0.0020624475
0.0018262675
0.00192594
0.0019389405
0.002204122
0.001955775
0.0020849485
0.0020181115
0.001952108
0.0019631085
0.0020811155
0.0019164395
0.0020424465
0.0019536085
0.0019332735
0.0019509415
0.002068448
0.0018989385
0.002036946
0.0019391075
0.0021364515
0.001957396
0.0018922495
0.002047589
0.001946585
0.0021895955
0.002019088
0.0021652605
0.0019482515
0.0021199255
0.00190675
0.0020050875
0.0019452515
0.002061256
0.00191825
0.0020270885
0.001854414
0.0020097545
0.0019590855
0.0019365845
0.001992587
0.0020492555
0.001971586
0.002101258
0.001959085
0.001977086
0.0018400805
0.0019862535
0.0019134165
0.002105925
0.001893082
0.002123759
0.00190875
0.002079424
0.0019705855
0.0020305885
0.0018494135
0.0020239215
0.0019292505
0.0019069165
0.0018362465
0.0018414135
0.001956585
0.0019115835
0.0020745905
0.0019874195
0.0026637825
0.0020494225
0.0021520935
0.0020592565
0.0021614275
0.0019027495
0.002128093
0.001964252
0.0020280885
0.0019727525
0.002163094
0.0019297505
0.002027588
0.0019574185
0.00205759
0.00198892
0.0019860865
0.001973586
0.002019421
0.001950085
0.01010394
0.0040586765
0.004095012
0.0046322015
0.004145347
0.0039678395
0.00413268
0.003945005
0.004076511
0.0038878355
0.004097345
0.003816166
0.0040061745
0.003789498
0.003987507
0.003928171
0.0039488385
0.003872502
0.003909337
0.0040153415
0.00188846
0.002157619
0.001901105
0.0020196115
0.002103783
0.0020801145
0.001954108
0.002028112
0.002002944
0.0020099445
0.0020496135
0.0019817765
0.001891438
0.0020054445
0.002008944
0.002028612
0.002033946
0.00199211
0.0019296065
0.002000444
0.0018289345
0.0019822765
0.001908772
0.0020794485
0.002024612
0.0021129505
0.001977776
0.0020846155
0.0018972715
0.001998777
0.0020896155
0.0020864485
0.0019357735
0.00186777
0.002090282
0.001955608
0.0020181115
0.001844602
0.0019764425
0.001863603
0.00211945
0.0019236065
0.002016611
0.0020431125
0.003794376
0.0019172725
0.002034946
0.0018666035
0.002059947
0.001981776
0.0019322735
0.0019507745
0.0023421295
0.002096949
0.0020742815
0.001931607
0.0020499465
0.0019187725
