0.0045652435
0.004388901
0.0043683995
0.0043542325
0.004206391
0.00430673
0.0042620605
0.004275728
0.0129041885
0.004329398
0.0042698945
0.00430773
0.0041978905
0.011736793
0.004330231
0.0080952655
0.0044829055
0.0043957345
0.014822791
0.0104600585
0.002301956
0.0023979615
0.00217795
0.006331671
0.002358126
0.0043709
0.0023227905
0.0022402865
0.002220785
0.009547843
0.002917156
0.002333958
0.002385294
0.002299623
0.002269121
0.002305123
0.002441297
0.008404782
0.0024247965
0.0021726155
0.0023531255
0.0023192905
0.0022312855
0.002265954
0.002530135
0.006941037
0.0023582925
0.0024424635
0.004157722
0.002308957
0.0022351195
0.002334958
0.0116281205
0.0022416195
0.00225112
0.002416629
0.002145281
0.002347792
0.002302623
0.002459631
0.005502127
0.0023092895
0.0022631205
0.0022852885
0.0023544585
0.0022906225
0.0023654595
0.002143281
0.0041007185
0.002348459
0.0024202955
0.0023079565
0.00230729
0.0022302855
0.002290622
0.0023604595
0.009582511
0.0023846275
0.002340125
0.002263954
0.002344625
0.0021312805
0.0021881165
0.002541136
0.0063161745
0.002339793
0.002307625
0.0079550965
0.002489468
0.0023817955
0.0021919515
0.0145204515
0.002785484
0.0078704255
0.0023591275
0.0023042915
0.002186452
0.008406621
0.002305458
0.0023726285
0.00227729
0.0022286205
0.0021809515
0.0023731285
0.002355961
0.0022369545
0.002285457
0.0026331425
0.0023739615
0.0025163025
0.002275623
0.002289957
0.0022831235
0.0023139585
0.0060939965
0.002372628
0.0021489495
0.0023644615
0.0021659505
0.0023349595
0.0022476215
0.0023297925
0.0097600275
0.0022991245
0.002691479
0.0023667945
0.0023391265
0.002331626
0.0024136305
0.0022857905
0.0040267175
0.002420631
0.0024096305
0.0021422825
0.002431965
0.0022217865
0.0023026245
0.002439632
0.009058323
0.002439632
0.002312125
0.002224787
0.0030088295
0.002425298
0.002127615
0.002319292
0.0023386265
0.0022747895
0.0023511275
0.0022512885
0.002387629
0.002203786
0.0023684615
0.002393796
0.0022886235
0.002290957
0.0022489545
0.0025423045
0.009821531
0.0022882905
0.002213453
0.0022707895
0.0022096195
0.0023581275
0.002341293
0.0022132865
0.011472787
0.00239763
0.0022089525
0.0023694615
0.006111664
0.002349127
0.002707146
0.0045577465
0.0022419545
0.002299124
0.0023539605
0.0022121195
0.0069757105
0.0023667945
0.002268956
0.0025241365
0.0022264535
0.002239121
0.0023884625
0.002330793
0.0042785645
0.002343293
0.002505969
0.002245788
0.0022712895
0.002203286
0.0023386265
0.0021966185
0.002334126
0.0090354885
0.002286124
0.0022724565
0.0023302925
0.0023206255
0.00216295
0.0022624555
0.008964318
0.002202119
0.0022256205
0.0021772845
0.0023241255
0.0023407935
0.002475634
0.002473467
0.010457232
0.00228229
0.0023216255
0.002468467
0.0021639505
0.002438965
0.0022382875
0.013208214
0.002427631
0.002258622
0.002702479
0.0022742895
0.002228454
0.002411964
0.011090433
0.002613975
0.002144116
0.002556972
0.0022562885
0.002289457
0.002365461
0.00228479
0.00252747
0.0022836235
0.0026593105
0.0023909625
0.00234146
0.002313625
0.0023457935
0.0022734565
0.002288984
0.0023826535
0.0022639775
0.0107270175
0.002374818
0.002183139
0.0024329885
0.008625383
0.0022324755
0.002543329
0.007414139
0.002258144
0.0023606505
0.002361817
0.0059173775
0.0022713115
0.0022521435
0.0021519705
0.002440489
0.002275478
0.002244143
0.002326315
0.42018385
0.00399888
0.002548136
0.002381627
0.010113206
0.0025734705
0.002334958
0.002576804
0.002581971
0.0044455705
0.002732646
0.002469298
0.002444464
0.0026101395
0.0125011665
0.0025713035
0.002480799
0.002429963
0.0024747985
0.01056523
0.0028601525
0.002399795
0.002609473
0.0025226345
0.0024476305
0.002520801
0.0023351245
0.0025971385
0.0023694595
0.0024569645
0.00256247
0.002488966
0.0024767985
0.002521968
0.002387794
0.009726519
0.004724752
0.0045610765
0.004457571
0.011443944
0.0043488985
0.0041147195
0.0044279025
0.0041655555
0.004254394
0.0042198915
0.00425006
0.0086721295
0.0043412315
0.004246393
0.0041935575
0.004145221
0.004834758
0.0075947385
0.004221559
0.0022309525
0.00237196
0.00911332
0.0021562815
0.0023629595
0.002486966
0.002256287
0.0022704545
0.002105279
0.002526468
0.003462018
0.002475799
0.002485966
0.0023681265
0.0022977895
0.002280455
0.0022577875
0.002216785
0.0023167905
0.0022077845
0.002432463
0.002227619
0.002161115
0.002460298
0.002213285
0.002299789
0.002330291
0.008945144
0.0022154515
0.0023284575
0.0022641205
0.0024432975
0.002412129
0.002259621
0.0022437865
0.0075470695
0.0021709495
0.002181783
0.0022816215
0.002153115
0.002288289
0.0021982835
0.002329124
0.0082532735
0.0022287855
0.002314957
0.00237196
0.0022184515
0.002645308
0.0022787885
0.002101112
0.008216272
0.0024101285
0.0021882835
0.0025098005
0.0022582875
0.0022417865
0.002349459
0.002303623
0.004215725
0.002278288
0.002278288
0.002363793
0.002378794
0.002267454
0.0023044565
0.0021766165
0.002326124
0.0089726455
0.0023166235
0.008133101
0.002396128
0.0021831165
0.0023156235
0.010225879
0.002333458
0.0112207655
0.0023511255
0.0023291245
0.0021892835
0.0104358905
0.002247453
0.00225512
0.0024919665
0.002413962
0.0021851165
0.0022176185
0.002531802
0.007257887
0.0023637925
0.002279788
0.0024652985
0.002332291
0.0022094515
0.002410962
0.002175783
0.0059771525
0.0023146235
0.0023279575
0.002200951
0.0023106235
0.002119113
0.002297956
0.00243263
0.0125996725
0.002196284
0.0022171185
0.00225112
0.002270955
0.0024092955
0.0022391195
0.0074273965
0.002323291
0.0023207905
0.002411962
0.002350292
0.002290789
0.002361293
0.0022534535
0.009272495
0.002244953
0.0022326195
0.0024809655
0.002291956
0.0023469585
0.002424796
0.0022126185
0.0022216185
0.0023286245
0.002462298
0.002419629
0.002517301
0.002286455
0.0023906275
0.002203451
0.0025613035
0.0045217415
0.0022961225
0.0022899555
0.0022601205
0.002203451
0.002314957
0.002241953
0.0022019505
0.007366588
0.002319467
0.002297133
0.0050786265
0.002632485
0.0023082995
0.0023451355
0.0023899715
0.0040449
0.0026088175
0.002340635
0.002327801
0.0024959775
0.002206461
0.0024058055
0.002387138
0.002281965
0.0023398015
0.0022267955
0.002302966
0.0024114725
0.0021677915
0.002285632
0.0022884655
0.0022739645
0.0023073
0.00225063
0.0023868045
0.002385138
0.0022142945
0.002340802
0.0022199615
0.0023079665
0.002348969
0.011146144
0.0021799595
0.002261964
0.0022219615
0.0022539635
0.002175626
0.002236796
0.0003200185
0.0043959205
0.0022559635
0.0022867985
0.002233296
0.0022554635
0.0023841375
0.002269964
0.002359636
0.0074334295
0.0021349565
0.0024583085
0.0023358015
0.0022879655
0.002365803
0.002347802
0.002226295
0.010229924
0.0022984665
0.0021767925
0.002318967
0.00254248
0.002325634
0.0023461355
0.0021772925
0.009888571
0.0023373015
0.0023331345
0.002382971
0.0023654695
0.002198627
0.0024358075
0.0003816885
0.0086870015
0.00242964
0.002389805
0.002271631
0.0024038055
0.0021309565
0.0023178005
0.0012497385
0.0032218525
0.0023734705
0.002211628
0.0037157145
0.002739825
0.0024754615
0.0022669575
0.002334458
0.007640578
0.002181117
0.0022734555
0.0021902845
0.0022261195
0.002423464
0.0021804505
0.002251288
0.008425953
0.002127948
0.002242621
0.0022241195
0.002249621
0.002324458
0.002270122
0.002255788
0.00819194
0.002219786
0.0023971285
0.0023834615
0.0022431205
0.0024287975
0.002500301
0.0021387815
0.009448841
0.002264955
0.002149949
0.002454465
0.0024076295
0.0021456155
0.002317625
0.002213952
0.00825061
0.0022244525
0.002325792
0.002367294
0.002356793
0.002256621
0.0023967955
0.0024106295
0.0029158235
0.0023764615
0.002345126
0.0021676165
0.002316291
0.0023419595
0.0021962845
0.0024374645
0.007193887
0.0021594495
0.002425464
0.002254621
0.0022827895
0.0024154635
0.002118947
0.0023656275
0.0068243665
0.0021916175
0.0023642935
0.0023601265
0.0022776225
0.002381128
0.002198118
0.002419297
0.002360627
0.002207285
0.0022436205
0.0023757945
0.0021809505
0.002362294
0.002186451
0.0022854565
0.002276122
0.01179214
0.002321626
0.0063473445
0.002238788
0.0024741345
0.002316626
0.002192619
0.0024376325
0.0021364495
0.0027294815
0.0053974595
0.002342794
0.002352461
0.0022287875
0.0022276205
0.0099353725
0.0023234595
0.002176285
0.0024976355
0.00233496
0.002237288
0.0022261205
0.001683925
0.0103855635
0.002506303
0.0022507885
0.002247622
0.0023509605
0.0022691235
0.002416298
0.299576423
0.00503244
0.004652919
0.0044579085
0.004278399
0.0043074005
0.008345286
0.0044445745
0.0042327295
0.004460242
0.004165226
0.0044739095
0.01173447
0.0043020665
0.0042668985
0.0042708985
0.0041577255
0.0004048555
0.0058606515
0.0045237455
0.004440741
0.004248564
0.002243455
0.0024507995
0.002277457
0.0095720195
0.002297958
0.002410464
0.0022287875
0.0023937965
0.002188285
0.002237455
0.001201232
0.00657219
0.0021792845
0.0023522945
0.002269623
0.0022966245
0.002401797
0.002314792
0.002319459
0.004214229
0.002219454
0.002224454
0.002427965
0.002330293
0.002343794
0.002220954
0.00233196
0.0023852965
0.0022396215
0.002321626
0.002227954
0.0023399605
0.00233246
0.0021687845
0.0024009635
0.0022787905
1.5999575965
0.00315232
0.0025157895
0.005317259
0.0027067985
0.002570792
0.0082299465
0.002611307
0.0025228025
0.0024858005
0.0024779665
0.0080290995
0.0024786335
0.0026483095
0.002503968
0.0024863005
0.004164891
0.0024719665
0.002485634
0.002371461
0.002408796
0.010360058
0.002374628
0.002434298
0.0021337815
0.002426631
0.002170784
0.0023856285
0.0023681275
0.0022164525
0.0022869565
0.0024026295
0.002273289
0.0023531265
0.0040065495
0.0023954625
0.0023516265
0.0063511755
0.0024257975
0.0024039625
0.0022046185
0.002319125
0.002265122
0.0022402875
0.0024041295
0.0083822845
0.002197452
0.0022551215
0.00222512
0.002274456
0.003135002
0.0021827845
0.0023054575
0.008508625
0.002194285
0.002419297
0.00240563
0.0022307865
0.0023412925
0.002198118
0.002431298
0.0084164535
0.002467633
0.002241954
0.002414963
0.0023619605
0.0023771285
0.002397629
0.0023089575
0.0071596515
0.002276939
0.006431968
0.0044452085
0.004290368
0.0041946965
0.00434337
0.0042038635
0.007147668
0.0042498655
0.0043870385
0.00433487
0.0084403955
0.004369538
0.004182029
0.004322536
0.0040896915
0.0046473845
0.0071290005
0.0044708765
0.0041731955
0.004175362
0.0021754355
0.0023187755
0.0071566685
0.0024984505
0.002251772
0.002333943
0.002284607
0.002333276
0.00234611
0.0021162655
0.0117608845
0.00220127
0.002221104
0.002258606
0.0021744355
0.0023242755
0.0041510275
0.0070854985
0.0022764395
0.0023186085
0.002272273
0.0022992745
0.002312275
0.002275273
0.002360444
0.0092914355
0.002172935
0.0023131085
0.0022747735
0.002197103
0.002335276
0.0022034365
0.002294441
0.009994635
0.002448781
0.002240105
0.002423947
0.0022649395
0.002373111
0.002429614
0.0021524345
0.002220104
0.002216437
0.0023462765
0.002339443
0.002275273
0.002281107
0.0023397765
0.0023079415
3.520590768
0.006635715
0.0048277775
0.009670889
0.0044252545
0.0046150985
0.004399086
0.011790511
0.0042855795
0.00451876
0.00399923
0.00429058
0.0041229035
0.0047057705
0.0044839245
0.004155739
0.0042805795
0.004131071
0.004382085
0.013433105
0.004366251
0.002177625
0.0023211335
0.002185126
0.005135295
0.003322191
0.0022859645
0.003730381
0.002315633
0.002384137
0.002464308
0.0024414735
0.007454762
0.002363136
0.002271797
0.002348635
0.002384637
0.0023223
0.0022211275
0.002325967
0.008246474
0.0022194605
0.002277464
0.0021384565
0.002337301
0.002345968
0.0022061265
0.0022952985
0.0040370655
0.002353802
0.002401305
0.002335301
0.002353135
0.0021991265
0.0022284615
0.0089386805
0.0027096555
0.002225128
0.002341468
0.0023798035
0.002239462
0.0023113
0.0023154665
0.00551015
0.0022711305
0.0054284785
0.002360469
0.0024669755
0.002265797
0.0024154725
0.003948727
0.002130622
0.0022601295
0.006819392
0.0023157765
0.0022567815
0.0022507805
0.0022849485
0.0065019945
0.0023349515
0.0022706145
0.002301116
0.0023829535
0.0021917775
0.0023292845
0.0022851155
0.002430456
0.0022501135
0.002291949
0.002447457
0.0023322845
0.002163776
0.0023434515
0.002216945
0.002355119
0.0023137835
0.002251447
0.002243447
0.002247447
0.002280615
0.0023444515
0.002303616
0.002362286
0.002353452
0.0066453355
0.0023342845
0.002340618
0.002178943
0.0022656145
0.0021911105
0.0023476185
0.0024746245
0.005703121
0.002270948
0.002277115
0.0022721145
0.0023654525
0.0023041165
0.002208778
0.00238012
0.0080907415
0.0022649475
0.0023177835
0.002294449
0.0022194455
0.0022731145
0.0022229455
0.0023907875
0.0093049695
0.00231595
0.0022421135
0.002433956
0.0023244505
0.0022807815
0.0023409515
0.0021524415
0.002356952
0.0022132785
0.002293282
0.00237362
0.0021624425
0.0023802865
0.002291449
0.0021547755
0.0023302845
0.0045170615
0.002307492
0.002320026
