0.003213004
0.003090164
0.0037166975
0.005135773
0.004465571
0.0040702165
0.0092609925
0.004739085
0.004189223
0.003156168
0.003155168
0.003174335
0.0057303045
0.0030526625
0.0031563345
0.0034495165
0.0031188325
0.0032251715
0.00306983
0.0044062345
0.001198564
0.001271234
0.001167562
0.001159895
0.0012198985
0.001080724
0.0012537335
0.001241566
0.001123393
0.009556341
0.0012408995
0.0011992305
0.0068803655
0.0012238985
0.001491746
0.0011087255
0.0011185595
0.01050739
0.0012057305
0.0010885575
0.009848522
0.001362239
0.001087724
0.001104725
0.001294902
0.0043755655
0.001186563
0.001244066
0.001148228
0.00113256
0.0011887295
0.001234232
0.001181896
0.0010813905
0.0011678955
0.0123801565
0.0012012305
0.0012145645
0.0012277315
0.0012380655
0.0012437325
0.0012395655
0.001220398
0.001160895
0.012330487
0.0012407325
0.001372073
0.001113559
0.0010912245
0.001099225
0.001030055
0.0012545665
0.0011692285
0.0011573945
0.009433833
0.001125393
0.0012975685
0.001158728
0.0011173925
0.001107059
0.002382626
0.001209731
0.0012875685
0.010538225
0.0011427275
0.0010910575
0.0013059025
0.001114726
0.001063723
0.0011933965
0.0010808905
0.001144394
0.0098010195
0.001163395
0.0011845625
0.0011677285
0.001241566
0.0012559
0.001074057
0.00112706
0.0011380605
0.0012182315
0.004806588
0.0012562335
0.0010742235
0.0011850625
0.001208564
0.0013549055
0.001160728
0.0010943915
0.0011807295
0.0011262265
0.010623563
0.001222565
0.0011193925
0.001112059
0.001100225
0.0013362375
0.001112559
0.0010885575
0.0012205645
0.0107137345
0.0012617335
0.0011948965
0.003103498
0.001398574
0.001125393
0.0012984025
0.001099225
0.0068110275
0.001270901
0.0011250595
0.001316903
0.003940542
0.0011385605
0.0013574055
0.0015015795
0.0012775675
0.0012935685
0.006270999
0.0010972245
0.001234399
0.0012155645
0.001179229
0.0012402325
0.0011238925
0.001170395
0.001214731
0.001077057
0.0079987575
0.001169395
0.0013347375
0.0012058975
0.0012397325
0.0011745625
0.0011340605
0.0011363935
0.0014344095
0.001144227
0.0085236185
0.001206897
0.007462062
0.001269234
0.001214731
0.0010577225
0.001119726
0.0012622335
0.0013459045
0.0011235595
0.0012053975
0.00113056
0.0011358935
0.001224565
0.001421242
0.00113106
0.0012052305
0.00113606
0.0012844015
0.001184063
0.00446257
0.0011142255
0.001158895
0.0011378935
0.001244899
0.001165895
0.001106892
0.0011542275
0.0011960635
0.0011365605
0.0012524
0.00767374
0.0011152255
0.0011648955
0.001174229
0.0013074025
0.0012197315
0.001158728
0.0012263985
0.001086891
0.001092558
0.0013817395
0.0011877295
0.0011288935
0.0013682395
0.0011313935
0.001405241
0.0011583945
0.00112956
0.001096558
0.001092391
0.001155728
0.005293614
0.001220898
0.0010655565
0.0010485555
0.0011507275
0.001253733
0.0011178925
0.0011785625
0.001107392
0.001004553
0.009975029
0.0011353935
0.0011345605
0.008651792
0.0011102255
0.0017305915
0.0012252315
0.001126086
0.0063725795
0.001366922
0.001169409
0.0111115535
0.0013207525
0.0013569215
0.001293751
0.0012059115
0.001190244
0.0011812435
0.0011692425
0.001115239
0.001352921
0.0011655755
0.0011330735
0.0012069115
0.001159575
0.0010927375
0.0012984175
0.008786903
0.0011337405
0.00123558
0.001429426
0.001144574
0.001188577
0.0011837435
0.0010792365
0.0011459075
0.0012962505
0.0092305985
0.001218079
0.001173576
0.0012075785
0.001069736
0.001102405
0.0011557415
0.001016066
0.0010507345
0.0013797565
0.0064349175
0.0010855705
0.0011082385
0.0012069115
0.001256748
0.0012219125
0.001112072
0.001076403
0.0011517415
0.001105405
0.0086712285
0.001121406
0.0011627425
0.0012250795
0.001338753
0.0012499145
0.0011852435
0.001130073
0.001031567
0.0011174055
0.0034470565
0.0011572415
0.0011827435
0.001041901
0.0012357465
0.0013079185
0.001717278
0.001275916
0.0010949045
0.0011210725
0.0012442475
0.0041382685
0.0011854105
0.001044401
0.001380256
0.0013784225
0.0012509145
0.0011434075
0.0010465675
0.0012419135
0.0011424075
0.5487717945
0.004222891
0.001289902
0.005295948
0.0027016435
0.001272901
0.001547082
0.0059854845
0.0012584
0.001337738
0.0067891945
0.001143394
0.001142394
0.001166062
0.0012999025
0.007743578
0.0011735625
0.001155228
0.001291902
0.0011467275
0.0011113925
0.0012253985
0.001151728
0.0010553895
0.0012043975
0.011407106
0.001112226
0.0012582335
0.001140894
0.0014097415
0.0011548945
0.0010897245
0.001184063
0.001204564
0.0012222315
0.002994159
0.001071557
0.00113506
0.0010837245
0.0012860685
0.001201897
0.001222398
0.0011780625
0.001168062
0.0010728905
0.001216565
0.0103272155
0.001141227
0.001109392
0.00132007
0.001244066
0.001146894
0.003045995
0.001117893
0.001020554
0.0062970015
0.0031121655
0.0030411615
0.00307833
0.0031336665
0.0031356665
0.0030411615
0.007681408
0.003035328
0.003286675
0.003865372
0.003085997
0.003105998
0.003180002
0.0084221145
0.0030699965
0.0032215045
0.003234672
0.0029758245
0.0033366775
0.0031081655
0.0097578515
0.001160895
0.0011818965
0.00132207
0.0012438995
0.0011440605
0.00112906
0.001055723
0.0012217315
0.006813029
0.0011765625
0.0011227265
0.008957809
0.001407075
0.0010753905
0.0012550665
0.001179896
0.00496143
0.001269401
0.001165062
0.0011155595
0.00834211
0.0015490825
0.0012053975
0.001208731
0.0012864015
0.0083027745
0.001218898
0.001145394
0.001172729
0.0011925635
0.001182396
0.001347905
0.0011370605
0.0011677285
0.0073802255
0.0013364045
0.0011400605
0.001231899
0.001246566
0.001158228
0.0012515665
0.0012937355
0.001153728
0.001117559
0.00119773
0.006866698
0.001241899
0.0012559
0.001165895
0.0012233985
0.001224065
0.0010778905
0.001327071
0.001095225
0.0010220545
0.007946089
0.0013457385
0.0011267265
0.001112726
0.001202731
0.0012038975
0.001162395
0.0019059345
0.0012100645
0.007869585
0.0011318935
0.0012205645
0.001275068
0.0012095645
0.001160228
0.001076557
0.001098725
0.0012213985
0.0011533945
0.008568622
0.0011092255
0.0011673955
0.001339571
0.001155395
0.001205064
0.001141894
0.001224398
0.001144061
0.001329404
0.0063863395
0.0010723905
0.001149561
0.001345238
0.0011473945
0.0012108975
0.0010940585
0.0010935585
0.001152728
0.0012609005
0.005803642
0.00119223
0.0010958915
0.0013567385
0.001175396
0.0011830625
0.001134727
0.0011462275
0.0011380605
0.0013865735
0.0107355705
0.0012453995
0.0011323935
0.008365278
0.001279068
0.001170729
0.00110873
0.0011412405
0.008190334
0.001177906
0.001213074
0.011692717
0.00141392
0.001201407
0.0010892335
0.0083688465
0.0011320695
0.0013894185
0.0011729055
0.001169405
0.001172405
0.0011222355
0.0010755655
0.001293579
0.001167405
0.009363574
0.0011737385
0.001391919
0.0011800725
0.001187406
0.0012064075
0.001056065
0.001159738
0.0013820845
0.0011449035
0.004895967
0.001184906
0.0012559105
0.001400919
0.00114357
0.00130708
0.0011985735
0.0011710715
0.001338249
0.0013285815
0.0016232565
0.0033621665
0.0014189035
0.001583245
0.0011282225
0.001301731
0.0011042215
0.001064386
0.0014032365
0.0073190295
0.0011533905
0.001256729
0.0030393175
0.0032431605
0.0031453225
0.003089153
0.003085486
0.0081740715
0.0033083305
0.003107654
0.0031766575
0.003039817
0.0031544895
0.0074142005
0.0065824925
0.0034211695
0.007354364
0.003741352
0.0142782455
0.0037880345
0.003163668
0.0035450215
0.001323737
0.001082224
0.0011648955
0.0035010195
0.001178896
0.001349072
0.001285235
0.005573463
0.001207898
0.001181896
0.001346897
0.001262227
0.0067363225
0.0011620555
0.0011257205
0.005825279
0.0011260535
0.0010970525
0.0010447165
0.0012390595
0.001374066
0.005604435
0.001104386
0.0011257205
0.0012468935
0.001256227
0.0012452265
0.001133221
0.0011598885
0.001343064
0.0012517265
0.001143555
0.0011113865
0.0010903855
0.0010545505
0.001309729
0.0012123915
0.0011558885
0.00111772
0.001105886
0.0010970525
0.001214725
0.0116972265
0.001212225
0.0011763895
0.0011467215
0.0012388925
0.001200391
0.0012173915
0.001177056
0.0010540505
0.0012758945
0.0065001445
0.001172056
0.00118289
0.001079385
0.0022821095
0.00117789
0.001108053
0.0011283875
0.001214725
0.0011590555
0.001293729
0.001110887
0.0010758845
0.00111472
0.001054217
0.0011155535
0.001243893
0.0011728895
0.0011970575
0.00124956
0.001074218
0.004734227
0.001156055
0.001296229
0.001148222
0.001135221
0.001210725
0.001133554
0.0012553935
0.001212558
0.0012247255
0.005671938
0.001153055
0.0011678895
0.0012538935
0.0011087195
0.0013860665
0.0011218875
0.0011482215
0.0010848855
0.0010853855
0.0012528935
0.007570029
0.0012852285
0.0011007195
0.0011615555
0.001088719
0.0012820615
0.0011125535
0.001139555
0.001094886
0.0010873855
0.001156555
0.001250893
0.0011678895
0.00112122
0.0035753375
0.00118039
0.001227892
0.001130054
0.0012132245
0.0010575505
0.0010392165
0.0060574565
0.001287895
0.0014859045
0.006740156
0.001185557
0.0013777325
0.001339231
0.0012533935
0.0116147225
0.0012042245
0.0012778945
0.0011360545
0.0011952235
0.001128054
0.0012913955
0.0011980575
0.0012303925
0.0096747965
0.0012575605
0.001910425
0.0011872235
0.001154555
0.001093719
0.001101053
0.001244893
0.0011225535
0.0012133915
0.006510645
0.0012637275
0.001244726
0.00118139
0.00118839
0.001085385
0.0012010575
0.0012410595
0.001091719
0.001095219
0.012095579
0.0011308875
0.0076395325
0.001153722
0.0011333875
0.0011390545
0.001210558
0.001421068
0.010590674
0.001101886
0.0012077245
0.001151055
0.00126006
0.0011652225
0.0011882235
0.001139388
0.0010515505
0.0081835585
0.00118039
0.0013312305
0.001137221
0.001070718
0.0012690605
0.0011222205
0.001174223
0.001164056
0.0071198635
0.001272067
0.0012337325
0.001188063
0.0011042255
0.001188563
0.0011735625
0.0012073975
0.0012222315
0.0012145645
0.007572069
0.001221565
0.0011163925
0.0010917245
0.0010823905
0.0010822245
0.001264734
0.0012707345
0.001091725
0.0011553945
0.005041101
0.001142894
0.0012123975
0.001118726
0.006743025
0.001160395
0.00113706
0.001387574
0.001151228
0.009100726
0.00118224
0.0011367365
0.0046947885
0.0011960735
0.001266411
0.0011050675
0.0012632445
0.001184406
0.005178985
0.001075733
0.0010912335
0.0012609105
0.00113657
0.0011780725
0.001161738
0.0011384035
0.001277745
0.001117735
0.009714764
0.001177906
0.0011855725
0.00135375
0.0013859185
0.0011164015
0.0012590775
0.001155571
0.001158071
0.001236576
0.0055123385
0.001104068
0.0011089015
0.001236743
0.001082233
0.001075066
0.001124069
0.0011524045
0.001066399
0.0012450765
0.0017171055
0.001221742
0.0011167355
0.0010767325
0.001079233
0.001307247
0.0010862335
0.001113235
0.0012042405
0.0020951285
0.0012729115
0.001654935
0.0039125735
0.0011697385
0.001071399
0.0013419155
0.001108235
0.001328415
0.0011145685
0.001223742
0.0010327305
0.0012669115
0.011106682
0.0011845725
0.001183239
0.0011682385
0.001377418
0.0018779485
0.00119774
0.0011729055
0.001170072
0.0041932575
0.0054665025
0.001269578
0.0012109075
0.001216575
0.00130358
0.001157071
0.0012114075
0.001115235
0.0099594455
0.0011720725
0.001145404
0.001163905
0.001221575
0.00114157
0.0012209085
0.001159238
0.0011455705
0.00119324
0.0011114015
0.0011284025
0.00130258
0.0011389035
0.0072582795
0.0011554045
0.001178406
0.001370251
0.0014837575
0.0065100665
0.0014472555
0.0012549105
0.0059535325
0.0011465705
0.0010964005
0.001181239
0.0013720845
0.001147237
0.0079396545
0.0012214085
0.0012945795
0.0010860665
0.0011609045
0.00114507
0.0011050675
0.0011882395
0.00124641
0.001257244
0.001110735
0.0012937465
0.0011569045
0.001095567
0.0014465885
0.001135236
0.001234576
0.001143057
0.001268737
0.0011438945
0.0013490715
0.247539655
0.004211724
0.0015839175
0.001299736
0.0012197315
0.001072557
0.001160728
0.0011487275
0.001097225
0.005178275
0.0011773955
0.0011960635
0.001117226
0.0048020885
0.001235732
0.0012118975
0.001115893
0.0010353885
0.0014130775
0.0112127845
0.001714761
0.0062235095
0.0013764095
0.0014019105
0.0013495745
0.001235068
0.006259678
0.001416578
0.0012174005
0.0011475635
0.001142896
0.001097727
0.0011860655
0.0012440685
0.0012547355
0.001226401
0.001373409
0.004265735
0.0011912325
0.001141063
0.0012292345
0.0011750645
0.0012234005
0.001228901
0.001156564
0.001153897
0.001109061
0.0072614005
0.001165231
0.0011235615
0.001129229
0.001195566
0.001250402
0.001391077
0.001178565
0.0011267285
0.001083226
0.003966552
0.0012415685
0.0011953995
0.0010728925
0.0010913935
0.00114773
0.0012285675
0.001801099
0.001077226
0.0011067275
0.0084658
0.0013535745
0.001197566
0.001119395
0.0011938995
0.0012604025
0.003050168
0.003284181
0.0034868585
0.0064436885
0.0030628355
0.0032683465
0.003433689
0.003105838
0.003052002
0.003068669
0.010000551
0.003428189
0.003105838
0.00308317
0.003162341
0.0031218385
0.0033765195
0.0048447675
0.003033834
0.0030895035
0.0012894045
0.0012194005
0.001157564
0.00115173
0.0010590585
