0.001236
0.001112
0.001002
0.001000
0.000872
0.000972
0.000949
0.001134
0.000967
0.000889
0.001122
0.000981
0.001070
0.001276
0.000950
0.001032
0.000853
0.001111
0.000952
0.001064
0.001091
0.000986
0.001016
0.001083
0.001204
0.000883
0.001075
0.000976
0.000983
0.000991
0.001062
0.001079
0.000918
0.000928
0.000896
0.001228
0.000992
0.001098
0.000882
0.000974
0.001063
0.000919
0.001005
0.001155
0.001071
0.001040
0.000939
0.001179
0.001150
0.001148
0.001017
0.000870
0.001032
0.001029
0.000980
0.000953
0.000913
0.000890
0.001005
0.001099
0.001055
0.000899
0.001039
0.000978
0.001108
0.000940
0.001044
0.000905
0.000847
0.000941
0.000955
0.001042
0.001308
0.000933
0.000931
0.001006
0.001194
0.001168
0.000947
0.000982
0.000892
0.001001
0.001087
0.000854
0.001168
0.001045
0.000889
0.000931
0.000880
0.000950
0.001026
0.001053
0.001018
0.001197
0.001088
0.001018
0.000889
0.001292
0.001123
0.001020
0.001004
0.000954
0.001090
0.001179
0.000973
0.001184
0.001318
0.001000
0.000995
0.000987
0.000959
0.001126
0.000997
0.000943
0.000881
0.001203
0.001065
0.000865
0.000972
0.000953
0.000856
0.001037
0.001033
0.001060
0.000971
0.000933
0.000984
0.000985
0.001061
0.001216
0.001125
0.001048
0.001053
0.001130
0.000915
0.001075
0.000973
0.000918
0.000876
0.001029
0.001062
0.000870
0.001083
0.000899
0.001081
0.000900
0.001014
0.000902
0.000955
0.001004
0.001050
0.001353
0.001072
0.001088
0.001005
0.001039
0.000961
0.000981
0.000950
0.001124
0.001108
0.001011
0.000968
0.001321
0.000942
0.001082
0.000931
0.000958
0.001087
0.001036
0.000988
0.000970
0.000861
0.001012
0.001029
0.001077
0.001143
0.001146
0.000898
0.000930
0.000923
0.000971
0.001089
0.001032
0.000905
0.000982
0.000973
0.001051
0.001002
0.001040
0.001037
0.001149
0.000999
0.001094
0.001019
0.000878
0.000936
0.000884
0.000927
0.001056
0.001150
0.001031
0.001004
0.000944
0.001118
0.001033
0.001016
0.001153
0.001024
0.001078
0.001021
0.001354
0.001111
0.001057
0.001045
0.001056
0.000948
0.000900
0.001000
0.000842
0.000919
0.001119
0.001147
0.001008
0.000969
0.001393
0.001123
0.001338
0.001110
0.000953
0.000926
0.000985
0.001059
0.000938
0.001018
0.000971
0.001117
0.001035
0.001106
0.000987
0.000973
0.000973
0.000970
0.001035
0.001023
0.000959
0.000930
0.001023
0.002010
0.001094
0.000941
0.001007
0.001025
0.000998
0.000983
0.000961
0.001044
0.000995
0.000979
0.001225
0.001023
0.001182
0.001310
0.001118
0.000936
0.001052
0.001117
0.001053
0.001083
0.000946
0.000859
0.002631
0.001077
0.000986
0.000963
0.001154
0.001192
0.001052
0.000960
0.001066
0.000940
0.001029
0.000853
0.001050
0.001336
0.001087
0.001088
0.001022
0.001005
0.001072
0.001051
0.000920
0.001037
0.001074
0.000824
0.001307
0.000991
0.001030
0.001160
0.001047
0.000853
0.001086
0.000950
0.001045
0.000963
0.000916
0.000962
0.001028
0.001164
0.001019
0.001164
0.000968
0.000995
0.000930
0.000919
0.001033
0.000911
0.000955
0.000996
0.001106
0.001079
0.001185
0.001077
0.000914
0.000935
0.000999
0.000932
0.000979
0.001044
0.000992
0.000955
0.001047
0.001160
0.001005
0.000994
0.000990
0.001008
0.000861
0.000985
0.001026
0.000986
0.001048
0.001229
0.001001
0.001300
0.001107
0.000961
0.001160
0.001098
0.000886
0.000907
0.001029
0.000920
0.001053
0.001076
0.000954
0.001098
0.000959
0.001087
0.000870
0.000915
0.001089
0.000990
0.000988
0.000872
0.001067
0.000940
0.000990
0.001088
0.001258
0.000971
0.001023
0.000974
0.001107
0.000885
0.000960
0.001044
0.001063
0.000950
0.000850
0.001024
0.000996
0.000947
0.000875
0.000928
0.000910
0.000902
0.001070
0.001043
0.003002
0.000974
0.000985
0.000934
0.001043
0.000888
0.000908
0.000987
0.000972
0.001128
0.001090
0.001166
0.001122
0.001037
0.000941
0.000932
0.001019
0.000936
0.001127
0.001043
0.001094
0.001065
0.001176
0.001114
0.000973
0.001069
0.000948
0.001051
0.000917
0.000873
0.000897
0.001064
0.000871
0.000997
0.001071
0.001272
0.001074
0.001122
0.001008
0.000975
0.001046
0.000953
0.000944
0.000890
0.000925
0.000997
0.001047
0.001111
0.001086
0.001070
0.000971
0.001134
0.001014
0.000976
0.001059
0.000966
0.000883
0.000962
0.001176
0.001075
0.001022
0.000978
0.001232
0.000970
0.001033
0.000885
0.000983
0.001073
0.000973
0.000940
0.001274
0.000957
0.000926
0.000901
0.001046
0.000934
0.000991
0.000977
0.000955
0.001067
0.000922
0.001218
0.001065
0.000880
0.001070
0.000997
0.000931
0.001015
0.000922
0.000922
0.000947
0.001004
0.000936
0.001076
0.001090
0.001232
0.001091
0.001050
0.000945
0.001044
0.000873
0.001049
0.001097
0.000999
0.000905
0.001160
0.000999
0.000928
0.001063
0.000900
0.000975
0.001157
0.000968
0.000968
0.000986
0.001061
0.000893
0.001239
0.000933
0.001038
0.000976
0.001036
0.001057
0.001102
0.001078
0.000932
0.000992
0.000881
0.000980
0.001195
0.001211
0.001010
0.001010
0.000912
0.000986
0.001002
0.001015
0.000990
0.000984
0.000956
0.001029
0.001219
0.001167
0.001068
0.000957
0.001092
0.001058
0.000957
0.000916
0.001012
0.001020
0.000958
0.001013
0.000999
0.000992
0.001340
0.000945
0.001031
0.000979
0.001023
0.000950
0.001063
0.001088
0.000885
0.001010
0.000916
0.001278
0.000891
0.001053
0.001247
0.001156
0.000913
0.000972
0.001926
0.000955
0.000972
0.001107
0.000866
0.001379
0.001110
0.001111
0.001147
0.000965
0.001010
0.001050
0.000921
0.000870
0.000884
0.001020
0.000904
0.001201
0.001039
0.001058
0.001147
0.001016
0.001309
0.000929
0.001075
0.001013
0.000946
0.000848
0.000953
0.001206
0.001996
0.000968
0.000948
0.000991
0.001092
0.000855
0.000926
0.000987
0.000918
0.000914
0.000941
0.001071
0.000990
0.001205
0.000997
0.001109
0.001080
0.000958
0.001064
0.001075
0.000987
0.001097
0.000929
0.002016
0.000908
0.001055
0.001104
0.001009
0.000886
0.001059
0.000911
0.000870
0.000967
0.000864
0.001074
0.001078
0.001012
0.001110
0.001049
0.000993
0.001330
0.001102
0.001146
0.001022
0.000891
0.001165
0.000870
0.001191
0.001014
0.001118
0.001203
0.001067
0.000929
0.001050
0.001079
0.000934
0.001068
0.000973
0.001023
0.001214
0.001020
0.000964
0.001044
0.001020
0.000968
0.000930
0.001058
0.000936
0.000877
0.000994
0.001049
0.000974
0.001209
0.001045
0.000961
0.001123
0.000931
0.001131
0.001189
0.000922
0.001015
0.000910
0.000966
0.001050
0.001212
0.000974
0.001100
0.000999
0.001065
0.001013
0.001050
0.000941
0.001001
0.000865
0.001278
0.001026
0.001126
0.000905
0.000888
0.000921
0.001058
0.001023
0.001055
0.001101
0.001183
0.000989
0.001254
0.000990
0.001309
0.001060
0.000934
0.001052
0.000948
0.000938
0.001037
0.001056
0.000999
0.001056
0.001063
0.000999
0.000912
0.000930
0.000881
0.001036
0.000945
0.001058
0.000997
0.000901
0.001298
0.001031
0.000867
0.001133
0.000900
0.000975
0.000934
0.000961
0.001104
0.000907
0.000953
0.001048
0.001296
0.001002
0.000999
0.000888
0.000940
0.000952
0.000952
0.000927
0.001026
0.000829
0.001082
0.001244
0.000967
0.000966
0.000952
0.000972
0.000927
0.000962
0.000825
0.001093
0.000890
0.000924
0.000931
0.001217
0.001090
0.001006
0.001061
0.001046
0.000937
0.001006
0.000993
0.000938
0.000983
0.001071
0.001040
0.001203
0.001074
0.000941
0.001103
0.000978
0.001071
0.000964
0.000863
0.000965
0.000838
0.000979
0.000895
0.001040
0.001099
0.001219
0.001069
0.001017
0.001075
0.001004
0.001145
0.001017
0.001104
0.001011
0.001024
0.000981
0.001131
0.001077
0.000988
0.000953
0.000920
0.001134
0.001070
0.000933
0.001034
0.000983
0.000882
0.001183
0.001029
0.000901
0.001024
0.000891
0.001289
0.000961
0.001035
0.000956
0.000997
0.001048
0.000950
0.001137
0.001046
0.001063
0.001128
0.001049
0.001022
0.001081
0.001031
0.000806
0.001015
0.001048
0.001062
0.001291
0.001012
0.001040
0.000896
0.001044
0.001004
0.001014
0.001007
0.001021
0.000955
0.000976
0.001042
0.001067
0.001111
0.001111
0.000900
0.001091
0.001058
0.001118
0.001078
0.001034
0.001110
0.000948
0.000952
0.001013
0.001146
0.000999
0.001045
0.001187
0.001084
0.000982
0.000951
0.001040
0.001007
0.000980
0.000958
0.001203
0.000996
0.001076
0.001139
0.001097
0.000983
0.000858
0.000949
0.000996
0.001072
0.000936
0.000932
0.001169
0.001037
0.001044
0.001315
0.000971
0.000962
0.000923
0.001028
0.000998
0.000996
0.000915
0.000947
0.001033
0.001174
0.001046
0.000983
0.000932
0.000989
0.001061
0.000874
0.000897
0.000987
0.001046
0.000958
0.001063
0.000881
0.001174
0.001023
0.001102
0.001106
0.000957
0.000880
0.000939
0.000839
0.000978
0.000917
0.001015
0.000967
0.001367
0.001077
0.001020
0.000951
0.001004
0.000971
0.001115
0.000994
0.000852
0.000891
0.000946
0.001033
0.001163
0.001069
0.001072
0.001087
0.000983
0.000942
0.000987
0.000841
0.000946
0.000988
0.001001
0.001005
0.002842
0.001123
0.001218
0.000897
0.001006
0.000965
0.000908
0.001006
0.001128
0.000954
0.001070
0.001169
0.000954
0.000901
0.000989
0.001078
0.000984
0.001108
0.000881
0.001052
0.001021
0.001017
0.000983
0.001135
0.001341
0.001136
0.000992
0.000904
0.000984
0.000843
0.001211
0.001042
0.000984
0.000876
0.000975
0.001090
0.001041
0.000936
0.000955
0.000901
0.000974
0.001034
0.000882
0.000998
0.000987
0.001094
0.001210
0.000912
0.001025
0.001236
0.001169
0.001163
0.001117
0.000998
0.001169
0.000939
0.001317
0.000930
0.001092
0.001071
0.001024
0.001027
0.001077
