0.001112
0.001059
0.000976
0.001863
0.000989
0.000933
0.000833
0.000878
0.000813
0.000994
0.000928
0.000992
0.001019
0.000982
0.000813
0.000956
0.001019
0.000906
0.000896
0.000767
0.000954
0.000865
0.000842
0.001023
0.000900
0.000788
0.000832
0.001277
0.000984
0.000982
0.000955
0.000900
0.000934
0.000944
0.000786
0.000872
0.000872
0.000925
0.001012
0.001235
0.001001
0.001032
0.000812
0.000862
0.000899
0.000841
0.000963
0.000821
0.000867
0.000878
0.000922
0.001467
0.001032
0.000860
0.001004
0.000846
0.000927
0.000982
0.000846
0.000864
0.000982
0.000917
0.000917
0.000995
0.000852
0.000806
0.000971
0.001015
0.000932
0.000958
0.001081
0.001016
0.000824
0.000946
0.000756
0.000901
0.000873
0.001031
0.001008
0.000914
0.000875
0.000964
0.000976
0.000988
0.000942
0.000925
0.000966
0.000909
0.000976
0.001233
0.000889
0.000867
0.001114
0.000944
0.000992
0.001084
0.000984
0.001111
0.000956
0.001026
0.000881
0.001009
0.001236
0.000986
0.001073
0.001046
0.001021
0.000859
0.000817
0.000916
0.000864
0.000993
0.000949
0.000963
0.002003
0.001077
0.001055
0.000889
0.000867
0.000994
0.001021
0.000864
0.000931
0.000894
0.001009
0.000982
0.000932
0.000998
0.002413
0.000966
0.001027
0.001043
0.001023
0.000850
0.000868
0.000805
0.000974
0.000743
0.000865
0.000882
0.000947
0.001058
0.001113
0.001017
0.000808
0.000932
0.000999
0.000941
0.000995
0.000985
0.001022
0.000893
0.001114
0.000838
0.000938
0.000914
0.000858
0.000953
0.001045
0.000775
0.000881
0.000919
0.000947
0.000853
0.001132
0.001039
0.000963
0.000934
0.001018
0.000851
0.000898
0.000864
0.000834
0.000798
0.000904
0.000830
0.000790
0.000980
0.000939
0.000882
0.000916
0.000914
0.000971
0.000910
0.000839
0.000757
0.000903
0.000883
0.000956
0.000902
0.000925
0.002285
0.001124
0.000990
0.000974
0.001016
0.000926
0.000847
0.000957
0.000883
0.000837
0.000979
0.000957
0.001137
0.001094
0.000973
0.000918
0.000928
0.000962
0.000932
0.000994
0.000955
0.001019
0.000829
0.000985
0.001033
0.000902
0.000791
0.000816
0.000904
0.000917
0.001006
0.001031
0.001051
0.001025
0.000899
0.000984
0.001392
0.000978
0.000990
0.000904
0.000889
0.000872
0.000925
0.000824
0.001030
0.000885
0.000830
0.000930
0.000913
0.001034
0.000984
0.000857
0.000879
0.000886
0.000972
0.000851
0.000904
0.000816
0.000946
0.000904
0.000986
0.001079
0.001316
0.000883
0.000852
0.000894
0.000940
0.000814
0.000945
0.000927
0.000907
0.000859
0.001014
0.001009
0.000774
0.000796
0.000947
0.000967
0.000856
0.000787
0.000880
0.001051
0.000964
0.001195
0.001313
0.001005
0.000925
0.000951
0.000796
0.000823
0.000876
0.001005
0.000925
0.001307
0.000951
0.001089
0.001018
0.000872
0.000910
0.000997
0.000788
0.000816
0.000868
0.000903
0.000893
0.000832
0.001046
0.000971
0.000982
0.000903
0.000847
0.000966
0.000801
0.000930
0.000880
0.001023
0.000941
0.000847
0.001074
0.000983
0.002233
0.000982
0.001038
0.000879
0.001049
0.000893
0.000927
0.000918
0.000951
0.000887
0.000951
0.001076
0.001026
0.000935
0.000920
0.000890
0.000917
0.000876
0.001012
0.000846
0.000988
0.000838
0.000922
0.002590
0.000948
0.000884
0.000992
0.000831
0.000969
0.000849
0.000791
0.000847
0.000895
0.000860
0.000927
0.000975
0.000880
0.001124
0.001155
0.001008
0.000817
0.000931
0.000885
0.000916
0.000813
0.000931
0.000829
0.000791
0.000802
0.001125
0.001049
0.000888
0.001001
0.000944
0.000845
0.000882
0.000929
0.000917
0.000909
0.000917
0.000806
0.000998
0.000864
0.002080
0.001097
0.001036
0.000898
0.000888
0.000878
0.000945
0.000938
0.001036
0.000905
0.000791
0.001124
0.000817
0.000878
0.000835
0.000830
0.001013
0.000916
0.000882
0.001030
0.000922
0.000926
0.000916
0.000952
0.001177
0.000946
0.000862
0.000894
0.000908
0.000816
0.000960
0.000938
0.000772
0.000831
0.000966
0.000884
0.001362
0.000884
0.000913
0.001104
0.000901
0.001021
0.000854
0.000809
0.000979
0.000928
0.001020
0.000931
0.000945
0.001106
0.001051
0.000898
0.000841
0.000980
0.001024
0.000897
0.000857
0.000908
0.000859
0.000937
0.001206
0.001022
0.000919
0.000939
0.001063
0.000901
0.000977
0.001124
0.000924
0.001034
0.001032
0.000955
0.000990
0.001157
0.000982
0.000864
0.000863
0.000797
0.000925
0.000809
0.000805
0.000908
0.001104
0.000859
0.000935
0.000994
0.000935
0.001158
0.000992
0.001095
0.001028
0.000950
0.000912
0.000939
0.000863
0.001086
0.000853
0.001032
0.000860
0.001277
0.001182
0.000897
0.000873
0.001035
0.001000
0.000963
0.000897
0.000826
0.000826
0.000839
0.000850
0.000921
0.001238
0.001020
0.000872
0.000812
0.000866
0.000856
0.000890
0.000998
0.000969
0.000868
0.000928
0.000943
0.000906
0.000814
0.000940
0.000938
0.001010
0.000874
0.001009
0.000811
0.000860
0.000914
0.000926
0.000883
0.000972
0.001069
0.000816
0.001038
0.000935
0.000931
0.000944
0.000888
0.001038
0.000911
0.001021
0.000887
0.000921
0.001015
0.001043
0.000983
0.000903
0.000811
0.000982
0.000781
0.000935
0.001032
0.000965
0.000961
0.000873
0.002076
0.000863
0.001049
0.000950
0.000868
0.000883
0.000899
0.000886
0.000810
0.001040
0.000842
-1
0.001026
0.001020
0.000893
0.001007
0.000819
0.000795
0.000905
0.000962
0.000923
0.000945
0.000905
0.001122
0.000940
0.001198
0.000934
0.000975
0.000786
0.000795
0.000962
0.000874
0.000890
0.000910
0.000904
0.001019
0.000781
0.000902
0.001036
0.000996
0.001027
0.000912
0.000923
0.000769
0.000929
0.001018
0.000927
0.000945
0.000912
0.000940
0.000762
0.000869
0.000963
0.000886
0.000914
0.001055
0.001195
0.001237
0.001045
0.001064
0.000772
0.001053
0.000879
0.000886
0.000987
0.000922
0.000847
0.000945
0.000891
0.001072
0.000906
0.000983
0.000807
0.000841
0.000942
0.001020
0.000887
0.001004
0.000914
0.000825
0.000900
0.000991
0.000872
0.000998
0.001077
0.000901
0.000824
0.001036
0.000975
0.000864
0.000892
0.000922
0.000947
0.000891
0.000976
0.000978
0.000900
0.000901
0.000853
0.000987
0.001003
0.001009
0.000986
0.000915
0.000813
0.001131
0.000848
0.000893
0.001012
0.001174
0.001250
0.000941
0.000909
0.000993
0.000828
0.000836
0.001088
0.000881
0.001407
0.000894
0.000986
0.000967
0.000911
0.000971
0.001000
0.000896
0.000913
0.000860
0.000813
0.000866
0.000814
0.000986
0.001113
0.000920
0.000906
0.000865
0.000854
0.001069
0.000949
0.000891
0.000932
0.000758
0.000827
0.001105
0.000893
0.001288
0.000969
0.000963
0.000822
0.000956
0.000810
0.000906
0.000898
0.000901
0.001012
0.000869
0.000987
0.001007
0.000895
0.000973
0.001013
0.000806
0.000984
0.000997
0.000916
0.001024
0.000910
0.000875
0.001002
0.001131
0.000866
0.000880
0.000849
0.000922
0.000994
0.000933
0.000774
0.000891
0.000941
0.000935
0.000878
0.001033
0.000904
0.000940
0.000957
0.000937
0.000892
0.000996
0.000853
0.000843
0.000836
0.000844
0.000846
0.001052
0.000992
0.000988
0.000923
0.000894
0.000903
0.000791
0.000938
0.000850
0.000946
0.000993
0.000937
0.000863
0.001056
0.001088
0.001206
0.000887
0.000881
0.000852
0.001002
0.000993
0.000895
0.000876
0.000975
0.000905
0.001013
0.000790
0.000980
0.000857
0.001149
0.000945
0.000890
0.000932
0.000897
0.000867
0.001019
0.001008
0.000799
0.000882
0.001189
0.000904
0.001001
0.000880
0.000917
0.000878
0.000971
0.000865
0.000899
0.001064
0.000907
0.000977
0.001881
0.000989
0.000973
0.001071
0.000782
0.000955
0.000966
0.000835
0.000842
0.000840
0.000850
0.001029
0.000888
0.001028
0.000898
0.000845
0.000975
0.000976
0.000957
0.000837
0.000783
0.000878
0.000810
0.000877
0.000980
0.000871
0.002252
0.000909
0.000871
0.000856
0.000851
0.000995
0.000830
0.001022
0.000976
0.000950
0.000886
0.001048
0.001051
0.000965
0.000919
0.000897
0.000812
0.000899
0.000935
0.000946
0.000920
0.000859
0.000872
0.001482
0.000904
0.000958
0.000842
0.001191
0.001089
0.000855
0.000885
0.001031
0.000858
0.000969
0.000998
0.000887
0.001156
0.000958
0.000936
0.000862
0.001029
0.000963
0.001000
0.000906
0.000917
0.001015
0.000899
0.000804
0.000918
0.001003
0.001079
0.000996
0.000965
0.000884
0.000797
0.000836
0.000903
0.000870
0.000786
0.000884
0.001081
0.001008
0.001058
0.000936
0.000896
0.000846
0.000929
0.001051
0.000896
0.001051
0.001018
0.000885
0.000785
0.001108
0.001005
0.001062
0.000963
0.001007
0.000801
0.000876
0.000845
0.000778
0.001071
0.001015
0.001050
0.000964
0.000815
0.000878
0.000804
0.000911
0.001016
0.000916
0.000867
0.000945
0.000989
0.000845
0.000959
0.000802
0.000820
0.000880
0.000896
0.000828
0.000997
0.000884
0.001047
0.001269
0.000879
0.000895
0.000917
0.000908
0.000964
0.000965
0.000925
0.000867
0.000840
0.000892
0.000958
0.000799
0.000993
0.000974
0.001040
0.000844
0.000911
0.000837
0.000913
0.000996
0.000802
0.000840
0.000977
0.000878
0.000932
0.000957
0.000948
0.000943
0.000868
0.000999
0.000782
0.000926
0.000976
0.000859
0.001000
0.000837
0.000979
0.001167
0.000830
0.000878
0.000969
0.000832
0.000824
0.000793
0.000877
0.000861
0.001025
0.000832
0.001071
0.001019
0.001438
0.001357
0.000957
0.000906
0.000884
0.000848
0.000824
0.000896
0.000976
0.000970
0.000976
0.000992
0.001451
0.001014
0.000879
0.000855
0.000803
0.000992
0.000894
0.000800
0.000827
0.000906
0.000950
0.000899
0.001052
0.000940
0.000995
0.000961
0.000975
0.001037
0.000861
0.000936
0.000891
0.000865
0.000952
0.000974
0.000921
0.000968
0.001050
