0.001132
0.001093
0.001236
0.001201
0.001379
0.001044
0.001496
0.001277
0.001218
0.001089
0.001115
0.001249
0.001067
0.001119
0.001083
0.001067
0.001194
0.001217
0.001223
0.001279
0.001203
0.001231
0.001116
0.001233
0.001110
0.001066
0.001127
0.001166
0.001161
0.001212
0.001022
0.001427
0.001396
0.001303
0.001204
0.001155
0.001220
0.001117
0.001221
0.001090
0.001167
0.002158
0.001259
0.001165
0.001065
0.001096
0.001174
0.001197
0.001139
0.001255
0.001286
0.001130
0.001165
0.001074
0.001226
0.001038
0.001206
0.001151
0.001364
0.001122
0.001168
0.001301
0.001043
0.001406
0.001129
0.001268
0.001105
0.001228
0.001225
0.001241
0.001087
0.001222
0.001153
0.001303
0.001287
0.001162
0.001267
0.001205
0.001203
0.001131
0.001203
0.001200
0.001056
0.001244
0.003235
0.001127
0.001238
0.001203
0.001192
0.001178
0.001146
0.001021
0.001062
0.001185
0.001226
0.001117
0.001266
0.001198
0.001230
0.001141
0.001061
0.001247
0.001227
0.001281
0.001239
0.001079
0.001166
0.001133
0.001236
0.001122
0.001160
0.001161
0.001120
0.001163
0.001078
0.001138
0.001245
0.001133
0.001102
0.001255
0.001290
0.001168
0.001103
0.001110
0.001164
0.001151
0.001058
0.001198
0.001017
0.001128
0.001078
0.001217
0.001208
0.001383
0.001289
0.001314
0.001211
0.001118
0.001018
0.001101
0.001145
0.000972
0.001037
0.001175
0.001187
0.001338
0.001215
0.001155
0.001116
0.001158
0.001213
0.001047
0.001094
0.001038
0.001144
0.001311
0.001226
0.001141
0.001261
0.001172
0.001067
0.001215
0.001097
0.001187
0.001239
0.001267
0.001156
0.001066
0.001346
0.001231
0.001095
0.001312
0.001258
0.001329
0.001302
0.001114
0.001278
0.001070
0.001038
0.001420
0.001295
0.001111
0.001118
0.001118
0.001224
0.001251
0.001097
0.001193
0.001273
0.001063
0.001193
0.001072
0.001059
0.003112
0.001170
0.001317
0.001243
0.001107
0.001135
0.001257
0.001014
0.001053
0.001279
0.001083
0.001473
0.001328
0.001235
0.001326
0.001161
0.001232
0.001211
0.001157
0.001267
0.001031
0.001029
0.001194
0.001367
0.001190
0.001108
0.001065
0.001192
0.001172
0.001097
0.001176
0.001175
0.001275
0.001117
0.001051
0.001238
0.001195
0.001323
0.001176
0.001181
0.001104
0.001158
0.001034
0.001116
0.001081
0.001389
0.002941
0.001306
0.001162
0.001180
0.001150
0.001127
0.001137
0.001048
0.001229
0.001090
0.001133
0.001183
0.001173
0.000981
0.001192
0.001204
0.001119
0.001202
0.001189
0.001067
0.001164
0.001015
0.001195
0.001227
0.001163
0.001265
0.001142
0.001091
0.001135
0.001019
0.001050
0.001004
0.001332
0.001114
0.001248
0.001233
0.001321
0.001131
0.001208
0.001243
0.001104
0.001210
0.001430
0.001364
0.001125
0.001151
0.001238
0.001264
0.001137
0.001238
0.001171
0.001101
0.001224
0.001439
0.001255
0.001130
0.001098
0.001109
0.001186
0.001436
0.001284
0.001135
0.001181
0.001179
0.001023
0.001136
0.001090
0.000998
0.001119
0.001050
0.001079
0.003308
0.001361
0.001234
0.001126
0.001212
0.001177
0.001239
0.001149
0.001177
0.001094
0.001215
0.001192
0.001167
0.001244
0.001178
0.001265
0.001089
0.001193
0.001221
0.001176
0.001083
0.001081
0.001230
0.001161
0.001402
0.001105
0.001163
0.001261
0.001150
0.001257
0.001182
0.001351
0.001289
0.001045
0.001168
0.001465
0.001304
0.001234
0.001095
0.001181
0.001185
0.001049
0.001105
0.001213
0.001181
0.001206
0.001119
0.001117
0.001267
0.001181
0.001269
0.001167
0.001099
0.001075
0.001125
0.001235
0.001475
0.001185
0.001267
0.001126
0.001202
0.001222
0.001083
0.001219
0.001120
0.001067
0.001247
0.001255
0.001274
0.001125
0.001112
0.001143
0.001171
0.001148
0.001156
0.001012
0.001070
0.001198
0.001303
0.001231
0.001115
0.001229
0.001235
0.001218
0.001167
0.001026
0.001095
0.001096
0.001180
0.001061
0.001190
0.001328
0.001242
0.001085
0.001219
0.001084
0.001186
0.001274
0.001265
0.001192
0.001134
0.001205
0.001099
0.001245
0.001103
0.001070
0.001171
0.001180
0.001191
0.001087
0.001197
0.001150
0.001170
0.001068
0.001172
0.001185
0.001478
0.001186
0.001189
0.001269
0.001231
0.001060
0.001046
0.001230
0.001046
0.001033
0.001284
0.001164
0.001163
0.001203
0.001064
0.001110
0.001035
0.001037
0.001141
0.001187
0.001262
0.001204
0.001278
0.001204
0.001234
0.001253
0.001302
0.001520
0.001437
0.001322
0.001163
0.001132
0.001230
0.001212
0.001289
0.001141
0.001236
0.001217
0.001220
0.001206
0.001225
0.001135
0.001082
0.001071
0.001171
0.001308
0.001312
0.001183
0.001224
0.001228
0.001123
0.001143
0.001086
0.001056
0.001134
0.001012
0.001248
0.001233
0.001154
0.001167
0.001272
0.001292
0.001111
0.001231
0.001079
0.001213
0.001112
0.001180
0.001187
0.001106
0.001149
0.001118
0.001239
0.001260
0.001145
0.001323
0.001167
0.001223
0.001181
0.001132
0.001038
0.001137
0.001122
0.001402
0.001239
0.001183
0.001276
0.001114
0.001226
0.001162
0.001061
0.001239
0.001143
0.001088
0.001200
0.001090
0.001166
0.001201
0.001042
0.001093
0.001272
0.001225
0.001095
0.001123
0.001305
0.001438
0.001412
0.001156
0.001183
0.001154
0.001122
0.001015
0.001183
0.001132
0.001138
0.001208
0.001101
0.001060
0.001007
0.001033
0.001323
0.001212
0.001086
0.001229
0.001279
0.001231
0.001209
0.001012
0.001094
0.001099
0.001315
0.001200
0.001075
0.001100
0.001208
0.001201
0.001820
0.001130
0.001229
0.001159
0.001241
0.001017
0.001336
0.001072
0.001153
0.001251
0.001166
0.001139
0.001127
0.001153
0.001212
0.001198
0.001068
0.001166
0.001321
0.001193
0.001171
0.001061
0.001077
0.001290
0.001336
0.001137
0.001044
0.001154
0.001160
0.001068
0.001373
0.001092
0.001113
0.001055
0.001208
0.001186
0.001176
0.001205
0.001050
0.004463
0.001172
0.001144
0.001358
0.001261
0.001290
0.001075
0.001205
0.001109
0.001194
0.001160
0.001204
0.001234
0.001196
0.001019
0.001236
0.001235
0.001278
0.001016
0.001334
0.001072
0.001173
0.001073
0.001188
0.001278
0.001400
0.001193
0.001249
0.001167
0.001186
0.001079
0.001225
0.001436
0.001344
0.001270
0.001224
0.001232
0.001230
0.001141
0.001199
0.001216
0.001203
0.001030
0.001196
0.001182
0.001178
0.001125
0.001105
0.001421
0.001293
0.001058
0.001189
0.001144
0.001194
0.001079
0.001033
0.001129
0.001221
0.001193
0.001359
0.001229
0.001163
0.001171
0.001165
0.001027
0.001128
0.001170
0.001169
0.001105
0.001230
0.001246
0.001186
0.001167
0.001096
0.001236
0.001166
0.001170
0.001084
0.001468
0.001188
0.001027
0.001002
0.001208
0.001262
0.001201
0.001301
0.001110
0.001214
0.001322
0.001167
0.001203
0.001093
0.001174
0.001327
0.001290
0.001252
0.001120
0.001041
0.001176
0.001182
0.001245
0.001119
0.001243
0.001159
0.001142
0.001287
0.001085
0.001098
0.001202
0.001074
0.001116
0.001082
0.000997
0.001085
0.001124
0.001126
0.001067
0.001081
0.001388
0.001311
0.001107
0.001137
0.001067
0.001023
0.001161
0.001117
0.001118
0.001105
0.001074
0.001082
0.001370
0.001155
0.001133
0.001110
0.001043
0.001189
0.001207
0.001138
0.001199
0.001107
0.001106
0.001403
0.001087
0.001170
0.001190
0.001213
0.001132
0.001289
0.001083
0.001055
0.001179
0.001221
0.001184
0.001192
0.001109
0.001257
0.001189
0.001120
0.001201
0.001230
0.001043
0.001232
0.001134
0.001112
0.001211
0.001369
0.001247
0.001179
0.001137
0.001191
0.001155
0.001168
0.001071
0.001083
0.001136
0.001115
0.001090
0.001076
0.001431
0.001233
0.001238
0.001149
0.001192
0.001090
0.001214
0.001128
0.001128
0.001072
0.001384
0.001361
0.001308
0.001403
0.001398
0.001041
0.001141
0.001180
0.001205
0.001193
0.001104
0.001134
0.001311
0.001090
0.001141
0.001091
0.001169
0.001258
0.001299
0.001338
0.001266
0.001092
0.001110
0.001170
0.001206
0.001415
0.001181
0.001179
0.001214
0.001135
0.001224
0.001275
0.001197
0.001157
0.001022
0.001044
0.001301
0.001089
0.001117
0.001080
0.001234
0.001162
0.001133
0.001177
0.001000
0.001059
0.001039
0.001093
0.001217
0.001009
0.001228
0.001111
0.001245
0.001245
0.001178
0.001215
0.001129
0.001151
0.001018
0.001156
0.001201
0.001075
0.001443
0.001204
0.001121
0.001097
0.001183
0.001178
0.001045
0.001179
0.001177
0.001216
0.001044
0.001408
0.001083
0.001076
0.001177
0.001108
0.001170
0.001116
0.001086
0.001043
0.001253
0.001001
0.001095
0.001277
0.001061
0.001009
0.001163
0.001144
0.001156
0.001227
0.001235
0.001155
0.001201
0.001135
0.001485
0.001176
0.001164
0.001097
0.001127
0.001193
0.001190
0.001170
0.001179
0.001112
0.001069
0.001162
0.001191
0.001061
0.002632
0.001370
0.001134
0.001217
0.001251
0.001067
0.001134
0.001059
0.001151
0.001170
0.001131
0.001282
0.001137
0.001240
0.001101
0.001133
0.001270
0.001212
0.001242
0.001016
0.001140
0.001220
0.001323
0.001292
0.001281
0.001114
0.001158
0.001063
0.001179
0.001197
0.001179
0.001231
0.001238
0.001105
0.001451
0.001341
0.001101
0.001156
0.001166
0.001221
0.001174
0.001109
0.001076
0.001024
0.001134
0.001252
0.001131
0.001167
0.001133
0.001213
0.001053
0.001165
0.001270
0.001178
0.003763
0.001294
0.001096
0.001162
0.001187
0.001107
0.001013
0.001097
0.001087
0.001033
0.001185
0.001266
0.001236
0.001175
0.001261
0.001235
0.001261
0.001145
0.001201
0.001120
0.001075
0.001101
0.001197
0.001282
0.001155
0.001139
0.001213
0.001331
0.001506
0.001228
0.001097
0.001317
0.001152
0.001189
0.002537
0.001130
0.001129
0.001113
0.001074
0.001043
0.001277
0.001222
0.001185
0.001191
0.001015
0.001184
0.001455
