0.001239
0.001069
0.001032
0.000915
0.000907
0.000856
0.001024
0.000929
0.000858
0.000886
0.002316
0.000958
0.001038
0.000864
0.000952
0.000991
0.001078
0.000898
0.000935
0.001159
0.001079
0.001014
0.000949
0.000915
0.001448
0.000803
0.000932
0.001154
0.000905
0.001074
0.001110
0.000955
0.000962
0.001073
0.000797
0.001373
0.001442
0.002061
0.000904
0.001030
0.000794
0.001001
0.000767
0.000776
0.000933
0.000931
0.000757
0.000737
0.000750
0.000791
0.000751
0.000831
0.000886
0.000840
0.000880
0.000919
0.001083
0.000978
0.000968
0.000960
0.000846
0.000855
0.000898
0.001020
0.001039
0.000907
0.000875
0.000981
0.000905
0.001078
0.001053
0.000944
0.000960
0.000882
0.000898
0.001056
0.001016
0.001029
0.001061
0.000970
0.001022
0.001243
0.000998
0.000896
0.001017
0.000986
0.001051
0.000967
0.001056
0.001053
0.000882
0.000981
0.001012
0.001029
0.001094
0.000925
0.000915
0.000989
0.000869
0.000894
0.001030
0.000988
0.001159
0.000913
0.001104
0.001135
0.001004
0.001097
0.001069
0.000967
0.001027
0.000858
0.000867
0.000947
0.000887
0.000937
0.000949
0.000895
0.001158
0.000996
0.000898
0.001003
0.001007
0.000916
0.000842
0.000970
0.001007
0.000944
0.000858
0.001311
0.001073
0.001003
0.001148
0.001277
0.001048
0.001017
0.000895
0.000986
0.000994
0.000910
0.000849
0.001043
0.000862
0.000925
0.001194
0.000968
0.000906
0.001014
0.000835
0.000927
0.000946
0.000994
0.001200
0.001060
0.001127
0.001045
0.000911
0.001256
0.001102
0.001012
0.001038
0.000973
0.000931
0.000929
0.000993
0.000934
0.001094
0.000968
0.001137
0.001017
0.001048
0.000942
0.000849
0.001053
0.000950
0.001053
0.000986
0.000945
0.001104
0.000928
0.000968
0.001019
0.000999
0.001223
0.001065
0.000918
0.001009
0.001107
0.000940
0.000867
0.000989
0.000885
0.000874
0.000986
0.000879
0.001001
0.000985
0.001167
0.001081
0.001081
0.000852
0.000965
0.000837
0.000855
0.000938
0.000885
0.000825
0.000918
0.001114
0.000949
0.000988
0.000920
0.000901
0.000929
0.001060
0.000986
0.000891
0.001081
0.000893
0.000920
0.000947
0.001042
0.001143
0.001127
0.000945
0.000916
0.001087
0.001014
0.000942
0.001181
0.001079
0.000981
0.000927
0.001148
0.000996
0.001060
0.001053
0.000871
0.001056
0.000988
0.000994
0.000950
0.000963
0.001141
0.001092
0.001025
0.000950
0.001105
0.000813
0.000905
0.000892
0.001066
0.000853
0.000875
0.001011
0.001066
0.000825
0.000920
0.000907
0.000955
0.000900
0.001114
0.000993
0.000910
0.000875
0.001019
0.000999
0.000928
0.000994
0.000952
0.000914
0.000897
0.001262
0.000907
0.000929
0.000910
0.001174
0.000999
0.001025
0.001070
0.001076
0.001110
0.000989
0.000916
0.001156
0.000994
0.000989
0.000879
0.000815
0.000934
0.000955
0.000830
0.001272
0.001025
0.001089
0.000901
0.000947
0.000903
0.001081
0.000862
0.000970
0.000789
0.001022
0.000934
0.000950
0.000866
0.000976
0.000845
0.000920
0.001016
0.001004
0.001112
0.000973
0.000862
0.000897
0.001058
0.000909
0.000965
0.000918
0.001161
0.001079
0.000989
0.001012
0.001249
0.001021
0.001009
0.000877
0.001009
0.001016
0.001016
0.000991
0.001099
0.000932
0.000991
0.001070
0.001012
0.000970
0.000978
0.001117
0.000946
0.001061
0.000877
0.000883
0.000844
0.000943
0.000996
0.001069
0.001009
0.001025
0.000860
0.000807
0.001146
0.001035
0.000869
0.001061
0.000807
0.001177
0.000965
0.001034
0.000906
0.000895
0.000920
0.000941
0.000911
0.000901
0.001056
0.001086
0.001032
0.002751
0.001133
0.000968
0.000914
0.000994
0.001006
0.000929
0.000952
0.000960
0.000927
0.000960
0.000853
0.000835
0.000981
0.000922
0.001185
0.000904
0.000920
0.001040
0.001053
0.000976
0.000874
0.000986
0.000914
0.000983
0.000994
0.001151
0.001022
0.000978
0.001040
0.001020
0.001027
0.000894
0.000978
0.001039
0.001256
0.000965
0.000986
0.000991
0.001159
0.000943
0.000889
0.000905
0.000835
0.000996
0.001079
0.000853
0.000986
0.000826
0.000944
0.001145
0.001009
0.000935
0.000945
0.001019
0.000911
0.000883
0.000849
0.001009
0.000991
0.001038
0.001109
0.001007
0.000978
0.001282
0.001040
0.000981
0.000907
0.000928
0.000963
0.001102
0.000960
0.000996
0.000972
0.000885
0.000996
0.001032
0.000920
0.001256
0.000980
0.000938
0.000904
0.000886
0.001002
0.000897
0.000938
0.000946
0.000898
0.000812
0.001163
0.000852
0.001130
0.000976
0.000913
0.000834
0.000945
0.001030
0.001302
0.001088
0.000928
0.001025
0.000843
0.000822
0.000946
0.000937
0.001009
0.001236
0.000963
0.001007
0.000950
0.001182
0.001024
0.000913
0.001110
0.002363
0.001066
0.000919
0.000898
0.001060
0.000933
0.000946
0.001009
0.000885
0.000913
0.001071
0.000849
0.000978
0.001114
0.000928
0.000929
0.001099
0.000911
0.000944
0.000975
0.000804
0.001002
0.000817
0.001210
0.001053
0.000955
0.000994
0.001204
0.000915
0.000889
0.000958
0.001406
0.001069
0.000911
0.000898
0.000981
0.000944
0.001094
0.000938
0.001231
0.001143
0.001048
0.000831
0.000907
0.001068
0.001084
0.000851
0.001099
0.001004
0.000958
0.001321
0.001074
0.000916
0.000925
0.000962
0.000978
0.000947
0.000955
0.000907
0.001128
0.000909
0.000837
0.001153
0.001267
0.001063
0.000941
0.001007
0.000978
0.000960
0.000975
0.001003
0.001074
0.000991
0.000895
0.000878
0.001092
0.001025
0.000981
0.001002
0.000991
0.001030
0.000851
0.000945
0.000905
0.000888
0.000910
0.000798
0.001127
0.000920
0.000883
0.003766
0.001043
0.000836
0.001019
0.000840
0.000886
0.000916
0.000929
0.000898
0.001065
0.000938
0.001128
0.000960
0.001053
0.001076
0.000944
0.000983
0.001081
0.000976
0.001012
0.001007
0.001011
0.000958
0.001037
0.001110
0.000919
0.000989
0.000867
0.001043
0.000980
0.001021
0.000970
0.000889
0.001194
0.000973
0.000911
0.001114
0.000972
0.000996
0.000883
0.000909
0.000804
0.001056
0.001027
0.000831
0.000991
0.001032
0.000985
0.000945
0.002297
0.000991
0.001022
0.000879
0.000965
0.001030
0.001006
0.001058
0.000920
0.000809
0.000858
0.000985
0.001024
0.001205
0.001029
0.000957
0.001069
0.000887
0.001006
0.000981
0.000875
0.001292
0.000911
0.000866
0.000991
0.000889
0.000884
0.000931
0.000994
0.001277
0.001256
0.000889
0.001073
0.001231
0.001159
0.001006
0.000867
0.001074
0.000905
0.001043
0.001306
0.001251
0.000991
0.000925
0.001347
0.001055
0.000870
0.001061
0.000960
0.001035
0.001022
0.000915
0.001076
0.000943
0.001004
0.000925
0.001066
0.001172
0.000958
0.001079
0.001032
0.001027
0.000920
0.001009
0.000919
0.001004
0.001076
0.000958
0.001223
0.000996
0.000950
0.003730
0.000988
0.000986
0.000989
0.000857
0.001045
0.000988
0.000867
0.000957
0.000840
0.000871
0.001231
0.001061
0.001022
0.000949
0.001027
0.001048
0.000972
0.001003
0.001014
0.000962
0.001025
0.000883
0.001087
0.001063
0.001047
0.002396
0.001065
0.000996
0.000849
0.001069
0.001052
0.001055
0.000906
0.001016
0.000936
0.001032
0.001220
0.000940
0.001076
0.001061
0.000927
0.000953
0.000882
0.001022
0.000838
0.000843
0.001192
0.001045
0.000905
0.001021
0.000942
0.001097
0.001048
0.000906
0.001007
0.000866
0.000965
0.000947
0.000866
0.000937
0.001011
0.000898
0.000932
0.001321
0.001032
0.000968
0.001043
0.000957
0.000839
0.000947
0.000918
0.000976
0.000971
0.000981
0.001141
0.000971
0.001112
0.000910
0.000904
0.000833
0.000945
0.000833
0.001048
0.000910
0.001107
0.000957
0.001061
0.000942
0.000991
0.000957
0.001060
0.001025
0.000848
0.001009
0.000853
0.001040
0.001051
0.000906
0.001035
0.000965
0.001164
0.000971
0.001016
0.000957
0.000932
0.001016
0.000978
0.001040
0.000923
0.000949
0.000965
0.000827
0.001094
0.001207
0.000993
0.000838
0.001066
0.000945
0.000833
0.001047
0.000829
0.000935
0.000901
0.000889
0.000945
0.000978
0.000837
0.001045
0.001022
0.000946
0.000870
0.000852
0.000993
0.000950
0.000874
0.000980
0.000981
0.000849
0.001109
0.001107
0.001151
0.001099
0.000933
0.001047
0.001084
0.001006
0.001071
0.001105
0.001009
0.001006
0.001136
0.001107
0.000897
0.000919
0.000906
0.000903
0.000954
0.000986
0.001055
0.000978
0.000967
0.000981
0.001110
0.000998
0.001074
0.000947
0.000875
0.000973
0.000994
0.000834
0.000981
0.001017
0.000934
0.000889
0.001212
0.001014
0.001071
0.000960
0.000828
0.000821
0.001102
0.000911
0.000852
0.001125
0.001039
0.001150
0.000971
0.001037
0.000916
0.001056
0.000981
0.001056
0.000927
0.000952
0.000878
0.000830
0.000985
0.000986
0.000937
0.001043
0.001171
0.000981
0.000903
0.001040
0.000873
0.000940
0.000834
0.001182
0.000929
0.000900
0.001087
0.000898
0.000896
0.001012
0.000941
0.001004
0.000980
0.000986
0.001030
0.000848
0.000976
0.000853
0.001156
0.001052
0.000981
0.000880
0.001251
0.000938
0.001136
0.000958
0.000970
0.000911
0.000976
0.001004
0.000869
0.000898
0.000820
0.001056
0.001233
0.001169
0.001017
0.002223
0.000972
0.000976
0.001096
0.001110
0.001007
0.001030
0.000933
0.001020
0.000871
0.000963
0.001262
0.001138
0.001043
0.000967
0.000816
0.001061
0.001060
0.001086
0.000981
0.001069
0.000858
0.001112
0.000938
0.000927
0.000858
0.000947
0.001089
0.001034
0.000962
0.001048
0.000999
0.000940
0.000958
0.000889
0.001118
0.000922
0.000957
0.001094
0.001094
0.001043
0.001071
0.000915
0.001187
0.000986
0.001081
0.000938
0.000860
0.000894
0.000965
0.000849
0.000950
0.001032
0.000909
0.001043
0.000894
0.001270
0.001089
0.000884
0.000877
0.001066
0.001032
0.000954
0.000918
0.000844
0.000946
