0.0039675285
0.003895358
0.0037761855
0.0038218545
0.0036943485
0.003709182
0.003767852
0.0038932915
0.0039094505
0.00373211
0.0038291165
0.003722942
0.003700441
0.003943792
0.0040634675
0.003868453
0.003656104
0.003845785
0.0036601045
0.0036019335
0.001834136
0.001763964
0.001695292
0.0016804575
0.0017711315
0.001749963
0.001668457
0.0018758055
0.0017569635
0.001787466
0.0017751315
0.001732628
0.001780132
0.001722461
0.0026750315
0.003919957
0.002516686
0.0019313095
0.0014631085
0.001562449
0.0014841095
0.0016062855
0.0015316135
0.0014589415
0.0014999445
0.001435773
0.001480943
0.0014132715
0.0015231125
0.0014936105
0.0014449405
0.0016097855
0.0023628415
0.0050105375
0.0017642975
0.001940144
0.001776298
0.001929643
0.0019044745
0.0017921325
0.001926976
0.001683291
0.0017689645
0.0017092935
0.0016692905
0.0018339695
0.0017311285
0.0018354695
0.001750963
0.0018476365
0.0019148085
0.0019263095
0.002007482
0.001815634
0.001944811
0.00175463
0.0019241425
0.0017484625
0.0017484625
0.0020294835
0.001721794
0.001763964
0.0018081335
0.0017449625
0.001949811
0.001706293
0.0018389695
0.0017987995
0.001939977
0.0018686385
0.0018051335
0.0018758055
0.001717794
0.001786299
0.0019538115
0.0018328025
0.001740629
0.001860471
0.001973273
0.0018009295
0.0019120995
0.001736925
0.0018567645
0.00170059
0.0016697545
0.001926768
0.0017269245
0.001991105
0.001805262
0.001887266
0.0017745935
0.0016785885
0.0017957615
0.0017539255
0.001849764
0.0017282575
0.0017820935
0.0018839325
0.0017749265
0.001852764
0.0017237575
0.0018139285
0.001688422
0.0016682545
0.001868765
0.0016800885
0.001790094
0.0017032565
0.001847764
0.001723924
0.001776427
0.001845097
0.001727424
0.002120112
0.001724424
0.0018380965
0.001795428
0.001815429
0.00196277
0.001763426
0.0018669315
0.0018087615
0.0018095955
0.001967937
0.001842597
0.001743092
0.0018162625
0.0019396025
0.0036300245
0.001795261
0.0018537645
0.001819596
0.001874599
0.0018647645
0.0018500975
0.001743925
0.00177926
0.0019059335
0.0018244295
0.0018966
0.0017934275
0.001873099
0.0017349245
0.00176876
0.001808762
0.0017615925
0.0018844325
0.0019441025
0.0018730985
0.001829263
0.0017832605
0.001832763
0.001735591
0.001888766
0.001680755
0.001758926
0.0019052665
0.0018457635
0.001898433
0.0017890945
0.001926435
0.0017205905
0.001758259
0.001949603
0.0018187625
0.001782594
0.0017520925
0.0018752655
0.0016927555
0.001754592
0.0018690985
0.001687922
0.001845097
0.001697423
0.0018705985
0.001780927
0.001761426
0.001899477
0.001686649
0.0018111415
0.0017791455
0.001715805
0.0018393155
0.0017348065
0.001842149
0.001798979
0.0019446575
0.0017959785
0.001786811
0.001849316
0.001778977
0.001925989
0.00177531
0.0020211635
0.0018126465
0.0017134715
0.001857817
0.001851983
0.001912321
0.0018373155
0.00189932
0.0017671425
0.001727806
0.0019859935
0.0017724765
0.001807646
0.00172864
0.001770143
0.0017208055
0.0017479745
0.0019444905
0.001825481
0.0019779935
0.0017631425
0.0018213135
0.001922822
0.001881485
0.0018056455
0.0017488075
0.001883819
0.0018119795
0.0017591425
0.0017761435
0.0018146465
0.0018479825
0.0017693095
0.0019766595
0.0017433075
0.0018324815
0.0019063205
0.00173364
0.0018381485
0.001825814
0.0017719765
0.001743641
0.0018398155
0.0020204965
0.00177331
0.001777477
0.0018396485
0.001908821
0.001754475
0.0017491415
0.0018393155
0.0016276315
0.001870651
0.001756475
0.001656634
0.0019253225
0.001825314
0.001907321
0.001762976
0.0018813185
0.0017931445
0.001834315
0.0019611585
0.001728973
0.001823314
0.00185565
0.0018788185
0.0017546415
0.001680302
0.0018428155
0.001830148
0.0019089875
0.00173564
0.001829648
0.0017621425
0.0017798105
0.0018423155
0.001691303
0.0018053125
0.0018283145
0.0037530275
0.004056543
0.0037695285
0.0038568665
0.003687524
0.0042895555
0.003760028
0.0036166875
0.0038556995
0.003771195
0.003838532
0.003890868
0.004129047
0.0042668875
0.0035410165
0.0034731795
0.003551017
0.003453012
0.003353507
0.003394842
0.0014620755
0.0014509085
0.0016039165
0.001919933
0.001461242
0.001459909
0.001576415
0.001429741
0.00148341
0.0014319075
0.0015435795
0.001509745
0.001485577
0.001512745
0.0023519555
0.0017934265
0.001838762
0.0026323025
0.0020687735
0.001726756
0.002796145
0.0021884465
0.001882764
0.002026605
0.0018054265
0.001949434
0.001836595
0.001831595
0.0019074325
0.0019507675
0.0018492625
0.001797093
0.0019346
0.001977269
0.001811427
0.0019264335
0.0017860925
0.0018062605
0.001769425
0.001704922
0.0019436005
0.001760091
0.00180126
0.0016510855
0.001907599
0.001719089
0.001707755
0.00186743
0.001719756
0.001784926
0.00167392
0.0018927645
0.0016824205
0.0018795975
0.0019190995
0.001729756
0.0020639405
0.0018054265
0.001950601
0.001862263
0.0018744305
0.001831928
0.0018455955
0.001873264
0.001747924
0.0018744305
0.0018295945
0.0017535905
0.0017855925
0.0017809255
0.001900765
0.001850429
0.0016959215
0.00186043
0.001796926
0.001888931
0.0016640865
0.00180226
0.001733923
0.0016940875
0.0017702585
0.0017387565
0.0019107655
0.0017099215
0.0018515955
0.0016439185
0.001778592
0.002013771
0.0018010935
0.00199177
0.001727923
0.0018460955
0.0017612575
0.0018039265
0.001835428
0.0017497575
0.001860263
0.0017347565
0.0019496005
0.0019029315
0.0017550905
0.003561684
0.001874764
0.002014104
0.0018359285
0.00180626
0.001944934
0.001866097
0.0017864255
0.00180226
0.001896765
0.001793426
0.0017900925
0.001946101
0.0016739195
0.002058773
0.001704255
0.0018777635
0.0017440905
0.0017705915
0.001820761
0.0017772585
0.0018904315
0.00167592
0.0018137605
0.0018650965
0.0017559245
0.0018060935
0.001798926
0.0018519295
0.0019185755
0.001752069
0.001984245
0.0017235685
0.001813072
0.0017640695
0.001927576
0.001697734
0.0017222345
0.0019297425
0.0017170675
0.001938743
0.001887908
0.0041178295
0.0037428145
0.0035596405
0.0037401475
0.003820867
0.00377486
0.0037512135
0.0037265405
0.003752873
0.0035771965
0.003798042
0.003731038
0.005027776
0.0038660455
0.004223565
0.0036462
0.003393186
0.003541528
0.0039430495
0.0042470665
0.001497749
0.0014160775
0.0015025825
0.0015667525
0.001461747
0.0014515795
0.001619922
0.001470414
0.001423078
0.0015682525
0.0014892485
0.0015200835
0.0014680805
0.001498582
0.0014734145
0.0014109105
0.0014357455
0.0014639135
0.0013900765
0.001492249
0.001484415
0.0017294285
0.001678259
0.001830767
0.0017977655
0.0025288055
0.0032196765
0.001809099
0.0040438885
0.00187777
0.0019272725
0.0019292725
0.0018456015
0.00175593
0.001780931
0.001803266
0.001896271
0.001901771
0.001666425
0.001791265
0.0017410955
0.001900938
0.0018626025
0.001680759
0.0017957655
0.0017509295
0.001980776
0.001771098
0.001762597
0.001847769
0.001637757
0.001803933
0.0017604305
0.0021009495
0.001795266
0.001700594
0.001867103
0.0017162615
0.0018161005
0.0017115945
0.001742263
0.0018096
0.0016137555
0.0018166005
0.001688093
0.001838268
0.001728262
0.0016674255
0.00186827
0.0017125945
0.0018642695
0.001766264
0.001825101
0.0016965935
0.0017054275
0.001821101
0.001775598
0.001906772
0.0016617585
0.001789099
0.001778765
0.0016484245
0.0019446075
0.001774431
0.001778765
0.0016225895
0.0018171005
0.001863603
0.0017370955
0.0019217725
0.0019831095
0.001884104
0.001866103
0.0017609305
0.0018617695
0.002971331
0.0018681035
0.001875604
0.0019091055
0.001847602
0.0018742705
0.001835101
0.0017147615
0.002041946
0.0017609305
0.0017944325
0.0017292625
0.0016940935
0.001762264
0.00174993
0.0017885985
0.0017500965
0.001902772
0.0016837595
0.001793099
0.0018066
0.001806433
0.0021367845
0.0018067665
0.001794599
0.001905605
0.0017192615
0.00205278
0.001730429
0.0018324345
0.001850769
0.001823434
0.0018601025
0.0017490965
0.0018827705
0.002043113
0.0018242675
0.001762764
0.0017007605
0.001839435
0.001717595
0.0018406015
0.0017527635
0.0017409295
0.001785265
0.0020154445
0.0019351065
0.0017769315
0.001791599
0.0017382625
0.0017779315
0.001802933
0.0017099275
0.0018301015
0.0017532635
0.001848269
0.0017199285
0.0017767645
0.001904772
0.001760597
0.001905272
0.001697427
0.001915606
0.0018252675
0.0018101
0.001875437
0.0018932715
0.0018279345
0.001742096
0.001837768
0.0016824265
0.001881771
0.0017574305
0.0017927655
0.0018406015
0.001788432
0.001971609
0.001832435
0.0016995935
0.0019434405
0.001779265
0.0017774315
0.0017232615
0.0016710925
0.001907439
0.0017660975
0.0018529355
0.0017897655
0.0018901045
0.001785932
0.001781765
0.0018647695
0.0018277675
0.0018344345
0.001792099
0.0019347735
0.001772931
0.001778098
0.001872103
0.001738596
0.001816934
0.001737096
0.0019641085
0.001708761
0.0017574305
0.001900105
0.001728262
0.001855269
0.001784432
0.0019012715
0.0019131055
0.001715595
0.001924773
0.00174893
0.003756532
0.003884205
0.010016196
0.003895706
0.00473475
0.008527784
0.003521353
0.0034783505
0.00334301
0.0035921895
0.003267006
0.003544854
0.0034701835
0.0036088575
0.0034551825
0.003350344
0.0033700115
0.0039330415
0.0038235355
0.003708529
0.0019539365
0.0018327635
0.0019771045
0.0018912665
0.0018070955
0.0017504255
0.001729758
0.0018524315
0.0019092675
0.001754926
0.0018896
0.0017615935
0.0018077625
0.001790261
0.0016875895
0.0017890945
0.002037274
0.0019522695
0.002570636
0.0057026345
0.0017617595
0.0016832555
0.0018470975
0.001760093
0.001805262
0.0016869225
0.0017715935
0.0017740935
0.0019699375
0.0018089285
0.001752426
0.0019571035
0.001789261
0.001856431
0.0017504255
0.0018055955
0.001802262
0.0016802555
0.00195477
0.001838097
0.0016590875
0.001848264
0.001700423
0.0018495975
0.0017209245
0.0018209295
0.0016975895
0.0017532595
0.001955603
0.0017527595
0.0017634265
0.0018742655
0.001842764
0.0017720935
0.001928102
0.0018986005
0.0018007615
0.0018690985
0.001739092
0.0017950945
0.001765093
0.0017204245
0.0017644265
0.0017805945
0.001895267
0.001798428
0.001824596
0.0019021005
0.001721091
0.0018410975
0.0017227575
0.001895767
0.0016997565
0.00171059
0.0018892665
0.0018557645
0.0019621035
0.0017417585
0.0020069395
0.0018567645
0.001690089
0.0019751045
0.0017577595
0.0018690985
0.00176526
0.00195377
0.001736925
0.0018280965
0.001851931
0.001742759
0.001798595
0.0016177525
0.0018585985
0.001703757
0.0017669265
0.001938269
0.0018434305
0.0019079345
0.001681922
0.001778261
0.0018270965
0.0017505925
0.0019026005
0.00183443
0.0018727655
0.001804762
0.0016880895
0.001926435
0.00177076
0.0018594315
0.00175976
0.0018184295
0.0017475925
0.0017352585
0.001915768
0.001700923
0.001815429
0.0017952615
0.003988211
0.001775594
0.0017410915
0.0018409305
0.0017195905
0.001843432
0.0017679275
0.001849432
0.0017494265
0.0016877565
0.0019221025
0.001759094
0.0019764385
0.001775261
0.00181343
0.0019241025
0.001797429
0.0018756
0.0017595935
0.001930603
0.001799596
0.0018045965
0.0019047685
0.001736926
0.0018317645
0.0018214305
0.0018754335
0.0017967625
0.001850432
0.0019169355
0.0016497545
0.001831264
0.001759427
0.0018897675
0.001738926
0.001772428
0.0018846005
0.001677256
0.0019551045
0.001720258
0.0018505985
0.0018761
0.0017387595
0.0018364315
0.001715925
0.001774928
0.001789762
0.001825764
0.001872266
0.0017667605
0.001803596
0.0017540935
0.001868933
0.0017370925
0.0017017575
0.002400128
0.00181293
0.001881767
0.0017249255
0.0019329365
0.001758094
0.001729592
0.00200344
0.0017079245
0.001836431
0.0018397645
0.001828931
0.001719092
0.0018607655
0.001903768
0.001760927
0.001872433
0.0017022575
0.00168909
0.0019124355
0.0017220915
0.0020817775
0.001969605
0.002109279
0.0021446145
0.001711091
0.0018801
0.00180943
0.0018974345
0.001782762
0.0019319365
0.001683923
0.0016847565
0.0018811
0.001728092
0.001839598
0.001698924
0.001932103
0.001684423
0.0017190915
0.0019252695
0.001749927
0.001856599
0.001836598
0.00175026
0.0019262695
0.0017905955
0.0017920955
0.001722925
0.0019292695
0.0017920955
0.0017920955
0.0019306025
0.0017555935
0.0018607655
0.001715258
0.0018255975
0.0018685995
0.0020817775
0.001811597
0.0017722615
0.0019986065
0.001679923
0.0018290975
0.0017089245
0.001760427
0.001792929
0.001663589
0.001785095
0.0018397645
0.001839098
0.001805763
0.001647421
0.0018834335
0.001717258
0.001903768
0.00169459
0.0017320925
0.001910435
0.00181443
0.0018500985
0.0024166285
0.001913102
0.0017422595
0.001796429
0.0019416035
0.0017149245
0.0019611045
0.0017292585
0.001779595
0.0017300925
0.001646421
0.0017544265
0.0019367695
0.001804096
0.001724592
0.0018365975
0.0017930955
0.0019446035
0.0018931005
0.003657528
0.002114446
0.001763094
0.002052776
0.0018215975
0.0019482705
0.001920769
0.001823097
0.0019147685
0.0017329255
0.001711258
0.001839098
0.0017909285
0.0018776
0.0017912625
0.0018614325
0.0017862615
0.001765261
0.0017747615
