0.003455354
0.0034451865
0.0034733545
0.0033758495
0.003566693
0.0034355195
0.0034756885
0.0033925175
0.0034140185
0.0036010285
0.0033313475
0.003545192
0.003392184
0.0032846775
0.003478022
0.0032843445
0.003584194
0.0034026845
0.003602695
0.003591528
0.001529416
0.0013669075
0.0013610735
0.001632755
0.001462746
0.00141041
0.001472413
0.00153375
0.001383408
0.0015677515
0.001501081
0.001505082
0.001621588
0.001516082
0.001424244
0.00147958
0.001633922
0.0014270775
0.00141641
0.001604754
0.001452912
0.0014389115
0.001429244
0.0015607515
0.001432578
0.0014535785
0.0018114315
0.0015462505
0.0015085815
0.0014650795
0.0016930915
0.0014952475
0.0013970755
0.001531083
0.00140791
0.001403076
0.001479747
0.0014740795
0.001394742
0.0015909195
0.0016695905
0.0015112485
0.001510582
0.001756262
0.001543917
0.001451245
0.0014570785
0.0015037485
0.001489414
0.001497081
0.0016130875
0.0014612455
0.001385908
0.0014885805
0.001424744
0.001462246
0.0016822575
0.001558751
0.001403576
0.001425244
0.002171784
0.0014620795
0.003342681
0.0023289595
0.0015805855
0.002195619
0.001459079
0.0015709185
0.0014417445
0.001812765
0.001925604
0.0012995705
0.00135424
0.0016129205
0.001313071
0.001210899
0.001207232
0.0013010705
0.001320738
0.0012297335
0.0012369005
0.0011957315
0.0012409005
0.0016290885
0.001480747
0.0014547455
0.00154275
0.0016094205
0.001503915
0.0014942475
0.00171826
0.0014732465
0.001527416
0.001432244
0.001587419
0.0014375775
0.0014392445
0.001559918
0.001531583
0.0014445785
0.001452245
0.0014039095
0.0014429115
0.0015004145
0.001607087
0.0013735745
0.001574252
0.001548084
0.001404743
0.0014900805
0.001562418
0.0014617455
0.001578252
0.0014732465
0.0015929195
0.0014317445
0.001395742
0.0016029205
0.0015112485
0.0014007425
0.0015009145
0.0014464115
0.0015119155
0.001509915
0.00147658
0.001330239
0.0013790745
0.0015270825
0.001504415
0.0014404115
0.001387575
0.001509415
0.001483914
0.001394409
0.001575585
0.0015057485
0.001505748
0.0016294215
0.001372908
0.001451412
0.0014665795
0.001576585
0.00154325
0.001463746
0.001610754
0.001488747
0.0013425725
0.001490081
0.001506915
0.0014295775
0.001444578
0.0015502505
0.001733094
0.0013765745
0.00153275
0.001525416
0.00147808
0.001457579
0.001505266
0.00145092
0.001479593
0.001575099
0.0013414175
0.0013530855
0.0014435905
0.0014984275
0.0014024215
0.001444924
0.0015305965
0.0015437635
0.0014602585
0.0015289295
0.001367419
0.0014074215
0.0015080945
0.001508595
0.0013962545
0.001443924
0.0018071135
0.0015639315
0.0015370965
0.0015769325
0.0015057615
0.00143509
0.001457925
0.001647937
0.0014202555
0.001321583
0.0015592645
0.001531263
0.0015419305
0.001607601
0.0014664255
0.001387254
0.0014240895
0.0015002605
0.001509595
0.0014037545
0.0016532705
0.001487927
0.0014725925
0.00153643
0.0014360905
0.001456258
0.001435257
0.001580266
0.001510095
0.0014900935
0.001579099
0.0014752595
0.00148826
0.0016042675
0.001421756
0.0015299295
0.0015134285
0.00154093
0.0015655985
0.0015244295
0.0015215955
0.001460592
0.001486927
0.0013842535
0.0022738095
0.0014777595
0.0014695925
0.0016191015
0.0014695925
0.001373253
0.001527596
0.001409255
0.00142859
0.0014859265
0.0015324295
0.001643603
0.0016404365
0.0016864395
0.0014824265
0.0014565915
0.0016152685
0.00143159
0.001501428
0.0014350905
0.001595767
0.001549264
0.0014822595
0.0014755925
0.00143459
0.0014617585
0.001655771
0.0014824265
0.0014622585
0.0014812595
0.001632936
0.00137792
0.001531263
0.0015680985
0.001457592
0.001837449
0.001505761
0.001533263
0.001405588
0.0014764265
0.001577099
0.001489594
0.001534245
0.001559422
0.0014119095
0.001484748
0.0014164105
0.0015660855
0.0014689135
0.001417744
0.0014652465
0.001440412
0.0015047485
0.0015039155
0.001398243
0.001426411
0.0018487675
0.0014884145
0.0014869145
0.001464413
0.0015449175
0.001563585
0.0014492455
0.001485414
0.0015465845
0.001481914
0.0014599125
0.0016349225
0.001434078
0.0014327445
0.001476414
0.001533417
0.001419411
0.00146808
0.0016122545
0.001461246
0.001457246
0.0015104155
0.001523083
0.0014400785
0.001600587
0.0015640855
0.001501582
0.0015472515
0.0016954255
0.0015007485
0.001513416
0.0014699135
0.001487081
0.001458413
0.0015109155
0.0014077435
0.001426578
0.0013707415
0.0015229165
0.0015105825
0.001487581
0.0015195825
0.00146658
0.003447021
0.0014339115
0.0016327555
0.001490915
0.0014560795
0.0016857585
0.001563752
0.0014052435
0.0014955815
0.0015269165
0.0014547455
0.0013717415
0.001523083
0.001416077
0.0015069155
0.001564252
0.0015900865
0.00140341
0.001497915
0.001461413
0.0014750805
0.0013625745
0.0016052545
0.001682925
0.001481914
0.0015012485
0.0016550905
0.001573252
0.0014590795
0.0015582515
0.001491748
0.0014274115
0.0016034205
0.001389409
0.0015819195
0.00152675
0.0015327505
0.0015080825
0.0014359115
0.0015305835
0.001436578
0.001476247
0.0014832475
0.0013909095
0.0014532455
0.0015247495
0.0017875975
0.001508753
0.00148775
0.0015884225
0.001378744
0.0014759165
0.001487917
0.0013527425
0.001390245
0.001521085
0.0014750825
0.0013840775
0.001478583
0.0016527595
0.001452915
0.0014459145
0.00154142
0.00148325
0.0015774215
0.001501751
0.001430914
0.001458082
0.0014737495
0.001571588
0.0015025845
0.0014345805
0.0015384195
0.0013944115
0.001469916
0.0013554095
0.001526419
0.0013892445
0.001574755
0.0016685935
0.0014207465
0.001451415
0.001511918
0.00136191
0.0014037455
0.0013904115
0.001531419
0.001557921
0.00141908
0.001511918
0.0014750825
0.0014370805
0.001464249
0.001613424
0.001458915
0.001390911
0.0015515875
0.001482083
0.0013685765
0.001631758
0.0014849165
0.0014954175
0.0014767495
0.0015227525
0.001410079
0.003413025
0.001653759
0.0014829165
0.0014707495
0.001595256
0.0014145795
0.0015575875
0.001453582
0.0015429195
0.0014417475
0.0014695825
0.00154792
0.0014707495
0.0014380805
0.001586756
0.001389245
0.0015812555
0.0015462535
0.0015394195
0.0014284135
0.0015260855
0.0016562595
0.0014309135
0.001406579
0.0013600765
0.001565421
0.0013884115
0.00136291
0.001592256
0.00136241
0.001417913
0.0015349195
0.001525919
0.001391745
0.001557754
0.001636925
0.001498251
0.001408079
0.0016402585
0.0019104405
0.00148825
0.00159859
0.0014369135
0.001394245
0.0013995785
0.001515585
0.0015975895
0.0014224135
0.001594256
0.0013995785
0.001393245
0.001456082
0.001487917
0.0014047455
0.0015327525
0.001676594
0.0015579205
0.001601923
0.001566755
0.0014882505
0.001413413
0.00142658
0.0014789165
0.001535753
0.0013657435
0.001675927
0.001396412
0.0014864165
0.0015479205
0.0037733785
0.0034558605
0.0035033635
0.0038335485
0.0034706945
0.0033821895
0.003534032
0.0033690225
0.003544699
0.0039183865
0.003473528
0.0033598555
0.003532198
0.003661039
0.003421192
0.003620703
0.003523364
0.0034136915
0.003338854
0.0033473545
0.001689595
0.001413746
0.0015810885
0.001644759
0.001516585
0.00196061
0.002502974
0.0015760885
0.0013512425
0.001482583
0.0014892505
0.0014555815
0.0014557485
0.00154542
0.0014522485
0.0014217465
0.0016537595
0.001441581
0.0013980785
0.001385411
0.0015010845
0.0014232465
0.0013949115
0.0023894675
0.001615591
0.0013549095
0.0012595705
0.0012812385
0.001289239
0.0012704045
0.0019411085
0.001265571
0.0013204075
0.001316407
0.001195734
0.0014815835
0.001432747
0.001579922
0.0015544205
0.001474249
0.0016927615
0.001462082
0.001405579
0.0015475865
0.001462749
0.0014224135
0.001515752
0.0016409255
0.001409579
0.0015115845
0.0015255855
0.001421913
0.001383244
0.0014642485
0.0015017465
0.001411744
0.001525749
0.0015442505
0.0013467395
0.0013699075
0.001501248
0.0013674075
0.0015339165
0.001405576
0.0016730905
0.0015239155
0.001554251
0.0015857525
0.001621421
0.00148358
0.0016239215
0.001489414
0.001482914
0.001522249
0.001632588
0.001489581
0.001454412
0.00160242
0.001426577
0.0013949085
0.0015224155
0.001457579
0.0014899135
0.0014010755
0.001530916
0.0014675795
0.001440578
0.0016852575
0.001422077
0.001470413
0.001469746
0.0016114205
0.001476413
0.001473413
0.0017007585
0.0015909195
0.0015887525
0.0016289215
0.0014062425
0.0014549125
0.0014259105
0.001577752
0.0013864085
0.001349406
0.00153825
0.0014375775
0.0014794135
0.001616921
0.001504748
0.0047294225
0.0014937475
0.003545025
0.0014755795
0.001479247
0.001609587
0.0014402445
0.001411076
0.0016680905
0.0015399165
0.001462746
0.001514915
0.001481247
0.001526416
0.0014254105
0.0014392445
0.0015290825
0.0014239105
0.0014935805
0.0015939195
0.0015415835
0.0014782465
0.001568085
0.00141841
0.0013709075
0.0016212545
0.001439745
0.001510748
0.001461746
0.001519749
0.001551584
0.0019084365
0.0015872525
0.00148508
0.001380241
0.0016510895
0.001591586
0.0014629125
0.0014030755
0.001626088
0.0014074095
0.0015317495
0.0016169205
0.0014285775
0.0014937475
0.0014560785
0.0014864135
0.0014797465
0.0015744185
0.001622421
0.0014627455
0.0014804135
0.001529416
0.001369407
0.0014957475
0.001408743
0.00147058
0.001485414
0.0015229155
0.001671257
0.001604587
0.001458246
0.001684091
0.001545584
0.0014454115
0.001484247
0.0015590845
0.001418243
0.0014390775
0.0016370885
0.003916543
0.00361186
0.0035128545
0.0036490285
0.003284509
0.003636195
0.003620027
0.00329901
0.00348302
0.0033676805
0.0032905095
0.0033101775
0.0034261835
0.003467519
0.0034785195
0.0035210215
0.0034031825
0.0032461735
0.0033393455
0.0033685135
0.001506414
0.001463578
0.0016020855
0.001373907
0.001486413
0.001492247
0.001709258
0.0015120805
0.004060051
0.001797763
0.002049943
0.0017142585
0.002282789
0.0011763965
0.001321071
0.001300403
0.001255234
0.0012030645
0.001213565
0.0012909025
0.0012842355
0.0011753965
0.001227399
0.0012404
0.001144895
0.0016319205
0.001458745
0.0015454165
0.0013545725
0.0016232535
0.00148658
0.001459745
0.001554083
0.0013587395
0.0013572395
0.001502914
0.001419076
0.001423243
0.001446744
0.001558917
0.0014467445
0.001531082
0.0017584275
0.0015030805
0.0014937465
0.001518581
0.001468745
0.001452911
0.0015287485
0.0015444165
0.001493913
0.001539249
0.0015884185
0.0015437495
0.0015252485
0.0013109035
0.0015654175
0.0014224095
0.0014634115
0.001548416
0.001434077
0.001393741
0.0018240975
0.001396908
0.0014239095
0.0013782405
0.001520415
0.001606586
0.001425743
0.001604086
0.0014614115
0.0014244095
0.001455578
0.001423243
0.0014340765
0.0014274095
0.0015682505
0.0014994135
0.001467912
0.001586585
0.0014922465
0.0013385715
0.001523082
0.0015149145
0.0015097475
0.001433577
0.001577751
0.001439077
0.001485746
0.001577251
0.0014517435
0.0014812455
0.001408908
0.0014792455
0.001453744
0.001491246
0.0015895845
0.0014302425
0.001498913
0.001487579
0.0014779115
0.001467578
0.001662255
0.001619086
0.0014235755
0.001508747
0.001482412
0.0014484105
0.001461911
0.0015252475
0.0015830845
0.0014869125
0.0013979075
0.0015790835
0.0014775785
0.001428409
0.001667422
0.001527081
0.00144041
0.0015065805
0.0014800785
0.001500413
0.001425242
0.0015550825
0.0014970795
0.0013764065
0.0015680835
0.001534915
0.00149708
0.001450077
0.0015999185
0.0014174085
0.001423242
0.0015315815
0.0014547435
0.0014477435
0.0015540825
0.0014200755
0.0013697395
0.0013770735
0.001519414
0.001450744
0.0014425765
0.001559583
0.001458244
0.001438576
0.001555916
0.0016999235
0.001360739
0.0014289095
0.001576917
0.001518414
0.00144941
0.0016034185
0.0014625775
0.0015315815
0.001480412
0.0015344145
0.001430576
0.001482079
0.001570917
0.0013937405
0.0014200755
0.0016742555
0.002027274
0.0017104245
0.001534415
0.0017792615
0.001483579
0.0015522495
0.0016990905
0.001556416
0.0014179085
0.0016222525
0.0014519105
0.0013887405
0.001481079
0.00156875
0.001500246
0.0014462435
0.0016035855
0.0014697445
0.0015747505
0.0014309095
0.001599085
0.001489746
0.001433743
0.0016265865
0.001422409
0.001497913
0.0015175805
0.0013984075
0.001393574
0.001620086
0.001545249
0.001476745
0.001487246
0.0016224195
0.0013399045
0.001604252
0.0014930795
0.001461744
0.0014099085
0.0014385765
0.00169409
0.0014672445
0.001412075
0.0016840895
0.0014179085
0.0014039075
0.0013970745
0.001609919
0.001457577
0.0014294095
0.0015547495
0.001535582
0.0014847455
0.0015770835
0.001405908
0.001552749
0.001645921
0.00170009
0.001563083
0.001489079
0.0016110855
0.0014905795
0.001362239
0.0015757505
0.0014380765
0.0014992465
0.001388574
0.0016330865
0.0015645835
0.001433743
0.001532415
0.001365739
0.001476745
0.0015287475
0.0015142475
0.0013589055
0.001452077
0.0015594165
0.0015619165
0.001463578
0.00156825
0.001446077
0.0016265865
0.001399741
0.001554916
0.0018412645
0.0028938205
0.0016979235
0.0013917405
0.00144891
0.001761594
0.001479245
0.0014982465
0.001531915
0.001698257
0.001511247
0.001491579
0.001590251
0.0015025795
0.0013577385
0.0016039185
