0.003611347
0.0034435055
0.003125656
0.00320466
0.003368168
0.0031551575
0.0033921695
0.0031779915
0.003327833
0.004459889
0.003193159
0.0032761635
0.0034098365
0.003221327
0.0035458435
0.003754021
0.006287647
0.003702518
0.003209827
0.0054447715
0.0013078985
0.002348784
0.0013200655
0.001311399
0.001339567
0.0013592345
0.001260896
0.001348234
0.0012735635
0.0012610625
0.0014624065
0.0015639115
0.0012093935
0.001263063
0.001393403
0.0013165655
0.0012133935
0.001328066
0.002575462
0.001352901
0.0012578965
0.0013574015
0.001372402
0.0012590625
0.0013315665
0.00120256
0.0013437335
0.001528743
0.0016062465
0.001558911
0.0012588965
0.001372902
0.001169225
0.00106072
0.001100055
0.001250396
0.001081054
0.0011807255
0.001126056
0.001187059
0.001250729
0.001059886
0.0010355515
0.0010602195
0.001126056
0.001130723
0.001250896
0.001177559
0.001150891
0.001063053
0.0010463855
0.0010233845
0.0011535575
0.0012617295
0.001121556
0.00119956
0.001106395
0.001168228
0.001018721
0.001015721
0.0013055695
0.0011523945
0.0013687395
0.0012552335
0.0012962355
0.0013709065
0.0013117365
0.001638587
0.0012925685
0.001345905
0.0014492435
0.0012850685
0.0012754015
0.0013357375
0.0015900845
0.00131257
0.001363406
0.001350072
0.001413075
0.0013044025
0.0012337325
0.0024779655
0.0018177635
0.0013485715
0.0012820685
0.006062156
0.00119123
0.001490246
0.001290902
0.001330404
0.0014920795
0.001547749
0.0013640725
0.001260567
0.0013174035
0.0014292425
0.0012892355
0.001291735
0.0012470665
0.0012128975
0.0014899125
0.001384907
0.0013460715
0.0012609005
0.001437743
0.001289402
0.0015664165
0.001392407
0.0013897405
0.001286235
0.001361739
0.001340571
0.001423909
0.001278568
0.001222398
0.0013282375
0.0013794065
0.001401741
0.0013502385
0.0012403995
0.001346905
0.001516414
0.0013377375
0.0013004025
0.001308736
0.00138474
0.0013994075
0.001327404
0.00131391
0.001315742
0.0014489145
0.001253071
0.001262071
0.001279572
0.001373244
0.0013055735
0.001347576
0.0012335695
0.001350243
0.0012695715
0.00141658
0.0012977395
0.0014919175
0.001304907
0.0012587375
0.001286739
0.0013709105
0.0014395815
0.001344242
0.001370411
0.001262571
0.0014404145
0.0013459095
0.0013065735
0.0012202355
0.0014615825
0.001292906
0.001332242
0.001248737
0.001412746
0.0013207415
0.001253404
0.0012434035
0.001302907
0.001363077
0.0013184075
0.0013129075
0.0012462365
0.001485917
0.0012414035
0.0013809115
0.001339409
0.00147675
0.001200401
0.0012470705
0.0015525875
0.001376911
0.0014362475
0.001327241
0.0013210745
0.0013472425
0.0014505815
0.0013590765
0.001234236
0.0012802385
0.001385078
0.0012444035
0.001234236
0.0013220745
0.001455249
0.00129674
0.001274072
0.001333075
0.0012629045
0.001339409
0.0012747385
0.001235736
0.0021566215
0.0018701055
0.001319741
0.0014012455
0.0012362365
0.0013609105
0.001293073
0.001324408
0.0012439035
0.0012695715
0.0014064125
0.0012474035
0.001491084
0.001412913
0.0013879115
0.0013992455
0.0012742385
0.001306407
0.001459749
0.001242903
0.00135991
0.001307907
0.0013684105
0.0012267355
0.001346076
0.00124107
0.001369744
0.0014332475
0.0013177405
0.00124207
0.0015047515
0.0014330805
0.001456249
0.0013617435
0.0013555765
0.0014944175
0.0013760775
0.001313074
0.001247904
0.001311574
0.0013444095
0.0012217355
0.001309574
0.0013464095
0.001369577
0.001346576
0.001209735
0.0013317415
0.001405746
0.001225902
0.0012870725
0.001260071
0.0014950845
0.0013765775
0.001311741
0.0012315695
0.001228736
0.001408746
0.001358077
0.001344076
0.001297073
0.001505585
0.0013514095
0.001388578
0.0012880725
0.001410746
0.00124657
0.00129374
0.0013762445
0.0013375755
0.001389245
0.0012254025
0.001283572
0.001406079
0.0014372475
0.0012527375
0.0012970735
0.0013179075
0.001338575
0.0012854055
0.0012590635
0.0013869075
0.0014799125
0.0013735735
0.001330404
0.0013560725
0.0013399045
0.001430243
0.0013009025
0.001261234
0.001196397
0.001486246
0.0012865685
0.0013137365
0.001359906
0.001474745
0.0013292375
0.0013390715
0.0012892355
0.001219398
0.0013919075
0.001231399
0.0012278985
0.0012772345
0.001409575
0.001203731
0.0013272375
0.001368073
0.0014409105
0.0013329045
0.0024809655
0.0013729065
0.0014824125
0.001343405
0.001305736
0.0013045695
0.001293569
0.0014804125
0.001402408
0.00131757
0.0014622445
0.001737426
0.001393741
0.0012872355
0.0012774015
0.0014634115
0.0012914025
0.0012875685
0.001818097
0.001254567
0.0014952465
0.0014537445
0.00131257
0.00130707
0.001459578
0.0013354045
0.0013787405
0.001350072
0.0014529105
0.001312903
0.0013627395
0.0014314095
0.001457578
0.00143441
0.001239066
0.001229732
0.0013360715
0.001555583
0.001261901
0.0012500665
0.0012650675
0.0015802695
0.001374081
0.001358082
0.001251075
0.0014749215
0.0012809105
0.001240908
0.0013584145
0.001370749
0.001362915
0.001245908
0.0014174185
0.0013515815
0.0014992565
0.001207906
0.0012689095
0.001301578
0.001435253
0.001364582
0.0013189125
0.0012862435
0.0015404255
0.0012874105
0.0014012505
0.0012817435
0.0012394075
0.001400084
0.001310245
0.0012827435
0.001293244
0.0013787495
0.0013269125
0.001355081
0.0013714155
0.001380416
0.0013024115
0.0012422415
0.001320746
0.001299411
0.0013792495
0.0012554085
0.001276243
0.001621597
0.001355748
0.0014004175
0.001287077
0.0012822435
0.001567261
0.001343914
0.0013140785
0.0012960775
0.0014644215
0.0013285795
0.001383416
0.001349914
0.00127291
0.0015019235
0.00138175
0.0013272465
0.001420752
0.001476422
0.001294411
0.0013339135
0.0012477415
0.0014909225
0.0012677425
0.001332247
0.001266576
0.002129128
0.001517091
0.001282077
0.0012280735
0.0012885775
0.0014044175
0.0012700765
0.001343247
0.0013352465
0.001552426
0.001360082
0.0013545815
0.001255075
0.001471922
0.0012580755
0.001184571
0.0013302465
0.001258242
0.001450087
0.0013507475
0.001259409
0.0013050785
0.0014420865
0.001375916
0.0011922385
0.001304245
0.001410585
0.001354081
0.001301578
0.001355581
0.0014070845
0.001472588
0.001485756
0.0012725765
0.0012984115
0.0013824165
0.001339914
0.0012642425
0.001299078
0.0014729215
0.0012780765
0.0012522415
0.0012587425
0.001397917
0.0013710825
0.001264909
0.0012837435
0.001310245
0.0013425805
0.001243741
0.0012872435
0.001277077
0.0014174185
0.001410418
0.001367082
0.0012430745
0.001429919
0.0012899105
0.001210406
0.001301078
0.0013039115
0.0013724
0.001311571
0.001342738
0.0012982355
0.001407242
0.001222065
0.001315737
0.001360906
0.0014350765
0.0013714065
0.0013080695
0.001281735
0.001367073
0.0012192315
0.001284235
0.0013777405
0.0012830685
0.001437243
0.0013529055
0.0012855685
0.0013740735
0.001391241
0.001204231
0.001791429
0.0013397385
0.0013554055
0.001341905
0.0013754065
0.001350572
0.001405075
0.0014315765
0.0012452335
0.001273401
0.001240733
0.0014074085
0.0012614005
0.001340238
0.0014052415
0.0015500825
0.0013057365
0.0038490385
0.0033393445
0.003384514
0.0033333445
0.0033908475
0.003223172
0.0051489415
0.003682196
0.003267341
0.003290842
0.003238173
0.003774868
0.0032601735
0.003238673
0.0035776905
0.003438517
0.0032315055
0.003429683
0.003174336
0.0032261725
0.001525248
0.0013107365
0.001278068
0.0013334045
0.001536582
0.0012157315
0.001349572
0.0013304045
0.001342238
0.001338738
0.001326404
0.0013270705
0.001542582
0.0012959025
0.0012480665
0.0012964025
0.001342905
0.001481912
0.0013230705
0.0012599005
0.0013467425
0.0015002505
0.0012539035
0.00131174
0.001329741
0.00137091
0.0013717435
0.0013122405
0.001283739
0.001215235
0.0014727495
0.001386911
0.0013040735
0.0012215685
0.0014965835
0.0013199075
0.0012569035
0.001442914
0.0015040845
0.001283905
0.001236569
0.001281072
0.0014094125
0.0013450755
0.0011974005
0.001405912
0.001287072
0.0014812495
0.001385578
0.001300573
0.0013220745
0.0015399195
0.0012857385
0.0013724105
0.0012322355
0.0013924115
0.001321574
0.001193567
0.0012844055
0.0014345805
0.001415746
0.001307907
0.0011994005
0.0013064065
0.0014505815
0.001368743
0.0014045785
0.0013290745
0.001564421
0.0012929055
0.001320241
0.001283072
0.0014402475
0.001333408
0.001197067
0.0013310745
0.0013430755
0.001393578
0.001386078
0.0012950725
0.0013332415
0.001438414
0.0013364085
0.0013919115
0.001222235
0.001404745
0.001405912
0.0013969115
0.0013695765
0.001333408
0.001479083
0.001350576
0.0013364085
0.0012945725
0.001393078
0.0012755715
0.0013734105
0.0012549035
0.0016797605
0.0014839165
0.0014402475
0.00143158
0.001556087
0.001329408
0.001310907
0.0013614095
0.0013902445
0.001441414
0.001283405
0.001299573
0.001315074
0.0014412475
0.001295239
0.0013677435
0.0014602485
0.0015332525
0.001409579
0.001439914
0.001295239
0.001501584
0.0013109065
0.0013105735
0.0013140735
0.0012684045
0.001554587
0.001259404
0.0014235795
0.001349076
0.00161109
0.0012865725
0.001358743
0.0012374025
0.0013922445
0.001247903
0.001296906
0.0013182405
0.001209568
0.0014355805
0.0013260745
0.0011954005
0.0014227465
0.001459415
0.0012242355
0.0012962395
0.0012442365
0.00142658
0.001228069
0.0012127345
0.00130974
0.0015337525
0.0014124125
0.0012334025
0.001324074
0.001223235
0.0014137455
0.001297406
0.0012862385
0.0011990675
0.0013670765
0.001286572
0.001371577
0.001262904
0.001419746
0.001337575
0.001267571
0.0013244075
0.0013135735
0.0014047455
0.0013244075
0.0012100675
0.001278738
0.001385911
0.001255237
0.001278072
0.001265571
0.001450415
0.0012997395
0.001299573
0.001320074
0.0014174125
0.001303573
0.0013182405
0.001273238
0.001331408
0.0015050845
0.0013162405
0.0012394025
0.001217235
0.001419413
0.0014675825
0.0012945725
0.001424246
0.001386578
0.001450748
0.001327241
0.0012380695
0.001870438
0.0014844165
0.0012810715
0.0012992395
0.001236736
0.0013587425
0.0013172405
0.001326074
0.0012359025
0.0014247465
0.0013325745
0.0013290745
0.0015115845
0.0015899225
0.0013495755
0.0013202405
0.0012919055
0.0013449085
0.001671427
0.0013169075
0.0013497425
0.001348241
0.0013640725
0.001215733
0.001307737
0.001219066
0.001386075
0.0012739025
0.001275902
0.0013230715
0.0013524065
0.00135474
0.001333572
0.0013484065
0.0013464065
0.0014825805
0.001273902
0.0012264
0.0011887305
0.001474246
0.001482247
0.0012605685
0.0012130665
0.0015327505
0.001289404
0.001244068
0.0012490685
0.0013137385
0.0013045715
0.0012160665
0.0013652415
0.0012088995
0.001419578
0.0014722475
0.0012232335
0.001305405
0.001528917
0.001314072
0.001307572
0.001299738
0.001278737
0.001358574
0.001403744
0.001435245
0.0013357395
0.0015042495
0.0012900705
0.0013522405
0.001250902
0.0014300785
0.001363408
0.001269736
0.0012245675
0.001363408
0.001293571
0.0013620745
0.0013250725
0.0012377345
0.0013980765
0.0012814035
0.001346074
0.001303238
0.001307072
0.001304405
0.001344407
0.0012769035
0.001352741
0.0012640695
0.001505749
0.0013149055
0.001378409
0.0014050765
0.0012562355
0.0012694025
0.001320739
0.0014737475
0.0014367455
0.0013179055
0.0013354065
0.0014289115
0.001356908
0.001260236
0.0012350675
0.0013770755
0.0013297395
0.0013992435
0.0013534075
0.001248735
0.001423078
0.0017255945
0.0012634025
0.0032308435
0.001650924
0.00152275
0.001419578
0.0012617355
0.001412244
0.0013235725
0.001253902
0.001317239
0.001228734
0.001390576
0.001446246
0.0013712415
0.0013447405
0.001573753
0.0012507355
0.0012634025
0.0013297395
0.0014900815
0.0013570745
0.00127507
0.0012922375
0.0015645855
0.001240568
0.0039370005
0.0032643055
0.003262972
0.0034843145
0.0049845455
0.004628697
0.0036116535
0.0034698145
0.003454647
0.0035376505
0.0032009695
0.0080798435
0.0034403125
0.005029714
0.0037364925
0.0052842245
0.003449148
0.003339848
0.003164329
0.0032126675
0.001526412
0.0012310635
0.001441908
0.0012305635
0.0014657425
0.001298567
0.001230897
0.0014929105
0.001824761
0.005165434
0.001920266
0.001246231
0.0012102295
0.001296234
0.000994885
0.0011757275
0.0011483925
0.0011305585
0.001077889
0.0010803895
0.0011687275
0.0010857225
0.001084223
0.001115891
0.0010608885
0.0011303915
0.0012200635
0.001246898
0.00115856
0.0010508875
0.001460409
0.001266732
0.001324069
0.0012788995
0.001421907
0.001331402
0.001345236
0.0012267305
0.0014934105
0.0013929055
0.0013067345
0.001334736
0.001292567
0.001389905
0.001258065
0.001271566
0.001341736
0.001561914
0.001309568
0.001436741
0.0012598985
0.0014225735
0.0013050675
0.0013225685
0.001341236
0.001241731
0.001507078
0.0013860715
0.001440908
0.001252565
0.001422907
0.0031858315
0.0013589035
0.001354403
0.001409573
0.0013827385
0.0012060625
0.0013300685
0.001539413
0.0013114015
0.001265399
0.001242898
0.001507911
0.0018524295
0.0013635705
0.001312901
0.001231397
0.0014662425
0.001328069
0.0013042345
0.00135357
0.0015365795
0.001310901
0.0012585655
0.001309568
0.0012815665
0.0014725765
0.00141274
0.001346903
0.0012900665
0.0014494085
