0.004325894
0.0041070495
0.004083881
0.004048713
0.0040022105
0.0040107105
0.004118383
0.0056724645
0.004019545
0.00411455
0.0040190445
0.00704087
0.003978376
0.005826473
0.0045545725
0.004435233
0.0042943925
0.0040853815
0.004073714
0.004081381
0.0021741145
0.002048274
0.002333289
0.002140279
0.0021491125
0.0022674525
0.002069609
0.0026371385
0.004252223
0.0018957665
0.0018565975
0.0017734265
0.001808928
0.001755259
0.0016924225
0.001829096
0.0018319295
0.001889599
0.0018054285
0.001713257
0.0017155905
0.001770093
0.001831263
0.0017205905
0.0017344245
0.001811262
0.001670421
0.001744425
0.0017400915
0.0017980945
0.001805095
0.001813262
0.0017719265
0.001695256
0.0017257575
0.001859598
0.0018544305
0.0022612855
0.0022334505
0.002131612
0.00215378
0.002137279
0.002294287
0.002004772
0.0021416125
0.002054441
0.002019106
0.0021236115
0.002122278
0.0021396125
0.002012272
0.002225617
0.0020097725
0.002194449
0.0021666135
0.0020969435
0.002352124
0.0020642755
0.0022292835
0.002010606
0.0021452795
0.0020702755
0.002124278
0.0020307735
0.002108944
0.002102777
0.0020296065
0.0022094495
0.002010939
0.0021599465
0.0021566135
0.002168114
0.0020379405
0.002136112
0.002246785
0.002181281
0.0021637805
0.002054108
0.0021889485
0.002041774
0.0022077825
0.002058108
0.002362624
0.002341623
0.0023131215
0.0023234555
0.002039107
0.0021216115
0.0020342735
0.002287287
0.0020367735
0.002042774
0.002107944
0.002109111
0.002182948
0.002018773
0.0022227835
0.002060775
0.002140446
0.0021791145
0.002162447
0.0021299455
0.0021909485
0.0020431075
0.002284787
0.002379125
0.002057108
0.0021596135
0.002037774
0.002187282
0.0020577745
0.002262786
0.002088443
0.002208116
0.0021992825
0.002061775
0.002110611
0.002039607
0.0021437795
0.0020044385
0.0020476075
0.001998105
0.00222195
0.002266119
0.002037107
0.0022561185
0.0022066185
0.002343634
0.0020907845
0.002309298
0.0021531225
0.002373635
0.0020876185
0.0022184595
0.002139288
0.001972112
0.00211612
0.001967612
0.0021374545
0.002147122
0.0020974525
0.0020379495
0.0021906245
0.0021976245
0.0021499555
0.002184624
0.002066117
0.00217179
0.0020342825
0.0020922855
0.0020742845
0.0021499555
0.002046783
0.0021524555
0.002180457
0.002065951
0.0020989525
0.002144455
0.002091952
0.0020646175
0.002206292
0.002043116
0.0022131255
0.0021871245
0.00216929
0.0020862855
0.001970112
0.003492532
0.002074118
0.0022967975
0.0020646175
0.002240461
0.0020661175
0.0021146205
0.002088119
0.002323632
0.0021787905
0.0020609505
0.002186791
0.002095786
0.0021679565
0.0020196145
0.002218126
0.002146622
0.0021904575
0.002185124
0.002161623
0.0020896185
0.0020811185
0.002145622
0.002137455
0.002131288
0.0025859805
0.002466807
0.002340133
0.0020439495
0.0024169705
0.0021042865
0.002304464
0.002097119
0.002173957
0.0020252815
0.002359801
0.0021617895
0.0020974525
0.0022796295
0.002137455
0.002194625
0.002030782
0.0021432885
0.0020972855
0.002127121
0.0020986195
0.00204845
0.0022014585
0.0020067805
0.002160956
0.002075618
0.0021441215
0.002417637
0.002166123
0.0021206205
0.002237294
0.0022142925
0.0020502835
0.00211262
0.002124954
0.00228513
0.0021056195
0.002096286
0.002125121
0.0021036195
0.0021622895
0.002187624
0.002181957
0.00198978
0.0020944525
0.002123621
0.0022287935
0.002057617
0.0020816185
0.0021664565
0.0020424495
0.0021322875
0.002026115
0.002256295
0.0021561225
0.0022247935
0.0020599505
0.0022571285
0.0020872855
0.00216529
0.002144122
0.0020786185
0.002197792
0.002025282
0.002143622
0.002068284
0.002104786
0.002093119
0.0022421275
0.002246461
0.0021202875
0.002196958
0.0020844515
0.0021964585
0.0060731785
0.002134288
0.002140455
0.00222296
0.0020664505
0.002162623
0.002183124
0.0020907855
0.002221293
0.002080785
0.0021649565
0.0021452885
0.0021037865
0.0022694625
0.0022059585
0.0021932915
0.002035449
0.0020747845
0.002181457
0.002321465
0.0022569615
0.002262795
0.002128121
0.002214459
0.0023109645
0.0023189655
0.0022187795
0.0021532825
0.002088111
0.0021067785
0.0022546195
0.002186616
0.002181616
0.002173949
0.0022272855
0.00232079
0.0021342805
0.0021629485
0.0019759385
0.0021387805
0.002137114
0.002187283
0.002055109
0.0022142845
0.0022779545
0.0021629485
0.0022649805
0.001991451
0.002273304
0.0022134665
0.0022999715
0.0021554635
0.0022188005
0.0021249615
0.0021146275
0.0021702975
0.002068791
0.002147296
0.00216163
0.0021789645
0.001974786
0.0021281285
0.002067291
0.0021944655
0.002198799
0.002141296
0.0021889655
0.002028122
0.0022054665
0.0021311285
0.002091626
0.0020604575
0.0021417955
0.0020782915
0.002167297
0.002094293
0.0020867925
0.0021134605
0.002038123
0.002250969
0.002073625
0.002223634
0.002049957
0.002264303
0.0020836255
0.001963618
0.002124628
0.003605384
0.00209796
0.0021016265
0.0020986265
0.0021779645
0.002231468
0.002064291
0.002137295
0.0021479625
0.00215463
0.002145129
0.0020707915
0.002147963
0.0019607845
0.0021811315
0.002030956
0.0021296285
0.0022383015
0.0020836255
0.002664994
0.002114794
0.0021366285
0.0020629575
0.002206633
0.0021627965
0.002037289
0.002119461
0.0020042875
0.0021187945
0.002066458
0.002245135
0.002109294
0.0022619695
0.002024955
0.0023423075
0.00210646
0.0022533025
0.0020769585
0.002729664
0.002141629
0.002075125
0.002237968
0.002041623
0.0020304555
0.0019826195
0.0021401285
0.0020941265
0.0020729585
0.002143629
0.002061124
0.002187632
0.002087959
0.002291638
0.0021092935
0.00215613
0.002113794
0.002148296
0.0021437955
0.0019924535
0.0021774645
0.0021437955
0.002228301
0.0021022935
0.0022419685
0.002205966
0.002101627
0.0022553025
0.0019882865
0.002145463
0.0020846255
0.0020944595
0.0020774585
0.00204329
0.0020666245
0.002252136
0.0020974595
0.00210646
0.002200299
0.002080792
0.002147796
0.002222634
0.0021846315
0.0020546235
0.0021554635
0.0029496775
0.0046629475
0.0041130815
0.0042090865
0.0040912465
0.004033076
0.0040119085
0.0040014075
0.0041215815
0.0046372425
0.0041630535
0.0040520505
0.004057384
0.0042323935
0.003986214
0.004124388
0.0040580505
0.0040308825
0.004021049
0.0040818855
0.0047174195
0.002180117
0.002131781
0.002103446
0.0021901175
0.0021572825
0.0024274635
0.0022184525
0.0022512875
0.002131781
0.0022239525
0.002175283
0.0020584435
0.0021647825
0.002098779
0.002345459
0.002075278
0.002117447
0.0020502765
0.0022007845
0.0020412765
0.0021091135
0.00205311
0.002030442
0.0021154465
0.002157449
0.0021101135
0.002051777
0.0021037795
0.002213952
0.002198785
0.0021254475
0.002038276
0.002326305
0.0020137805
0.0022101255
0.002073284
0.002219126
0.00212262
0.0022156255
0.002022448
0.002218459
0.0022351265
0.0020746175
0.002127954
0.002073451
0.0020637835
0.002174957
0.0022356265
0.00205995
0.002124287
0.002167456
0.0019777785
0.0020869515
0.0020782845
0.0021951245
0.0020711175
0.002210125
0.0021961245
0.0022752955
0.0023247985
0.0020786175
0.002142121
0.002013447
0.002180957
0.002018114
0.002290963
0.0023442995
0.0021502885
0.0021441215
0.002303964
0.0023553005
0.00211912
0.0022257925
0.002027615
0.003454029
0.002122287
0.002285296
0.002061117
0.0021597895
0.0022426275
0.002363134
0.002152122
0.0020561165
0.002274462
0.002141788
0.002238293
0.002222459
0.0022621285
0.0020762845
0.0021051195
0.002156622
0.002054283
0.002127954
0.0020044465
0.0020737845
0.002146955
0.0022089585
0.002125454
0.0021754565
0.00223396
0.0020801175
0.0026159815
0.0020592835
0.0023122975
0.002116453
0.002317798
0.0021452885
0.00211512
0.0021496215
0.0020871185
0.0022039585
0.0021481215
0.002117787
0.0021554555
0.0022542945
0.0020734505
0.002225626
0.0020602835
0.002068784
0.0021301205
0.0020129475
0.0021147865
0.0020762845
0.0021386215
0.0021971245
0.002124954
0.0020926185
0.0023299655
0.002200791
0.0021389545
0.0021687895
0.0021814565
0.0021047855
0.0019769455
0.0021779565
0.0019841125
0.0020612835
0.0020267815
0.002139621
0.0021152865
0.002149122
0.0022324595
0.002170123
0.002152122
0.001977945
0.0021076195
0.0021111195
0.0021902905
0.0025774795
0.002095285
0.0021191205
0.0020926185
0.002140621
0.0020077805
0.0021086195
0.002159789
0.0021636225
0.0020966185
0.002101786
0.002117787
0.0021199535
0.0021682895
0.0021094525
0.002131454
0.0020354485
0.0021472885
0.0020571165
0.002313798
0.002229126
0.0020937855
0.002188791
0.0021646225
0.0021951245
0.002071284
0.0022577945
0.002098952
0.0021951245
0.002209792
0.0020494495
0.002131454
0.0020751175
0.0022432935
0.002081451
0.002296297
0.0021591225
0.002270962
0.0020634505
0.002137621
0.002317798
0.0021091195
0.002090452
0.002012614
0.0022971305
0.002075951
0.0021432885
0.002085118
0.002241794
0.002301297
0.0021761235
0.002226626
0.0021672895
0.0021697895
0.0019727785
0.0021796235
0.0019777785
0.002113453
0.002152455
0.0021436215
0.002139621
0.0021004525
0.002281129
0.0019606115
0.0021571225
0.002222126
0.002024948
0.0020472825
0.0022171255
0.0023502995
0.0019646345
0.0021993145
0.00221915
0.002186648
0.0021209765
0.0022514855
0.002066973
0.0020888075
0.002009136
0.002177814
0.002148145
0.002029304
0.002060306
0.0021138095
0.002191148
0.0020606395
0.0022023155
0.002089308
0.002378161
0.0022514855
0.002040138
0.002144812
0.0022919885
0.0021728135
0.0020498055
0.002279654
0.0020608065
0.002212983
0.0022266505
0.0021668135
0.002238818
0.001980967
0.0022578195
0.0019968015
0.0020979755
0.0021739805
0.0021523125
0.002159646
0.002279821
0.002225984
0.002002802
0.0021453115
0.003489569
0.002253986
0.002129144
0.002256486
0.0020741405
0.002192815
0.002385828
0.0042013835
0.0043082225
0.0041685485
0.0042003835
0.0040453755
0.0043423905
0.0039993735
0.004140547
0.004044875
0.0042398855
0.004109379
0.004030041
0.004065543
0.0041478805
0.0041002115
0.004178216
0.0040767105
0.004105545
0.004208217
0.004094711
0.0021877795
0.0022092805
0.0020604395
0.0021461105
0.00220078
0.0021832795
0.0020249375
0.0021642785
0.0021692785
0.0022311155
0.0021431105
0.0021179425
0.0021796125
0.001969435
0.0021302765
0.002082774
0.0022829515
0.002088108
0.002222615
0.0020341045
0.0020852745
0.0021807795
0.0020806075
0.002199447
0.00213061
0.002189113
0.0021421105
0.002218281
0.0021117755
0.0020056035
0.002188946
0.002099608
0.0021477775
0.002696139
0.00239029
0.003203832
0.002350288
0.002098775
0.0022867845
0.0030168225
0.002304286
0.0020209375
0.0021502775
0.00173859
0.001776758
0.0018145935
0.001748757
0.001831928
0.0017757585
0.001664586
0.001755924
0.0018274275
0.0017684245
0.0016422515
0.001783092
0.0016689195
0.0017439235
0.001608416
0.001794926
0.0018289385
0.0017337615
0.0018682715
0.0020927825
0.002288627
0.002022112
0.002193122
0.0021006165
0.002105117
0.002216123
0.002087949
0.0021022835
0.0019581085
0.002134452
0.0019129395
0.0021869545
0.002076782
0.0022394575
0.00216212
0.0021007835
0.002051614
0.002113784
0.0022091225
0.0020579475
0.002166287
0.0020821155
0.0021756205
0.002074782
0.002148286
0.002118951
0.002062948
0.002159953
0.002006278
0.0022002885
0.0020374465
0.002289627
0.0020784485
0.0021566195
0.0021999555
0.002031613
0.00216062
0.0020939495
0.0022497915
0.0021566195
0.00210495
0.0021694535
0.0022554585
0.0020472805
0.002140119
0.0021987885
0.002176621
0.002172954
0.0020421135
0.0021474525
0.002068948
0.002327296
0.0020482805
0.002143119
0.002174287
0.0022179565
0.0021787875
0.00198161
0.0021947885
0.0022852935
0.0021459525
0.0020326125
0.002165787
0.001977776
0.002030946
0.002260959
0.002071782
0.0023192955
0.002071448
0.002179454
0.0020632815
0.002170787
0.0020806155
0.002326129
0.002229957
0.0021264515
0.002119451
0.0021694535
0.0021416185
0.002094783
0.0022111225
0.002079449
0.0021186175
0.0021942885
0.0020024445
0.002091283
0.0020579475
0.002186288
0.00204028
0.002147286
0.0021422855
0.0024708035
0.0020464465
0.002145452
0.0020759485
0.0020426135
0.002120951
0.002119451
0.0021427855
0.002148619
0.0022019555
0.0020111115
0.002014945
0.00216262
0.002110117
0.0022971275
0.0020946165
0.0021124505
0.0020889495
0.00216062
0.002042447
0.0021947885
0.002197122
0.00216512
0.0021434525
0.002173454
0.0022606255
0.0020162785
0.0021637865
0.0020184455
0.0021797875
0.0020807825
0.00216562
0.002161787
0.0019999445
0.002206956
0.002071115
0.002262792
0.002165787
0.002373132
0.002096783
0.002180954
0.0020262795
0.0021732875
0.0021769545
0.00210295
0.002298294
0.00210595
0.002200622
0.002167787
0.0022246235
0.002020779
0.002235291
0.002181621
0.0020816155
0.002176454
0.002128618
0.0021817875
0.0022292905
0.0021699535
0.0020897825
0.002277293
0.002181621
0.00216862
0.0022184565
0.0022569585
0.0021486195
0.0021392855
0.0021797875
0.0019879435
0.002202622
0.00215912
0.0021629535
0.002135452
0.0021484525
0.002246791
0.002277126
0.0022124565
0.001974276
0.002203289
0.001965776
