0.003571979
0.003544311
0.00384099
0.0035011425
0.0035784795
0.0037308185
0.0036748165
0.003793988
0.0036139805
0.003997663
0.0036289815
0.003752986
0.0037468195
0.0036973175
0.003503976
0.00359248
0.0036626495
0.0036114805
0.003505476
0.0037313185
0.0016350665
0.001568564
0.001737071
0.004366178
0.002011415
0.0016489005
0.0016379
0.001767905
0.001779739
0.0016192325
0.0017385705
0.001774406
0.0016060655
0.001633733
0.0017259035
0.001803407
0.001605732
0.0015422295
0.001666068
0.001571064
0.001713236
0.0017525715
0.001684569
0.001689902
0.001745738
0.0016810685
0.0015222285
0.001684735
0.0016535675
0.001780239
0.001868576
0.001597065
0.0017327725
0.001598254
0.0015469155
0.00173526
0.001605752
0.0016170865
0.001563917
0.001710925
0.0017165915
0.0015322485
0.0015410825
0.00181243
0.0016427545
0.0016730895
0.0016700895
0.001640254
0.0015577495
0.001779595
0.001562083
0.0016925905
0.0017142585
0.001641921
0.001649588
0.001612753
0.0015487495
0.001690257
0.001697924
0.0015650835
0.0021371145
0.0018405985
0.0018570995
0.001854266
0.001490413
0.001477912
0.001386574
0.0022017845
0.0031710025
0.001788762
0.0022156185
0.001489746
0.0019741055
0.002252287
0.0015119145
0.001337405
0.0013514055
0.0014150755
0.0013317375
0.002009774
0.001722425
0.001579751
0.001729092
0.001771928
0.001637254
0.001898268
0.0017059245
0.0016950905
0.0028618195
0.0017752615
0.0019531045
0.001371907
0.001400075
0.00149608
0.001393241
0.001273568
0.001443244
0.001430743
0.001314237
0.0013664065
0.00143441
0.0012835685
0.0014294095
0.0016602555
0.0018315975
0.0016435875
0.001597252
0.0017379265
0.0015342485
0.001595252
0.001662922
0.0016497545
0.0016570885
0.0017640945
0.001755427
0.001703091
0.001683923
0.0015729175
0.001670256
0.0016899235
0.001595252
0.001660755
0.0017347595
0.0015857515
0.0017212585
0.0016535885
0.0016805895
0.0016519215
0.0016139195
0.001631754
0.001650088
0.001585918
0.0017105925
0.0015884195
0.0015192485
0.001716426
0.0015837525
0.0016040865
0.00178693
0.0017355935
0.001644589
0.001608254
0.00167059
0.001912437
0.0016879245
0.001576752
0.0020372765
0.0016335885
0.0015732515
0.0018050975
0.0016694235
0.001708259
0.001587586
0.00160392
0.001684424
0.0016222545
0.00153925
0.0018682675
0.0025276365
0.0016600895
0.0017885965
0.001740094
0.001741094
0.0018971025
0.0016385885
0.001747928
0.0016332545
0.0016090865
0.001771429
0.0015934195
0.0016895915
0.001775596
0.0016087535
0.0015709185
0.001780596
0.001623921
0.001760095
0.001590919
0.0015510835
0.001707759
0.0015440835
0.001578585
0.0016745905
0.001530416
0.0014782465
0.001626588
0.00166559
0.001554084
0.0016769235
0.0015845855
0.0017139255
0.0015055815
0.001656756
0.001837099
0.001591419
0.0016647565
0.0018277655
0.0016600895
0.001520749
0.0017627615
0.001530083
0.001702759
0.001594253
0.0014577455
0.0016027535
0.001772096
0.0016940915
0.0018267655
0.0016027535
0.001567418
0.0017189265
0.001692258
0.0017295935
0.001815765
0.001581252
0.0020532775
0.001533416
0.001583919
0.0017959305
0.00160592
0.001577752
0.001734594
0.0016397555
0.001585252
0.0017415945
0.001678924
0.0017352605
0.001596086
0.0015449165
0.0017280935
0.0016242545
0.00166709
0.0016205875
0.001603253
0.0015892525
0.0016480895
0.0016015865
0.0016474225
0.001532583
0.0016067535
0.001653756
0.001614254
0.0016869245
0.0018045975
0.0016374215
0.0016930915
0.0017845965
0.0021139475
0.0015805855
0.001802931
0.001640255
0.001806764
0.001601753
0.001674757
0.001703092
0.0016299215
0.0015424165
0.0017824295
0.0016355885
0.001520249
0.0017814295
0.0017147595
0.0016900915
0.001807431
0.0016477555
0.0017232595
0.0017347605
0.001634755
0.0017120925
0.001556584
0.0015780855
0.0017315935
0.0015655845
0.001622421
0.0017054255
0.001614921
0.00172626
0.0015824185
0.0016064205
0.0017640955
0.0016037535
0.0016184205
0.0016252545
0.001546417
0.001596086
0.0017430945
0.0014680795
0.001653589
0.001707092
0.001635255
0.0016519225
0.00166209
0.0016132535
0.001632588
0.0017880965
0.0016125875
0.0017240935
0.001681924
0.0016004195
0.0016649235
0.0015177485
0.001675257
0.001566918
0.00159992
0.0017362605
0.0017744295
0.0018531
0.0018182645
0.00160192
0.0016012535
0.001784763
0.001615254
0.0017807625
0.001684091
0.001591586
0.001744594
0.001691258
0.0017819295
0.001746428
0.001621421
0.0017567615
0.0016772575
0.0016330885
0.0015847525
0.001669757
0.001658423
0.0017270935
0.0016430885
0.001581419
0.0017089255
0.0016072535
0.001594253
0.001703759
0.001602587
0.0015599175
0.001629588
0.001537119
0.0017157795
0.00159911
0.001523602
0.001760619
0.001683947
0.0016661125
0.001791621
0.0016089415
0.001783787
0.0018111225
0.0015642725
0.002192648
0.001675113
0.001635777
0.0017741195
0.001552938
0.0015402705
0.001727783
0.001632777
0.0016232765
0.001731617
0.001588274
0.0016382775
0.001662112
0.0016177755
0.0017054485
0.0015884405
0.0015977745
0.0018016215
0.0015676055
0.0016857805
0.001834957
0.0016474445
0.001612942
0.0016561115
0.001622776
0.0017141155
0.001611942
0.0015347705
0.0016837805
0.0015324365
0.0016879475
0.001741784
0.0015969415
0.001573606
0.001689281
0.001523603
0.001639444
0.001784954
0.0015419375
0.001755285
0.001636944
0.0017417845
0.00172445
0.0017091155
0.0017052815
0.001720616
0.001646778
0.0017236165
0.0018431245
0.0016909475
0.0018696265
0.001674446
0.0015884405
0.001718116
0.001657945
0.0015522715
0.001761619
0.001625943
0.0015429375
0.0017467845
0.0015782735
0.001588607
0.0016457775
0.001611609
0.0016501115
0.001590774
0.0015591055
0.001706115
0.0016639455
0.001590774
0.001767119
0.001669113
0.0014846
0.001663112
0.001594941
0.001837791
0.0017002815
0.001560772
0.001762619
0.0014942675
0.0015557715
0.0017794535
0.001638444
0.0016181095
0.001757785
0.0015181025
0.001543104
0.001662112
0.00157844
0.0016579065
0.0015057505
0.001553082
0.001658422
0.001461245
0.001631587
0.0018260975
0.0016917575
0.001627254
0.001751427
0.001572584
0.0017010905
0.001593585
0.001602586
0.0017184255
0.001628754
0.001630587
0.0017377595
0.0016987575
0.001692257
0.0017315925
0.0017484265
0.001668589
0.001716925
0.0015549165
0.001664922
0.0016037525
0.0015862515
0.001666256
0.0017439265
0.0016154195
0.0018359315
0.0016515885
0.001649088
0.001748927
0.00156275
0.0017720945
0.0016042525
0.0014885795
0.0016582555
0.0015970855
0.003577524
0.0038245375
0.0036560285
0.0036475285
0.0038753735
0.0035350225
0.00367653
0.0035231885
0.003552356
0.0037438665
0.003779202
0.0035856915
0.003571524
0.0037356995
0.0035881915
0.0036000255
0.0035338555
0.003416849
0.003590525
0.0035598565
0.001650255
0.0016364205
0.0015949185
0.0016900905
0.0015369155
0.001595752
0.001643921
0.001576251
0.00162342
0.001785262
0.0016514215
0.00181293
0.00167709
0.001650588
0.001855599
0.0016662555
0.001503914
0.001660922
0.0015149145
0.001509914
0.001738593
0.001660089
0.0015969185
0.0016427545
0.00156525
0.00168909
0.001628754
0.0017520935
0.001794429
0.0015357485
0.00156225
0.0016889435
0.001553263
0.0016106025
0.001694941
0.0016284365
0.001662272
0.001665439
0.0015380975
0.001686107
0.0014632595
0.0017282765
0.001674273
0.001622103
0.001562766
0.0016712725
0.001536764
0.001585767
0.0017142755
0.001541598
0.0016887735
0.0015587655
0.001605435
0.0017312765
0.001595768
0.0015165965
0.001827116
0.001669106
0.0015510985
0.001723276
0.001588434
0.001896954
0.002129635
0.001627103
0.001829616
0.0016242695
0.00168194
0.001798281
0.001609602
0.001562599
0.0016657725
0.0016747725
0.0015489315
0.0017007745
0.0015547655
0.001798781
0.0015489315
0.0016377705
0.0017874465
0.0015679325
0.0016252695
0.001765779
0.001555432
0.00163177
0.0017987805
0.0032100365
0.0017357765
0.001664772
0.0016161025
0.001694107
0.001611269
0.0017002745
0.001725943
0.0016437705
0.0015922675
0.0016804395
0.001571433
0.001681107
0.0015705995
0.0016166025
0.001783946
0.001625436
0.00215047
0.001971625
0.0017846135
0.0015751
0.001812615
0.0017122755
0.0016242695
0.0016922735
0.001665939
0.001649438
0.0015399305
0.001726943
0.001739777
0.0016476045
0.0016259365
0.001800281
0.001685774
0.0016149355
0.0018459505
0.0015449315
0.0016651055
0.001537097
0.001582267
0.001766612
0.0016936075
0.0015842675
0.0017042745
0.001559432
0.001646938
0.0017486105
0.0016267505
0.0015784195
0.001784595
0.0015569165
0.001662589
0.001589085
0.001578918
0.0017515935
0.001632087
0.001708258
0.0017475935
0.001596252
0.0016335875
0.0016725895
0.00167909
0.0016757565
0.0016047525
0.001594252
0.001704591
0.00162692
0.001579251
0.0015579165
0.001634254
0.001539249
0.0077632485
0.001701591
0.0017424265
0.00179993
0.001852599
0.0018992685
0.001599419
0.0017147585
0.0017475935
0.001718425
0.00155275
0.0017599275
0.001638254
0.0015909185
0.001637921
0.001564584
0.0017449265
0.001660589
0.001698924
0.001755594
0.0016540885
0.001593752
0.001743593
0.0015922515
0.0015237485
0.0016427545
0.003715532
0.0017764285
0.0018065965
0.001608586
0.001649922
0.001721592
0.0016107525
0.0020482765
0.0016320875
0.0016355875
0.0016477545
0.0015624165
0.0016370875
0.001715925
0.0016449215
0.002011608
0.0015744175
0.0015384155
0.001708258
0.001668256
0.001730759
0.0019382705
0.0016350875
0.001605586
0.0017464265
0.001689757
0.001793596
0.0016324205
0.001548083
0.0016590885
0.0016584225
0.001627087
0.001836265
0.001646921
0.0015370825
0.0017944295
0.0016215865
0.001549416
0.001657255
0.0016819235
0.001825764
0.0015460825
0.001608253
0.001712258
0.001636254
0.001697424
0.0017209255
0.001620587
0.001613253
0.0016475905
0.0016635905
0.0016792585
0.0016379225
0.001663424
0.0017372615
0.0015600855
0.0016282555
0.001666424
0.0016909255
0.0015964205
0.001793598
0.001559585
0.0016727575
0.001705593
0.0016884255
0.001733928
0.001652257
0.001686592
0.0016862585
0.0015470845
0.0016010875
0.0017930975
0.001600754
0.0015110825
0.001593587
0.0015480845
0.0015959205
0.001630089
0.001596254
0.001798598
0.001610088
0.0016605905
0.001657257
0.001575086
0.0015684185
0.0017962645
0.001567752
0.0015592515
0.0016790915
0.0015645855
0.0017177605
0.001534917
0.001701426
0.001791598
0.0015279165
0.001483581
0.0018019315
0.0015795865
0.001596254
0.001729928
0.0015542515
0.00164909
0.0022364555
0.00164709
0.0016509235
0.001606754
0.0016947595
0.0018169325
0.0015939205
0.001624922
0.001788264
0.001610921
0.0015562515
0.001688259
0.001545084
0.001670591
0.0015970875
0.0015430845
0.0018359335
0.0015747525
0.0016175885
0.0017115935
0.001544584
0.001633256
0.001718427
0.0017044265
0.0017364285
0.0015362505
0.001665591
0.0018200995
0.001562252
0.0016587575
0.001793598
0.0016949255
0.0015549185
0.001634089
0.0016587575
0.0016837585
0.0015767525
0.0015517515
0.001674425
0.001503082
0.001604921
0.0015969205
0.001677258
0.001494748
0.0017100935
0.001651257
0.001593587
0.0016555905
0.001600254
0.001680425
0.0015624185
0.0015514175
0.001750929
0.001567419
0.0016622575
0.0017254275
0.001556752
0.001530917
0.0017754305
0.001637756
0.001651257
0.00158792
0.002077613
0.00170876
0.0016717575
0.001623089
0.001768763
0.0015914205
0.001558585
0.001637923
0.001592587
0.0016210885
0.0017119265
0.0016565905
0.0016499235
0.001618922
0.001745595
0.001721594
0.0017064265
0.0017710965
0.0017764305
0.0017199275
0.001728261
0.0017209275
0.0016864255
0.001807932
0.0016872585
0.001597587
0.0017612625
0.001575586
0.0015844195
0.001803432
0.001692592
0.001845434
0.0017039265
0.0015717525
0.001561252
0.001769263
0.001539084
0.0016297555
0.0016095875
0.002969329
0.001710927
0.001592087
0.001607921
0.0017860975
0.0016279225
0.001595754
0.0018909365
0.0016172545
0.0018065985
0.0016760915
0.001612755
0.001800598
0.0016285885
0.0015599185
0.0017215935
0.00164759
0.001548251
0.0017244275
0.0017232605
0.0017367615
0.001782097
0.001638423
0.0017387615
0.0018159325
0.0016237555
0.001669591
0.0015952535
0.0014739135
0.0017640965
0.0015665855
0.001715427
0.0017270945
0.001701593
0.0017747635
0.0016527565
0.001562752
0.001671591
0.00207328
0.00146208
0.001753262
0.001597587
0.001620922
0.0018149325
0.0016010875
0.001740762
0.0015160825
0.001568419
0.0016750865
0.001579082
0.0015459135
0.001646252
0.00160575
0.001662586
0.001646419
0.0015400795
0.001566248
0.00186693
0.0015827485
0.0017009215
0.001619417
0.001524412
0.001729923
0.0015822485
0.0016327515
0.0017932595
0.001577915
0.0016584195
0.0016900875
0.001538913
0.001813427
0.0016202505
0.0015469135
0.0016657525
0.0016239175
0.0015634145
0.0017910925
0.0016197505
0.001756091
0.0017044215
0.0015290795
0.001683754
0.001697421
0.0016794205
0.001663586
0.001535746
0.0017122555
0.0016027495
0.001552914
0.0015382465
0.0017742585
0.001705755
0.0040543765
0.003610687
0.0035456835
0.003652523
0.0034348445
