0.0033450125
0.0033895145
0.0032161715
0.003116667
0.0035578565
0.00305683
0.003318344
0.0033231775
0.0032188385
0.003416516
0.0032461735
0.003152335
0.0032271725
0.003491353
0.003186004
0.0032450065
0.003411349
0.0031066665
0.003083165
0.003299176
0.001200564
0.001274401
0.001197564
0.0011582285
0.001145228
0.0012484
0.001140728
0.001103059
0.001077224
0.0011398945
0.001151895
0.0013097365
0.001311237
0.001216232
0.0012157315
0.001135394
0.0010792245
0.0014059085
0.001174063
0.0011440615
0.001294903
0.001090725
0.001205064
0.0012363995
0.0011308935
0.001133894
0.0010713905
0.001075891
0.00118273
0.0012682345
0.0011120595
0.0012210655
0.001123727
0.001151728
0.001167396
0.001306403
0.0012519005
0.0011998975
0.0010673905
0.0011303935
0.0014710785
0.001215898
0.00112256
0.0011660625
0.0011147265
0.001236566
0.0012195655
0.0014514105
0.001339905
0.001274568
0.001323071
0.0011887305
0.0013395715
0.0011973975
0.0012929025
0.001275735
0.0010828915
0.0011892305
0.001546249
0.0012435665
0.0011602285
0.001962105
0.003839205
0.0015445825
0.004248227
0.0010832245
0.0023376245
0.0010155545
0.0009832195
0.001149395
0.001091892
0.0010190545
0.0010245545
0.0010003865
0.0009867195
0.0009947195
0.001065557
0.001075891
0.0009762185
0.0008438785
0.001067557
0.001024221
0.0010490565
0.0009482175
0.001046056
0.001010221
0.0010143875
0.001021388
0.0010625565
0.0010292215
0.0008782135
0.00087688
0.0012272325
0.001120227
0.0012317325
0.0010653905
0.0011762295
0.001113893
0.001070724
0.0012128985
0.001364073
0.001188397
0.0011942305
0.001139394
0.0020526095
0.001146728
0.0012445665
0.0012138985
0.001023555
0.001114393
0.001211898
0.0014635785
0.0011235605
0.0011817295
0.0011137265
0.0012003975
0.0011702295
0.0011747295
0.0011115595
0.0011762295
0.0011012255
0.0011660625
0.001216565
0.0011870635
0.0012395665
0.0011347275
0.0012415665
0.0011500615
0.0011167265
0.0013107365
0.001240233
0.001095225
0.001149228
0.001235233
0.0010750575
0.001271568
0.0011045595
0.001165062
0.001195564
0.0011550615
0.001070724
0.001196564
0.0012415665
0.001106726
0.001131727
0.001142394
0.001053723
0.001211565
0.001156395
0.001137894
0.001072224
0.001145061
0.0013189035
0.001141728
0.001115726
0.0010772245
0.0013022365
0.001086725
0.001316404
0.001166729
0.001992607
0.0013392385
0.001053723
0.0012060645
0.0013042365
0.0012123985
0.001210398
0.0012795685
0.001152895
0.0011285605
0.001241733
0.001166396
0.0012852355
0.0010888915
0.0010935585
0.0012682345
0.001257734
0.0011053925
0.0013310715
0.0011948975
0.001108226
0.001177563
0.001399575
0.0012807355
0.0012203985
0.001229066
0.001230399
0.0010915585
0.00131257
0.001235066
0.001186897
0.0011475615
0.0012413995
0.001224399
0.0012355665
0.001117893
0.0011318935
0.0010562235
0.001100726
0.0011172265
0.001339405
0.001162062
0.001520915
0.0011727295
0.0011007255
0.001217065
0.001174063
0.0011607285
0.001146895
0.001191897
0.0011662295
0.0012635675
0.0014610785
0.0012018975
0.0012650675
0.0011577285
0.0010842245
0.0013565725
0.0011438945
0.0011125595
0.001133894
0.001202731
0.00112306
0.0012889025
0.001240233
0.001132894
0.001109726
0.0012040645
0.001138561
0.0012610675
0.0011662295
0.0011295605
0.0011603955
0.001181563
0.0011202265
0.001254734
0.001132394
0.001092892
0.001127727
0.0011612285
0.0011957305
0.001277568
0.001259067
0.0011278935
0.0012127315
0.001170396
0.0015529165
0.001290402
0.0010735575
0.001157562
0.0012465665
0.001176063
0.001128227
0.0011865635
0.001140728
0.00117973
0.001184897
0.0010877245
0.001295069
0.001194564
0.001201064
0.00117873
0.001165562
0.001159562
0.0014122425
0.00112006
0.001094392
0.001201064
0.0010960585
0.001120393
0.0013864075
0.001274068
0.0010930585
0.001209898
0.001119393
0.0010810575
0.001311737
0.001203898
0.0010810575
0.0011890635
0.0011808965
0.001195231
0.00137124
0.0011075595
0.00112656
0.001071724
0.0011362275
0.001307903
0.001254567
0.0011090595
0.001144895
0.001173896
0.0012785685
0.0015595835
0.0013530725
0.0011073925
0.0023917945
0.0011280605
0.0012985695
0.0011557285
0.001333405
0.001117393
0.001038222
0.001131894
0.001163562
0.0012522335
0.0012013975
0.0012132315
0.0011207265
0.001101559
0.001157729
0.0012327325
0.0011503945
0.0011402275
0.0011607285
0.0011522285
0.001203231
0.0012997365
0.001220232
0.001220399
0.0011392275
0.0010380555
0.0011208935
0.0012132315
0.0011372275
0.0011973975
0.001087225
0.0010825575
0.0011947305
0.001380907
0.0011633955
0.001163896
0.0011855635
0.001165729
0.001201731
0.001305903
0.0010923915
0.0012539
0.0011873965
0.001236233
0.0014497445
0.001214898
0.0012023975
0.0011678955
0.0011628955
0.0011745675
0.001193404
0.001190067
0.001191569
0.0011752345
0.001245072
0.0011690675
0.001180735
0.0011994025
0.00109523
0.0010438935
0.001152733
0.001148233
0.0012585725
0.001230071
0.0012087365
0.0015124205
0.001060561
0.0011075635
0.001274907
0.001198402
0.0010803955
0.0011840685
0.001044727
0.0011979025
0.001122898
0.0014172485
0.001116731
0.0011310655
0.001077062
0.0010808955
0.0012142365
0.001147566
0.001082896
0.0010943965
0.001229404
0.001185068
0.001119898
0.00104156
0.001322243
0.0053594755
0.0035522045
0.001471418
0.001738767
0.001128398
0.001208903
0.00109623
0.001084896
0.0011113975
0.001434416
0.0012240705
0.0012230705
0.0011133975
0.001080396
0.0012137365
0.001223237
0.001083229
0.0011582335
0.0011540665
0.001135399
0.0012425715
0.001590925
0.0012119035
0.001316243
0.0011423995
0.0010665615
0.0012317375
0.001207403
0.0011237315
0.0010950635
0.001114731
0.0010483935
0.001227904
0.001167234
0.001169567
0.001070895
0.0011198975
0.001365912
0.0013204095
0.0011589
0.0010983965
0.0011375655
0.001237238
0.001160067
0.0013064085
0.0011880685
0.001121898
0.001081229
0.0012565725
0.001116231
0.0012987415
0.0014935865
0.001107564
0.001130732
0.001307242
0.001162734
0.0013164095
0.0011372325
0.0011957355
0.0010742285
0.0011494
0.001133065
0.001199569
0.00121907
0.0011168975
0.001240905
0.0010438935
0.00110473
0.001314409
0.001103397
0.001165734
0.0012114035
0.001284074
0.0011944025
0.001144733
0.001176568
0.0011832345
0.001161567
0.001124565
0.001265073
0.0011545665
0.0011802345
0.001229904
0.0011088975
0.0010592275
0.0012592395
0.001115731
0.001087063
0.0011215645
0.0010268865
0.001116394
0.001250401
0.001198564
0.001148228
0.001221232
0.0011145595
0.0011125595
0.0011643955
0.0011643955
0.0013072365
0.0011275605
0.001133561
0.001092725
0.00130807
0.001111726
0.0010812245
0.001145728
0.0013365715
0.001117393
0.0012128985
0.001214898
0.0010442225
0.001245233
0.0010827245
0.0010703905
0.0012929025
0.001282402
0.0010553895
0.001196231
0.00111706
0.0010935585
0.001230066
0.001198731
0.001217732
0.0010950585
0.001232566
0.0013755735
0.001095559
0.001268568
0.0012307325
0.001180063
0.0011562285
0.0013457385
0.0011242265
0.001268068
0.0012810685
0.002318124
0.0012679015
0.0014639115
0.0013035695
0.0010883915
0.0011080595
0.0011802295
0.001114893
0.0014714125
0.001165729
0.00112006
0.0012358995
0.0011905635
0.0011412275
0.001331238
0.003013828
0.003073998
0.0031550025
0.0030886655
0.0035221885
0.0033273445
0.003151335
0.0031358345
0.0031089995
0.00330151
0.0030294955
0.003359513
0.0034240165
0.0031821705
0.003180837
0.00330251
0.003017328
0.003135168
0.003628694
0.003052663
0.0011425615
0.0011040595
0.0011810635
0.001251567
0.0012769015
0.0011937445
0.0010514
0.0011254035
0.001293749
0.0010885685
0.0011850755
0.0011722405
0.001147239
0.001165407
0.001299249
0.0011994095
0.0011915755
0.001112404
0.0012462455
0.0010959025
0.001277914
0.0012999155
0.00116124
0.001090069
0.0010990695
0.0010567335
0.0012959155
0.001170074
0.0011529065
0.0011677405
0.001135572
0.001170074
0.0013625865
0.0012220775
0.001093069
0.0012122435
0.0011229045
0.001180908
0.0012535795
0.0012359115
0.001243412
0.0010762345
0.0011604065
0.00126108
0.001289248
0.0011704075
0.001227911
0.001124071
0.001152906
0.0012507455
0.001218244
0.001219077
0.001060067
0.001182575
0.001215577
0.001094403
0.001313083
0.0012407455
0.0011440725
0.001134072
0.001128405
0.001358586
0.00120991
0.001126071
0.0011874085
0.001559932
0.0013629195
0.001307583
0.001194409
0.0012259105
0.0013405845
0.0011357385
0.0012100765
0.0013917545
0.001096403
0.001062067
0.00121091
0.0011075705
0.0011177375
0.001334584
0.001084402
0.0011042365
0.0010985695
0.0011470725
0.0010495665
0.001222244
0.0011864085
0.0011980755
0.0011834085
0.0011150705
0.0011074035
0.001245079
0.0011430725
0.0010737345
0.001134905
0.0011387385
0.0012405785
0.0013202505
0.001183408
0.001078735
0.001343918
0.001168574
0.001133238
0.0012194105
0.001127738
0.0013809205
0.0011515725
0.0011239045
0.00126808
0.001223911
0.00120641
0.0011177375
0.001333251
0.001061067
0.0012329115
0.001141572
0.0011490725
0.0011279045
0.001135405
0.001081235
0.001268747
0.001187242
0.001183242
0.0011223915
0.0011843955
0.0010940595
0.0014229085
0.0011097265
0.001276568
0.001179897
0.001214232
0.001305903
0.0011925635
0.0012660675
0.001101392
0.001173063
0.0011230605
0.001158062
0.0011673955
0.001142561
0.00111806
0.0012949025
0.0010915585
0.0010880585
0.0012915695
0.0011562285
0.001163562
0.00106339
0.0012163985
0.0012435665
0.0012974025
0.00111956
0.001029555
0.0011003925
0.0010940585
0.00112056
0.0012779015
0.0012048975
0.0010360555
0.001259234
0.0013619065
0.0014477445
0.0012415665
0.00118273
0.0011927305
0.001032222
0.001131394
0.001326071
0.0011577285
0.0012142315
0.001171396
0.0012363995
0.001165729
0.001182063
0.0011367275
0.001145395
0.001097392
0.001075891
0.0011687295
0.001405242
0.001210898
0.001239233
0.001120893
0.001203898
0.0012977365
0.001446244
0.001252567
0.0011445615
0.0012617345
0.001175896
0.0012223985
0.0013590725
0.0012490665
0.0011073925
0.0011720625
0.001212398
0.001201564
0.0012469
0.001236233
0.0010853915
0.0011177265
0.001138561
0.0011203935
0.0013644065
0.0010725575
0.001099392
0.0012427335
0.001238733
0.00111606
0.001251234
0.0011542285
0.001102059
0.0011470615
0.001197564
0.001340405
0.0012419
0.0012085645
0.0012092315
0.0011862305
0.001153395
0.0013289045
0.001076224
0.001140061
0.001093892
0.001107726
0.0011107265
0.0012769015
0.0011217265
0.0011640625
0.001128227
0.0012919025
0.00112406
0.0012674055
0.001281576
0.001133399
0.001072229
0.0011614005
0.0012072365
0.001231905
0.001118065
0.001156067
0.0013619125
0.0012635735
0.001240239
0.001320577
0.0012187375
0.001123732
0.0012059035
0.001158734
0.001165901
0.001243239
0.0012574065
0.0011434
0.001129899
0.001112898
0.001127899
0.0012847415
0.0011088975
0.0014050815
0.0011527335
0.0012059035
0.001193236
0.0011378995
0.001096897
0.0011383995
0.0011534005
0.001244406
0.001178402
0.001133066
0.0011085645
0.0011589005
0.001175735
0.001157067
0.0013409115
0.001288908
0.0011857355
0.0012995755
0.0011499
0.0011122315
0.001258073
0.001126232
0.001209737
0.0012095705
0.0011609005
0.001191903
0.0011790685
0.0036113575
0.0029771575
0.003134833
0.003373012
0.0079172525
0.0047047495
0.003654527
0.0031498335
0.003041661
0.0030973305
0.00339968
0.0032528385
0.0031523335
0.003382846
0.003022827
0.0031049975
0.00327534
0.003251339
0.0033393435
0.003394013
0.0011938965
0.001249233
0.001186396
0.001245066
0.0010805575
0.001088891
0.0010963915
0.0010793905
0.0014179085
0.001170562
0.001029221
0.001169062
0.001122226
0.0011110585
0.0013372375
0.0011867295
0.001578417
0.0011487275
0.0011343935
0.0011087255
0.0013120695
0.001111392
0.0010338885
0.001214731
0.0011277265
0.0011258925
0.0012690675
0.0011560615
0.001181396
0.001029888
0.001178896
0.0011810625
0.00119573
0.0011920635
0.001150394
0.001201397
0.0011583945
0.0011138925
0.0012730675
0.0011247265
0.001158395
0.004360564
0.0010912245
0.003731031
0.0014754115
0.0010627225
0.000966051
0.000994886
0.000980385
0.00100972
0.0010185535
0.0010130535
0.0009500505
0.000961551
0.0010865575
0.0008440445
0.0012237315
0.0011480605
0.0011852295
0.0011477275
0.0011612285
0.001526581
0.002823483
0.001473078
0.0014220755
0.001375073
0.0010872245
0.001147061
0.001047889
0.001010387
0.0013809065
0.0022807875
0.0017117575
0.0011443935
0.0013009025
0.0050401005
0.001644087
0.00101322
0.0009663845
0.000908715
0.0009813855
0.0009552175
0.000983052
0.001081724
0.0010173875
0.001037555
0.0010212205
0.0009397165
0.000989386
0.0010043865
0.0009925525
0.007045373
0.000974885
0.001222565
0.001241232
0.0011703955
0.001217398
0.0013332375
0.0011922295
0.001045722
0.001328737
0.001179229
0.00119873
0.001314403
0.0012052305
0.00113756
0.0011457275
0.001127393
0.001304069
0.00119491
0.0011690895
0.0011467405
0.0011455805
0.0011085765
0.00120875
0.001027071
0.0011289115
