0.004646423
0.0043595735
0.0042357335
0.004164063
0.004269569
0.0042850695
0.004426244
0.00870648
0.0045355835
0.0044850805
0.004149229
0.0042984035
0.0041005595
0.0042692355
0.004293237
0.004313571
0.004269569
0.0041700635
0.0043449065
0.004251401
0.002276292
0.0023289615
0.002351796
0.002528973
0.002396799
0.002223456
0.002261458
0.002316461
0.002256291
0.002224456
0.0022217895
0.0026433125
0.0023504625
0.0040870585
0.00532296
0.002964497
0.0019979435
0.0019439405
0.0018546025
0.0019542745
0.001972109
0.001840435
0.0018701035
0.001819934
0.0018472685
0.002033779
0.001788432
0.001969275
0.002004277
0.0018721035
0.0019106055
0.001850102
0.001862436
0.0019651085
0.001917439
0.0020236115
0.0018556025
0.002503138
0.002222456
0.002217289
0.002268125
0.002278459
0.0021482855
0.002361297
0.0022846255
0.0024061325
0.002279959
0.002230956
0.0023197945
0.0021029495
0.0023672975
0.0023217945
0.0023786315
0.0023387955
0.002276792
0.0023464625
0.002436301
0.002163619
0.002348463
0.002349963
0.002253124
0.0023826315
0.002251624
0.002397299
0.0023814645
0.0023979655
0.0024809705
0.0022744585
0.002356963
0.002387632
0.0022669585
0.0023979655
0.002231123
0.0022257895
0.0023307955
0.0022761255
0.002276792
0.002209622
0.002222956
0.0023176275
0.0021959545
0.0023564635
0.002278959
0.0021367845
0.002385798
0.0023336285
0.002271625
0.002276459
0.0022204555
0.002290626
0.002491304
0.002238957
0.002235957
0.0022499575
0.002389965
0.002504305
0.002200288
0.0023662975
0.002368797
0.002117617
0.002381298
0.002224623
0.002283626
0.002442468
0.0021156165
0.00253714
0.0021927875
0.002382465
0.0023116275
0.0023446295
0.002306794
0.0023747975
0.0021576185
0.0023377955
0.00223429
0.002246457
0.002332462
0.0022439705
0.0023159685
0.0022783025
0.0023168045
0.0023329725
0.002311304
0.0023158045
0.002192297
0.0023291385
0.0023609735
0.002247134
0.00230147
0.0023076375
0.0022601345
0.002322638
0.002341806
0.002385142
0.0023098045
0.0021981305
0.0023524735
0.0022401335
0.0022359665
0.0023111375
0.0021791295
0.002443812
0.002441145
0.0022533005
0.0022961365
0.0023156375
0.002282136
0.002416977
0.0021746295
0.0023096375
0.0021334605
0.0022793025
0.0024511455
0.002247134
0.0022132985
0.0022441335
0.003114519
0.0023313055
0.00229947
0.0028683375
0.0023779745
0.002214465
0.0022839695
0.002277802
0.0022953035
0.002244467
0.0022776355
0.0023973095
0.0023823085
0.002246967
0.0023276385
0.002167796
0.0023436395
0.002279469
0.002204131
0.0023008035
0.0021621285
0.002338306
0.002324638
0.0022843025
0.002563486
0.002508483
0.0023064705
0.00246348
0.0022718015
0.0025028155
0.002539651
0.0023781415
0.0023111375
0.0022292995
0.002316638
0.0023619735
0.0023133045
0.0023064705
0.002258301
0.002427811
0.002555819
0.002261968
0.0022808025
0.002370641
0.002232633
0.0023301385
0.0021947975
0.0022973035
0.0023456395
0.0025024825
0.002288303
0.0022594675
0.002344973
0.002292303
0.0021772965
0.0023081375
0.002342973
0.002290803
0.0022879695
0.002188297
0.002341806
0.0023251385
0.002232966
0.002237133
0.0021446275
0.002196131
0.0023044705
0.00240231
0.002257468
0.0022794695
0.0021441275
0.0022673015
0.00218163
0.0023601405
0.002400143
0.002393476
0.0025281505
0.002177963
0.0023054705
0.0022963035
0.0021896305
0.00235264
0.0022261325
0.00212896
0.0023663075
0.0023369725
0.0023076375
0.002287803
0.0022276325
0.0022169655
0.00218313
0.003396202
0.0024219775
0.0022136315
0.00246198
0.0054363235
0.0018794455
0.0018462765
0.0018614445
0.0018722785
0.001921281
0.0018106075
0.0019776175
0.001777606
0.0020321205
0.0019662835
0.0017937735
0.001892779
0.002311471
0.002433145
0.00235114
0.0022541345
0.002320638
0.0023009705
0.0022429665
0.0023404725
0.002193288
0.0023546195
0.0024174625
0.0023752935
0.0023734595
0.0022164515
0.0023331245
0.0023871275
0.0024142955
0.002275621
0.002243453
0.0021654485
0.002357959
0.0022084515
0.0024266295
0.002339791
0.0022926225
0.0023717935
0.0021964505
0.0023164565
0.002299623
0.002210618
0.0024953
0.002406962
0.0025124675
0.0022568
0.002182126
0.002336135
0.0022307955
0.002233963
0.0023002995
0.002202794
0.0022741315
0.002367137
0.002164292
0.0022876325
0.002300633
0.0021794595
0.0023143005
0.0022202955
0.0022651315
0.0025243125
0.0021809595
0.002331635
0.0022321295
0.002220962
0.0022937995
0.002226629
0.002481477
0.0023384685
0.0024626425
0.002277965
0.0021691255
0.0022572975
0.0023268015
0.0022814655
0.002369304
0.0021976275
0.002237796
0.00247281
0.002108122
0.002387638
0.0022669645
0.0022429635
0.002414973
0.002307467
0.002427307
0.0024158065
0.002494311
0.002199294
0.0021461245
0.0022486305
0.0023023
0.002314134
0.0023768045
0.0023009665
0.002190627
0.00236197
0.0022572975
0.0023613035
0.002289799
0.002151458
0.002320968
0.002276632
0.0022096275
0.002268298
0.0023099675
0.0023293015
0.0023041335
0.00219296
0.002389805
0.002353136
0.0024214735
0.0026938225
0.0022084615
0.0022531305
0.0022999665
0.0024756435
0.0023253015
0.0022042945
0.0022989665
0.00219396
0.0022711315
0.002278465
0.0023829715
0.00241814
0.002414473
0.0022279625
0.0023521365
0.0022567975
0.002331635
0.0022659645
0.002156625
0.0022309625
0.0023288015
0.002328468
0.0023751375
0.0022457965
0.002366637
0.0022901325
0.0022656315
0.002321468
0.002215295
0.002347136
0.002308634
0.002273298
0.002260798
0.002136957
0.0023099675
0.0023496365
0.0021752925
0.0023251345
0.0022566305
0.002388138
0.002277632
0.0021984605
0.0022482965
0.002315634
0.0022601305
0.0024034725
0.0022304625
0.002341636
0.0023334685
0.002272465
0.002283299
0.002344636
0.0022102945
0.0022762985
0.002193794
0.002305967
0.008296814
0.004190909
0.0062545285
0.0040872365
0.004471759
0.004519696
0.004207849
0.0044253585
0.004249184
0.0042113495
0.0045351965
0.004340688
0.0043358545
0.004246184
0.004092844
0.004310687
0.0041830145
0.0042818525
0.0042935195
0.0042823525
0.0044325255
0.00222693
0.002357602
0.002322267
0.0021812615
0.0022904325
0.002373103
0.002175761
0.0023257675
0.002195095
0.002291433
0.002341268
0.002087924
0.002255931
0.0022305965
0.0022572645
0.002321267
0.0023159335
0.0023211005
0.0022010955
0.0022357635
0.0026052795
0.002447773
0.0023509355
0.002439439
0.0022812655
0.0023942705
0.0022827655
0.002395104
0.002365436
0.0021452595
0.002366936
0.0022530975
0.002448106
0.002327934
0.002174428
0.002192762
0.0023111
0.002106258
0.002806955
0.002511609
0.0020860905
0.002051589
0.0017590765
0.0019035825
0.0019142495
0.001969419
0.0019647515
0.0022117885
0.0019889425
0.002586475
0.0034056865
0.0018527685
0.0018241
0.0019656075
0.001890937
0.001915605
0.0018412675
0.0018987705
0.0018022655
0.0018079325
0.0023919645
0.002358963
0.0023307945
0.0022011205
0.002349629
0.0022086215
0.0023134605
0.002295459
0.002204621
0.002345795
0.002282625
0.0022807915
0.0023044595
0.0023024595
0.0024809695
0.002375797
0.002184453
0.002297126
0.002176786
0.0023306275
0.002260457
0.0021882865
0.00224129
0.0040670565
0.002368963
0.002258124
0.002207121
0.0023349615
0.002351629
0.002273458
0.004203897
0.0021446175
0.0024324665
0.0024516345
0.002352629
0.002285125
0.0021734525
0.0022779585
0.002222622
0.002177786
0.002316627
0.0021882865
0.0022751245
0.002361963
0.00218412
0.002254124
0.0023081265
0.0022056205
0.0023091265
0.0024233
0.0024186325
0.0024299665
0.002161952
0.002461635
0.0023096265
0.0023404615
0.002370797
0.00225229
0.002792653
0.0025458065
0.002223455
0.00224729
0.0022116215
0.002257624
0.002336795
0.002197287
0.002311127
0.002173786
0.0025696405
0.0024513015
0.0021921205
0.002305626
0.002304293
0.00224229
0.002321295
0.002164625
0.0026081505
0.0025714815
0.002274131
0.0023166335
0.0022476295
0.0023753035
0.002391638
0.0021039545
0.0022774645
0.002280298
0.002320634
0.0023614695
0.002157791
0.0022816315
0.0022687975
0.0021566245
0.002228628
0.0023109665
0.0023067995
0.002556814
0.0021559575
0.0023108
0.002278631
0.002320967
0.0023309675
0.002269631
0.002265964
0.0023508025
0.002222128
0.002407639
0.0022207945
0.0023449685
0.0023631365
0.0022284615
0.0082618095
0.0022816315
0.0028191625
0.0046724355
0.00485828
0.0043899195
0.0043024145
0.0041054035
0.004382919
0.0041922415
0.004392086
0.0041124035
0.0042415775
0.004249245
0.0048512795
0.0044434225
0.0042092425
0.004138905
0.004313249
0.0042722465
0.004179741
0.004155573
0.0042022425
0.002409639
0.0024339735
0.002394805
0.0023089665
0.0021617915
0.002281298
0.002412806
0.0022516295
0.002277131
0.002380304
0.002152624
0.002336468
0.0022412955
0.002315633
0.002260797
0.00214579
0.002743325
0.002239129
0.0023123
0.0022771315
0.002119289
0.0024026385
0.0025874825
0.002131956
0.002273964
0.0024881435
0.0023088
0.002298632
0.00219696
0.002279298
0.002167625
0.0023153005
0.002279798
0.002187626
0.0023739705
0.002180626
0.002358969
0.002248963
0.0021162885
0.0022626305
0.0024451405
0.0022652975
0.0022897985
0.002215961
0.002216961
0.0025854825
0.002290132
0.0023116335
0.002197793
0.00237697
0.0022269615
0.0022416295
0.002290965
0.0023143
0.002226962
0.0023279675
0.0022671305
0.0022806315
0.002366803
0.0022481295
0.002308966
0.0039933965
0.002366803
0.0023193005
0.0022222945
0.0023611365
0.002365136
0.0021684585
0.0023002995
0.002192126
0.002308133
0.0023047995
0.0021731255
0.002373803
0.002176292
0.0023349675
0.002267464
0.0021966265
0.0023598025
0.002224628
0.0020782865
0.002382971
0.002192293
0.0022806315
0.0022926325
0.0023011325
0.0025539805
0.002361803
0.002457475
0.0024634755
0.0023196335
0.0023306345
0.002401972
0.0022367955
0.002275298
0.002506978
0.0023513025
0.0023183005
0.0023006325
0.0022989655
0.0021337895
0.002295466
0.002349969
0.002165125
0.002269964
0.002326301
0.002332301
0.002397138
0.0022907985
0.002328961
0.0023301285
0.0021999545
0.002484971
0.0021614525
0.002268459
0.0024118
0.0022844595
0.002368464
0.002325295
0.0022781255
0.002381798
0.002206122
0.002251624
0.002271959
0.0022217895
0.0023492965
0.0021859545
0.0022017885
0.0023589635
0.002190121
0.0023154615
0.0022171225
0.0022067885
0.002339796
0.0020782815
0.0025129725
0.002384132
0.002236457
0.0023677975
0.00223229
0.002400966
0.002360464
0.0023647975
0.00252914
0.0022912935
0.002808822
0.0023581305
0.0023151275
0.002396466
0.002313961
0.002320128
0.002442135
0.0022637915
0.0023059605
0.002298627
0.002229623
0.002309961
0.002182787
0.002417467
0.002342463
0.00216912
0.0023339625
0.0022442905
0.002559141
0.0023542965
0.00217512
0.002308461
0.0023074605
0.002224623
0.002264625
0.002208122
0.0024249675
0.002363964
0.002147285
0.002237957
0.0022001215
0.002345963
0.0024309675
0.0022346235
0.0024424685
0.0023192945
0.0022417905
0.002412967
0.002185454
0.0023374625
0.002275626
0.0022814595
0.0023812985
0.002207622
0.0023404625
0.0023347955
0.002299794
0.0023609635
0.0023619635
0.002323795
0.002440968
0.00223629
0.0023087945
0.0024151335
0.002223956
0.0022077885
0.002189621
0.0023926325
0.0024979715
0.00217212
0.0023822985
0.002316461
0.002133118
0.002273792
0.0022407905
0.0022999605
0.002278626
0.002422967
0.002247624
0.0021314515
0.002272792
0.0022504575
0.002164953
0.002382798
0.0023066275
0.0022566245
0.002567975
0.0021744535
0.002239957
0.0023039605
0.002180954
0.002383965
0.0022882935
0.002345796
0.00235563
0.002144285
0.0022471245
0.002152952
0.002322295
0.002242124
0.0021616195
0.0023764645
0.0022437905
0.0023596305
0.002508472
0.002328795
0.002319628
0.002315628
0.002353797
0.0023151275
0.0022212895
0.00236113
0.002284126
0.0023637975
0.0023071275
0.0022546245
0.0021499525
0.002430801
0.002177454
0.0022737925
0.0021816205
0.0021717865
0.00229196
0.002255458
0.002274292
0.002266292
0.0022952935
0.0023157945
0.002380298
0.0022614585
0.002404466
0.0022519575
0.002275959
0.0023729645
0.002248791
0.0023866315
0.0023036275
0.002347963
0.002292793
0.002213789
0.002321128
0.002253791
0.002143285
0.00229296
0.002279126
0.0023374625
0.002251791
0.002245124
0.0023374625
0.0023427965
0.002400799
0.0023831315
0.002164453
0.0023152945
0.00235263
0.002175119
0.002233954
0.0023049585
0.002302458
0.002272123
0.002192619
0.0022409545
0.0022786235
0.0022986245
0.002321459
0.002245955
0.002434965
0.002212286
0.0023907965
0.0023309595
0.0021741175
0.002337293
0.002306125
0.0021599505
0.002268456
0.00221312
0.0022436215
0.002369295
0.0021632835
0.0023246255
0.002191619
0.0024076305
0.002288457
0.0022584555
0.002465967
0.002313459
0.0021526165
0.002285957
0.002246955
0.002348627
0.0022914575
0.0021291155
0.0023057915
0.0022589555
0.0025841395
0.002359461
0.002823986
0.0023894625
0.0025453045
0.002223287
0.0023669615
0.002196619
0.0022749565
0.0022971245
0.0022832905
0.002337793
0.0021406155
0.0023494605
